Log file open, 06/19/23 15:20:06
LogWindows: Failed to load 'aqProf.dll' (GetLastError=126)
LogWindows: File 'aqProf.dll' does not exist
LogWindows: Failed to load 'VtuneApi.dll' (GetLastError=126)
LogWindows: File 'VtuneApi.dll' does not exist
LogWindows: Failed to load 'VtuneApi32e.dll' (GetLastError=126)
LogWindows: File 'VtuneApi32e.dll' does not exist
LogConsoleResponse: Display: Failed to find resolution value strings in scalability ini. Falling back to default.
LogInit: Display: Running engine for game: RossiNante
LogPlatformFile: Not using cached read wrapper
LogTaskGraph: Started task graph with 5 named threads and 47 total threads with 3 sets of task threads.
LogStats: Stats thread started at 0.064232
LogD3D11RHI: Loaded GFSDK_Aftermath_Lib.x64.dll
LogICUInternationalization: ICU TimeZone Detection - Raw Offset: +9:00, Platform Override: ''
LogPluginManager: Mounting plugin Paper2D
LogPluginManager: Mounting plugin AISupport
LogPluginManager: Mounting plugin LightPropagationVolume
LogPluginManager: Mounting plugin ActorLayerUtilities
LogPluginManager: Mounting plugin AnimationSharing
LogPluginManager: Mounting plugin CLionSourceCodeAccess
LogPluginManager: Mounting plugin CodeLiteSourceCodeAccess
LogPluginManager: Mounting plugin GitSourceControl
LogPluginManager: Mounting plugin KDevelopSourceCodeAccess
LogPluginManager: Mounting plugin NullSourceCodeAccess
LogPluginManager: Mounting plugin PerforceSourceControl
LogPluginManager: Mounting plugin PlasticSourceControl
LogPluginManager: Mounting plugin SubversionSourceControl
LogPluginManager: Mounting plugin UObjectPlugin
LogPluginManager: Mounting plugin VisualStudioCodeSourceCodeAccess
LogPluginManager: Mounting plugin VisualStudioSourceCodeAccess
LogPluginManager: Mounting plugin XCodeSourceCodeAccess
LogPluginManager: Mounting plugin AssetManagerEditor
LogPluginManager: Mounting plugin CryptoKeys
LogPluginManager: Mounting plugin CurveEditorTools
LogPluginManager: Mounting plugin DataValidation
LogPluginManager: Mounting plugin FacialAnimation
LogPluginManager: Mounting plugin GameplayTagsEditor
LogPluginManager: Mounting plugin MacGraphicsSwitching
LogPluginManager: Mounting plugin MaterialAnalyzer
LogPluginManager: Mounting plugin MobileLauncherProfileWizard
LogPluginManager: Mounting plugin PluginBrowser
LogPluginManager: Mounting plugin SpeedTreeImporter
LogPluginManager: Mounting plugin DatasmithContent
LogPluginManager: Mounting plugin VariantManagerContent
LogPluginManager: Mounting plugin AlembicImporter
LogPluginManager: Mounting plugin AutomationUtils
LogPluginManager: Mounting plugin BackChannel
LogPluginManager: Mounting plugin CharacterAI
LogPluginManager: Mounting plugin GeometryCache
LogPluginManager: Mounting plugin PlatformCrypto
LogPluginManager: Mounting plugin ProxyLODPlugin
LogPluginManager: Mounting plugin SkeletalReduction
LogPluginManager: Mounting plugin MagicLeap
LogPluginManager: Mounting plugin MagicLeapMedia
LogPluginManager: Mounting plugin MLSDK
LogPluginManager: Mounting plugin AndroidMedia
LogPluginManager: Mounting plugin AvfMedia
LogPluginManager: Mounting plugin ImgMedia
LogPluginManager: Mounting plugin MediaCompositing
LogPluginManager: Mounting plugin MediaPlayerEditor
LogPluginManager: Mounting plugin WebMMedia
LogPluginManager: Mounting plugin WmfMedia
LogPluginManager: Mounting plugin TcpMessaging
LogPluginManager: Mounting plugin UdpMessaging
LogPluginManager: Mounting plugin ActorSequence
LogPluginManager: Mounting plugin LevelSequenceEditor
LogPluginManager: Mounting plugin MatineeToLevelSequence
LogPluginManager: Mounting plugin NetcodeUnitTest
LogPluginManager: Mounting plugin NUTUnrealEngine4
LogPluginManager: Mounting plugin OnlineSubsystemGooglePlay
LogPluginManager: Mounting plugin OnlineSubsystemIOS
LogPluginManager: Mounting plugin OnlineSubsystem
LogPluginManager: Mounting plugin OnlineSubsystemNull
LogPluginManager: Mounting plugin OnlineSubsystemUtils
LogPluginManager: Mounting plugin LauncherChunkInstaller
LogPluginManager: Mounting plugin AndroidDeviceProfileSelector
LogPluginManager: Mounting plugin AndroidMoviePlayer
LogPluginManager: Mounting plugin AndroidPermission
LogPluginManager: Mounting plugin AppleImageUtils
LogPluginManager: Mounting plugin AppleMoviePlayer
LogPluginManager: Mounting plugin ArchVisCharacter
LogPluginManager: Mounting plugin AssetTags
LogPluginManager: Mounting plugin AudioCapture
LogPluginManager: Mounting plugin CableComponent
LogPluginManager: Mounting plugin CustomMeshComponent
LogPluginManager: Mounting plugin EditableMesh
LogPluginManager: Mounting plugin ExampleDeviceProfileSelector
LogPluginManager: Mounting plugin GoogleCloudMessaging
LogPluginManager: Mounting plugin IOSDeviceProfileSelector
LogPluginManager: Mounting plugin LinuxDeviceProfileSelector
LogPluginManager: Mounting plugin LocationServicesBPLibrary
LogPluginManager: Mounting plugin MobilePatchingUtils
LogPluginManager: Mounting plugin OculusVR
LogPluginManager: Mounting plugin PhysXVehicles
LogPluginManager: Mounting plugin PostSplashScreen
LogPluginManager: Mounting plugin ProceduralMeshComponent
LogPluginManager: Mounting plugin RuntimePhysXCooking
LogPluginManager: Mounting plugin SignificanceManager
LogPluginManager: Mounting plugin SteamVR
LogPluginManager: Mounting plugin WebMMoviePlayer
LogPluginManager: Mounting plugin WindowsMoviePlayer
LogPluginManager: Mounting plugin ScreenshotTools
LogInit: Using libcurl 7.55.1-DEV
LogInit:  - built for x86_64-pc-win32
LogInit:  - supports SSL with OpenSSL/1.1.1
LogInit:  - supports HTTP deflate (compression) using libz 1.2.8
LogInit:  - other features:
LogInit:      CURL_VERSION_SSL
LogInit:      CURL_VERSION_LIBZ
LogInit:      CURL_VERSION_IPV6
LogInit:      CURL_VERSION_ASYNCHDNS
LogInit:      CURL_VERSION_LARGEFILE
LogInit:      CURL_VERSION_IDN
LogInit:  CurlRequestOptions (configurable via config and command line):
LogInit:  - bVerifyPeer = true  - Libcurl will verify peer certificate
LogInit:  - bUseHttpProxy = false  - Libcurl will NOT use HTTP proxy
LogInit:  - bDontReuseConnections = false  - Libcurl will reuse connections
LogInit:  - MaxHostConnections = 16  - Libcurl will limit the number of connections to a host
LogInit:  - LocalHostAddr = Default
LogInit:  - BufferSize = 65536
LogOnline: OSS: Creating online subsystem instance for: NULL
LogInit: WinSock: version 1.1 (2.2), MaxSocks=32767, MaxUdp=65467
LogOnline: OSS: TryLoadSubsystemAndSetDefault: Loaded subsystem for module [NULL]
LogInit: Build: ++UE4+Release-4.24-CL-11590370
LogInit: Engine Version: 4.24.3-11590370+++UE4+Release-4.24
LogInit: Compatible Engine Version: 4.24.0-10570792+++UE4+Release-4.24
LogInit: Net CL: 10570792
LogInit: OS: Windows 10 (Release 2009) (), CPU: AMD Ryzen 7 5800X 8-Core Processor             , GPU: NVIDIA GeForce RTX 2080 SUPER
LogInit: Compiled (64-bit): Feb 24 2020 15:39:18
LogInit: Compiled with Visual C++: 19.16.27032.01
LogInit: Build Configuration: Development
LogInit: Branch Name: ++UE4+Release-4.24
LogInit: Command Line: 
LogInit: Base Directory: C:/Program Files/Epic Games/UE_4.24/Engine/Binaries/Win64/
LogInit: Installed Engine Build: 1
LogDevObjectVersion: Number of dev versions registered: 25
LogDevObjectVersion:   Dev-Blueprints (B0D832E4-1F89-4F0D-ACCF-7EB736FD4AA2): 10
LogDevObjectVersion:   Dev-Build (E1C64328-A22C-4D53-A36C-8E866417BD8C): 0
LogDevObjectVersion:   Dev-Core (375EC13C-06E4-48FB-B500-84F0262A717E): 3
LogDevObjectVersion:   Dev-Editor (E4B068ED-F494-42E9-A231-DA0B2E46BB41): 37
LogDevObjectVersion:   Dev-Framework (CFFC743F-43B0-4480-9391-14DF171D2073): 36
LogDevObjectVersion:   Dev-Mobile (B02B49B5-BB20-44E9-A304-32B752E40360): 2
LogDevObjectVersion:   Dev-Networking (A4E4105C-59A1-49B5-A7C5-40C4547EDFEE): 0
LogDevObjectVersion:   Dev-Online (39C831C9-5AE6-47DC-9A44-9C173E1C8E7C): 0
LogDevObjectVersion:   Dev-Physics (78F01B33-EBEA-4F98-B9B4-84EACCB95AA2): 2
LogDevObjectVersion:   Dev-Platform (6631380F-2D4D-43E0-8009-CF276956A95A): 0
LogDevObjectVersion:   Dev-Rendering (12F88B9F-8875-4AFC-A67C-D90C383ABD29): 36
LogDevObjectVersion:   Dev-Sequencer (7B5AE74C-D270-4C10-A958-57980B212A5A): 11
LogDevObjectVersion:   Dev-VR (D7296918-1DD6-4BDD-9DE2-64A83CC13884): 2
LogDevObjectVersion:   Dev-LoadTimes (C2A15278-BFE7-4AFE-6C17-90FF531DF755): 1
LogDevObjectVersion:   Private-Geometry (6EACA3D4-40EC-4CC1-B786-8BED09428FC5): 3
LogDevObjectVersion:   Dev-AnimPhys (29E575DD-E0A3-4627-9D10-D276232CDCEA): 17
LogDevObjectVersion:   Dev-Anim (AF43A65D-7FD3-4947-9873-3E8ED9C1BB05): 2
LogDevObjectVersion:   Dev-ReflectionCapture (6B266CEC-1EC7-4B8F-A30B-E4D90942FC07): 1
LogDevObjectVersion:   Dev-Automation (0DF73D61-A23F-47EA-B727-89E90C41499A): 1
LogDevObjectVersion:   FortniteMain (601D1886-AC64-4F84-AA16-D3DE0DEAC7D6): 31
LogDevObjectVersion:   Dev-Enterprise (9DFFBCD6-494F-0158-E221-12823C92A888): 8
LogDevObjectVersion:   Dev-Niagara (F2AED0AC-9AFE-416F-8664-AA7FFA26D6FC): 1
LogDevObjectVersion:   Dev-Destruction (174F1F0B-B4C6-45A5-B13F-2EE8D0FB917D): 9
LogDevObjectVersion:   Dev-Physics-Ext (35F94A83-E258-406C-A318-09F59610247C): 8
LogDevObjectVersion:   Dev-CineCamera (B2E18506-4273-CFC2-A54E-F4BB758BBA07): 1
LogInit: Presizing for max 25165824 objects, including 0 objects not considered by GC, pre-allocating 0 bytes for permanent pool.
LogInit: Object subsystem initialized
LogConfig: Setting CVar [[con.DebugEarlyDefault:1]]
LogConfig: Setting CVar [[r.setres:1280x720]]
[2023.06.19-06.20.06:610][  0]LogConfig: Setting CVar [[r.VSync:0]]
[2023.06.19-06.20.06:610][  0]LogConfig: Setting CVar [[r.RHICmdBypass:0]]
[2023.06.19-06.20.06:610][  0]LogConfig: Applying CVar settings from Section [/Script/Engine.RendererSettings] File [C:/Users/201911183/Desktop/unreal/0619/RossiNante/Saved/Config/Windows/Engine.ini]
[2023.06.19-06.20.06:610][  0]LogConfig: Setting CVar [[r.GPUCrashDebugging:0]]
[2023.06.19-06.20.06:610][  0]LogConfig: Applying CVar settings from Section [/Script/Engine.RendererOverrideSettings] File [C:/Users/201911183/Desktop/unreal/0619/RossiNante/Saved/Config/Windows/Engine.ini]
[2023.06.19-06.20.06:610][  0]LogConfig: Applying CVar settings from Section [/Script/Engine.StreamingSettings] File [C:/Users/201911183/Desktop/unreal/0619/RossiNante/Saved/Config/Windows/Engine.ini]
[2023.06.19-06.20.06:610][  0]LogConfig: Setting CVar [[s.MinBulkDataSizeForAsyncLoading:131072]]
[2023.06.19-06.20.06:610][  0]LogConfig: Setting CVar [[s.AsyncLoadingThreadEnabled:0]]
[2023.06.19-06.20.06:610][  0]LogConfig: Setting CVar [[s.EventDrivenLoaderEnabled:1]]
[2023.06.19-06.20.06:610][  0]LogConfig: Setting CVar [[s.WarnIfTimeLimitExceeded:0]]
[2023.06.19-06.20.06:610][  0]LogConfig: Setting CVar [[s.TimeLimitExceededMultiplier:1.5]]
[2023.06.19-06.20.06:610][  0]LogConfig: Setting CVar [[s.TimeLimitExceededMinTime:0.005]]
[2023.06.19-06.20.06:610][  0]LogConfig: Setting CVar [[s.UseBackgroundLevelStreaming:1]]
[2023.06.19-06.20.06:610][  0]LogConfig: Setting CVar [[s.PriorityAsyncLoadingExtraTime:15.0]]
[2023.06.19-06.20.06:610][  0]LogConfig: Setting CVar [[s.LevelStreamingActorsUpdateTimeLimit:5.0]]
[2023.06.19-06.20.06:610][  0]LogConfig: Setting CVar [[s.PriorityLevelStreamingActorsUpdateExtraTime:5.0]]
[2023.06.19-06.20.06:610][  0]LogConfig: Setting CVar [[s.LevelStreamingComponentsRegistrationGranularity:10]]
[2023.06.19-06.20.06:610][  0]LogConfig: Setting CVar [[s.UnregisterComponentsTimeLimit:1.0]]
[2023.06.19-06.20.06:610][  0]LogConfig: Setting CVar [[s.LevelStreamingComponentsUnregistrationGranularity:5]]
[2023.06.19-06.20.06:610][  0]LogConfig: Setting CVar [[s.FlushStreamingOnExit:1]]
[2023.06.19-06.20.06:610][  0]LogConfig: Applying CVar settings from Section [/Script/Engine.GarbageCollectionSettings] File [C:/Users/201911183/Desktop/unreal/0619/RossiNante/Saved/Config/Windows/Engine.ini]
[2023.06.19-06.20.06:610][  0]LogConfig: Setting CVar [[gc.MaxObjectsNotConsideredByGC:1]]
[2023.06.19-06.20.06:610][  0]LogConfig: Setting CVar [[gc.SizeOfPermanentObjectPool:0]]
[2023.06.19-06.20.06:610][  0]LogConfig: Setting CVar [[gc.FlushStreamingOnGC:0]]
[2023.06.19-06.20.06:610][  0]LogConfig: Setting CVar [[gc.NumRetriesBeforeForcingGC:10]]
[2023.06.19-06.20.06:610][  0]LogConfig: Setting CVar [[gc.AllowParallelGC:1]]
[2023.06.19-06.20.06:610][  0]LogConfig: Setting CVar [[gc.TimeBetweenPurgingPendingKillObjects:61.1]]
[2023.06.19-06.20.06:610][  0]LogConfig: Setting CVar [[gc.MaxObjectsInEditor:25165824]]
[2023.06.19-06.20.06:610][  0]LogConfig: Setting CVar [[gc.IncrementalBeginDestroyEnabled:1]]
[2023.06.19-06.20.06:610][  0]LogConfig: Setting CVar [[gc.CreateGCClusters:1]]
[2023.06.19-06.20.06:610][  0]LogConfig: Setting CVar [[gc.MinGCClusterSize:5]]
[2023.06.19-06.20.06:610][  0]LogConfig: Setting CVar [[gc.ActorClusteringEnabled:0]]
[2023.06.19-06.20.06:610][  0]LogConfig: Setting CVar [[gc.BlueprintClusteringEnabled:0]]
[2023.06.19-06.20.06:610][  0]LogConfig: Setting CVar [[gc.UseDisregardForGCOnDedicatedServers:0]]
[2023.06.19-06.20.06:610][  0]LogConfig: Applying CVar settings from Section [/Script/Engine.NetworkSettings] File [C:/Users/201911183/Desktop/unreal/0619/RossiNante/Saved/Config/Windows/Engine.ini]
[2023.06.19-06.20.06:610][  0]LogConfig: Applying CVar settings from Section [/Script/UnrealEd.CookerSettings] File [C:/Users/201911183/Desktop/unreal/0619/RossiNante/Saved/Config/Windows/Engine.ini]
[2023.06.19-06.20.06:612][  0]LogConfig: Applying CVar settings from Section [ViewDistanceQuality@3] File [C:/Users/201911183/Desktop/unreal/0619/RossiNante/Saved/Config/Windows/Scalability.ini]
[2023.06.19-06.20.06:612][  0]LogConfig: Setting CVar [[r.SkeletalMeshLODBias:0]]
[2023.06.19-06.20.06:612][  0]LogConfig: Setting CVar [[r.ViewDistanceScale:1.0]]
[2023.06.19-06.20.06:612][  0]LogConfig: Applying CVar settings from Section [AntiAliasingQuality@3] File [C:/Users/201911183/Desktop/unreal/0619/RossiNante/Saved/Config/Windows/Scalability.ini]
[2023.06.19-06.20.06:612][  0]LogConfig: Setting CVar [[r.PostProcessAAQuality:4]]
[2023.06.19-06.20.06:612][  0]LogConfig: Applying CVar settings from Section [ShadowQuality@3] File [C:/Users/201911183/Desktop/unreal/0619/RossiNante/Saved/Config/Windows/Scalability.ini]
[2023.06.19-06.20.06:612][  0]LogConfig: Setting CVar [[r.LightFunctionQuality:1]]
[2023.06.19-06.20.06:612][  0]LogConfig: Setting CVar [[r.ShadowQuality:5]]
[2023.06.19-06.20.06:612][  0]LogConfig: Setting CVar [[r.Shadow.CSM.MaxCascades:10]]
[2023.06.19-06.20.06:612][  0]LogConfig: Setting CVar [[r.Shadow.MaxResolution:2048]]
[2023.06.19-06.20.06:612][  0]LogConfig: Setting CVar [[r.Shadow.MaxCSMResolution:2048]]
[2023.06.19-06.20.06:612][  0]LogConfig: Setting CVar [[r.Shadow.RadiusThreshold:0.01]]
[2023.06.19-06.20.06:612][  0]LogConfig: Setting CVar [[r.Shadow.DistanceScale:1.0]]
[2023.06.19-06.20.06:612][  0]LogConfig: Setting CVar [[r.Shadow.CSM.TransitionScale:1.0]]
[2023.06.19-06.20.06:612][  0]LogConfig: Setting CVar [[r.Shadow.PreShadowResolutionFactor:1.0]]
[2023.06.19-06.20.06:612][  0]LogConfig: Setting CVar [[r.DistanceFieldShadowing:1]]
[2023.06.19-06.20.06:612][  0]LogConfig: Setting CVar [[r.DistanceFieldAO:1]]
[2023.06.19-06.20.06:612][  0]LogConfig: Setting CVar [[r.AOQuality:2]]
[2023.06.19-06.20.06:612][  0]LogConfig: Setting CVar [[r.VolumetricFog:1]]
[2023.06.19-06.20.06:612][  0]LogConfig: Setting CVar [[r.VolumetricFog.GridPixelSize:8]]
[2023.06.19-06.20.06:612][  0]LogConfig: Setting CVar [[r.VolumetricFog.GridSizeZ:128]]
[2023.06.19-06.20.06:612][  0]LogConfig: Setting CVar [[r.VolumetricFog.HistoryMissSupersampleCount:4]]
[2023.06.19-06.20.06:612][  0]LogConfig: Setting CVar [[r.LightMaxDrawDistanceScale:1]]
[2023.06.19-06.20.06:612][  0]LogConfig: Setting CVar [[r.CapsuleShadows:1]]
[2023.06.19-06.20.06:612][  0]LogConfig: Applying CVar settings from Section [PostProcessQuality@3] File [C:/Users/201911183/Desktop/unreal/0619/RossiNante/Saved/Config/Windows/Scalability.ini]
[2023.06.19-06.20.06:612][  0]LogConfig: Setting CVar [[r.MotionBlurQuality:4]]
[2023.06.19-06.20.06:612][  0]LogConfig: Setting CVar [[r.AmbientOcclusionMipLevelFactor:0.4]]
[2023.06.19-06.20.06:613][  0]LogConfig: Setting CVar [[r.AmbientOcclusionMaxQuality:100]]
[2023.06.19-06.20.06:613][  0]LogConfig: Setting CVar [[r.AmbientOcclusionLevels:-1]]
[2023.06.19-06.20.06:613][  0]LogConfig: Setting CVar [[r.AmbientOcclusionRadiusScale:1.0]]
[2023.06.19-06.20.06:613][  0]LogConfig: Setting CVar [[r.DepthOfFieldQuality:2]]
[2023.06.19-06.20.06:613][  0]LogConfig: Setting CVar [[r.RenderTargetPoolMin:400]]
[2023.06.19-06.20.06:613][  0]LogConfig: Setting CVar [[r.LensFlareQuality:2]]
[2023.06.19-06.20.06:613][  0]LogConfig: Setting CVar [[r.SceneColorFringeQuality:1]]
[2023.06.19-06.20.06:613][  0]LogConfig: Setting CVar [[r.EyeAdaptationQuality:2]]
[2023.06.19-06.20.06:613][  0]LogConfig: Setting CVar [[r.BloomQuality:5]]
[2023.06.19-06.20.06:613][  0]LogConfig: Setting CVar [[r.FastBlurThreshold:100]]
[2023.06.19-06.20.06:613][  0]LogConfig: Setting CVar [[r.Upscale.Quality:3]]
[2023.06.19-06.20.06:613][  0]LogConfig: Setting CVar [[r.Tonemapper.GrainQuantization:1]]
[2023.06.19-06.20.06:613][  0]LogConfig: Setting CVar [[r.LightShaftQuality:1]]
[2023.06.19-06.20.06:613][  0]LogConfig: Setting CVar [[r.Filter.SizeScale:1]]
[2023.06.19-06.20.06:613][  0]LogConfig: Setting CVar [[r.Tonemapper.Quality:5]]
[2023.06.19-06.20.06:613][  0]LogConfig: Setting CVar [[r.DOF.Gather.AccumulatorQuality:1        ; higher gathering accumulator quality]]
[2023.06.19-06.20.06:613][  0]LogConfig: Setting CVar [[r.DOF.Gather.PostfilterMethod:1          ; Median3x3 postfilering method]]
[2023.06.19-06.20.06:613][  0]LogConfig: Setting CVar [[r.DOF.Gather.EnableBokehSettings:0       ; no bokeh simulation when gathering]]
[2023.06.19-06.20.06:613][  0]LogConfig: Setting CVar [[r.DOF.Gather.RingCount:4                 ; medium number of samples when gathering]]
[2023.06.19-06.20.06:613][  0]LogConfig: Setting CVar [[r.DOF.Scatter.ForegroundCompositing:1    ; additive foreground scattering]]
[2023.06.19-06.20.06:613][  0]LogConfig: Setting CVar [[r.DOF.Scatter.BackgroundCompositing:2    ; additive background scattering]]
[2023.06.19-06.20.06:613][  0]LogConfig: Setting CVar [[r.DOF.Scatter.EnableBokehSettings:1      ; bokeh simulation when scattering]]
[2023.06.19-06.20.06:613][  0]LogConfig: Setting CVar [[r.DOF.Scatter.MaxSpriteRatio:0.1         ; only a maximum of 10% of scattered bokeh]]
[2023.06.19-06.20.06:613][  0]LogConfig: Setting CVar [[r.DOF.Recombine.Quality:1                ; cheap slight out of focus]]
[2023.06.19-06.20.06:613][  0]LogConfig: Setting CVar [[r.DOF.Recombine.EnableBokehSettings:0    ; no bokeh simulation on slight out of focus]]
[2023.06.19-06.20.06:613][  0]LogConfig: Setting CVar [[r.DOF.TemporalAAQuality:1                ; more stable temporal accumulation]]
[2023.06.19-06.20.06:613][  0]LogConfig: Setting CVar [[r.DOF.Kernel.MaxForegroundRadius:0.025]]
[2023.06.19-06.20.06:613][  0]LogConfig: Setting CVar [[r.DOF.Kernel.MaxBackgroundRadius:0.025]]
[2023.06.19-06.20.06:613][  0]LogConfig: Applying CVar settings from Section [TextureQuality@3] File [C:/Users/201911183/Desktop/unreal/0619/RossiNante/Saved/Config/Windows/Scalability.ini]
[2023.06.19-06.20.06:613][  0]LogConfig: Setting CVar [[r.Streaming.MipBias:0]]
[2023.06.19-06.20.06:613][  0]LogConfig: Setting CVar [[r.Streaming.AmortizeCPUToGPUCopy:0]]
[2023.06.19-06.20.06:613][  0]LogConfig: Setting CVar [[r.Streaming.MaxNumTexturesToStreamPerFrame:0]]
[2023.06.19-06.20.06:613][  0]LogConfig: Setting CVar [[r.Streaming.Boost:1]]
[2023.06.19-06.20.06:613][  0]LogConfig: Setting CVar [[r.MaxAnisotropy:8]]
[2023.06.19-06.20.06:613][  0]LogConfig: Setting CVar [[r.VT.MaxAnisotropy:8]]
[2023.06.19-06.20.06:613][  0]LogConfig: Setting CVar [[r.Streaming.LimitPoolSizeToVRAM:0]]
[2023.06.19-06.20.06:613][  0]LogConfig: Setting CVar [[r.Streaming.PoolSize:1000]]
[2023.06.19-06.20.06:613][  0]LogConfig: Setting CVar [[r.Streaming.MaxEffectiveScreenSize:0]]
[2023.06.19-06.20.06:613][  0]LogConfig: Applying CVar settings from Section [EffectsQuality@3] File [C:/Users/201911183/Desktop/unreal/0619/RossiNante/Saved/Config/Windows/Scalability.ini]
[2023.06.19-06.20.06:613][  0]LogConfig: Setting CVar [[r.TranslucencyLightingVolumeDim:64]]
[2023.06.19-06.20.06:613][  0]LogConfig: Setting CVar [[r.RefractionQuality:2]]
[2023.06.19-06.20.06:613][  0]LogConfig: Setting CVar [[r.SSR.Quality:3]]
[2023.06.19-06.20.06:613][  0]LogConfig: Setting CVar [[r.SSR.HalfResSceneColor:0]]
[2023.06.19-06.20.06:613][  0]LogConfig: Setting CVar [[r.SceneColorFormat:4]]
[2023.06.19-06.20.06:613][  0]LogConfig: Setting CVar [[r.DetailMode:2]]
[2023.06.19-06.20.06:613][  0]LogConfig: Setting CVar [[r.TranslucencyVolumeBlur:1]]
[2023.06.19-06.20.06:613][  0]LogConfig: Setting CVar [[r.MaterialQualityLevel:1 ; High quality]]
[2023.06.19-06.20.06:613][  0]LogConfig: Setting CVar [[r.SSS.Scale:1]]
[2023.06.19-06.20.06:613][  0]LogConfig: Setting CVar [[r.SSS.SampleSet:2]]
[2023.06.19-06.20.06:613][  0]LogConfig: Setting CVar [[r.SSS.Quality:1]]
[2023.06.19-06.20.06:613][  0]LogConfig: Setting CVar [[r.SSS.HalfRes:1]]
[2023.06.19-06.20.06:613][  0]LogConfig: Setting CVar [[r.SSGI.Quality:3]]
[2023.06.19-06.20.06:613][  0]LogConfig: Setting CVar [[r.EmitterSpawnRateScale:1.0]]
[2023.06.19-06.20.06:613][  0]LogConfig: Setting CVar [[r.ParticleLightQuality:2]]
[2023.06.19-06.20.06:613][  0]LogConfig: Setting CVar [[r.SkyAtmosphere.AerialPerspectiveLUT.FastApplyOnOpaque:1 ; Always have FastSkyLUT 1 in this case to avoid wrong sky]]
[2023.06.19-06.20.06:613][  0]LogConfig: Setting CVar [[r.SkyAtmosphere.AerialPerspectiveLUT.SampleCountPerSlice:1]]
[2023.06.19-06.20.06:613][  0]LogConfig: Setting CVar [[r.SkyAtmosphere.AerialPerspectiveLUT.DepthResolution:16.0]]
[2023.06.19-06.20.06:613][  0]LogConfig: Setting CVar [[r.SkyAtmosphere.FastSkyLUT:1]]
[2023.06.19-06.20.06:613][  0]LogConfig: Setting CVar [[r.SkyAtmosphere.FastSkyLUT.SampleCountMin:4.0]]
[2023.06.19-06.20.06:613][  0]LogConfig: Setting CVar [[r.SkyAtmosphere.FastSkyLUT.SampleCountMax:32.0]]
[2023.06.19-06.20.06:613][  0]LogConfig: Setting CVar [[r.SkyAtmosphere.SampleCountMin:4.0]]
[2023.06.19-06.20.06:613][  0]LogConfig: Setting CVar [[r.SkyAtmosphere.SampleCountMax:32.0]]
[2023.06.19-06.20.06:613][  0]LogConfig: Setting CVar [[r.SkyAtmosphere.TransmittanceLUT.UseSmallFormat:0]]
[2023.06.19-06.20.06:613][  0]LogConfig: Setting CVar [[r.SkyAtmosphere.TransmittanceLUT.SampleCount:10.0]]
[2023.06.19-06.20.06:613][  0]LogConfig: Setting CVar [[r.SkyAtmosphere.MultiScatteringLUT.SampleCount:15.0]]
[2023.06.19-06.20.06:613][  0]LogConfig: Applying CVar settings from Section [FoliageQuality@3] File [C:/Users/201911183/Desktop/unreal/0619/RossiNante/Saved/Config/Windows/Scalability.ini]
[2023.06.19-06.20.06:613][  0]LogConfig: Setting CVar [[foliage.DensityScale:1.0]]
[2023.06.19-06.20.06:613][  0]LogConfig: Setting CVar [[grass.DensityScale:1.0]]
[2023.06.19-06.20.06:613][  0]LogConfig: Applying CVar settings from Section [ShadingQuality@3] File [C:/Users/201911183/Desktop/unreal/0619/RossiNante/Saved/Config/Windows/Scalability.ini]
[2023.06.19-06.20.06:613][  0]LogConfig: Setting CVar [[r.HairStrands.SkyLighting.SampleCount:16]]
[2023.06.19-06.20.06:613][  0]LogConfig: Setting CVar [[r.HairStrands.SkyLighting.JitterIntegration:0]]
[2023.06.19-06.20.06:613][  0]LogConfig: Setting CVar [[r.HairStrands.SkyAO.SampleCount:16]]
[2023.06.19-06.20.06:613][  0]LogInit: Selected Device Profile: [Windows]
[2023.06.19-06.20.06:613][  0]LogInit: Applying CVar settings loaded from the selected device profile: [Windows]
[2023.06.19-06.20.06:615][  0]LogHAL: Display: Platform has ~ 16 GB [17085329408 / 17179869184 / 16], which maps to Larger [LargestMinGB=32, LargerMinGB=12, DefaultMinGB=8, SmallerMinGB=6, SmallestMinGB=0)
[2023.06.19-06.20.06:615][  0]LogInit: Going up to parent DeviceProfile []
[2023.06.19-06.20.06:615][  0]LogConfig: Applying CVar settings from Section [ViewDistanceQuality@1] File [C:/Users/201911183/Desktop/unreal/0619/RossiNante/Saved/Config/Windows/Scalability.ini]
[2023.06.19-06.20.06:615][  0]LogConfig: Setting CVar [[r.SkeletalMeshLODBias:1]]
[2023.06.19-06.20.06:615][  0]LogConfig: Setting CVar [[r.ViewDistanceScale:0.6]]
[2023.06.19-06.20.06:615][  0]LogConfig: Applying CVar settings from Section [AntiAliasingQuality@1] File [C:/Users/201911183/Desktop/unreal/0619/RossiNante/Saved/Config/Windows/Scalability.ini]
[2023.06.19-06.20.06:615][  0]LogConfig: Setting CVar [[r.PostProcessAAQuality:2]]
[2023.06.19-06.20.06:616][  0]LogConfig: Applying CVar settings from Section [ShadowQuality@1] File [C:/Users/201911183/Desktop/unreal/0619/RossiNante/Saved/Config/Windows/Scalability.ini]
[2023.06.19-06.20.06:616][  0]LogConfig: Setting CVar [[r.LightFunctionQuality:1]]
[2023.06.19-06.20.06:616][  0]LogConfig: Setting CVar [[r.ShadowQuality:3]]
[2023.06.19-06.20.06:616][  0]LogConfig: Setting CVar [[r.Shadow.CSM.MaxCascades:1]]
[2023.06.19-06.20.06:616][  0]LogConfig: Setting CVar [[r.Shadow.MaxResolution:1024]]
[2023.06.19-06.20.06:616][  0]LogConfig: Setting CVar [[r.Shadow.MaxCSMResolution:1024]]
[2023.06.19-06.20.06:616][  0]LogConfig: Setting CVar [[r.Shadow.RadiusThreshold:0.05]]
[2023.06.19-06.20.06:616][  0]LogConfig: Setting CVar [[r.Shadow.DistanceScale:0.7]]
[2023.06.19-06.20.06:616][  0]LogConfig: Setting CVar [[r.Shadow.CSM.TransitionScale:0.25]]
[2023.06.19-06.20.06:616][  0]LogConfig: Setting CVar [[r.Shadow.PreShadowResolutionFactor:0.5]]
[2023.06.19-06.20.06:616][  0]LogConfig: Setting CVar [[r.DistanceFieldShadowing:0]]
[2023.06.19-06.20.06:616][  0]LogConfig: Setting CVar [[r.DistanceFieldAO:0]]
[2023.06.19-06.20.06:616][  0]LogConfig: Setting CVar [[r.VolumetricFog:0]]
[2023.06.19-06.20.06:616][  0]LogConfig: Setting CVar [[r.LightMaxDrawDistanceScale:.5]]
[2023.06.19-06.20.06:616][  0]LogConfig: Setting CVar [[r.CapsuleShadows:1]]
[2023.06.19-06.20.06:616][  0]LogConfig: Applying CVar settings from Section [PostProcessQuality@1] File [C:/Users/201911183/Desktop/unreal/0619/RossiNante/Saved/Config/Windows/Scalability.ini]
[2023.06.19-06.20.06:616][  0]LogConfig: Setting CVar [[r.MotionBlurQuality:3]]
[2023.06.19-06.20.06:616][  0]LogConfig: Setting CVar [[r.AmbientOcclusionMipLevelFactor:1.0]]
[2023.06.19-06.20.06:616][  0]LogConfig: Setting CVar [[r.AmbientOcclusionMaxQuality:60]]
[2023.06.19-06.20.06:616][  0]LogConfig: Setting CVar [[r.AmbientOcclusionLevels:-1]]
[2023.06.19-06.20.06:616][  0]LogConfig: Setting CVar [[r.AmbientOcclusionRadiusScale:1.5]]
[2023.06.19-06.20.06:616][  0]LogConfig: Setting CVar [[r.DepthOfFieldQuality:1]]
[2023.06.19-06.20.06:616][  0]LogConfig: Setting CVar [[r.RenderTargetPoolMin:350]]
[2023.06.19-06.20.06:616][  0]LogConfig: Setting CVar [[r.LensFlareQuality:0]]
[2023.06.19-06.20.06:616][  0]LogConfig: Setting CVar [[r.SceneColorFringeQuality:0]]
[2023.06.19-06.20.06:616][  0]LogConfig: Setting CVar [[r.EyeAdaptationQuality:0]]
[2023.06.19-06.20.06:616][  0]LogConfig: Setting CVar [[r.BloomQuality:4]]
[2023.06.19-06.20.06:616][  0]LogConfig: Setting CVar [[r.FastBlurThreshold:2]]
[2023.06.19-06.20.06:616][  0]LogConfig: Setting CVar [[r.Upscale.Quality:2]]
[2023.06.19-06.20.06:616][  0]LogConfig: Setting CVar [[r.Tonemapper.GrainQuantization:0]]
[2023.06.19-06.20.06:616][  0]LogConfig: Setting CVar [[r.LightShaftQuality:0]]
[2023.06.19-06.20.06:616][  0]LogConfig: Setting CVar [[r.Filter.SizeScale:0.7]]
[2023.06.19-06.20.06:616][  0]LogConfig: Setting CVar [[r.Tonemapper.Quality:2]]
[2023.06.19-06.20.06:616][  0]LogConfig: Setting CVar [[r.DOF.Gather.AccumulatorQuality:0        ; lower gathering accumulator quality]]
[2023.06.19-06.20.06:616][  0]LogConfig: Setting CVar [[r.DOF.Gather.PostfilterMethod:2          ; Max3x3 postfilering method]]
[2023.06.19-06.20.06:616][  0]LogConfig: Setting CVar [[r.DOF.Gather.EnableBokehSettings:0       ; no bokeh simulation when gathering]]
[2023.06.19-06.20.06:616][  0]LogConfig: Setting CVar [[r.DOF.Gather.RingCount:3                 ; low number of samples when gathering]]
[2023.06.19-06.20.06:616][  0]LogConfig: Setting CVar [[r.DOF.Scatter.ForegroundCompositing:0    ; no foreground scattering]]
[2023.06.19-06.20.06:616][  0]LogConfig: Setting CVar [[r.DOF.Scatter.BackgroundCompositing:0    ; no foreground scattering]]
[2023.06.19-06.20.06:616][  0]LogConfig: Setting CVar [[r.DOF.Recombine.Quality:0                ; no slight out of focus]]
[2023.06.19-06.20.06:616][  0]LogConfig: Setting CVar [[r.DOF.TemporalAAQuality:0                ; faster temporal accumulation]]
[2023.06.19-06.20.06:616][  0]LogConfig: Setting CVar [[r.DOF.Kernel.MaxForegroundRadius:0.006   ; required because low gathering and no scattering and not looking great at 1080p]]
[2023.06.19-06.20.06:616][  0]LogConfig: Setting CVar [[r.DOF.Kernel.MaxBackgroundRadius:0.006   ; required because low gathering and no scattering and not looking great at 1080p]]
[2023.06.19-06.20.06:616][  0]LogConfig: Applying CVar settings from Section [TextureQuality@1] File [C:/Users/201911183/Desktop/unreal/0619/RossiNante/Saved/Config/Windows/Scalability.ini]
[2023.06.19-06.20.06:616][  0]LogConfig: Setting CVar [[r.Streaming.MipBias:1]]
[2023.06.19-06.20.06:616][  0]LogConfig: Setting CVar [[r.Streaming.AmortizeCPUToGPUCopy:0]]
[2023.06.19-06.20.06:616][  0]LogConfig: Setting CVar [[r.Streaming.MaxNumTexturesToStreamPerFrame:0]]
[2023.06.19-06.20.06:616][  0]LogConfig: Setting CVar [[r.Streaming.Boost:1]]
[2023.06.19-06.20.06:616][  0]LogConfig: Setting CVar [[r.MaxAnisotropy:2]]
[2023.06.19-06.20.06:616][  0]LogConfig: Setting CVar [[r.VT.MaxAnisotropy:4]]
[2023.06.19-06.20.06:616][  0]LogConfig: Setting CVar [[r.Streaming.LimitPoolSizeToVRAM:1]]
[2023.06.19-06.20.06:616][  0]LogConfig: Setting CVar [[r.Streaming.PoolSize:600]]
[2023.06.19-06.20.06:616][  0]LogConfig: Setting CVar [[r.Streaming.MaxEffectiveScreenSize:0]]
[2023.06.19-06.20.06:616][  0]LogConfig: Applying CVar settings from Section [EffectsQuality@1] File [C:/Users/201911183/Desktop/unreal/0619/RossiNante/Saved/Config/Windows/Scalability.ini]
[2023.06.19-06.20.06:616][  0]LogConfig: Setting CVar [[r.TranslucencyLightingVolumeDim:32]]
[2023.06.19-06.20.06:616][  0]LogConfig: Setting CVar [[r.RefractionQuality:0]]
[2023.06.19-06.20.06:616][  0]LogConfig: Setting CVar [[r.SSR.Quality:0]]
[2023.06.19-06.20.06:616][  0]LogConfig: Setting CVar [[r.SSR.HalfResSceneColor:1]]
[2023.06.19-06.20.06:616][  0]LogConfig: Setting CVar [[r.SceneColorFormat:3]]
[2023.06.19-06.20.06:616][  0]LogConfig: Setting CVar [[r.DetailMode:1]]
[2023.06.19-06.20.06:616][  0]LogConfig: Setting CVar [[r.TranslucencyVolumeBlur:0]]
[2023.06.19-06.20.06:616][  0]LogConfig: Setting CVar [[r.MaterialQualityLevel:2 ; Medium quality]]
[2023.06.19-06.20.06:616][  0]LogConfig: Setting CVar [[r.SSS.Scale:0.75]]
[2023.06.19-06.20.06:616][  0]LogConfig: Setting CVar [[r.SSS.SampleSet:0]]
[2023.06.19-06.20.06:616][  0]LogConfig: Setting CVar [[r.SSS.Quality:0]]
[2023.06.19-06.20.06:616][  0]LogConfig: Setting CVar [[r.SSS.HalfRes:1]]
[2023.06.19-06.20.06:616][  0]LogConfig: Setting CVar [[r.SSGI.Quality:1]]
[2023.06.19-06.20.06:616][  0]LogConfig: Setting CVar [[r.EmitterSpawnRateScale:0.25]]
[2023.06.19-06.20.06:616][  0]LogConfig: Setting CVar [[r.ParticleLightQuality:0]]
[2023.06.19-06.20.06:616][  0]LogConfig: Setting CVar [[r.SkyAtmosphere.AerialPerspectiveLUT.FastApplyOnOpaque:1 ; Always have FastSkyLUT 1 in this case to avoid wrong sky]]
[2023.06.19-06.20.06:616][  0]LogConfig: Setting CVar [[r.SkyAtmosphere.AerialPerspectiveLUT.SampleCountPerSlice:1]]
[2023.06.19-06.20.06:616][  0]LogConfig: Setting CVar [[r.SkyAtmosphere.AerialPerspectiveLUT.DepthResolution:16.0]]
[2023.06.19-06.20.06:616][  0]LogConfig: Setting CVar [[r.SkyAtmosphere.FastSkyLUT:1]]
[2023.06.19-06.20.06:616][  0]LogConfig: Setting CVar [[r.SkyAtmosphere.FastSkyLUT.SampleCountMin:4.0]]
[2023.06.19-06.20.06:616][  0]LogConfig: Setting CVar [[r.SkyAtmosphere.FastSkyLUT.SampleCountMax:32.0]]
[2023.06.19-06.20.06:616][  0]LogConfig: Setting CVar [[r.SkyAtmosphere.SampleCountMin:4.0]]
[2023.06.19-06.20.06:616][  0]LogConfig: Setting CVar [[r.SkyAtmosphere.SampleCountMax:32.0]]
[2023.06.19-06.20.06:616][  0]LogConfig: Setting CVar [[r.SkyAtmosphere.TransmittanceLUT.UseSmallFormat:0]]
[2023.06.19-06.20.06:616][  0]LogConfig: Setting CVar [[r.SkyAtmosphere.TransmittanceLUT.SampleCount:10.0]]
[2023.06.19-06.20.06:616][  0]LogConfig: Setting CVar [[r.SkyAtmosphere.MultiScatteringLUT.SampleCount:15.0]]
[2023.06.19-06.20.06:616][  0]LogConfig: Applying CVar settings from Section [FoliageQuality@1] File [C:/Users/201911183/Desktop/unreal/0619/RossiNante/Saved/Config/Windows/Scalability.ini]
[2023.06.19-06.20.06:616][  0]LogConfig: Setting CVar [[foliage.DensityScale:0.4]]
[2023.06.19-06.20.06:616][  0]LogConfig: Setting CVar [[grass.DensityScale:0.4]]
[2023.06.19-06.20.06:616][  0]LogConfig: Applying CVar settings from Section [ShadingQuality@1] File [C:/Users/201911183/Desktop/unreal/0619/RossiNante/Saved/Config/Windows/Scalability.ini]
[2023.06.19-06.20.06:616][  0]LogConfig: Setting CVar [[r.HairStrands.SkyLighting.SampleCount:16]]
[2023.06.19-06.20.06:616][  0]LogConfig: Setting CVar [[r.HairStrands.SkyLighting.JitterIntegration:0]]
[2023.06.19-06.20.06:616][  0]LogConfig: Setting CVar [[r.HairStrands.SkyAO.SampleCount:16]]
[2023.06.19-06.20.06:616][  0]LogConfig: Applying CVar settings from Section [Startup] File [../../../Engine/Config/ConsoleVariables.ini]
[2023.06.19-06.20.06:617][  0]LogConfig: Setting CVar [[net.UseAdaptiveNetUpdateFrequency:0]]
[2023.06.19-06.20.06:617][  0]LogConfig: Setting CVar [[p.chaos.AllowCreatePhysxBodies:1]]
[2023.06.19-06.20.06:617][  0]LogConfig: Applying CVar settings from Section [ConsoleVariables] File [C:/Users/201911183/Desktop/unreal/0619/RossiNante/Saved/Config/Windows/Engine.ini]
[2023.06.19-06.20.06:617][  0]LogInit: Computer: DESKTOP-SIQC98D
[2023.06.19-06.20.06:617][  0]LogInit: User: 201911183
[2023.06.19-06.20.06:617][  0]LogInit: CPU Page size=4096, Cores=8
[2023.06.19-06.20.06:617][  0]LogInit: High frequency timer resolution =10.000000 MHz
[2023.06.19-06.20.06:617][  0]LogMemory: Memory total: Physical=15.9GB (16GB approx)
[2023.06.19-06.20.06:617][  0]LogMemory: Platform Memory Stats for Windows
[2023.06.19-06.20.06:617][  0]LogMemory: Process Physical Memory: 109.58 MB used, 109.58 MB peak
[2023.06.19-06.20.06:617][  0]LogMemory: Process Virtual Memory: 102.86 MB used, 102.86 MB peak
[2023.06.19-06.20.06:617][  0]LogMemory: Physical Memory: 11275.48 MB used,  5018.36 MB free, 16293.84 MB total
[2023.06.19-06.20.06:617][  0]LogMemory: Virtual Memory: 5188.29 MB used,  134212536.00 MB free, 134217728.00 MB total
[2023.06.19-06.20.06:619][  0]LogWindows: WindowsPlatformFeatures enabled
[2023.06.19-06.20.06:658][  0]LogInit: Overriding language with editor language configuration option (en).
[2023.06.19-06.20.06:658][  0]LogInit: Overriding locale with editor culture configuration option ().
[2023.06.19-06.20.06:658][  0]LogInit: Using OS detected locale (ko-KR).
[2023.06.19-06.20.06:765][  0]LogInit: Setting process to per monitor DPI aware
[2023.06.19-06.20.06:908][  0]LogSlate: New Slate User Created.  User Index 0, Is Virtual User: 0
[2023.06.19-06.20.06:908][  0]LogSlate: Slate User Registered.  User Index 0, Is Virtual User: 0
[2023.06.19-06.20.07:043][  0]LogHMD: Failed to initialize OpenVR with code 110
[2023.06.19-06.20.07:043][  0]LogD3D11RHI: D3D11 min allowed feature level: 11_0
[2023.06.19-06.20.07:043][  0]LogD3D11RHI: D3D11 max allowed feature level: 11_0
[2023.06.19-06.20.07:043][  0]LogD3D11RHI: D3D11 adapters:
[2023.06.19-06.20.07:151][  0]LogD3D11RHI:    0. 'NVIDIA GeForce RTX 2080 SUPER' (Feature Level 11_0)
[2023.06.19-06.20.07:151][  0]LogD3D11RHI:       8001/0/8146 MB DedicatedVideo/DedicatedSystem/SharedSystem, Outputs:2, VendorId:0x10de
[2023.06.19-06.20.07:153][  0]LogD3D11RHI:    1. 'Microsoft Basic Render Driver' (Feature Level 11_0)
[2023.06.19-06.20.07:153][  0]LogD3D11RHI:       0/0/8146 MB DedicatedVideo/DedicatedSystem/SharedSystem, Outputs:0, VendorId:0x1414
[2023.06.19-06.20.07:153][  0]LogD3D11RHI: Chosen D3D11 Adapter: 0
[2023.06.19-06.20.07:163][  0]LogD3D11RHI: Creating new Direct3DDevice
[2023.06.19-06.20.07:163][  0]LogD3D11RHI:     GPU DeviceId: 0x1e81 (for the marketing name, search the web for "GPU Device Id")
[2023.06.19-06.20.07:163][  0]LogWindows: EnumDisplayDevices:
[2023.06.19-06.20.07:163][  0]LogWindows:    0. 'NVIDIA GeForce RTX 2080 SUPER' (P:1 D:1)
[2023.06.19-06.20.07:164][  0]LogWindows:    1. 'NVIDIA GeForce RTX 2080 SUPER' (P:0 D:1)
[2023.06.19-06.20.07:164][  0]LogWindows:    2. 'NVIDIA GeForce RTX 2080 SUPER' (P:0 D:0)
[2023.06.19-06.20.07:164][  0]LogWindows:    3. 'NVIDIA GeForce RTX 2080 SUPER' (P:0 D:0)
[2023.06.19-06.20.07:165][  0]LogWindows: DebugString: FoundDriverCount:4 
[2023.06.19-06.20.07:165][  0]LogD3D11RHI:     Adapter Name: NVIDIA GeForce RTX 2080 SUPER
[2023.06.19-06.20.07:165][  0]LogD3D11RHI:   Driver Version: 535.98 (internal:31.0.15.3598, unified:535.98)
[2023.06.19-06.20.07:165][  0]LogD3D11RHI:      Driver Date: 5-24-2023
[2023.06.19-06.20.07:165][  0]LogRHI: Texture pool is 5600 MB (70% of 8001 MB)
[2023.06.19-06.20.07:225][  0]LogD3D11RHI: RHI has support for 64 bit atomics
[2023.06.19-06.20.07:228][  0]LogD3D11RHI: Async texture creation enabled
[2023.06.19-06.20.07:231][  0]LogD3D11RHI: HDR output is supported on display 0 (NvId: 0x80061081).
[2023.06.19-06.20.07:261][  0]LogD3D11RHI: GPU Timing Frequency: 1000.000000 (Debug: 2 1)
[2023.06.19-06.20.07:513][  0]LogTargetPlatformManager: Display: Loaded TargetPlatform 'AllDesktop'
[2023.06.19-06.20.07:535][  0]LogTargetPlatformManager: Display: Loaded TargetPlatform 'Android'
[2023.06.19-06.20.07:535][  0]LogTargetPlatformManager: Display: Loaded TargetPlatform 'Android_ASTC'
[2023.06.19-06.20.07:535][  0]LogTargetPlatformManager: Display: Loaded TargetPlatform 'Android_ATC'
[2023.06.19-06.20.07:535][  0]LogTargetPlatformManager: Display: Loaded TargetPlatform 'Android_DXT'
[2023.06.19-06.20.07:535][  0]LogTargetPlatformManager: Display: Loaded TargetPlatform 'Android_ETC1'
[2023.06.19-06.20.07:535][  0]LogTargetPlatformManager: Display: Loaded TargetPlatform 'Android_ETC1a'
[2023.06.19-06.20.07:536][  0]LogTargetPlatformManager: Display: Loaded TargetPlatform 'Android_ETC2'
[2023.06.19-06.20.07:536][  0]LogTargetPlatformManager: Display: Loaded TargetPlatform 'Android_PVRTC'
[2023.06.19-06.20.07:536][  0]LogTargetPlatformManager: Display: Loaded TargetPlatform 'AndroidClient'
[2023.06.19-06.20.07:536][  0]LogTargetPlatformManager: Display: Loaded TargetPlatform 'Android_ASTCClient'
[2023.06.19-06.20.07:536][  0]LogTargetPlatformManager: Display: Loaded TargetPlatform 'Android_ATCClient'
[2023.06.19-06.20.07:536][  0]LogTargetPlatformManager: Display: Loaded TargetPlatform 'Android_DXTClient'
[2023.06.19-06.20.07:536][  0]LogTargetPlatformManager: Display: Loaded TargetPlatform 'Android_ETC1Client'
[2023.06.19-06.20.07:536][  0]LogTargetPlatformManager: Display: Loaded TargetPlatform 'Android_ETC1aClient'
[2023.06.19-06.20.07:536][  0]LogTargetPlatformManager: Display: Loaded TargetPlatform 'Android_ETC2Client'
[2023.06.19-06.20.07:536][  0]LogTargetPlatformManager: Display: Loaded TargetPlatform 'Android_PVRTCClient'
[2023.06.19-06.20.07:536][  0]LogTargetPlatformManager: Display: Loaded TargetPlatform 'Android_Multi'
[2023.06.19-06.20.07:536][  0]LogTargetPlatformManager: Display: Loaded TargetPlatform 'Android_MultiClient'
[2023.06.19-06.20.07:550][  0]LogTargetPlatformManager: Display: Loaded TargetPlatform 'IOSClient'
[2023.06.19-06.20.07:550][  0]LogTargetPlatformManager: Display: Loaded TargetPlatform 'IOS'
[2023.06.19-06.20.07:555][  0]LogTargetPlatformManager: Display: Loaded TargetPlatform 'LinuxNoEditor'
[2023.06.19-06.20.07:561][  0]LogTargetPlatformManager: Display: Loaded TargetPlatform 'LinuxClient'
[2023.06.19-06.20.07:566][  0]LogTargetPlatformManager: Display: Loaded TargetPlatform 'LinuxServer'
[2023.06.19-06.20.07:571][  0]LogTargetPlatformManager: Display: Loaded TargetPlatform 'LinuxAArch64NoEditor'
[2023.06.19-06.20.07:576][  0]LogTargetPlatformManager: Display: Loaded TargetPlatform 'LinuxAArch64Client'
[2023.06.19-06.20.07:582][  0]LogTargetPlatformManager: Display: Loaded TargetPlatform 'LinuxAArch64Server'
[2023.06.19-06.20.07:600][  0]LogTargetPlatformManager: Display: Loaded TargetPlatform 'Lumin'
[2023.06.19-06.20.07:600][  0]LogTargetPlatformManager: Display: Loaded TargetPlatform 'LuminClient'
[2023.06.19-06.20.07:610][  0]LogTargetPlatformManager: Display: Loaded TargetPlatform 'TVOSClient'
[2023.06.19-06.20.07:610][  0]LogTargetPlatformManager: Display: Loaded TargetPlatform 'TVOS'
[2023.06.19-06.20.07:616][  0]LogTargetPlatformManager: Display: Loaded TargetPlatform 'WindowsNoEditor'
[2023.06.19-06.20.07:622][  0]LogTargetPlatformManager: Display: Loaded TargetPlatform 'Windows'
[2023.06.19-06.20.07:627][  0]LogTargetPlatformManager: Display: Loaded TargetPlatform 'WindowsClient'
[2023.06.19-06.20.07:633][  0]LogTargetPlatformManager: Display: Loaded TargetPlatform 'WindowsServer'
[2023.06.19-06.20.07:633][  0]LogTargetPlatformManager: Display: Building Assets For Windows
[2023.06.19-06.20.07:635][  0]LogAudioDebug: Display: Lib vorbis DLL was dynamically loaded.
[2023.06.19-06.20.07:654][  0]LogShaderCompilers: Guid format shader working directory is -15 characters bigger than the processId version (../../../../../../Users/201911183/Desktop/unreal/0619/RossiNante/Intermediate/Shaders/WorkingDirectory/39312/).
[2023.06.19-06.20.07:654][  0]LogShaderCompilers: Cleaned the shader compiler working directory 'C:/Users/201911183/AppData/Local/Temp/UnrealShaderWorkingDir/6AEED03C4B2F80B498A4C08C644281D5/'.
[2023.06.19-06.20.07:655][  0]LogXGEController: Cleaning working directory: C:/Users/201911183/AppData/Local/Temp/UnrealXGEWorkingDir/
[2023.06.19-06.20.07:655][  0]LogXGEController: Cannot use XGE Controller as Incredibuild is not installed on this machine.
[2023.06.19-06.20.07:655][  0]LogShaderCompilers: Cannot use XGE Shader Compiler as Incredibuild is not installed on this machine.
[2023.06.19-06.20.07:655][  0]LogShaderCompilers: Display: Using Local Shader Compiler.
[2023.06.19-06.20.08:137][  0]LogDerivedDataCache: Display: Max Cache Size: 512 MB
[2023.06.19-06.20.08:169][  0]LogDerivedDataCache: Loaded boot cache 0.03s 81MB C:/Users/201911183/AppData/Local/UnrealEngine/4.24/DerivedDataCache/Boot.ddc.
[2023.06.19-06.20.08:170][  0]LogDerivedDataCache: Display: Loaded Boot cache: C:/Users/201911183/AppData/Local/UnrealEngine/4.24/DerivedDataCache/Boot.ddc
[2023.06.19-06.20.08:170][  0]LogDerivedDataCache: FDerivedDataBackendGraph:  Pak pak cache file ../../../../../../Users/201911183/Desktop/unreal/0619/RossiNante/DerivedDataCache/DDC.ddp not found, will not use a pak cache.
[2023.06.19-06.20.08:170][  0]LogDerivedDataCache: Unable to find inner node Pak for hierarchical cache Hierarchy.
[2023.06.19-06.20.08:170][  0]LogDerivedDataCache: FDerivedDataBackendGraph:  CompressedPak pak cache file ../../../../../../Users/201911183/Desktop/unreal/0619/RossiNante/DerivedDataCache/Compressed.ddp not found, will not use a pak cache.
[2023.06.19-06.20.08:170][  0]LogDerivedDataCache: Unable to find inner node CompressedPak for hierarchical cache Hierarchy.
[2023.06.19-06.20.08:177][  0]LogDerivedDataCache: Display: Pak cache opened for reading ../../../Engine/DerivedDataCache/Compressed.ddp.
[2023.06.19-06.20.08:177][  0]LogDerivedDataCache: FDerivedDataBackendGraph:  EnterprisePak pak cache file ../../../Enterprise/DerivedDataCache/Compressed.ddp not found, will not use a pak cache.
[2023.06.19-06.20.08:177][  0]LogDerivedDataCache: Unable to find inner node EnterprisePak for hierarchical cache Hierarchy.
[2023.06.19-06.20.08:178][  0]LogDerivedDataCache: Using Local data cache path C:/Users/201911183/AppData/Local/UnrealEngine/Common/DerivedDataCache: Writable
[2023.06.19-06.20.08:178][  0]LogDerivedDataCache: Shared data cache path not found in *engine.ini, will not use an Shared cache.
[2023.06.19-06.20.08:178][  0]LogDerivedDataCache: Unable to find inner node Shared for hierarchical cache Hierarchy.
[2023.06.19-06.20.08:194][  0]LogMaterial: Verifying Global Shaders for PCD3D_SM5
[2023.06.19-06.20.08:196][  0]LogSlate: Using FreeType 2.10.0
[2023.06.19-06.20.08:196][  0]LogSlate: SlateFontServices - WITH_FREETYPE: 1, WITH_HARFBUZZ: 1
[2023.06.19-06.20.08:252][  0]LogAssetRegistry: FAssetRegistry took 0.0019 seconds to start up
[2023.06.19-06.20.08:457][  0]LogInit: Selected Device Profile: [Windows]
[2023.06.19-06.20.08:559][  0]LogMeshReduction: Using QuadricMeshReduction for automatic static mesh reduction
[2023.06.19-06.20.08:559][  0]LogMeshReduction: Using SimplygonMeshReduction for automatic skeletal mesh reduction
[2023.06.19-06.20.08:559][  0]LogMeshReduction: Using ProxyLODMeshReduction for automatic mesh merging
[2023.06.19-06.20.08:559][  0]LogMeshReduction: No distributed automatic mesh merging module available
[2023.06.19-06.20.08:559][  0]LogMeshMerging: No distributed automatic mesh merging module available
[2023.06.19-06.20.08:568][  0]LogNetVersion: RossiNante 1.0.0, NetCL: 10570792, EngineNetVer: 13, GameNetVer: 0 (Checksum: 557242147)
[2023.06.19-06.20.09:324][  0]LogPackageLocalizationCache: Processed 10 localized package path(s) for 1 prioritized culture(s) in 0.030731 seconds
[2023.06.19-06.20.09:328][  0]LogUObjectArray: 46750 objects as part of root set at end of initial load.
[2023.06.19-06.20.09:328][  0]LogUObjectAllocator: 8137160 out of 0 bytes used by permanent object pool.
[2023.06.19-06.20.09:329][  0]LogUObjectArray: CloseDisregardForGC: 0/0 objects in disregard for GC pool
[2023.06.19-06.20.09:594][  0]LogTcpMessaging: Initializing TcpMessaging bridge
[2023.06.19-06.20.09:596][  0]LogUdpMessaging: Initializing bridge on interface 0.0.0.0:0 to multicast group 230.0.0.1:6666.
[2023.06.19-06.20.09:893][  0]SourceControl: Source control is disabled
[2023.06.19-06.20.09:893][  0]SourceControl: Source control is disabled
[2023.06.19-06.20.09:894][  0]SourceControl: Source control is disabled
[2023.06.19-06.20.09:895][  0]SourceControl: Source control is disabled
[2023.06.19-06.20.09:896][  0]SourceControl: Source control is disabled
[2023.06.19-06.20.09:957][  0]LogAndroidPermission: UAndroidPermissionCallbackProxy::GetInstance
[2023.06.19-06.20.09:963][  0]LogAudioCaptureCore: Display: No Audio Capture implementations found. Audio input will be silent.
[2023.06.19-06.20.09:963][  0]LogAudioCaptureCore: Display: No Audio Capture implementations found. Audio input will be silent.
[2023.06.19-06.20.10:017][  0]LogOcInput: OculusInput pre-init called
[2023.06.19-06.20.10:024][  0]LogWindows: Failed to load 'OVRPlugin.dll' (GetLastError=126)
[2023.06.19-06.20.10:024][  0]LogWindows: File 'OVRPlugin.dll' does not exist
[2023.06.19-06.20.10:068][  0]LogEngine: Initializing Engine...
[2023.06.19-06.20.10:069][  0]LogHMD: Failed to initialize OpenVR with code 110
[2023.06.19-06.20.10:070][  0]LogStats: UGameplayTagsManager::InitializeManager -  0.000 s
[2023.06.19-06.20.10:279][  0]LogInit: Initializing FReadOnlyCVARCache
[2023.06.19-06.20.10:284][  0]LogAIModule: Creating AISystem for world Untitled
[2023.06.19-06.20.10:296][  0]LogAudioMixer: Display: Audio Mixer Platform Settings:
[2023.06.19-06.20.10:296][  0]LogAudioMixer: Display: 	Sample Rate:						  48000
[2023.06.19-06.20.10:296][  0]LogAudioMixer: Display: 	Callback Buffer Frame Size Requested: 1024
[2023.06.19-06.20.10:296][  0]LogAudioMixer: Display: 	Callback Buffer Frame Size To Use:	  1024
[2023.06.19-06.20.10:296][  0]LogAudioMixer: Display: 	Number of buffers to queue:			  2
[2023.06.19-06.20.10:296][  0]LogAudioMixer: Display: 	Max Channels (voices):				  32
[2023.06.19-06.20.10:296][  0]LogAudioMixer: Display: 	Number of Async Source Workers:		  0
[2023.06.19-06.20.10:296][  0]LogAudio: Display: AudioDevice MaxSources: 32
[2023.06.19-06.20.10:296][  0]LogAudio: Display: Using built-in audio occlusion.
[2023.06.19-06.20.10:296][  0]LogAudioMixer: Display: Initializing audio mixer.
[2023.06.19-06.20.10:317][  0]LogAudioMixer: Display: Audio Device Output Speaker Info:
[2023.06.19-06.20.10:317][  0]LogAudioMixer: Display: Name: BenQ EX2710S(NVIDIA High Definition Audio)
[2023.06.19-06.20.10:317][  0]LogAudioMixer: Display: Is Default: Yes
[2023.06.19-06.20.10:317][  0]LogAudioMixer: Display: Sample Rate: 48000
[2023.06.19-06.20.10:317][  0]LogAudioMixer: Display: Channel Count Used: 2
[2023.06.19-06.20.10:317][  0]LogAudioMixer: Display: Device Channel Count: 2
[2023.06.19-06.20.10:317][  0]LogAudioMixer: Display: Channel Order:
[2023.06.19-06.20.10:317][  0]LogAudioMixer: Display: 0: FrontLeft
[2023.06.19-06.20.10:317][  0]LogAudioMixer: Display: 1: FrontRight
[2023.06.19-06.20.10:330][  0]LogAudioMixer: Display: Using Audio Device BenQ EX2710S(NVIDIA High Definition Audio)
[2023.06.19-06.20.10:333][  0]LogInit: FAudioDevice initialized.
[2023.06.19-06.20.10:333][  0]LogNetVersion: Set ProjectVersion to 1.0.0.0. Version Checksum will be recalculated on next use.
[2023.06.19-06.20.10:436][  0]LogDerivedDataCache: Saved boot cache 0.10s 81MB C:/Users/201911183/AppData/Local/UnrealEngine/4.24/DerivedDataCache/Boot.ddc.
[2023.06.19-06.20.10:438][  0]LogInit: Texture streaming: Enabled
[2023.06.19-06.20.10:452][  0]LogEngineSessionManager: EngineSessionManager initialized
[2023.06.19-06.20.10:452][  0]LogEngineSessionManager: EngineSessionManager sent abnormal shutdown report. Type=Crashed, SessionId={26F5D48E-48C4-2B22-79DC-ED827AA1C923}
[2023.06.19-06.20.10:452][  0]LogEditorSessionSummary: Verbose: Initializing EditorSessionSummaryWriter for editor session tracking
[2023.06.19-06.20.10:463][  0]LogEditorSessionSummary: EditorSessionSummaryWriter initialized
[2023.06.19-06.20.10:500][  0]LogInit: Transaction tracking system initialized
[2023.06.19-06.20.10:510][  0]BlueprintLog: New page: Editor Load
[2023.06.19-06.20.10:537][  0]LocalizationService: Localization service is disabled
[2023.06.19-06.20.11:351][  0]LogCook: Display: Max memory allowance for cook 16384mb min free memory 0mb
[2023.06.19-06.20.11:351][  0]LogCook: Display: Mobile HDR setting 1
[2023.06.19-06.20.11:406][  0]LogFileCache: Scanning file cache for directory 'C:/Users/201911183/Desktop/unreal/0619/RossiNante/Content/' took 0.05s
[2023.06.19-06.20.11:886][  0]SourceControl: Source control is disabled
[2023.06.19-06.20.11:886][  0]Cmd: MAP LOAD FILE="../../../../../../Users/201911183/Desktop/unreal/0619/RossiNante/Content/Maps/Default.umap" TEMPLATE=0 SHOWPROGRESS=1 FEATURELEVEL=3
[2023.06.19-06.20.11:886][  0]LightingResults: New page: Lighting Build
[2023.06.19-06.20.11:887][  0]LogWorld: UWorld::CleanupWorld for Untitled, bSessionEnded=true, bCleanupResources=true
[2023.06.19-06.20.11:887][  0]LogSlate: InvalidateAllWidgets triggered.  All widgets were invalidated
[2023.06.19-06.20.11:887][  0]MapCheck: New page: Map Check
[2023.06.19-06.20.11:887][  0]LightingResults: New page: Lighting Build
[2023.06.19-06.20.11:912][  0]LogUObjectHash: Compacting FUObjectHashTables data took   1.28ms
[2023.06.19-06.20.12:390][  0]LogLinker: Error: HOTRELOADED_MyCharacterEnemy_0 has an inappropriate outermost, it was probably saved with a deprecated outer (file: ../../../../../../Users/201911183/Desktop/unreal/0619/RossiNante/Content/Blueprints/Boss/AI/Task/BTT_Jump.uasset)
[2023.06.19-06.20.12:390][  0]LogLinker: Error: HOTRELOADED_MyCharacterEnemy_0 has an inappropriate outermost, it was probably saved with a deprecated outer (file: ../../../../../../Users/201911183/Desktop/unreal/0619/RossiNante/Content/Blueprints/Boss/AI/Task/BTT_Jump.uasset)
[2023.06.19-06.20.12:390][  0]LogLinker: Error: HOTRELOADED_MyCharacterEnemy_0 has an inappropriate outermost, it was probably saved with a deprecated outer (file: ../../../../../../Users/201911183/Desktop/unreal/0619/RossiNante/Content/Blueprints/Boss/AI/Task/BTT_Jump.uasset)
[2023.06.19-06.20.12:390][  0]LogLinker: Error: HOTRELOADED_MyCharacterEnemy_0 has an inappropriate outermost, it was probably saved with a deprecated outer (file: ../../../../../../Users/201911183/Desktop/unreal/0619/RossiNante/Content/Blueprints/Boss/AI/Task/BTT_Jump.uasset)
[2023.06.19-06.20.12:738][  0]LogBlueprint: Warning: [Compiler BP_Character] MyCharacter.Stat is not blueprint visible (BlueprintReadOnly or BlueprintReadWrite). Please fix mark up or cease accessing as this will be made an error in a future release.  Get Stat
[2023.06.19-06.20.13:904][  0]LogAIModule: Creating AISystem for world Default
[2023.06.19-06.20.13:909][  0]LogEditorServer: Finished looking for orphan Actors (0.000 secs)
[2023.06.19-06.20.13:937][  0]LogUObjectHash: Compacting FUObjectHashTables data took   1.98ms
[2023.06.19-06.20.13:940][  0]Cmd: MAP CHECKDEP NOCLEARLOG
[2023.06.19-06.20.13:940][  0]MapCheck: Map check complete: 0 Error(s), 0 Warning(s), took 0.127ms to complete.
[2023.06.19-06.20.13:940][  0]LogFileHelpers: Loading map 'Default' took 2.054
[2023.06.19-06.20.14:084][  0]LogSlate: Updating window title bar state: overlay mode, drag disabled, window buttons hidden, title bar hidden
[2023.06.19-06.20.14:088][  0]LogSlate: Updating window title bar state: overlay mode, drag disabled, window buttons hidden, title bar hidden
[2023.06.19-06.20.14:092][  0]LogSlate: Updating window title bar state: overlay mode, drag disabled, window buttons hidden, title bar hidden
[2023.06.19-06.20.14:097][  0]LogSlate: Updating window title bar state: overlay mode, drag disabled, window buttons hidden, title bar hidden
[2023.06.19-06.20.14:106][  0]LogCollectionManager: Loaded 0 collections in 0.001452 seconds
[2023.06.19-06.20.14:116][  0]LogFileCache: Scanning file cache for directory 'C:/Users/201911183/Desktop/unreal/0619/RossiNante/Saved/Collections/' took 0.00s
[2023.06.19-06.20.14:116][  0]LogFileCache: Scanning file cache for directory 'C:/Users/201911183/Desktop/unreal/0619/RossiNante/Content/Developers/201911183/Collections/' took 0.00s
[2023.06.19-06.20.14:116][  0]LogFileCache: Scanning file cache for directory 'C:/Users/201911183/Desktop/unreal/0619/RossiNante/Content/Collections/' took 0.00s
[2023.06.19-06.20.14:116][  0]LogContentBrowser: Native class hierarchy populated in 0.0075 seconds. Added 3029 classes and 719 folders.
[2023.06.19-06.20.14:118][  0]LogContentBrowser: Native class hierarchy updated for 'WidgetCarousel' in 0.0003 seconds. Added 0 classes and 0 folders.
[2023.06.19-06.20.14:171][  0]LogContentBrowser: Native class hierarchy updated for 'AddContentDialog' in 0.0003 seconds. Added 0 classes and 0 folders.
[2023.06.19-06.20.14:176][  0]LogContentBrowser: Native class hierarchy updated for 'SceneOutliner' in 0.0003 seconds. Added 2 classes and 3 folders.
[2023.06.19-06.20.14:210][  0]LogSlate: Took 0.000136 seconds to synchronously load lazily loaded font '../../../Engine/Content/Slate/Fonts/Roboto-Regular.ttf' (155K)
[2023.06.19-06.20.14:211][  0]LogSlate: Took 0.000114 seconds to synchronously load lazily loaded font '../../../Engine/Content/Slate/Fonts/Roboto-Bold.ttf' (160K)
[2023.06.19-06.20.14:214][  0]LogSlate: Took 0.000131 seconds to synchronously load lazily loaded font '../../../Engine/Content/Editor/Slate/Fonts/FontAwesome.ttf' (139K)
[2023.06.19-06.20.14:265][  0]LogRenderer: Reallocating scene render targets to support 1200x568 Format 9 NumSamples 1 (Frame:1).
[2023.06.19-06.20.14:423][  0]LogContentBrowser: Native class hierarchy updated for 'HierarchicalLODOutliner' in 0.0003 seconds. Added 0 classes and 0 folders.
[2023.06.19-06.20.14:423][  0]LogLoad: (Engine Initialization) Total time: 9.26 seconds
[2023.06.19-06.20.14:423][  0]LogLoad: (Engine Initialization) Total Blueprint compile time: 0.00 seconds
[2023.06.19-06.20.14:486][  0]LogContentStreaming: Texture pool size now 600 MB
[2023.06.19-06.20.14:515][  0]LogSlate: Took 0.000141 seconds to synchronously load lazily loaded font '../../../Engine/Content/Slate/Fonts/Roboto-Light.ttf' (167K)
[2023.06.19-06.20.14:526][  1]LogFileCache: Retrieving MD5 hashes for directory 'C:/Users/201911183/Desktop/unreal/0619/RossiNante/Content/' took 0.09s
[2023.06.19-06.20.14:554][  1]LogAssetRegistry: Asset discovery search completed in 6.3027 seconds
[2023.06.19-06.20.14:557][  1]LogCollectionManager: Fixed up redirectors for 0 collections in 0.000028 seconds (updated 0 objects)
[2023.06.19-06.22.14:935][394]LogHotReload: New module detected: UE4Editor-RossiNante-0001.dll
[2023.06.19-06.22.15:630][397]LogHotReload: Starting Hot-Reload from IDE
[2023.06.19-06.22.15:637][397]LogSlate: Took 0.000517 seconds to synchronously load lazily loaded font '../../../Engine/Content/Slate/Fonts/Roboto-Light.ttf' (167K)
[2023.06.19-06.22.15:675][397]LogUObjectHash: Compacting FUObjectHashTables data took   0.87ms
[2023.06.19-06.22.15:712][397]LogClass: Could not find existing class MyStatComponent in package /Script/RossiNante for HotReload, assuming new class
[2023.06.19-06.22.15:712][397]LogClass: Function GetAttack is new.
[2023.06.19-06.22.15:712][397]LogClass: Function GetExp is new.
[2023.06.19-06.22.15:712][397]LogClass: Function GetHp is new.
[2023.06.19-06.22.15:712][397]LogClass: Function GetLevel is new.
[2023.06.19-06.22.15:712][397]LogClass: Function GetMaxHp is new.
[2023.06.19-06.22.15:712][397]LogClass: Function SetExp is new.
[2023.06.19-06.22.15:713][397]LogClass: MyCharacterData HotReload.
[2023.06.19-06.22.15:717][397]LogHotReload: Re-instancing MyCharacter after hot-reload.
[2023.06.19-06.22.15:725][397]LogBlueprint: Warning: [Compiler BP_Character] MyCharacter.Stat is not blueprint visible (BlueprintReadOnly or BlueprintReadWrite). Please fix mark up or cease accessing as this will be made an error in a future release.  Get Stat
[2023.06.19-06.22.15:733][397]LogProperty: Warning: Serialized Class /Script/RossiNante.MyStatComponent for a property of Class /Engine/Transient.HOTRELOADED_MyStatComponent_0. Reference will be nullptred.
    Property = ObjectProperty /Script/RossiNante.MyCharacter:Stat
    Item = MyStatComponent /Game/Blueprints/PlayerCharacter/BP_Character.Default__BP_Character_C:STAT
[2023.06.19-06.22.15:735][397]LogProperty: Warning: Serialized Class /Script/RossiNante.MyStatComponent for a property of Class /Engine/Transient.HOTRELOADED_MyStatComponent_0. Reference will be nullptred.
    Property = ObjectProperty /Script/RossiNante.MyCharacter:Stat
    Item = MyStatComponent /Game/Blueprints/PlayerCharacter/BP_Character.Default__SKEL_BP_Character_C:STAT
[2023.06.19-06.22.15:932][397]LogHotReload: Re-instancing MyStatComponent after hot-reload.
[2023.06.19-06.22.16:111][397]LogContentBrowser: Native class hierarchy updated for 'RossiNante' in 0.0005 seconds. Added 14 classes and 2 folders.
[2023.06.19-06.22.16:114][397]Display: HotReload successful (35 functions remapped  1 scriptstructs remapped)
[2023.06.19-06.22.16:218][397]LogUObjectHash: Compacting FUObjectHashTables data took   2.06ms
[2023.06.19-06.22.16:229][397]LogContentBrowser: Native class hierarchy populated in 0.0070 seconds. Added 3031 classes and 722 folders.
[2023.06.19-06.22.16:239][397]Display: HotReload took  0.6s.
[2023.06.19-06.22.26:810][395]LogLinker: Warning: While loading '../../../../../../Users/201911183/Desktop/unreal/0619/RossiNante/Content/Maps/Login.umap' failed to load '/Game/Maps/Login_BuiltData': Can't find file.
[2023.06.19-06.22.26:810][395]LogLinker: Warning: While loading '../../../../../../Users/201911183/Desktop/unreal/0619/RossiNante/Content/Maps/Login.umap' failed to load '/Game/Maps/Login_BuiltData': Can't find file.
[2023.06.19-06.22.26:813][395]LogLinker: Warning: While loading '../../../../../../Users/201911183/Desktop/unreal/0619/RossiNante/Content/Maps/Login.umap' failed to load '/Game/Maps/Login_BuiltData': Can't find file.
[2023.06.19-06.22.26:813][395]LogLinker: Warning: While loading '../../../../../../Users/201911183/Desktop/unreal/0619/RossiNante/Content/Maps/Login.umap' failed to load '/Game/Maps/Login_BuiltData': Can't find file.
[2023.06.19-06.22.26:813][395]LogLinker: Warning: Failed to load '/Game/Maps/Login_BuiltData': Can't find file.
[2023.06.19-06.22.26:814][395]LogLinker: Warning: Failed to load '/Game/Maps/Login_BuiltData': Can't find file.
[2023.06.19-06.22.26:814][395]LogLinker: Warning: Failed to load '/Game/Maps/Login_BuiltData': Can't find file.
[2023.06.19-06.22.26:814][395]LogLinker: Warning: Failed to load '/Game/Maps/Login_BuiltData': Can't find file.
[2023.06.19-06.22.26:817][395]LogLinker: Warning: While loading '../../../../../../Users/201911183/Desktop/unreal/0619/RossiNante/Content/Maps/Login.umap' failed to load '/Game/Maps/Login_BuiltData': Can't find file.
[2023.06.19-06.22.26:817][395]LoadErrors: Failed to load /Game/Maps/Login_BuiltData.Login_BuiltData Referenced by PersistentLevel
[2023.06.19-06.22.26:817][395]LogLinker: Warning: While loading '../../../../../../Users/201911183/Desktop/unreal/0619/RossiNante/Content/Maps/Login.umap' failed to load '/Game/Maps/Login_BuiltData': Can't find file.
[2023.06.19-06.22.26:825][395]LogAIModule: Creating AISystem for world Login
[2023.06.19-06.22.26:826][395]LogAssetEditorSubsystem: Opening Asset editor for World /Game/Maps/Login.Login
[2023.06.19-06.22.26:851][395]LogUObjectHash: Compacting FUObjectHashTables data took   1.86ms
[2023.06.19-06.22.26:855][395]Cmd: MAP LOAD FILE="../../../../../../Users/201911183/Desktop/unreal/0619/RossiNante/Content/Maps/Login.umap" TEMPLATE=0 SHOWPROGRESS=1 FEATURELEVEL=3
[2023.06.19-06.22.26:855][395]LightingResults: New page: Lighting Build
[2023.06.19-06.22.26:855][395]LoadErrors: New page: Loading map: Login.umap
[2023.06.19-06.22.26:857][395]LogWorld: UWorld::CleanupWorld for Default, bSessionEnded=true, bCleanupResources=true
[2023.06.19-06.22.26:858][395]LogSlate: InvalidateAllWidgets triggered.  All widgets were invalidated
[2023.06.19-06.22.26:858][395]MapCheck: New page: Map Check
[2023.06.19-06.22.26:858][395]LightingResults: New page: Lighting Build
[2023.06.19-06.22.26:885][395]LogUObjectHash: Compacting FUObjectHashTables data took   1.48ms
[2023.06.19-06.22.26:889][395]LogEditorServer: Finished looking for orphan Actors (0.000 secs)
[2023.06.19-06.22.26:913][395]LogUObjectHash: Compacting FUObjectHashTables data took   1.31ms
[2023.06.19-06.22.26:927][395]Cmd: MAP CHECKDEP NOCLEARLOG
[2023.06.19-06.22.26:928][395]MapCheck: Map check complete: 0 Error(s), 0 Warning(s), took 0.117ms to complete.
[2023.06.19-06.22.26:928][395]LogFileHelpers: Loading map 'Login' took 0.076
[2023.06.19-06.22.28:374][540]LogTemp: Repeating last play command: Selected Viewport
[2023.06.19-06.22.28:385][540]LogBlueprintUserMessages: Early PlayInEditor Detection: Level '/Game/Maps/Login.Login:PersistentLevel' has LevelScriptBlueprint '/Game/Maps/Login.Login:PersistentLevel.Login' with GeneratedClass '/Game/Maps/Login.Login_C' with ClassGeneratedBy '/Game/Maps/Login.Login:PersistentLevel.Login'
[2023.06.19-06.22.28:387][540]LogPlayLevel: PlayLevel: No blueprints needed recompiling
[2023.06.19-06.22.28:388][540]PIE: New page: PIE session: Login (2023. 6. 20. 오전 12:22:28)
[2023.06.19-06.22.28:391][540]LogOnline: OSS: Creating online subsystem instance for: NULL
[2023.06.19-06.22.28:392][540]LogOnline: OSS: TryLoadSubsystemAndSetDefault: Loaded subsystem for module [NULL]
[2023.06.19-06.22.28:393][540]LogPlayLevel: Creating play world package: /Game/Maps/UEDPIE_0_Login
[2023.06.19-06.22.28:395][540]LogPlayLevel: PIE: StaticDuplicateObject took: (0.001955s)
[2023.06.19-06.22.28:396][540]LogAIModule: Creating AISystem for world Login
[2023.06.19-06.22.28:396][540]LogPlayLevel: PIE: World Init took: (0.001309s)
[2023.06.19-06.22.28:396][540]LogPlayLevel: PIE: Created PIE world by copying editor world from /Game/Maps/Login.Login to /Game/Maps/UEDPIE_0_Login.Login (0.003679s)
[2023.06.19-06.22.28:421][540]LogUObjectHash: Compacting FUObjectHashTables data took   1.47ms
[2023.06.19-06.22.28:422][540]LogTemp: Warning: C2S

[2023.06.19-06.22.28:428][540]LogTemp: Warning: CONNECT SUCCESS

[2023.06.19-06.22.28:428][540]LogAudioMixer: Display: Audio Mixer Platform Settings:
[2023.06.19-06.22.28:428][540]LogAudioMixer: Display: 	Sample Rate:						  48000
[2023.06.19-06.22.28:428][540]LogAudioMixer: Display: 	Callback Buffer Frame Size Requested: 1024
[2023.06.19-06.22.28:428][540]LogAudioMixer: Display: 	Callback Buffer Frame Size To Use:	  1024
[2023.06.19-06.22.28:428][540]LogAudioMixer: Display: 	Number of buffers to queue:			  2
[2023.06.19-06.22.28:428][540]LogAudioMixer: Display: 	Max Channels (voices):				  32
[2023.06.19-06.22.28:428][540]LogAudioMixer: Display: 	Number of Async Source Workers:		  0
[2023.06.19-06.22.28:428][540]LogAudio: Display: AudioDevice MaxSources: 32
[2023.06.19-06.22.28:428][540]LogAudio: Display: Using built-in audio occlusion.
[2023.06.19-06.22.28:428][540]LogAudioMixer: Display: Initializing audio mixer.
[2023.06.19-06.22.28:445][540]LogAudioMixer: Display: Audio Device Output Speaker Info:
[2023.06.19-06.22.28:445][540]LogAudioMixer: Display: Name: BenQ EX2710S(NVIDIA High Definition Audio)
[2023.06.19-06.22.28:445][540]LogAudioMixer: Display: Is Default: Yes
[2023.06.19-06.22.28:445][540]LogAudioMixer: Display: Sample Rate: 48000
[2023.06.19-06.22.28:445][540]LogAudioMixer: Display: Channel Count Used: 2
[2023.06.19-06.22.28:445][540]LogAudioMixer: Display: Device Channel Count: 2
[2023.06.19-06.22.28:445][540]LogAudioMixer: Display: Channel Order:
[2023.06.19-06.22.28:445][540]LogAudioMixer: Display: 0: FrontLeft
[2023.06.19-06.22.28:445][540]LogAudioMixer: Display: 1: FrontRight
[2023.06.19-06.22.28:456][540]LogAudioMixer: Display: Using Audio Device BenQ EX2710S(NVIDIA High Definition Audio)
[2023.06.19-06.22.28:457][540]LogInit: FAudioDevice initialized.
[2023.06.19-06.22.28:466][540]LogLoad: Game class is 'BP_GameModeBase_C'
[2023.06.19-06.22.28:472][540]LogWorld: Bringing World /Game/Maps/UEDPIE_0_Login.Login up for play (max tick rate 0) at 2023.06.19-15.22.28
[2023.06.19-06.22.28:473][540]LogWorld: Bringing up level for play took: 0.001309
[2023.06.19-06.22.28:473][540]LogOnline: OSS: Creating online subsystem instance for: :Context_4
[2023.06.19-06.22.28:507][540]LogContentBrowser: Native class hierarchy updated for 'MovieSceneCapture' in 0.0004 seconds. Added 20 classes and 0 folders.
[2023.06.19-06.22.30:553][540]LogWindows: Error: === Critical error: ===
[2023.06.19-06.22.30:553][540]LogWindows: Error: 
[2023.06.19-06.22.30:553][540]LogWindows: Error: Fatal error!
[2023.06.19-06.22.30:553][540]LogWindows: Error: 
[2023.06.19-06.22.30:553][540]LogWindows: Error: Unhandled Exception: EXCEPTION_ACCESS_VIOLATION reading address 0x000003f8
[2023.06.19-06.22.30:553][540]LogWindows: Error: 
[2023.06.19-06.22.30:553][540]LogWindows: Error: [Callstack] 0x00007ffb96ec2730 UE4Editor-RossiNante-0001.dll!AMyGameModeBase::GetPlayerExp() [C:\Users\201911183\Desktop\unreal\0619\RossiNante\Source\RossiNante\MyGameModeBase.cpp:152]
[2023.06.19-06.22.30:553][540]LogWindows: Error: [Callstack] 0x00007ffb96ec32c3 UE4Editor-RossiNante-0001.dll!UMyStatComponent::SetLevel() [C:\Users\201911183\Desktop\unreal\0619\RossiNante\Source\RossiNante\MyStatComponent.cpp:61]
[2023.06.19-06.22.30:553][540]LogWindows: Error: [Callstack] 0x00007ffb9e5cc342 UE4Editor-Engine.dll!UnknownFunction []
[2023.06.19-06.22.30:554][540]LogWindows: Error: [Callstack] 0x00007ffb9e5d361f UE4Editor-Engine.dll!UnknownFunction []
[2023.06.19-06.22.30:554][540]LogWindows: Error: [Callstack] 0x00007ffb9e5ba850 UE4Editor-Engine.dll!UnknownFunction []
[2023.06.19-06.22.30:554][540]LogWindows: Error: [Callstack] 0x00007ffb9e5d7405 UE4Editor-Engine.dll!UnknownFunction []
[2023.06.19-06.22.30:554][540]LogWindows: Error: [Callstack] 0x00007ffb9eeb106f UE4Editor-Engine.dll!UnknownFunction []
[2023.06.19-06.22.30:554][540]LogWindows: Error: [Callstack] 0x00007ffb9ecdb1b9 UE4Editor-Engine.dll!UnknownFunction []
[2023.06.19-06.22.30:554][540]LogWindows: Error: [Callstack] 0x00007ffb9e61b0ae UE4Editor-Engine.dll!UnknownFunction []
[2023.06.19-06.22.30:554][540]LogWindows: Error: [Callstack] 0x00007ffbc49d42e8 UE4Editor-CoreUObject.dll!UnknownFunction []
[2023.06.19-06.22.30:554][540]LogWindows: Error: [Callstack] 0x00007ffbc4c20148 UE4Editor-CoreUObject.dll!UnknownFunction []
[2023.06.19-06.22.30:554][540]LogWindows: Error: [Callstack] 0x00007ffb9e5d7f18 UE4Editor-Engine.dll!UnknownFunction []
[2023.06.19-06.22.30:554][540]LogWindows: Error: [Callstack] 0x00007ffb9f989034 UE4Editor-Engine.dll!UnknownFunction []
[2023.06.19-06.22.30:554][540]LogWindows: Error: [Callstack] 0x00007ffb9ecdb5cf UE4Editor-Engine.dll!UnknownFunction []
[2023.06.19-06.22.30:554][540]LogWindows: Error: [Callstack] 0x00007ffb9e61b198 UE4Editor-Engine.dll!UnknownFunction []
[2023.06.19-06.22.30:554][540]LogWindows: Error: [Callstack] 0x00007ffbc49d42e8 UE4Editor-CoreUObject.dll!UnknownFunction []
[2023.06.19-06.22.30:554][540]LogWindows: Error: [Callstack] 0x00007ffbc4c20148 UE4Editor-CoreUObject.dll!UnknownFunction []
[2023.06.19-06.22.30:554][540]LogWindows: Error: [Callstack] 0x00007ffb9e5d7f18 UE4Editor-Engine.dll!UnknownFunction []
[2023.06.19-06.22.30:554][540]LogWindows: Error: [Callstack] 0x00007ffb9f9890b7 UE4Editor-Engine.dll!UnknownFunction []
[2023.06.19-06.22.30:554][540]LogWindows: Error: [Callstack] 0x00007ffb9ecd6ac6 UE4Editor-Engine.dll!UnknownFunction []
[2023.06.19-06.22.30:554][540]LogWindows: Error: [Callstack] 0x00007ffb9ecd66b3 UE4Editor-Engine.dll!UnknownFunction []
[2023.06.19-06.22.30:554][540]LogWindows: Error: [Callstack] 0x00007ffb9ecc22b0 UE4Editor-Engine.dll!UnknownFunction []
[2023.06.19-06.22.30:554][540]LogWindows: Error: [Callstack] 0x00007ffb9e60aba6 UE4Editor-Engine.dll!UnknownFunction []
[2023.06.19-06.22.30:554][540]LogWindows: Error: [Callstack] 0x00007ffbc49d42e8 UE4Editor-CoreUObject.dll!UnknownFunction []
[2023.06.19-06.22.30:554][540]LogWindows: Error: [Callstack] 0x00007ffbc4c20148 UE4Editor-CoreUObject.dll!UnknownFunction []
[2023.06.19-06.22.30:554][540]LogWindows: Error: [Callstack] 0x00007ffb9e5d7f18 UE4Editor-Engine.dll!UnknownFunction []
[2023.06.19-06.22.30:554][540]LogWindows: Error: [Callstack] 0x00007ffb9f988429 UE4Editor-Engine.dll!UnknownFunction []
[2023.06.19-06.22.30:554][540]LogWindows: Error: [Callstack] 0x00007ffb9eeb2588 UE4Editor-Engine.dll!UnknownFunction []
[2023.06.19-06.22.30:554][540]LogWindows: Error: [Callstack] 0x00007ffb9ef645ab UE4Editor-Engine.dll!UnknownFunction []
[2023.06.19-06.22.30:554][540]LogWindows: Error: [Callstack] 0x00007ffb9ecdf0a2 UE4Editor-Engine.dll!UnknownFunction []
[2023.06.19-06.22.30:554][540]LogWindows: Error: [Callstack] 0x00007ffbabfc245c UE4Editor-UnrealEd.dll!UnknownFunction []
[2023.06.19-06.22.30:554][540]LogWindows: Error: [Callstack] 0x00007ffbabfe2806 UE4Editor-UnrealEd.dll!UnknownFunction []
[2023.06.19-06.22.30:554][540]LogWindows: Error: [Callstack] 0x00007ffbabffd285 UE4Editor-UnrealEd.dll!UnknownFunction []
[2023.06.19-06.22.30:554][540]LogWindows: Error: [Callstack] 0x00007ffbabaca5f5 UE4Editor-UnrealEd.dll!UnknownFunction []
[2023.06.19-06.22.30:554][540]LogWindows: Error: [Callstack] 0x00007ffbac32e476 UE4Editor-UnrealEd.dll!UnknownFunction []
[2023.06.19-06.22.30:554][540]LogWindows: Error: [Callstack] 0x00007ff6ca057f62 UE4Editor.exe!UnknownFunction []
[2023.06.19-06.22.30:554][540]LogWindows: Error: [Callstack] 0x00007ff6ca06c3ec UE4Editor.exe!UnknownFunction []
[2023.06.19-06.22.30:554][540]LogWindows: Error: [Callstack] 0x00007ff6ca06c4ca UE4Editor.exe!UnknownFunction []
[2023.06.19-06.22.30:554][540]LogWindows: Error: [Callstack] 0x00007ff6ca07ceae UE4Editor.exe!UnknownFunction []
[2023.06.19-06.22.30:554][540]LogWindows: Error: [Callstack] 0x00007ff6ca07fcbe UE4Editor.exe!UnknownFunction []
[2023.06.19-06.22.30:554][540]LogWindows: Error: [Callstack] 0x00007ffc57be55a0 KERNEL32.DLL!UnknownFunction []
[2023.06.19-06.22.30:554][540]LogWindows: Error: [Callstack] 0x00007ffc58b2485b ntdll.dll!UnknownFunction []
[2023.06.19-06.22.30:554][540]LogWindows: Error: 
[2023.06.19-06.22.30:563][540]LogExit: Executing StaticShutdownAfterError
[2023.06.19-06.22.30:573][540]LogWindows: FPlatformMisc::RequestExit(1)
[2023.06.19-06.22.30:574][540]LogCore: Engine exit requested (reason: Win RequestExit)
[2023.06.19-06.22.30:582][540]Log file closed, 06/19/23 15:22:30
