Log file open, 06/16/23 14:59:48
LogWindows: Failed to load 'aqProf.dll' (GetLastError=126)
LogWindows: File 'aqProf.dll' does not exist
LogWindows: Failed to load 'VtuneApi.dll' (GetLastError=126)
LogWindows: File 'VtuneApi.dll' does not exist
LogWindows: Failed to load 'VtuneApi32e.dll' (GetLastError=126)
LogWindows: File 'VtuneApi32e.dll' does not exist
LogConsoleResponse: Display: Failed to find resolution value strings in scalability ini. Falling back to default.
LogInit: Display: Running engine for game: RossiNante
LogPlatformFile: Not using cached read wrapper
LogTaskGraph: Started task graph with 5 named threads and 47 total threads with 3 sets of task threads.
LogStats: Stats thread started at 0.271682
LogD3D11RHI: Loaded GFSDK_Aftermath_Lib.x64.dll
LogICUInternationalization: ICU TimeZone Detection - Raw Offset: +9:00, Platform Override: ''
LogPluginManager: Mounting plugin Paper2D
LogPluginManager: Mounting plugin AISupport
LogPluginManager: Mounting plugin LightPropagationVolume
LogPluginManager: Mounting plugin ActorLayerUtilities
LogPluginManager: Mounting plugin AnimationSharing
LogPluginManager: Mounting plugin CLionSourceCodeAccess
LogPluginManager: Mounting plugin CodeLiteSourceCodeAccess
LogPluginManager: Mounting plugin GitSourceControl
LogPluginManager: Mounting plugin KDevelopSourceCodeAccess
LogPluginManager: Mounting plugin NullSourceCodeAccess
LogPluginManager: Mounting plugin PerforceSourceControl
LogPluginManager: Mounting plugin PlasticSourceControl
LogPluginManager: Mounting plugin SubversionSourceControl
LogPluginManager: Mounting plugin UObjectPlugin
LogPluginManager: Mounting plugin VisualStudioCodeSourceCodeAccess
LogPluginManager: Mounting plugin VisualStudioSourceCodeAccess
LogPluginManager: Mounting plugin XCodeSourceCodeAccess
LogPluginManager: Mounting plugin AssetManagerEditor
LogPluginManager: Mounting plugin CryptoKeys
LogPluginManager: Mounting plugin CurveEditorTools
LogPluginManager: Mounting plugin DataValidation
LogPluginManager: Mounting plugin FacialAnimation
LogPluginManager: Mounting plugin GameplayTagsEditor
LogPluginManager: Mounting plugin MacGraphicsSwitching
LogPluginManager: Mounting plugin MaterialAnalyzer
LogPluginManager: Mounting plugin MobileLauncherProfileWizard
LogPluginManager: Mounting plugin PluginBrowser
LogPluginManager: Mounting plugin SpeedTreeImporter
LogPluginManager: Mounting plugin DatasmithContent
LogPluginManager: Mounting plugin VariantManagerContent
LogPluginManager: Mounting plugin AlembicImporter
LogPluginManager: Mounting plugin AutomationUtils
LogPluginManager: Mounting plugin BackChannel
LogPluginManager: Mounting plugin CharacterAI
LogPluginManager: Mounting plugin GeometryCache
LogPluginManager: Mounting plugin PlatformCrypto
LogPluginManager: Mounting plugin ProxyLODPlugin
LogPluginManager: Mounting plugin SkeletalReduction
LogPluginManager: Mounting plugin MagicLeap
LogPluginManager: Mounting plugin MagicLeapMedia
LogPluginManager: Mounting plugin MLSDK
LogPluginManager: Mounting plugin AndroidMedia
LogPluginManager: Mounting plugin AvfMedia
LogPluginManager: Mounting plugin ImgMedia
LogPluginManager: Mounting plugin MediaCompositing
LogPluginManager: Mounting plugin MediaPlayerEditor
LogPluginManager: Mounting plugin WebMMedia
LogPluginManager: Mounting plugin WmfMedia
LogPluginManager: Mounting plugin TcpMessaging
LogPluginManager: Mounting plugin UdpMessaging
LogPluginManager: Mounting plugin ActorSequence
LogPluginManager: Mounting plugin LevelSequenceEditor
LogPluginManager: Mounting plugin MatineeToLevelSequence
LogPluginManager: Mounting plugin NetcodeUnitTest
LogPluginManager: Mounting plugin NUTUnrealEngine4
LogPluginManager: Mounting plugin OnlineSubsystemGooglePlay
LogPluginManager: Mounting plugin OnlineSubsystemIOS
LogPluginManager: Mounting plugin OnlineSubsystem
LogPluginManager: Mounting plugin OnlineSubsystemNull
LogPluginManager: Mounting plugin OnlineSubsystemUtils
LogPluginManager: Mounting plugin LauncherChunkInstaller
LogPluginManager: Mounting plugin AndroidDeviceProfileSelector
LogPluginManager: Mounting plugin AndroidMoviePlayer
LogPluginManager: Mounting plugin AndroidPermission
LogPluginManager: Mounting plugin AppleImageUtils
LogPluginManager: Mounting plugin AppleMoviePlayer
LogPluginManager: Mounting plugin ArchVisCharacter
LogPluginManager: Mounting plugin AssetTags
LogPluginManager: Mounting plugin AudioCapture
LogPluginManager: Mounting plugin CableComponent
LogPluginManager: Mounting plugin CustomMeshComponent
LogPluginManager: Mounting plugin EditableMesh
LogPluginManager: Mounting plugin ExampleDeviceProfileSelector
LogPluginManager: Mounting plugin GoogleCloudMessaging
LogPluginManager: Mounting plugin IOSDeviceProfileSelector
LogPluginManager: Mounting plugin LinuxDeviceProfileSelector
LogPluginManager: Mounting plugin LocationServicesBPLibrary
LogPluginManager: Mounting plugin MobilePatchingUtils
LogPluginManager: Mounting plugin OculusVR
LogPluginManager: Mounting plugin PhysXVehicles
LogPluginManager: Mounting plugin PostSplashScreen
LogPluginManager: Mounting plugin ProceduralMeshComponent
LogPluginManager: Mounting plugin RuntimePhysXCooking
LogPluginManager: Mounting plugin SignificanceManager
LogPluginManager: Mounting plugin SteamVR
LogPluginManager: Mounting plugin WebMMoviePlayer
LogPluginManager: Mounting plugin WindowsMoviePlayer
LogPluginManager: Mounting plugin ScreenshotTools
LogInit: Using libcurl 7.55.1-DEV
LogInit:  - built for x86_64-pc-win32
LogInit:  - supports SSL with OpenSSL/1.1.1
LogInit:  - supports HTTP deflate (compression) using libz 1.2.8
LogInit:  - other features:
LogInit:      CURL_VERSION_SSL
LogInit:      CURL_VERSION_LIBZ
LogInit:      CURL_VERSION_IPV6
LogInit:      CURL_VERSION_ASYNCHDNS
LogInit:      CURL_VERSION_LARGEFILE
LogInit:      CURL_VERSION_IDN
LogInit:  CurlRequestOptions (configurable via config and command line):
LogInit:  - bVerifyPeer = true  - Libcurl will verify peer certificate
LogInit:  - bUseHttpProxy = false  - Libcurl will NOT use HTTP proxy
LogInit:  - bDontReuseConnections = false  - Libcurl will reuse connections
LogInit:  - MaxHostConnections = 16  - Libcurl will limit the number of connections to a host
LogInit:  - LocalHostAddr = Default
LogInit:  - BufferSize = 65536
LogOnline: OSS: Creating online subsystem instance for: NULL
LogInit: WinSock: version 1.1 (2.2), MaxSocks=32767, MaxUdp=65467
LogOnline: OSS: TryLoadSubsystemAndSetDefault: Loaded subsystem for module [NULL]
LogInit: Build: ++UE4+Release-4.24-CL-11590370
LogInit: Engine Version: 4.24.3-11590370+++UE4+Release-4.24
LogInit: Compatible Engine Version: 4.24.0-10570792+++UE4+Release-4.24
LogInit: Net CL: 10570792
LogInit: OS: Windows 10 (Release 2009) (), CPU: AMD Ryzen 7 5800X 8-Core Processor             , GPU: NVIDIA GeForce RTX 2080 SUPER
LogInit: Compiled (64-bit): Feb 24 2020 15:39:18
LogInit: Compiled with Visual C++: 19.16.27032.01
LogInit: Build Configuration: Development
LogInit: Branch Name: ++UE4+Release-4.24
LogInit: Command Line: 
LogInit: Base Directory: C:/Program Files/Epic Games/UE_4.24/Engine/Binaries/Win64/
LogInit: Installed Engine Build: 1
LogDevObjectVersion: Number of dev versions registered: 25
LogDevObjectVersion:   Dev-Blueprints (B0D832E4-1F89-4F0D-ACCF-7EB736FD4AA2): 10
LogDevObjectVersion:   Dev-Build (E1C64328-A22C-4D53-A36C-8E866417BD8C): 0
LogDevObjectVersion:   Dev-Core (375EC13C-06E4-48FB-B500-84F0262A717E): 3
LogDevObjectVersion:   Dev-Editor (E4B068ED-F494-42E9-A231-DA0B2E46BB41): 37
LogDevObjectVersion:   Dev-Framework (CFFC743F-43B0-4480-9391-14DF171D2073): 36
LogDevObjectVersion:   Dev-Mobile (B02B49B5-BB20-44E9-A304-32B752E40360): 2
LogDevObjectVersion:   Dev-Networking (A4E4105C-59A1-49B5-A7C5-40C4547EDFEE): 0
LogDevObjectVersion:   Dev-Online (39C831C9-5AE6-47DC-9A44-9C173E1C8E7C): 0
LogDevObjectVersion:   Dev-Physics (78F01B33-EBEA-4F98-B9B4-84EACCB95AA2): 2
LogDevObjectVersion:   Dev-Platform (6631380F-2D4D-43E0-8009-CF276956A95A): 0
LogDevObjectVersion:   Dev-Rendering (12F88B9F-8875-4AFC-A67C-D90C383ABD29): 36
LogDevObjectVersion:   Dev-Sequencer (7B5AE74C-D270-4C10-A958-57980B212A5A): 11
LogDevObjectVersion:   Dev-VR (D7296918-1DD6-4BDD-9DE2-64A83CC13884): 2
LogDevObjectVersion:   Dev-LoadTimes (C2A15278-BFE7-4AFE-6C17-90FF531DF755): 1
LogDevObjectVersion:   Private-Geometry (6EACA3D4-40EC-4CC1-B786-8BED09428FC5): 3
LogDevObjectVersion:   Dev-AnimPhys (29E575DD-E0A3-4627-9D10-D276232CDCEA): 17
LogDevObjectVersion:   Dev-Anim (AF43A65D-7FD3-4947-9873-3E8ED9C1BB05): 2
LogDevObjectVersion:   Dev-ReflectionCapture (6B266CEC-1EC7-4B8F-A30B-E4D90942FC07): 1
LogDevObjectVersion:   Dev-Automation (0DF73D61-A23F-47EA-B727-89E90C41499A): 1
LogDevObjectVersion:   FortniteMain (601D1886-AC64-4F84-AA16-D3DE0DEAC7D6): 31
LogDevObjectVersion:   Dev-Enterprise (9DFFBCD6-494F-0158-E221-12823C92A888): 8
LogDevObjectVersion:   Dev-Niagara (F2AED0AC-9AFE-416F-8664-AA7FFA26D6FC): 1
LogDevObjectVersion:   Dev-Destruction (174F1F0B-B4C6-45A5-B13F-2EE8D0FB917D): 9
LogDevObjectVersion:   Dev-Physics-Ext (35F94A83-E258-406C-A318-09F59610247C): 8
LogDevObjectVersion:   Dev-CineCamera (B2E18506-4273-CFC2-A54E-F4BB758BBA07): 1
LogInit: Presizing for max 25165824 objects, including 0 objects not considered by GC, pre-allocating 0 bytes for permanent pool.
LogInit: Object subsystem initialized
LogConfig: Setting CVar [[con.DebugEarlyDefault:1]]
LogConfig: Setting CVar [[r.setres:1280x720]]
[2023.06.16-05.59.49:193][  0]LogConfig: Setting CVar [[r.VSync:0]]
[2023.06.16-05.59.49:193][  0]LogConfig: Setting CVar [[r.RHICmdBypass:0]]
[2023.06.16-05.59.49:193][  0]LogConfig: Applying CVar settings from Section [/Script/Engine.RendererSettings] File [C:/Users/201911183/Desktop/unreal/0613/RossiNante/Saved/Config/Windows/Engine.ini]
[2023.06.16-05.59.49:193][  0]LogConfig: Setting CVar [[r.GPUCrashDebugging:0]]
[2023.06.16-05.59.49:193][  0]LogConfig: Applying CVar settings from Section [/Script/Engine.RendererOverrideSettings] File [C:/Users/201911183/Desktop/unreal/0613/RossiNante/Saved/Config/Windows/Engine.ini]
[2023.06.16-05.59.49:193][  0]LogConfig: Applying CVar settings from Section [/Script/Engine.StreamingSettings] File [C:/Users/201911183/Desktop/unreal/0613/RossiNante/Saved/Config/Windows/Engine.ini]
[2023.06.16-05.59.49:193][  0]LogConfig: Setting CVar [[s.MinBulkDataSizeForAsyncLoading:131072]]
[2023.06.16-05.59.49:193][  0]LogConfig: Setting CVar [[s.AsyncLoadingThreadEnabled:0]]
[2023.06.16-05.59.49:193][  0]LogConfig: Setting CVar [[s.EventDrivenLoaderEnabled:1]]
[2023.06.16-05.59.49:193][  0]LogConfig: Setting CVar [[s.WarnIfTimeLimitExceeded:0]]
[2023.06.16-05.59.49:193][  0]LogConfig: Setting CVar [[s.TimeLimitExceededMultiplier:1.5]]
[2023.06.16-05.59.49:193][  0]LogConfig: Setting CVar [[s.TimeLimitExceededMinTime:0.005]]
[2023.06.16-05.59.49:193][  0]LogConfig: Setting CVar [[s.UseBackgroundLevelStreaming:1]]
[2023.06.16-05.59.49:193][  0]LogConfig: Setting CVar [[s.PriorityAsyncLoadingExtraTime:15.0]]
[2023.06.16-05.59.49:193][  0]LogConfig: Setting CVar [[s.LevelStreamingActorsUpdateTimeLimit:5.0]]
[2023.06.16-05.59.49:193][  0]LogConfig: Setting CVar [[s.PriorityLevelStreamingActorsUpdateExtraTime:5.0]]
[2023.06.16-05.59.49:193][  0]LogConfig: Setting CVar [[s.LevelStreamingComponentsRegistrationGranularity:10]]
[2023.06.16-05.59.49:193][  0]LogConfig: Setting CVar [[s.UnregisterComponentsTimeLimit:1.0]]
[2023.06.16-05.59.49:193][  0]LogConfig: Setting CVar [[s.LevelStreamingComponentsUnregistrationGranularity:5]]
[2023.06.16-05.59.49:193][  0]LogConfig: Setting CVar [[s.FlushStreamingOnExit:1]]
[2023.06.16-05.59.49:193][  0]LogConfig: Applying CVar settings from Section [/Script/Engine.GarbageCollectionSettings] File [C:/Users/201911183/Desktop/unreal/0613/RossiNante/Saved/Config/Windows/Engine.ini]
[2023.06.16-05.59.49:193][  0]LogConfig: Setting CVar [[gc.MaxObjectsNotConsideredByGC:1]]
[2023.06.16-05.59.49:193][  0]LogConfig: Setting CVar [[gc.SizeOfPermanentObjectPool:0]]
[2023.06.16-05.59.49:193][  0]LogConfig: Setting CVar [[gc.FlushStreamingOnGC:0]]
[2023.06.16-05.59.49:193][  0]LogConfig: Setting CVar [[gc.NumRetriesBeforeForcingGC:10]]
[2023.06.16-05.59.49:193][  0]LogConfig: Setting CVar [[gc.AllowParallelGC:1]]
[2023.06.16-05.59.49:193][  0]LogConfig: Setting CVar [[gc.TimeBetweenPurgingPendingKillObjects:61.1]]
[2023.06.16-05.59.49:193][  0]LogConfig: Setting CVar [[gc.MaxObjectsInEditor:25165824]]
[2023.06.16-05.59.49:193][  0]LogConfig: Setting CVar [[gc.IncrementalBeginDestroyEnabled:1]]
[2023.06.16-05.59.49:193][  0]LogConfig: Setting CVar [[gc.CreateGCClusters:1]]
[2023.06.16-05.59.49:193][  0]LogConfig: Setting CVar [[gc.MinGCClusterSize:5]]
[2023.06.16-05.59.49:193][  0]LogConfig: Setting CVar [[gc.ActorClusteringEnabled:0]]
[2023.06.16-05.59.49:193][  0]LogConfig: Setting CVar [[gc.BlueprintClusteringEnabled:0]]
[2023.06.16-05.59.49:193][  0]LogConfig: Setting CVar [[gc.UseDisregardForGCOnDedicatedServers:0]]
[2023.06.16-05.59.49:193][  0]LogConfig: Applying CVar settings from Section [/Script/Engine.NetworkSettings] File [C:/Users/201911183/Desktop/unreal/0613/RossiNante/Saved/Config/Windows/Engine.ini]
[2023.06.16-05.59.49:193][  0]LogConfig: Applying CVar settings from Section [/Script/UnrealEd.CookerSettings] File [C:/Users/201911183/Desktop/unreal/0613/RossiNante/Saved/Config/Windows/Engine.ini]
[2023.06.16-05.59.49:198][  0]LogConfig: Applying CVar settings from Section [ViewDistanceQuality@3] File [C:/Users/201911183/Desktop/unreal/0613/RossiNante/Saved/Config/Windows/Scalability.ini]
[2023.06.16-05.59.49:198][  0]LogConfig: Setting CVar [[r.SkeletalMeshLODBias:0]]
[2023.06.16-05.59.49:198][  0]LogConfig: Setting CVar [[r.ViewDistanceScale:1.0]]
[2023.06.16-05.59.49:198][  0]LogConfig: Applying CVar settings from Section [AntiAliasingQuality@3] File [C:/Users/201911183/Desktop/unreal/0613/RossiNante/Saved/Config/Windows/Scalability.ini]
[2023.06.16-05.59.49:198][  0]LogConfig: Setting CVar [[r.PostProcessAAQuality:4]]
[2023.06.16-05.59.49:198][  0]LogConfig: Applying CVar settings from Section [ShadowQuality@3] File [C:/Users/201911183/Desktop/unreal/0613/RossiNante/Saved/Config/Windows/Scalability.ini]
[2023.06.16-05.59.49:198][  0]LogConfig: Setting CVar [[r.LightFunctionQuality:1]]
[2023.06.16-05.59.49:198][  0]LogConfig: Setting CVar [[r.ShadowQuality:5]]
[2023.06.16-05.59.49:198][  0]LogConfig: Setting CVar [[r.Shadow.CSM.MaxCascades:10]]
[2023.06.16-05.59.49:198][  0]LogConfig: Setting CVar [[r.Shadow.MaxResolution:2048]]
[2023.06.16-05.59.49:198][  0]LogConfig: Setting CVar [[r.Shadow.MaxCSMResolution:2048]]
[2023.06.16-05.59.49:198][  0]LogConfig: Setting CVar [[r.Shadow.RadiusThreshold:0.01]]
[2023.06.16-05.59.49:198][  0]LogConfig: Setting CVar [[r.Shadow.DistanceScale:1.0]]
[2023.06.16-05.59.49:198][  0]LogConfig: Setting CVar [[r.Shadow.CSM.TransitionScale:1.0]]
[2023.06.16-05.59.49:198][  0]LogConfig: Setting CVar [[r.Shadow.PreShadowResolutionFactor:1.0]]
[2023.06.16-05.59.49:198][  0]LogConfig: Setting CVar [[r.DistanceFieldShadowing:1]]
[2023.06.16-05.59.49:198][  0]LogConfig: Setting CVar [[r.DistanceFieldAO:1]]
[2023.06.16-05.59.49:198][  0]LogConfig: Setting CVar [[r.AOQuality:2]]
[2023.06.16-05.59.49:198][  0]LogConfig: Setting CVar [[r.VolumetricFog:1]]
[2023.06.16-05.59.49:198][  0]LogConfig: Setting CVar [[r.VolumetricFog.GridPixelSize:8]]
[2023.06.16-05.59.49:198][  0]LogConfig: Setting CVar [[r.VolumetricFog.GridSizeZ:128]]
[2023.06.16-05.59.49:198][  0]LogConfig: Setting CVar [[r.VolumetricFog.HistoryMissSupersampleCount:4]]
[2023.06.16-05.59.49:198][  0]LogConfig: Setting CVar [[r.LightMaxDrawDistanceScale:1]]
[2023.06.16-05.59.49:198][  0]LogConfig: Setting CVar [[r.CapsuleShadows:1]]
[2023.06.16-05.59.49:198][  0]LogConfig: Applying CVar settings from Section [PostProcessQuality@3] File [C:/Users/201911183/Desktop/unreal/0613/RossiNante/Saved/Config/Windows/Scalability.ini]
[2023.06.16-05.59.49:198][  0]LogConfig: Setting CVar [[r.MotionBlurQuality:4]]
[2023.06.16-05.59.49:198][  0]LogConfig: Setting CVar [[r.AmbientOcclusionMipLevelFactor:0.4]]
[2023.06.16-05.59.49:198][  0]LogConfig: Setting CVar [[r.AmbientOcclusionMaxQuality:100]]
[2023.06.16-05.59.49:198][  0]LogConfig: Setting CVar [[r.AmbientOcclusionLevels:-1]]
[2023.06.16-05.59.49:198][  0]LogConfig: Setting CVar [[r.AmbientOcclusionRadiusScale:1.0]]
[2023.06.16-05.59.49:198][  0]LogConfig: Setting CVar [[r.DepthOfFieldQuality:2]]
[2023.06.16-05.59.49:198][  0]LogConfig: Setting CVar [[r.RenderTargetPoolMin:400]]
[2023.06.16-05.59.49:198][  0]LogConfig: Setting CVar [[r.LensFlareQuality:2]]
[2023.06.16-05.59.49:198][  0]LogConfig: Setting CVar [[r.SceneColorFringeQuality:1]]
[2023.06.16-05.59.49:198][  0]LogConfig: Setting CVar [[r.EyeAdaptationQuality:2]]
[2023.06.16-05.59.49:198][  0]LogConfig: Setting CVar [[r.BloomQuality:5]]
[2023.06.16-05.59.49:198][  0]LogConfig: Setting CVar [[r.FastBlurThreshold:100]]
[2023.06.16-05.59.49:198][  0]LogConfig: Setting CVar [[r.Upscale.Quality:3]]
[2023.06.16-05.59.49:198][  0]LogConfig: Setting CVar [[r.Tonemapper.GrainQuantization:1]]
[2023.06.16-05.59.49:198][  0]LogConfig: Setting CVar [[r.LightShaftQuality:1]]
[2023.06.16-05.59.49:198][  0]LogConfig: Setting CVar [[r.Filter.SizeScale:1]]
[2023.06.16-05.59.49:198][  0]LogConfig: Setting CVar [[r.Tonemapper.Quality:5]]
[2023.06.16-05.59.49:198][  0]LogConfig: Setting CVar [[r.DOF.Gather.AccumulatorQuality:1        ; higher gathering accumulator quality]]
[2023.06.16-05.59.49:198][  0]LogConfig: Setting CVar [[r.DOF.Gather.PostfilterMethod:1          ; Median3x3 postfilering method]]
[2023.06.16-05.59.49:198][  0]LogConfig: Setting CVar [[r.DOF.Gather.EnableBokehSettings:0       ; no bokeh simulation when gathering]]
[2023.06.16-05.59.49:198][  0]LogConfig: Setting CVar [[r.DOF.Gather.RingCount:4                 ; medium number of samples when gathering]]
[2023.06.16-05.59.49:198][  0]LogConfig: Setting CVar [[r.DOF.Scatter.ForegroundCompositing:1    ; additive foreground scattering]]
[2023.06.16-05.59.49:198][  0]LogConfig: Setting CVar [[r.DOF.Scatter.BackgroundCompositing:2    ; additive background scattering]]
[2023.06.16-05.59.49:198][  0]LogConfig: Setting CVar [[r.DOF.Scatter.EnableBokehSettings:1      ; bokeh simulation when scattering]]
[2023.06.16-05.59.49:198][  0]LogConfig: Setting CVar [[r.DOF.Scatter.MaxSpriteRatio:0.1         ; only a maximum of 10% of scattered bokeh]]
[2023.06.16-05.59.49:198][  0]LogConfig: Setting CVar [[r.DOF.Recombine.Quality:1                ; cheap slight out of focus]]
[2023.06.16-05.59.49:198][  0]LogConfig: Setting CVar [[r.DOF.Recombine.EnableBokehSettings:0    ; no bokeh simulation on slight out of focus]]
[2023.06.16-05.59.49:198][  0]LogConfig: Setting CVar [[r.DOF.TemporalAAQuality:1                ; more stable temporal accumulation]]
[2023.06.16-05.59.49:198][  0]LogConfig: Setting CVar [[r.DOF.Kernel.MaxForegroundRadius:0.025]]
[2023.06.16-05.59.49:198][  0]LogConfig: Setting CVar [[r.DOF.Kernel.MaxBackgroundRadius:0.025]]
[2023.06.16-05.59.49:198][  0]LogConfig: Applying CVar settings from Section [TextureQuality@3] File [C:/Users/201911183/Desktop/unreal/0613/RossiNante/Saved/Config/Windows/Scalability.ini]
[2023.06.16-05.59.49:198][  0]LogConfig: Setting CVar [[r.Streaming.MipBias:0]]
[2023.06.16-05.59.49:198][  0]LogConfig: Setting CVar [[r.Streaming.AmortizeCPUToGPUCopy:0]]
[2023.06.16-05.59.49:198][  0]LogConfig: Setting CVar [[r.Streaming.MaxNumTexturesToStreamPerFrame:0]]
[2023.06.16-05.59.49:198][  0]LogConfig: Setting CVar [[r.Streaming.Boost:1]]
[2023.06.16-05.59.49:198][  0]LogConfig: Setting CVar [[r.MaxAnisotropy:8]]
[2023.06.16-05.59.49:198][  0]LogConfig: Setting CVar [[r.VT.MaxAnisotropy:8]]
[2023.06.16-05.59.49:198][  0]LogConfig: Setting CVar [[r.Streaming.LimitPoolSizeToVRAM:0]]
[2023.06.16-05.59.49:198][  0]LogConfig: Setting CVar [[r.Streaming.PoolSize:1000]]
[2023.06.16-05.59.49:198][  0]LogConfig: Setting CVar [[r.Streaming.MaxEffectiveScreenSize:0]]
[2023.06.16-05.59.49:198][  0]LogConfig: Applying CVar settings from Section [EffectsQuality@3] File [C:/Users/201911183/Desktop/unreal/0613/RossiNante/Saved/Config/Windows/Scalability.ini]
[2023.06.16-05.59.49:198][  0]LogConfig: Setting CVar [[r.TranslucencyLightingVolumeDim:64]]
[2023.06.16-05.59.49:198][  0]LogConfig: Setting CVar [[r.RefractionQuality:2]]
[2023.06.16-05.59.49:198][  0]LogConfig: Setting CVar [[r.SSR.Quality:3]]
[2023.06.16-05.59.49:198][  0]LogConfig: Setting CVar [[r.SSR.HalfResSceneColor:0]]
[2023.06.16-05.59.49:198][  0]LogConfig: Setting CVar [[r.SceneColorFormat:4]]
[2023.06.16-05.59.49:198][  0]LogConfig: Setting CVar [[r.DetailMode:2]]
[2023.06.16-05.59.49:198][  0]LogConfig: Setting CVar [[r.TranslucencyVolumeBlur:1]]
[2023.06.16-05.59.49:198][  0]LogConfig: Setting CVar [[r.MaterialQualityLevel:1 ; High quality]]
[2023.06.16-05.59.49:198][  0]LogConfig: Setting CVar [[r.SSS.Scale:1]]
[2023.06.16-05.59.49:198][  0]LogConfig: Setting CVar [[r.SSS.SampleSet:2]]
[2023.06.16-05.59.49:198][  0]LogConfig: Setting CVar [[r.SSS.Quality:1]]
[2023.06.16-05.59.49:198][  0]LogConfig: Setting CVar [[r.SSS.HalfRes:1]]
[2023.06.16-05.59.49:198][  0]LogConfig: Setting CVar [[r.SSGI.Quality:3]]
[2023.06.16-05.59.49:198][  0]LogConfig: Setting CVar [[r.EmitterSpawnRateScale:1.0]]
[2023.06.16-05.59.49:198][  0]LogConfig: Setting CVar [[r.ParticleLightQuality:2]]
[2023.06.16-05.59.49:198][  0]LogConfig: Setting CVar [[r.SkyAtmosphere.AerialPerspectiveLUT.FastApplyOnOpaque:1 ; Always have FastSkyLUT 1 in this case to avoid wrong sky]]
[2023.06.16-05.59.49:199][  0]LogConfig: Setting CVar [[r.SkyAtmosphere.AerialPerspectiveLUT.SampleCountPerSlice:1]]
[2023.06.16-05.59.49:199][  0]LogConfig: Setting CVar [[r.SkyAtmosphere.AerialPerspectiveLUT.DepthResolution:16.0]]
[2023.06.16-05.59.49:199][  0]LogConfig: Setting CVar [[r.SkyAtmosphere.FastSkyLUT:1]]
[2023.06.16-05.59.49:199][  0]LogConfig: Setting CVar [[r.SkyAtmosphere.FastSkyLUT.SampleCountMin:4.0]]
[2023.06.16-05.59.49:199][  0]LogConfig: Setting CVar [[r.SkyAtmosphere.FastSkyLUT.SampleCountMax:32.0]]
[2023.06.16-05.59.49:199][  0]LogConfig: Setting CVar [[r.SkyAtmosphere.SampleCountMin:4.0]]
[2023.06.16-05.59.49:199][  0]LogConfig: Setting CVar [[r.SkyAtmosphere.SampleCountMax:32.0]]
[2023.06.16-05.59.49:199][  0]LogConfig: Setting CVar [[r.SkyAtmosphere.TransmittanceLUT.UseSmallFormat:0]]
[2023.06.16-05.59.49:199][  0]LogConfig: Setting CVar [[r.SkyAtmosphere.TransmittanceLUT.SampleCount:10.0]]
[2023.06.16-05.59.49:199][  0]LogConfig: Setting CVar [[r.SkyAtmosphere.MultiScatteringLUT.SampleCount:15.0]]
[2023.06.16-05.59.49:199][  0]LogConfig: Applying CVar settings from Section [FoliageQuality@3] File [C:/Users/201911183/Desktop/unreal/0613/RossiNante/Saved/Config/Windows/Scalability.ini]
[2023.06.16-05.59.49:199][  0]LogConfig: Setting CVar [[foliage.DensityScale:1.0]]
[2023.06.16-05.59.49:199][  0]LogConfig: Setting CVar [[grass.DensityScale:1.0]]
[2023.06.16-05.59.49:199][  0]LogConfig: Applying CVar settings from Section [ShadingQuality@3] File [C:/Users/201911183/Desktop/unreal/0613/RossiNante/Saved/Config/Windows/Scalability.ini]
[2023.06.16-05.59.49:199][  0]LogConfig: Setting CVar [[r.HairStrands.SkyLighting.SampleCount:16]]
[2023.06.16-05.59.49:199][  0]LogConfig: Setting CVar [[r.HairStrands.SkyLighting.JitterIntegration:0]]
[2023.06.16-05.59.49:199][  0]LogConfig: Setting CVar [[r.HairStrands.SkyAO.SampleCount:16]]
[2023.06.16-05.59.49:199][  0]LogInit: Selected Device Profile: [Windows]
[2023.06.16-05.59.49:199][  0]LogInit: Applying CVar settings loaded from the selected device profile: [Windows]
[2023.06.16-05.59.49:202][  0]LogHAL: Display: Platform has ~ 16 GB [17085329408 / 17179869184 / 16], which maps to Larger [LargestMinGB=32, LargerMinGB=12, DefaultMinGB=8, SmallerMinGB=6, SmallestMinGB=0)
[2023.06.16-05.59.49:202][  0]LogInit: Going up to parent DeviceProfile []
[2023.06.16-05.59.49:202][  0]LogConfig: Applying CVar settings from Section [ViewDistanceQuality@1] File [C:/Users/201911183/Desktop/unreal/0613/RossiNante/Saved/Config/Windows/Scalability.ini]
[2023.06.16-05.59.49:202][  0]LogConfig: Setting CVar [[r.SkeletalMeshLODBias:1]]
[2023.06.16-05.59.49:202][  0]LogConfig: Setting CVar [[r.ViewDistanceScale:0.6]]
[2023.06.16-05.59.49:202][  0]LogConfig: Applying CVar settings from Section [AntiAliasingQuality@1] File [C:/Users/201911183/Desktop/unreal/0613/RossiNante/Saved/Config/Windows/Scalability.ini]
[2023.06.16-05.59.49:202][  0]LogConfig: Setting CVar [[r.PostProcessAAQuality:2]]
[2023.06.16-05.59.49:202][  0]LogConfig: Applying CVar settings from Section [ShadowQuality@1] File [C:/Users/201911183/Desktop/unreal/0613/RossiNante/Saved/Config/Windows/Scalability.ini]
[2023.06.16-05.59.49:202][  0]LogConfig: Setting CVar [[r.LightFunctionQuality:1]]
[2023.06.16-05.59.49:202][  0]LogConfig: Setting CVar [[r.ShadowQuality:3]]
[2023.06.16-05.59.49:202][  0]LogConfig: Setting CVar [[r.Shadow.CSM.MaxCascades:1]]
[2023.06.16-05.59.49:202][  0]LogConfig: Setting CVar [[r.Shadow.MaxResolution:1024]]
[2023.06.16-05.59.49:202][  0]LogConfig: Setting CVar [[r.Shadow.MaxCSMResolution:1024]]
[2023.06.16-05.59.49:202][  0]LogConfig: Setting CVar [[r.Shadow.RadiusThreshold:0.05]]
[2023.06.16-05.59.49:202][  0]LogConfig: Setting CVar [[r.Shadow.DistanceScale:0.7]]
[2023.06.16-05.59.49:202][  0]LogConfig: Setting CVar [[r.Shadow.CSM.TransitionScale:0.25]]
[2023.06.16-05.59.49:202][  0]LogConfig: Setting CVar [[r.Shadow.PreShadowResolutionFactor:0.5]]
[2023.06.16-05.59.49:202][  0]LogConfig: Setting CVar [[r.DistanceFieldShadowing:0]]
[2023.06.16-05.59.49:202][  0]LogConfig: Setting CVar [[r.DistanceFieldAO:0]]
[2023.06.16-05.59.49:202][  0]LogConfig: Setting CVar [[r.VolumetricFog:0]]
[2023.06.16-05.59.49:202][  0]LogConfig: Setting CVar [[r.LightMaxDrawDistanceScale:.5]]
[2023.06.16-05.59.49:202][  0]LogConfig: Setting CVar [[r.CapsuleShadows:1]]
[2023.06.16-05.59.49:202][  0]LogConfig: Applying CVar settings from Section [PostProcessQuality@1] File [C:/Users/201911183/Desktop/unreal/0613/RossiNante/Saved/Config/Windows/Scalability.ini]
[2023.06.16-05.59.49:202][  0]LogConfig: Setting CVar [[r.MotionBlurQuality:3]]
[2023.06.16-05.59.49:202][  0]LogConfig: Setting CVar [[r.AmbientOcclusionMipLevelFactor:1.0]]
[2023.06.16-05.59.49:202][  0]LogConfig: Setting CVar [[r.AmbientOcclusionMaxQuality:60]]
[2023.06.16-05.59.49:202][  0]LogConfig: Setting CVar [[r.AmbientOcclusionLevels:-1]]
[2023.06.16-05.59.49:202][  0]LogConfig: Setting CVar [[r.AmbientOcclusionRadiusScale:1.5]]
[2023.06.16-05.59.49:202][  0]LogConfig: Setting CVar [[r.DepthOfFieldQuality:1]]
[2023.06.16-05.59.49:202][  0]LogConfig: Setting CVar [[r.RenderTargetPoolMin:350]]
[2023.06.16-05.59.49:202][  0]LogConfig: Setting CVar [[r.LensFlareQuality:0]]
[2023.06.16-05.59.49:202][  0]LogConfig: Setting CVar [[r.SceneColorFringeQuality:0]]
[2023.06.16-05.59.49:202][  0]LogConfig: Setting CVar [[r.EyeAdaptationQuality:0]]
[2023.06.16-05.59.49:202][  0]LogConfig: Setting CVar [[r.BloomQuality:4]]
[2023.06.16-05.59.49:202][  0]LogConfig: Setting CVar [[r.FastBlurThreshold:2]]
[2023.06.16-05.59.49:202][  0]LogConfig: Setting CVar [[r.Upscale.Quality:2]]
[2023.06.16-05.59.49:202][  0]LogConfig: Setting CVar [[r.Tonemapper.GrainQuantization:0]]
[2023.06.16-05.59.49:202][  0]LogConfig: Setting CVar [[r.LightShaftQuality:0]]
[2023.06.16-05.59.49:202][  0]LogConfig: Setting CVar [[r.Filter.SizeScale:0.7]]
[2023.06.16-05.59.49:202][  0]LogConfig: Setting CVar [[r.Tonemapper.Quality:2]]
[2023.06.16-05.59.49:202][  0]LogConfig: Setting CVar [[r.DOF.Gather.AccumulatorQuality:0        ; lower gathering accumulator quality]]
[2023.06.16-05.59.49:202][  0]LogConfig: Setting CVar [[r.DOF.Gather.PostfilterMethod:2          ; Max3x3 postfilering method]]
[2023.06.16-05.59.49:202][  0]LogConfig: Setting CVar [[r.DOF.Gather.EnableBokehSettings:0       ; no bokeh simulation when gathering]]
[2023.06.16-05.59.49:202][  0]LogConfig: Setting CVar [[r.DOF.Gather.RingCount:3                 ; low number of samples when gathering]]
[2023.06.16-05.59.49:202][  0]LogConfig: Setting CVar [[r.DOF.Scatter.ForegroundCompositing:0    ; no foreground scattering]]
[2023.06.16-05.59.49:202][  0]LogConfig: Setting CVar [[r.DOF.Scatter.BackgroundCompositing:0    ; no foreground scattering]]
[2023.06.16-05.59.49:202][  0]LogConfig: Setting CVar [[r.DOF.Recombine.Quality:0                ; no slight out of focus]]
[2023.06.16-05.59.49:202][  0]LogConfig: Setting CVar [[r.DOF.TemporalAAQuality:0                ; faster temporal accumulation]]
[2023.06.16-05.59.49:202][  0]LogConfig: Setting CVar [[r.DOF.Kernel.MaxForegroundRadius:0.006   ; required because low gathering and no scattering and not looking great at 1080p]]
[2023.06.16-05.59.49:202][  0]LogConfig: Setting CVar [[r.DOF.Kernel.MaxBackgroundRadius:0.006   ; required because low gathering and no scattering and not looking great at 1080p]]
[2023.06.16-05.59.49:202][  0]LogConfig: Applying CVar settings from Section [TextureQuality@1] File [C:/Users/201911183/Desktop/unreal/0613/RossiNante/Saved/Config/Windows/Scalability.ini]
[2023.06.16-05.59.49:202][  0]LogConfig: Setting CVar [[r.Streaming.MipBias:1]]
[2023.06.16-05.59.49:202][  0]LogConfig: Setting CVar [[r.Streaming.AmortizeCPUToGPUCopy:0]]
[2023.06.16-05.59.49:202][  0]LogConfig: Setting CVar [[r.Streaming.MaxNumTexturesToStreamPerFrame:0]]
[2023.06.16-05.59.49:202][  0]LogConfig: Setting CVar [[r.Streaming.Boost:1]]
[2023.06.16-05.59.49:202][  0]LogConfig: Setting CVar [[r.MaxAnisotropy:2]]
[2023.06.16-05.59.49:203][  0]LogConfig: Setting CVar [[r.VT.MaxAnisotropy:4]]
[2023.06.16-05.59.49:203][  0]LogConfig: Setting CVar [[r.Streaming.LimitPoolSizeToVRAM:1]]
[2023.06.16-05.59.49:203][  0]LogConfig: Setting CVar [[r.Streaming.PoolSize:600]]
[2023.06.16-05.59.49:203][  0]LogConfig: Setting CVar [[r.Streaming.MaxEffectiveScreenSize:0]]
[2023.06.16-05.59.49:203][  0]LogConfig: Applying CVar settings from Section [EffectsQuality@1] File [C:/Users/201911183/Desktop/unreal/0613/RossiNante/Saved/Config/Windows/Scalability.ini]
[2023.06.16-05.59.49:203][  0]LogConfig: Setting CVar [[r.TranslucencyLightingVolumeDim:32]]
[2023.06.16-05.59.49:203][  0]LogConfig: Setting CVar [[r.RefractionQuality:0]]
[2023.06.16-05.59.49:203][  0]LogConfig: Setting CVar [[r.SSR.Quality:0]]
[2023.06.16-05.59.49:203][  0]LogConfig: Setting CVar [[r.SSR.HalfResSceneColor:1]]
[2023.06.16-05.59.49:203][  0]LogConfig: Setting CVar [[r.SceneColorFormat:3]]
[2023.06.16-05.59.49:203][  0]LogConfig: Setting CVar [[r.DetailMode:1]]
[2023.06.16-05.59.49:203][  0]LogConfig: Setting CVar [[r.TranslucencyVolumeBlur:0]]
[2023.06.16-05.59.49:203][  0]LogConfig: Setting CVar [[r.MaterialQualityLevel:2 ; Medium quality]]
[2023.06.16-05.59.49:203][  0]LogConfig: Setting CVar [[r.SSS.Scale:0.75]]
[2023.06.16-05.59.49:203][  0]LogConfig: Setting CVar [[r.SSS.SampleSet:0]]
[2023.06.16-05.59.49:203][  0]LogConfig: Setting CVar [[r.SSS.Quality:0]]
[2023.06.16-05.59.49:203][  0]LogConfig: Setting CVar [[r.SSS.HalfRes:1]]
[2023.06.16-05.59.49:203][  0]LogConfig: Setting CVar [[r.SSGI.Quality:1]]
[2023.06.16-05.59.49:203][  0]LogConfig: Setting CVar [[r.EmitterSpawnRateScale:0.25]]
[2023.06.16-05.59.49:203][  0]LogConfig: Setting CVar [[r.ParticleLightQuality:0]]
[2023.06.16-05.59.49:203][  0]LogConfig: Setting CVar [[r.SkyAtmosphere.AerialPerspectiveLUT.FastApplyOnOpaque:1 ; Always have FastSkyLUT 1 in this case to avoid wrong sky]]
[2023.06.16-05.59.49:203][  0]LogConfig: Setting CVar [[r.SkyAtmosphere.AerialPerspectiveLUT.SampleCountPerSlice:1]]
[2023.06.16-05.59.49:203][  0]LogConfig: Setting CVar [[r.SkyAtmosphere.AerialPerspectiveLUT.DepthResolution:16.0]]
[2023.06.16-05.59.49:203][  0]LogConfig: Setting CVar [[r.SkyAtmosphere.FastSkyLUT:1]]
[2023.06.16-05.59.49:203][  0]LogConfig: Setting CVar [[r.SkyAtmosphere.FastSkyLUT.SampleCountMin:4.0]]
[2023.06.16-05.59.49:203][  0]LogConfig: Setting CVar [[r.SkyAtmosphere.FastSkyLUT.SampleCountMax:32.0]]
[2023.06.16-05.59.49:203][  0]LogConfig: Setting CVar [[r.SkyAtmosphere.SampleCountMin:4.0]]
[2023.06.16-05.59.49:203][  0]LogConfig: Setting CVar [[r.SkyAtmosphere.SampleCountMax:32.0]]
[2023.06.16-05.59.49:203][  0]LogConfig: Setting CVar [[r.SkyAtmosphere.TransmittanceLUT.UseSmallFormat:0]]
[2023.06.16-05.59.49:203][  0]LogConfig: Setting CVar [[r.SkyAtmosphere.TransmittanceLUT.SampleCount:10.0]]
[2023.06.16-05.59.49:203][  0]LogConfig: Setting CVar [[r.SkyAtmosphere.MultiScatteringLUT.SampleCount:15.0]]
[2023.06.16-05.59.49:203][  0]LogConfig: Applying CVar settings from Section [FoliageQuality@1] File [C:/Users/201911183/Desktop/unreal/0613/RossiNante/Saved/Config/Windows/Scalability.ini]
[2023.06.16-05.59.49:203][  0]LogConfig: Setting CVar [[foliage.DensityScale:0.4]]
[2023.06.16-05.59.49:203][  0]LogConfig: Setting CVar [[grass.DensityScale:0.4]]
[2023.06.16-05.59.49:203][  0]LogConfig: Applying CVar settings from Section [ShadingQuality@1] File [C:/Users/201911183/Desktop/unreal/0613/RossiNante/Saved/Config/Windows/Scalability.ini]
[2023.06.16-05.59.49:203][  0]LogConfig: Setting CVar [[r.HairStrands.SkyLighting.SampleCount:16]]
[2023.06.16-05.59.49:203][  0]LogConfig: Setting CVar [[r.HairStrands.SkyLighting.JitterIntegration:0]]
[2023.06.16-05.59.49:203][  0]LogConfig: Setting CVar [[r.HairStrands.SkyAO.SampleCount:16]]
[2023.06.16-05.59.49:203][  0]LogConfig: Applying CVar settings from Section [Startup] File [../../../Engine/Config/ConsoleVariables.ini]
[2023.06.16-05.59.49:203][  0]LogConfig: Setting CVar [[net.UseAdaptiveNetUpdateFrequency:0]]
[2023.06.16-05.59.49:203][  0]LogConfig: Setting CVar [[p.chaos.AllowCreatePhysxBodies:1]]
[2023.06.16-05.59.49:203][  0]LogConfig: Applying CVar settings from Section [ConsoleVariables] File [C:/Users/201911183/Desktop/unreal/0613/RossiNante/Saved/Config/Windows/Engine.ini]
[2023.06.16-05.59.49:205][  0]LogInit: Computer: DESKTOP-SIQC98D
[2023.06.16-05.59.49:205][  0]LogInit: User: 201911183
[2023.06.16-05.59.49:205][  0]LogInit: CPU Page size=4096, Cores=8
[2023.06.16-05.59.49:205][  0]LogInit: High frequency timer resolution =10.000000 MHz
[2023.06.16-05.59.49:205][  0]LogMemory: Memory total: Physical=15.9GB (16GB approx)
[2023.06.16-05.59.49:205][  0]LogMemory: Platform Memory Stats for Windows
[2023.06.16-05.59.49:205][  0]LogMemory: Process Physical Memory: 112.91 MB used, 112.91 MB peak
[2023.06.16-05.59.49:205][  0]LogMemory: Process Virtual Memory: 102.75 MB used, 102.75 MB peak
[2023.06.16-05.59.49:205][  0]LogMemory: Physical Memory: 8839.88 MB used,  7453.96 MB free, 16293.84 MB total
[2023.06.16-05.59.49:205][  0]LogMemory: Virtual Memory: 5188.86 MB used,  134212536.00 MB free, 134217728.00 MB total
[2023.06.16-05.59.49:215][  0]LogWindows: WindowsPlatformFeatures enabled
[2023.06.16-05.59.49:372][  0]LogInit: Overriding language with editor language configuration option (en).
[2023.06.16-05.59.49:372][  0]LogInit: Overriding locale with editor culture configuration option ().
[2023.06.16-05.59.49:372][  0]LogInit: Using OS detected locale (ko-KR).
[2023.06.16-05.59.49:515][  0]LogInit: Setting process to per monitor DPI aware
[2023.06.16-05.59.49:574][  0]LogSlate: New Slate User Created.  User Index 0, Is Virtual User: 0
[2023.06.16-05.59.49:574][  0]LogSlate: Slate User Registered.  User Index 0, Is Virtual User: 0
[2023.06.16-05.59.49:817][  0]LogHMD: Failed to initialize OpenVR with code 110
[2023.06.16-05.59.49:817][  0]LogD3D11RHI: D3D11 min allowed feature level: 11_0
[2023.06.16-05.59.49:817][  0]LogD3D11RHI: D3D11 max allowed feature level: 11_0
[2023.06.16-05.59.49:817][  0]LogD3D11RHI: D3D11 adapters:
[2023.06.16-05.59.49:936][  0]LogD3D11RHI:    0. 'NVIDIA GeForce RTX 2080 SUPER' (Feature Level 11_0)
[2023.06.16-05.59.49:936][  0]LogD3D11RHI:       8001/0/8146 MB DedicatedVideo/DedicatedSystem/SharedSystem, Outputs:2, VendorId:0x10de
[2023.06.16-05.59.49:940][  0]LogD3D11RHI:    1. 'Microsoft Basic Render Driver' (Feature Level 11_0)
[2023.06.16-05.59.49:940][  0]LogD3D11RHI:       0/0/8146 MB DedicatedVideo/DedicatedSystem/SharedSystem, Outputs:0, VendorId:0x1414
[2023.06.16-05.59.49:940][  0]LogD3D11RHI: Chosen D3D11 Adapter: 0
[2023.06.16-05.59.49:947][  0]LogD3D11RHI: Creating new Direct3DDevice
[2023.06.16-05.59.49:947][  0]LogD3D11RHI:     GPU DeviceId: 0x1e81 (for the marketing name, search the web for "GPU Device Id")
[2023.06.16-05.59.49:947][  0]LogWindows: EnumDisplayDevices:
[2023.06.16-05.59.49:948][  0]LogWindows:    0. 'NVIDIA GeForce RTX 2080 SUPER' (P:1 D:1)
[2023.06.16-05.59.49:948][  0]LogWindows:    1. 'NVIDIA GeForce RTX 2080 SUPER' (P:0 D:1)
[2023.06.16-05.59.49:948][  0]LogWindows:    2. 'NVIDIA GeForce RTX 2080 SUPER' (P:0 D:0)
[2023.06.16-05.59.49:948][  0]LogWindows:    3. 'NVIDIA GeForce RTX 2080 SUPER' (P:0 D:0)
[2023.06.16-05.59.49:949][  0]LogWindows: DebugString: FoundDriverCount:4 
[2023.06.16-05.59.49:949][  0]LogD3D11RHI:     Adapter Name: NVIDIA GeForce RTX 2080 SUPER
[2023.06.16-05.59.49:949][  0]LogD3D11RHI:   Driver Version: 535.98 (internal:31.0.15.3598, unified:535.98)
[2023.06.16-05.59.49:949][  0]LogD3D11RHI:      Driver Date: 5-24-2023
[2023.06.16-05.59.49:949][  0]LogRHI: Texture pool is 5600 MB (70% of 8001 MB)
[2023.06.16-05.59.50:015][  0]LogD3D11RHI: RHI has support for 64 bit atomics
[2023.06.16-05.59.50:015][  0]LogD3D11RHI: Async texture creation enabled
[2023.06.16-05.59.50:017][  0]LogD3D11RHI: HDR output is supported on display 0 (NvId: 0x80061081).
[2023.06.16-05.59.50:040][  0]LogD3D11RHI: GPU Timing Frequency: 1000.000000 (Debug: 2 1)
[2023.06.16-05.59.50:526][  0]LogTargetPlatformManager: Display: Loaded TargetPlatform 'AllDesktop'
[2023.06.16-05.59.50:554][  0]LogTargetPlatformManager: Display: Loaded TargetPlatform 'Android'
[2023.06.16-05.59.50:554][  0]LogTargetPlatformManager: Display: Loaded TargetPlatform 'Android_ASTC'
[2023.06.16-05.59.50:554][  0]LogTargetPlatformManager: Display: Loaded TargetPlatform 'Android_ATC'
[2023.06.16-05.59.50:554][  0]LogTargetPlatformManager: Display: Loaded TargetPlatform 'Android_DXT'
[2023.06.16-05.59.50:554][  0]LogTargetPlatformManager: Display: Loaded TargetPlatform 'Android_ETC1'
[2023.06.16-05.59.50:554][  0]LogTargetPlatformManager: Display: Loaded TargetPlatform 'Android_ETC1a'
[2023.06.16-05.59.50:554][  0]LogTargetPlatformManager: Display: Loaded TargetPlatform 'Android_ETC2'
[2023.06.16-05.59.50:554][  0]LogTargetPlatformManager: Display: Loaded TargetPlatform 'Android_PVRTC'
[2023.06.16-05.59.50:554][  0]LogTargetPlatformManager: Display: Loaded TargetPlatform 'AndroidClient'
[2023.06.16-05.59.50:554][  0]LogTargetPlatformManager: Display: Loaded TargetPlatform 'Android_ASTCClient'
[2023.06.16-05.59.50:554][  0]LogTargetPlatformManager: Display: Loaded TargetPlatform 'Android_ATCClient'
[2023.06.16-05.59.50:554][  0]LogTargetPlatformManager: Display: Loaded TargetPlatform 'Android_DXTClient'
[2023.06.16-05.59.50:554][  0]LogTargetPlatformManager: Display: Loaded TargetPlatform 'Android_ETC1Client'
[2023.06.16-05.59.50:554][  0]LogTargetPlatformManager: Display: Loaded TargetPlatform 'Android_ETC1aClient'
[2023.06.16-05.59.50:554][  0]LogTargetPlatformManager: Display: Loaded TargetPlatform 'Android_ETC2Client'
[2023.06.16-05.59.50:554][  0]LogTargetPlatformManager: Display: Loaded TargetPlatform 'Android_PVRTCClient'
[2023.06.16-05.59.50:554][  0]LogTargetPlatformManager: Display: Loaded TargetPlatform 'Android_Multi'
[2023.06.16-05.59.50:554][  0]LogTargetPlatformManager: Display: Loaded TargetPlatform 'Android_MultiClient'
[2023.06.16-05.59.50:582][  0]LogTargetPlatformManager: Display: Loaded TargetPlatform 'IOSClient'
[2023.06.16-05.59.50:582][  0]LogTargetPlatformManager: Display: Loaded TargetPlatform 'IOS'
[2023.06.16-05.59.50:592][  0]LogTargetPlatformManager: Display: Loaded TargetPlatform 'LinuxNoEditor'
[2023.06.16-05.59.50:601][  0]LogTargetPlatformManager: Display: Loaded TargetPlatform 'LinuxClient'
[2023.06.16-05.59.50:610][  0]LogTargetPlatformManager: Display: Loaded TargetPlatform 'LinuxServer'
[2023.06.16-05.59.50:619][  0]LogTargetPlatformManager: Display: Loaded TargetPlatform 'LinuxAArch64NoEditor'
[2023.06.16-05.59.50:629][  0]LogTargetPlatformManager: Display: Loaded TargetPlatform 'LinuxAArch64Client'
[2023.06.16-05.59.50:639][  0]LogTargetPlatformManager: Display: Loaded TargetPlatform 'LinuxAArch64Server'
[2023.06.16-05.59.50:664][  0]LogTargetPlatformManager: Display: Loaded TargetPlatform 'Lumin'
[2023.06.16-05.59.50:664][  0]LogTargetPlatformManager: Display: Loaded TargetPlatform 'LuminClient'
[2023.06.16-05.59.50:677][  0]LogTargetPlatformManager: Display: Loaded TargetPlatform 'TVOSClient'
[2023.06.16-05.59.50:678][  0]LogTargetPlatformManager: Display: Loaded TargetPlatform 'TVOS'
[2023.06.16-05.59.50:687][  0]LogTargetPlatformManager: Display: Loaded TargetPlatform 'WindowsNoEditor'
[2023.06.16-05.59.50:697][  0]LogTargetPlatformManager: Display: Loaded TargetPlatform 'Windows'
[2023.06.16-05.59.50:706][  0]LogTargetPlatformManager: Display: Loaded TargetPlatform 'WindowsClient'
[2023.06.16-05.59.50:715][  0]LogTargetPlatformManager: Display: Loaded TargetPlatform 'WindowsServer'
[2023.06.16-05.59.50:715][  0]LogTargetPlatformManager: Display: Building Assets For Windows
[2023.06.16-05.59.50:745][  0]LogAudioDebug: Display: Lib vorbis DLL was dynamically loaded.
[2023.06.16-05.59.50:880][  0]LogShaderCompilers: Guid format shader working directory is -15 characters bigger than the processId version (../../../../../../Users/201911183/Desktop/unreal/0613/RossiNante/Intermediate/Shaders/WorkingDirectory/21676/).
[2023.06.16-05.59.50:881][  0]LogShaderCompilers: Cleaned the shader compiler working directory 'C:/Users/201911183/AppData/Local/Temp/UnrealShaderWorkingDir/A6CA50CD4D8F44EC344B26BEB75562D4/'.
[2023.06.16-05.59.50:881][  0]LogXGEController: Cleaning working directory: C:/Users/201911183/AppData/Local/Temp/UnrealXGEWorkingDir/
[2023.06.16-05.59.50:882][  0]LogXGEController: Cannot use XGE Controller as Incredibuild is not installed on this machine.
[2023.06.16-05.59.50:882][  0]LogShaderCompilers: Cannot use XGE Shader Compiler as Incredibuild is not installed on this machine.
[2023.06.16-05.59.50:882][  0]LogShaderCompilers: Display: Using Local Shader Compiler.
[2023.06.16-05.59.51:469][  0]LogDerivedDataCache: Display: Max Cache Size: 512 MB
[2023.06.16-05.59.52:125][  0]LogDerivedDataCache: Loaded boot cache 0.65s 86MB C:/Users/201911183/AppData/Local/UnrealEngine/4.24/DerivedDataCache/Boot.ddc.
[2023.06.16-05.59.52:125][  0]LogDerivedDataCache: Display: Loaded Boot cache: C:/Users/201911183/AppData/Local/UnrealEngine/4.24/DerivedDataCache/Boot.ddc
[2023.06.16-05.59.52:125][  0]LogDerivedDataCache: FDerivedDataBackendGraph:  Pak pak cache file ../../../../../../Users/201911183/Desktop/unreal/0613/RossiNante/DerivedDataCache/DDC.ddp not found, will not use a pak cache.
[2023.06.16-05.59.52:125][  0]LogDerivedDataCache: Unable to find inner node Pak for hierarchical cache Hierarchy.
[2023.06.16-05.59.52:126][  0]LogDerivedDataCache: FDerivedDataBackendGraph:  CompressedPak pak cache file ../../../../../../Users/201911183/Desktop/unreal/0613/RossiNante/DerivedDataCache/Compressed.ddp not found, will not use a pak cache.
[2023.06.16-05.59.52:126][  0]LogDerivedDataCache: Unable to find inner node CompressedPak for hierarchical cache Hierarchy.
[2023.06.16-05.59.52:134][  0]LogDerivedDataCache: Display: Pak cache opened for reading ../../../Engine/DerivedDataCache/Compressed.ddp.
[2023.06.16-05.59.52:134][  0]LogDerivedDataCache: FDerivedDataBackendGraph:  EnterprisePak pak cache file ../../../Enterprise/DerivedDataCache/Compressed.ddp not found, will not use a pak cache.
[2023.06.16-05.59.52:134][  0]LogDerivedDataCache: Unable to find inner node EnterprisePak for hierarchical cache Hierarchy.
[2023.06.16-05.59.52:136][  0]LogDerivedDataCache: Using Local data cache path C:/Users/201911183/AppData/Local/UnrealEngine/Common/DerivedDataCache: Writable
[2023.06.16-05.59.52:136][  0]LogDerivedDataCache: Shared data cache path not found in *engine.ini, will not use an Shared cache.
[2023.06.16-05.59.52:136][  0]LogDerivedDataCache: Unable to find inner node Shared for hierarchical cache Hierarchy.
[2023.06.16-05.59.52:152][  0]LogMaterial: Verifying Global Shaders for PCD3D_SM5
[2023.06.16-05.59.52:158][  0]LogSlate: Using FreeType 2.10.0
[2023.06.16-05.59.52:160][  0]LogSlate: SlateFontServices - WITH_FREETYPE: 1, WITH_HARFBUZZ: 1
[2023.06.16-05.59.52:261][  0]LogAssetRegistry: FAssetRegistry took 0.0020 seconds to start up
[2023.06.16-05.59.52:521][  0]LogInit: Selected Device Profile: [Windows]
[2023.06.16-05.59.52:720][  0]LogMeshReduction: Using QuadricMeshReduction for automatic static mesh reduction
[2023.06.16-05.59.52:720][  0]LogMeshReduction: Using SimplygonMeshReduction for automatic skeletal mesh reduction
[2023.06.16-05.59.52:720][  0]LogMeshReduction: Using ProxyLODMeshReduction for automatic mesh merging
[2023.06.16-05.59.52:720][  0]LogMeshReduction: No distributed automatic mesh merging module available
[2023.06.16-05.59.52:720][  0]LogMeshMerging: No distributed automatic mesh merging module available
[2023.06.16-05.59.52:740][  0]LogNetVersion: RossiNante 1.0.0, NetCL: 10570792, EngineNetVer: 13, GameNetVer: 0 (Checksum: 557242147)
[2023.06.16-05.59.54:008][  0]LogPackageLocalizationCache: Processed 10 localized package path(s) for 1 prioritized culture(s) in 0.022665 seconds
[2023.06.16-05.59.54:013][  0]LogUObjectArray: 46750 objects as part of root set at end of initial load.
[2023.06.16-05.59.54:013][  0]LogUObjectAllocator: 8137160 out of 0 bytes used by permanent object pool.
[2023.06.16-05.59.54:013][  0]LogUObjectArray: CloseDisregardForGC: 0/0 objects in disregard for GC pool
[2023.06.16-05.59.54:750][  0]LogTcpMessaging: Initializing TcpMessaging bridge
[2023.06.16-05.59.54:759][  0]LogUdpMessaging: Initializing bridge on interface 0.0.0.0:0 to multicast group 230.0.0.1:6666.
[2023.06.16-05.59.55:543][  0]SourceControl: Source control is disabled
[2023.06.16-05.59.55:543][  0]SourceControl: Source control is disabled
[2023.06.16-05.59.55:555][  0]SourceControl: Source control is disabled
[2023.06.16-05.59.55:562][  0]SourceControl: Source control is disabled
[2023.06.16-05.59.55:568][  0]SourceControl: Source control is disabled
[2023.06.16-05.59.55:868][  0]LogAndroidPermission: UAndroidPermissionCallbackProxy::GetInstance
[2023.06.16-05.59.55:901][  0]LogAudioCaptureCore: Display: No Audio Capture implementations found. Audio input will be silent.
[2023.06.16-05.59.55:901][  0]LogAudioCaptureCore: Display: No Audio Capture implementations found. Audio input will be silent.
[2023.06.16-05.59.56:026][  0]LogOcInput: OculusInput pre-init called
[2023.06.16-05.59.56:048][  0]LogWindows: Failed to load 'OVRPlugin.dll' (GetLastError=126)
[2023.06.16-05.59.56:048][  0]LogWindows: File 'OVRPlugin.dll' does not exist
[2023.06.16-05.59.56:162][  0]LogEngine: Initializing Engine...
[2023.06.16-05.59.56:165][  0]LogHMD: Failed to initialize OpenVR with code 110
[2023.06.16-05.59.56:167][  0]LogStats: UGameplayTagsManager::InitializeManager -  0.000 s
[2023.06.16-05.59.56:400][  0]LogInit: Initializing FReadOnlyCVARCache
[2023.06.16-05.59.56:436][  0]LogAIModule: Creating AISystem for world Untitled
[2023.06.16-05.59.56:454][  0]LogAudioMixer: Display: Audio Mixer Platform Settings:
[2023.06.16-05.59.56:454][  0]LogAudioMixer: Display: 	Sample Rate:						  48000
[2023.06.16-05.59.56:454][  0]LogAudioMixer: Display: 	Callback Buffer Frame Size Requested: 1024
[2023.06.16-05.59.56:454][  0]LogAudioMixer: Display: 	Callback Buffer Frame Size To Use:	  1024
[2023.06.16-05.59.56:454][  0]LogAudioMixer: Display: 	Number of buffers to queue:			  2
[2023.06.16-05.59.56:454][  0]LogAudioMixer: Display: 	Max Channels (voices):				  32
[2023.06.16-05.59.56:454][  0]LogAudioMixer: Display: 	Number of Async Source Workers:		  0
[2023.06.16-05.59.56:454][  0]LogAudio: Display: AudioDevice MaxSources: 32
[2023.06.16-05.59.56:455][  0]LogAudio: Display: Using built-in audio occlusion.
[2023.06.16-05.59.56:455][  0]LogAudioMixer: Display: Initializing audio mixer.
[2023.06.16-05.59.56:483][  0]LogAudioMixer: Display: Audio Device Output Speaker Info:
[2023.06.16-05.59.56:483][  0]LogAudioMixer: Display: Name: BenQ EX2710S(NVIDIA High Definition Audio)
[2023.06.16-05.59.56:483][  0]LogAudioMixer: Display: Is Default: Yes
[2023.06.16-05.59.56:483][  0]LogAudioMixer: Display: Sample Rate: 48000
[2023.06.16-05.59.56:483][  0]LogAudioMixer: Display: Channel Count Used: 2
[2023.06.16-05.59.56:483][  0]LogAudioMixer: Display: Device Channel Count: 2
[2023.06.16-05.59.56:483][  0]LogAudioMixer: Display: Channel Order:
[2023.06.16-05.59.56:483][  0]LogAudioMixer: Display: 0: FrontLeft
[2023.06.16-05.59.56:483][  0]LogAudioMixer: Display: 1: FrontRight
[2023.06.16-05.59.56:499][  0]LogAudioMixer: Display: Using Audio Device BenQ EX2710S(NVIDIA High Definition Audio)
[2023.06.16-05.59.56:506][  0]LogInit: FAudioDevice initialized.
[2023.06.16-05.59.56:507][  0]LogNetVersion: Set ProjectVersion to 1.0.0.0. Version Checksum will be recalculated on next use.
[2023.06.16-05.59.56:634][  0]LogDerivedDataCache: Saved boot cache 0.13s 86MB C:/Users/201911183/AppData/Local/UnrealEngine/4.24/DerivedDataCache/Boot.ddc.
[2023.06.16-05.59.56:635][  0]LogInit: Texture streaming: Enabled
[2023.06.16-05.59.56:671][  0]LogEngineSessionManager: EngineSessionManager initialized
[2023.06.16-05.59.56:671][  0]LogEditorSessionSummary: Verbose: Initializing EditorSessionSummaryWriter for editor session tracking
[2023.06.16-05.59.56:681][  0]LogEditorSessionSummary: EditorSessionSummaryWriter initialized
[2023.06.16-05.59.56:922][  0]LogInit: Transaction tracking system initialized
[2023.06.16-05.59.56:971][  0]BlueprintLog: New page: Editor Load
[2023.06.16-05.59.57:127][  0]LocalizationService: Localization service is disabled
[2023.06.16-05.59.58:323][  0]LogFileCache: Scanning file cache for directory 'C:/Users/201911183/Desktop/unreal/0613/RossiNante/Content/' took 0.02s
[2023.06.16-05.59.58:323][  0]LogCook: Display: Max memory allowance for cook 16384mb min free memory 0mb
[2023.06.16-05.59.58:323][  0]LogCook: Display: Mobile HDR setting 1
[2023.06.16-05.59.59:083][  0]SourceControl: Source control is disabled
[2023.06.16-05.59.59:085][  0]Cmd: MAP LOAD FILE="../../../../../../Users/201911183/Desktop/unreal/0613/RossiNante/Content/Maps/Default.umap" TEMPLATE=0 SHOWPROGRESS=1 FEATURELEVEL=3
[2023.06.16-05.59.59:086][  0]LightingResults: New page: Lighting Build
[2023.06.16-05.59.59:092][  0]LogWorld: UWorld::CleanupWorld for Untitled, bSessionEnded=true, bCleanupResources=true
[2023.06.16-05.59.59:094][  0]LogSlate: InvalidateAllWidgets triggered.  All widgets were invalidated
[2023.06.16-05.59.59:094][  0]MapCheck: New page: Map Check
[2023.06.16-05.59.59:094][  0]LightingResults: New page: Lighting Build
[2023.06.16-05.59.59:128][  0]LogUObjectHash: Compacting FUObjectHashTables data took   1.46ms
[2023.06.16-06.00.00:170][  0]LogAIModule: Creating AISystem for world Default
[2023.06.16-06.00.00:213][  0]LogEditorServer: Finished looking for orphan Actors (0.000 secs)
[2023.06.16-06.00.00:252][  0]LogUObjectHash: Compacting FUObjectHashTables data took   1.98ms
[2023.06.16-06.00.00:254][  0]Cmd: MAP CHECKDEP NOCLEARLOG
[2023.06.16-06.00.00:255][  0]MapCheck: Map check complete: 0 Error(s), 0 Warning(s), took 0.499ms to complete.
[2023.06.16-06.00.00:255][  0]LogFileHelpers: Loading map 'Default' took 1.172
[2023.06.16-06.00.00:445][  0]LogSlate: Updating window title bar state: overlay mode, drag disabled, window buttons hidden, title bar hidden
[2023.06.16-06.00.00:450][  0]LogSlate: Updating window title bar state: overlay mode, drag disabled, window buttons hidden, title bar hidden
[2023.06.16-06.00.00:454][  0]LogSlate: Updating window title bar state: overlay mode, drag disabled, window buttons hidden, title bar hidden
[2023.06.16-06.00.00:458][  0]LogSlate: Updating window title bar state: overlay mode, drag disabled, window buttons hidden, title bar hidden
[2023.06.16-06.00.00:479][  0]LogCollectionManager: Loaded 0 collections in 0.001396 seconds
[2023.06.16-06.00.00:500][  0]LogFileCache: Scanning file cache for directory 'C:/Users/201911183/Desktop/unreal/0613/RossiNante/Saved/Collections/' took 0.00s
[2023.06.16-06.00.00:500][  0]LogFileCache: Scanning file cache for directory 'C:/Users/201911183/Desktop/unreal/0613/RossiNante/Content/Developers/201911183/Collections/' took 0.00s
[2023.06.16-06.00.00:500][  0]LogFileCache: Scanning file cache for directory 'C:/Users/201911183/Desktop/unreal/0613/RossiNante/Content/Collections/' took 0.00s
[2023.06.16-06.00.00:500][  0]LogContentBrowser: Native class hierarchy populated in 0.0074 seconds. Added 3024 classes and 719 folders.
[2023.06.16-06.00.00:505][  0]LogContentBrowser: Native class hierarchy updated for 'WidgetCarousel' in 0.0003 seconds. Added 0 classes and 0 folders.
[2023.06.16-06.00.00:597][  0]LogContentBrowser: Native class hierarchy updated for 'AddContentDialog' in 0.0003 seconds. Added 0 classes and 0 folders.
[2023.06.16-06.00.00:612][  0]LogContentBrowser: Native class hierarchy updated for 'SceneOutliner' in 0.0004 seconds. Added 2 classes and 3 folders.
[2023.06.16-06.00.00:679][  0]LogSlate: Took 0.000955 seconds to synchronously load lazily loaded font '../../../Engine/Content/Slate/Fonts/Roboto-Regular.ttf' (155K)
[2023.06.16-06.00.00:682][  0]LogSlate: Took 0.000872 seconds to synchronously load lazily loaded font '../../../Engine/Content/Slate/Fonts/Roboto-Bold.ttf' (160K)
[2023.06.16-06.00.00:688][  0]LogSlate: Took 0.000705 seconds to synchronously load lazily loaded font '../../../Engine/Content/Editor/Slate/Fonts/FontAwesome.ttf' (139K)
[2023.06.16-06.00.00:750][  0]LogRenderer: Reallocating scene render targets to support 1200x568 Format 9 NumSamples 1 (Frame:1).
[2023.06.16-06.00.00:857][  0]LogContentBrowser: Native class hierarchy updated for 'HierarchicalLODOutliner' in 0.0003 seconds. Added 0 classes and 0 folders.
[2023.06.16-06.00.00:858][  0]LogLoad: (Engine Initialization) Total time: 13.59 seconds
[2023.06.16-06.00.00:858][  0]LogLoad: (Engine Initialization) Total Blueprint compile time: 0.00 seconds
[2023.06.16-06.00.00:924][  0]LogContentStreaming: Texture pool size now 600 MB
[2023.06.16-06.00.01:599][  0]LogSlate: Took 0.000759 seconds to synchronously load lazily loaded font '../../../Engine/Content/Slate/Fonts/Roboto-Light.ttf' (167K)
[2023.06.16-06.00.01:608][  1]LogFileCache: Retrieving MD5 hashes for directory 'C:/Users/201911183/Desktop/unreal/0613/RossiNante/Content/' took 0.73s
[2023.06.16-06.00.01:650][  1]LogAssetRegistry: Asset discovery search completed in 9.3896 seconds
[2023.06.16-06.00.01:656][  1]LogCollectionManager: Fixed up redirectors for 0 collections in 0.000012 seconds (updated 0 objects)
[2023.06.16-06.02.03:932][154]LogTemp: Repeating last play command: Selected Viewport
[2023.06.16-06.02.03:940][154]LogPlayLevel: PlayLevel: No blueprints needed recompiling
[2023.06.16-06.02.03:945][154]PIE: New page: PIE session: Default (2023. 6. 17. 오전 12:02:03)
[2023.06.16-06.02.03:946][154]LogOnline: OSS: Creating online subsystem instance for: NULL
[2023.06.16-06.02.03:947][154]LogOnline: OSS: TryLoadSubsystemAndSetDefault: Loaded subsystem for module [NULL]
[2023.06.16-06.02.03:947][154]LogPlayLevel: Creating play world package: /Game/Maps/UEDPIE_0_Default
[2023.06.16-06.02.03:951][154]LogPlayLevel: PIE: StaticDuplicateObject took: (0.003187s)
[2023.06.16-06.02.03:952][154]LogAIModule: Creating AISystem for world Default
[2023.06.16-06.02.03:952][154]LogPlayLevel: PIE: World Init took: (0.001087s)
[2023.06.16-06.02.03:952][154]LogPlayLevel: PIE: Created PIE world by copying editor world from /Game/Maps/Default.Default to /Game/Maps/UEDPIE_0_Default.Default (0.004701s)
[2023.06.16-06.02.03:976][154]LogUObjectHash: Compacting FUObjectHashTables data took   1.54ms
[2023.06.16-06.02.03:978][154]LogTemp: Warning: C2S

[2023.06.16-06.02.03:978][154]LogAudioMixer: Display: Audio Mixer Platform Settings:
[2023.06.16-06.02.03:978][154]LogAudioMixer: Display: 	Sample Rate:						  48000
[2023.06.16-06.02.03:979][154]LogAudioMixer: Display: 	Callback Buffer Frame Size Requested: 1024
[2023.06.16-06.02.03:979][154]LogAudioMixer: Display: 	Callback Buffer Frame Size To Use:	  1024
[2023.06.16-06.02.03:979][154]LogAudioMixer: Display: 	Number of buffers to queue:			  2
[2023.06.16-06.02.03:979][154]LogAudioMixer: Display: 	Max Channels (voices):				  32
[2023.06.16-06.02.03:979][154]LogAudioMixer: Display: 	Number of Async Source Workers:		  0
[2023.06.16-06.02.03:979][154]LogAudio: Display: AudioDevice MaxSources: 32
[2023.06.16-06.02.03:979][154]LogAudio: Display: Using built-in audio occlusion.
[2023.06.16-06.02.03:979][154]LogAudioMixer: Display: Initializing audio mixer.
[2023.06.16-06.02.03:997][154]LogAudioMixer: Display: Audio Device Output Speaker Info:
[2023.06.16-06.02.03:997][154]LogAudioMixer: Display: Name: BenQ EX2710S(NVIDIA High Definition Audio)
[2023.06.16-06.02.03:997][154]LogAudioMixer: Display: Is Default: Yes
[2023.06.16-06.02.03:997][154]LogAudioMixer: Display: Sample Rate: 48000
[2023.06.16-06.02.03:997][154]LogAudioMixer: Display: Channel Count Used: 2
[2023.06.16-06.02.03:997][154]LogAudioMixer: Display: Device Channel Count: 2
[2023.06.16-06.02.03:997][154]LogAudioMixer: Display: Channel Order:
[2023.06.16-06.02.03:997][154]LogAudioMixer: Display: 0: FrontLeft
[2023.06.16-06.02.03:997][154]LogAudioMixer: Display: 1: FrontRight
[2023.06.16-06.02.04:007][154]LogAudioMixer: Display: Using Audio Device BenQ EX2710S(NVIDIA High Definition Audio)
[2023.06.16-06.02.04:008][154]LogInit: FAudioDevice initialized.
[2023.06.16-06.02.04:016][154]LogLoad: Game class is 'BP_GameModeBase_C'
[2023.06.16-06.02.04:023][154]LogWorld: Bringing World /Game/Maps/UEDPIE_0_Default.Default up for play (max tick rate 0) at 2023.06.16-15.02.04
[2023.06.16-06.02.04:026][154]LogWorld: Bringing up level for play took: 0.006843
[2023.06.16-06.02.04:026][154]LogOnline: OSS: Creating online subsystem instance for: :Context_1
[2023.06.16-06.02.04:035][154]LogContentBrowser: Native class hierarchy updated for 'MovieSceneCapture' in 0.0004 seconds. Added 20 classes and 0 folders.
[2023.06.16-06.02.04:046][154]PIE: Play in editor start time for /Game/Maps/UEDPIE_0_Default -0.274
[2023.06.16-06.02.05:138][281]LogTemp: Warning: Attack: 0
[2023.06.16-06.02.05:339][305]LogTemp: Warning: broadCast Attack
[2023.06.16-06.02.05:339][305]LogTemp: Hit Actor : BP_Character2_2
[2023.06.16-06.02.05:339][305]LogTemp: 0
[2023.06.16-06.02.05:339][305]LogTemp: Warning: OnAttacked 90
[2023.06.16-06.02.05:339][305]LogTemp: 1
[2023.06.16-06.02.06:164][404]LogTemp: Warning: broadCast Hit
[2023.06.16-06.02.09:481][802]LogTemp: Warning: broadCast Attack
[2023.06.16-06.02.09:481][802]LogTemp: Hit Actor : BP_Character2_2
[2023.06.16-06.02.09:481][802]LogTemp: 0
[2023.06.16-06.02.09:481][802]LogTemp: Warning: OnAttacked 80
[2023.06.16-06.02.09:481][802]LogTemp: 1
[2023.06.16-06.02.10:247][894]LogTemp: Warning: broadCast Skill
[2023.06.16-06.02.10:305][901]LogTemp: Warning: broadCast Hit
[2023.06.16-06.02.10:373][909]LogAudioMixer: Display: No commands were queued while flushing the source manager.
[2023.06.16-06.02.10:379][909]LogAudioMixer: Display: Flush succeeded in the source manager command queue (1).
[2023.06.16-06.02.10:399][909]LogAudioMixer: Display: Flush succeeded the source manager command queue (2).
[2023.06.16-06.02.10:401][909]LogSlate: Updating window title bar state: overlay mode, drag disabled, window buttons hidden, title bar hidden
[2023.06.16-06.02.10:401][909]LogWorld: BeginTearingDown for /Game/Maps/UEDPIE_0_Default
[2023.06.16-06.02.10:402][909]LogAudioMixer: Display: No commands were queued while flushing the source manager.
[2023.06.16-06.02.10:403][909]LogWorld: UWorld::CleanupWorld for Default, bSessionEnded=true, bCleanupResources=true
[2023.06.16-06.02.10:405][909]LogSlate: InvalidateAllWidgets triggered.  All widgets were invalidated
[2023.06.16-06.02.10:413][909]LogPlayLevel: Display: Shutting down PIE online subsystems
[2023.06.16-06.02.10:417][909]LogSlate: InvalidateAllWidgets triggered.  All widgets were invalidated
[2023.06.16-06.02.10:441][909]LogAudioMixer: Display: No commands were queued while flushing the source manager.
[2023.06.16-06.02.10:443][909]LogSlate: Updating window title bar state: overlay mode, drag disabled, window buttons hidden, title bar hidden
[2023.06.16-06.02.10:447][909]LogUObjectHash: Compacting FUObjectHashTables data took   1.64ms
[2023.06.16-06.02.10:477][911]LogPlayLevel: Display: Destroying online subsystem :Context_1
