Log file open, 06/20/23 04:05:47
LogWindows: Failed to load 'aqProf.dll' (GetLastError=126)
LogWindows: File 'aqProf.dll' does not exist
LogWindows: Failed to load 'VtuneApi.dll' (GetLastError=126)
LogWindows: File 'VtuneApi.dll' does not exist
LogWindows: Failed to load 'VtuneApi32e.dll' (GetLastError=126)
LogWindows: File 'VtuneApi32e.dll' does not exist
LogConsoleResponse: Display: Failed to find resolution value strings in scalability ini. Falling back to default.
LogInit: Display: Running engine for game: RossiNante
LogPlatformFile: Not using cached read wrapper
LogTaskGraph: Started task graph with 5 named threads and 20 total threads with 3 sets of task threads.
LogStats: Stats thread started at 0.070130
LogD3D11RHI: Loaded GFSDK_Aftermath_Lib.x64.dll
LogICUInternationalization: ICU TimeZone Detection - Raw Offset: +9:00, Platform Override: ''
LogPluginManager: Mounting plugin Paper2D
LogPluginManager: Mounting plugin AISupport
LogPluginManager: Mounting plugin LightPropagationVolume
LogPluginManager: Mounting plugin ActorLayerUtilities
LogPluginManager: Mounting plugin AnimationSharing
LogPluginManager: Mounting plugin CLionSourceCodeAccess
LogPluginManager: Mounting plugin CodeLiteSourceCodeAccess
LogPluginManager: Mounting plugin GitSourceControl
LogPluginManager: Mounting plugin KDevelopSourceCodeAccess
LogPluginManager: Mounting plugin NullSourceCodeAccess
LogPluginManager: Mounting plugin PerforceSourceControl
LogPluginManager: Mounting plugin PlasticSourceControl
LogPluginManager: Mounting plugin SubversionSourceControl
LogPluginManager: Mounting plugin UObjectPlugin
LogPluginManager: Mounting plugin VisualStudioCodeSourceCodeAccess
LogPluginManager: Mounting plugin VisualStudioSourceCodeAccess
LogPluginManager: Mounting plugin XCodeSourceCodeAccess
LogPluginManager: Mounting plugin AssetManagerEditor
LogPluginManager: Mounting plugin CryptoKeys
LogPluginManager: Mounting plugin CurveEditorTools
LogPluginManager: Mounting plugin DataValidation
LogPluginManager: Mounting plugin FacialAnimation
LogPluginManager: Mounting plugin GameplayTagsEditor
LogPluginManager: Mounting plugin MacGraphicsSwitching
LogPluginManager: Mounting plugin MaterialAnalyzer
LogPluginManager: Mounting plugin MobileLauncherProfileWizard
LogPluginManager: Mounting plugin PluginBrowser
LogPluginManager: Mounting plugin SpeedTreeImporter
LogPluginManager: Mounting plugin DatasmithContent
LogPluginManager: Mounting plugin VariantManagerContent
LogPluginManager: Mounting plugin AlembicImporter
LogPluginManager: Mounting plugin AutomationUtils
LogPluginManager: Mounting plugin BackChannel
LogPluginManager: Mounting plugin CharacterAI
LogPluginManager: Mounting plugin GeometryCache
LogPluginManager: Mounting plugin PlatformCrypto
LogPluginManager: Mounting plugin ProxyLODPlugin
LogPluginManager: Mounting plugin SkeletalReduction
LogPluginManager: Mounting plugin MagicLeap
LogPluginManager: Mounting plugin MagicLeapMedia
LogPluginManager: Mounting plugin MLSDK
LogPluginManager: Mounting plugin AndroidMedia
LogPluginManager: Mounting plugin AvfMedia
LogPluginManager: Mounting plugin ImgMedia
LogPluginManager: Mounting plugin MediaCompositing
LogPluginManager: Mounting plugin MediaPlayerEditor
LogPluginManager: Mounting plugin WebMMedia
LogPluginManager: Mounting plugin WmfMedia
LogPluginManager: Mounting plugin TcpMessaging
LogPluginManager: Mounting plugin UdpMessaging
LogPluginManager: Mounting plugin ActorSequence
LogPluginManager: Mounting plugin LevelSequenceEditor
LogPluginManager: Mounting plugin MatineeToLevelSequence
LogPluginManager: Mounting plugin NetcodeUnitTest
LogPluginManager: Mounting plugin NUTUnrealEngine4
LogPluginManager: Mounting plugin OnlineSubsystemGooglePlay
LogPluginManager: Mounting plugin OnlineSubsystemIOS
LogPluginManager: Mounting plugin OnlineSubsystem
LogPluginManager: Mounting plugin OnlineSubsystemNull
LogPluginManager: Mounting plugin OnlineSubsystemUtils
LogPluginManager: Mounting plugin LauncherChunkInstaller
LogPluginManager: Mounting plugin AndroidDeviceProfileSelector
LogPluginManager: Mounting plugin AndroidMoviePlayer
LogPluginManager: Mounting plugin AndroidPermission
LogPluginManager: Mounting plugin AppleImageUtils
LogPluginManager: Mounting plugin AppleMoviePlayer
LogPluginManager: Mounting plugin ArchVisCharacter
LogPluginManager: Mounting plugin AssetTags
LogPluginManager: Mounting plugin AudioCapture
LogPluginManager: Mounting plugin CableComponent
LogPluginManager: Mounting plugin CustomMeshComponent
LogPluginManager: Mounting plugin EditableMesh
LogPluginManager: Mounting plugin ExampleDeviceProfileSelector
LogPluginManager: Mounting plugin GoogleCloudMessaging
LogPluginManager: Mounting plugin IOSDeviceProfileSelector
LogPluginManager: Mounting plugin LinuxDeviceProfileSelector
LogPluginManager: Mounting plugin LocationServicesBPLibrary
LogPluginManager: Mounting plugin MobilePatchingUtils
LogPluginManager: Mounting plugin OculusVR
LogPluginManager: Mounting plugin PhysXVehicles
LogPluginManager: Mounting plugin PostSplashScreen
LogPluginManager: Mounting plugin ProceduralMeshComponent
LogPluginManager: Mounting plugin RuntimePhysXCooking
LogPluginManager: Mounting plugin SignificanceManager
LogPluginManager: Mounting plugin SteamVR
LogPluginManager: Mounting plugin WebMMoviePlayer
LogPluginManager: Mounting plugin WindowsMoviePlayer
LogPluginManager: Mounting plugin ScreenshotTools
LogInit: Using libcurl 7.55.1-DEV
LogInit:  - built for x86_64-pc-win32
LogInit:  - supports SSL with OpenSSL/1.1.1
LogInit:  - supports HTTP deflate (compression) using libz 1.2.8
LogInit:  - other features:
LogInit:      CURL_VERSION_SSL
LogInit:      CURL_VERSION_LIBZ
LogInit:      CURL_VERSION_IPV6
LogInit:      CURL_VERSION_ASYNCHDNS
LogInit:      CURL_VERSION_LARGEFILE
LogInit:      CURL_VERSION_IDN
LogInit:  CurlRequestOptions (configurable via config and command line):
LogInit:  - bVerifyPeer = true  - Libcurl will verify peer certificate
LogInit:  - bUseHttpProxy = false  - Libcurl will NOT use HTTP proxy
LogInit:  - bDontReuseConnections = false  - Libcurl will reuse connections
LogInit:  - MaxHostConnections = 16  - Libcurl will limit the number of connections to a host
LogInit:  - LocalHostAddr = Default
LogInit:  - BufferSize = 65536
LogOnline: OSS: Creating online subsystem instance for: NULL
LogInit: WinSock: version 1.1 (2.2), MaxSocks=32767, MaxUdp=65467
LogOnline: OSS: TryLoadSubsystemAndSetDefault: Loaded subsystem for module [NULL]
LogInit: Build: ++UE4+Release-4.24-CL-11590370
LogInit: Engine Version: 4.24.3-11590370+++UE4+Release-4.24
LogInit: Compatible Engine Version: 4.24.0-10570792+++UE4+Release-4.24
LogInit: Net CL: 10570792
LogInit: OS: Windows 10 (Release 2009) (), CPU: AMD Ryzen 5 3500X 6-Core Processor             , GPU: NVIDIA GeForce GTX 1660 SUPER
LogInit: Compiled (64-bit): Feb 24 2020 15:39:18
LogInit: Compiled with Visual C++: 19.16.27032.01
LogInit: Build Configuration: Development
LogInit: Branch Name: ++UE4+Release-4.24
LogInit: Command Line:  /Game/Maps/1F_Normal_2 -game -PIEVIACONSOLE -ResX=1280 -ResY=720 -Multiprocess -messaging -SessionName="Play in Standalone Game" -windowed
LogInit: Base Directory: D:/soohwan/Unreal/UE_4.24/Engine/Binaries/Win64/
LogInit: Installed Engine Build: 1
LogDevObjectVersion: Number of dev versions registered: 25
LogDevObjectVersion:   Dev-Blueprints (B0D832E4-1F89-4F0D-ACCF-7EB736FD4AA2): 10
LogDevObjectVersion:   Dev-Build (E1C64328-A22C-4D53-A36C-8E866417BD8C): 0
LogDevObjectVersion:   Dev-Core (375EC13C-06E4-48FB-B500-84F0262A717E): 3
LogDevObjectVersion:   Dev-Editor (E4B068ED-F494-42E9-A231-DA0B2E46BB41): 37
LogDevObjectVersion:   Dev-Framework (CFFC743F-43B0-4480-9391-14DF171D2073): 36
LogDevObjectVersion:   Dev-Mobile (B02B49B5-BB20-44E9-A304-32B752E40360): 2
LogDevObjectVersion:   Dev-Networking (A4E4105C-59A1-49B5-A7C5-40C4547EDFEE): 0
LogDevObjectVersion:   Dev-Online (39C831C9-5AE6-47DC-9A44-9C173E1C8E7C): 0
LogDevObjectVersion:   Dev-Physics (78F01B33-EBEA-4F98-B9B4-84EACCB95AA2): 2
LogDevObjectVersion:   Dev-Platform (6631380F-2D4D-43E0-8009-CF276956A95A): 0
LogDevObjectVersion:   Dev-Rendering (12F88B9F-8875-4AFC-A67C-D90C383ABD29): 36
LogDevObjectVersion:   Dev-Sequencer (7B5AE74C-D270-4C10-A958-57980B212A5A): 11
LogDevObjectVersion:   Dev-VR (D7296918-1DD6-4BDD-9DE2-64A83CC13884): 2
LogDevObjectVersion:   Dev-LoadTimes (C2A15278-BFE7-4AFE-6C17-90FF531DF755): 1
LogDevObjectVersion:   Private-Geometry (6EACA3D4-40EC-4CC1-B786-8BED09428FC5): 3
LogDevObjectVersion:   Dev-AnimPhys (29E575DD-E0A3-4627-9D10-D276232CDCEA): 17
LogDevObjectVersion:   Dev-Anim (AF43A65D-7FD3-4947-9873-3E8ED9C1BB05): 2
LogDevObjectVersion:   Dev-ReflectionCapture (6B266CEC-1EC7-4B8F-A30B-E4D90942FC07): 1
LogDevObjectVersion:   Dev-Automation (0DF73D61-A23F-47EA-B727-89E90C41499A): 1
LogDevObjectVersion:   FortniteMain (601D1886-AC64-4F84-AA16-D3DE0DEAC7D6): 31
LogDevObjectVersion:   Dev-Enterprise (9DFFBCD6-494F-0158-E221-12823C92A888): 8
LogDevObjectVersion:   Dev-Niagara (F2AED0AC-9AFE-416F-8664-AA7FFA26D6FC): 1
LogDevObjectVersion:   Dev-Destruction (174F1F0B-B4C6-45A5-B13F-2EE8D0FB917D): 9
LogDevObjectVersion:   Dev-Physics-Ext (35F94A83-E258-406C-A318-09F59610247C): 8
LogDevObjectVersion:   Dev-CineCamera (B2E18506-4273-CFC2-A54E-F4BB758BBA07): 1
LogInit: Presizing for max 25165824 objects, including 0 objects not considered by GC, pre-allocating 0 bytes for permanent pool.
LogInit: Object subsystem initialized
LogConfig: Setting CVar [[con.DebugEarlyDefault:1]]
LogConfig: Setting CVar [[r.setres:1280x720]]
[2023.06.19-19.05.47:667][  0]LogConfig: Setting CVar [[con.DebugEarlyDefault:1]]
[2023.06.19-19.05.47:667][  0]LogConfig: Setting CVar [[r.setres:1280x720]]
[2023.06.19-19.05.47:667][  0]LogConfig: Applying CVar settings from Section [/Script/Engine.RendererSettings] File [C:/Users/Administrator/Downloads/UNogakKimchi-jeonghoon/UNogakKimchi-jeonghoon/RossiNante/Saved/Config/Windows/Engine.ini]
[2023.06.19-19.05.47:667][  0]LogConfig: Setting CVar [[r.GPUCrashDebugging:0]]
[2023.06.19-19.05.47:667][  0]LogConfig: Applying CVar settings from Section [/Script/Engine.RendererOverrideSettings] File [C:/Users/Administrator/Downloads/UNogakKimchi-jeonghoon/UNogakKimchi-jeonghoon/RossiNante/Saved/Config/Windows/Engine.ini]
[2023.06.19-19.05.47:667][  0]LogConfig: Applying CVar settings from Section [/Script/Engine.StreamingSettings] File [C:/Users/Administrator/Downloads/UNogakKimchi-jeonghoon/UNogakKimchi-jeonghoon/RossiNante/Saved/Config/Windows/Engine.ini]
[2023.06.19-19.05.47:667][  0]LogConfig: Setting CVar [[s.MinBulkDataSizeForAsyncLoading:131072]]
[2023.06.19-19.05.47:667][  0]LogConfig: Setting CVar [[s.AsyncLoadingThreadEnabled:0]]
[2023.06.19-19.05.47:667][  0]LogConfig: Setting CVar [[s.EventDrivenLoaderEnabled:1]]
[2023.06.19-19.05.47:667][  0]LogConfig: Setting CVar [[s.WarnIfTimeLimitExceeded:0]]
[2023.06.19-19.05.47:667][  0]LogConfig: Setting CVar [[s.TimeLimitExceededMultiplier:1.5]]
[2023.06.19-19.05.47:667][  0]LogConfig: Setting CVar [[s.TimeLimitExceededMinTime:0.005]]
[2023.06.19-19.05.47:667][  0]LogConfig: Setting CVar [[s.UseBackgroundLevelStreaming:1]]
[2023.06.19-19.05.47:667][  0]LogConfig: Setting CVar [[s.PriorityAsyncLoadingExtraTime:15.0]]
[2023.06.19-19.05.47:667][  0]LogConfig: Setting CVar [[s.LevelStreamingActorsUpdateTimeLimit:5.0]]
[2023.06.19-19.05.47:667][  0]LogConfig: Setting CVar [[s.PriorityLevelStreamingActorsUpdateExtraTime:5.0]]
[2023.06.19-19.05.47:667][  0]LogConfig: Setting CVar [[s.LevelStreamingComponentsRegistrationGranularity:10]]
[2023.06.19-19.05.47:667][  0]LogConfig: Setting CVar [[s.UnregisterComponentsTimeLimit:1.0]]
[2023.06.19-19.05.47:667][  0]LogConfig: Setting CVar [[s.LevelStreamingComponentsUnregistrationGranularity:5]]
[2023.06.19-19.05.47:667][  0]LogConfig: Setting CVar [[s.FlushStreamingOnExit:1]]
[2023.06.19-19.05.47:667][  0]LogConfig: Applying CVar settings from Section [/Script/Engine.GarbageCollectionSettings] File [C:/Users/Administrator/Downloads/UNogakKimchi-jeonghoon/UNogakKimchi-jeonghoon/RossiNante/Saved/Config/Windows/Engine.ini]
[2023.06.19-19.05.47:667][  0]LogConfig: Setting CVar [[gc.MaxObjectsNotConsideredByGC:1]]
[2023.06.19-19.05.47:667][  0]LogConfig: Setting CVar [[gc.SizeOfPermanentObjectPool:0]]
[2023.06.19-19.05.47:667][  0]LogConfig: Setting CVar [[gc.FlushStreamingOnGC:0]]
[2023.06.19-19.05.47:667][  0]LogConfig: Setting CVar [[gc.NumRetriesBeforeForcingGC:10]]
[2023.06.19-19.05.47:667][  0]LogConfig: Setting CVar [[gc.AllowParallelGC:1]]
[2023.06.19-19.05.47:667][  0]LogConfig: Setting CVar [[gc.TimeBetweenPurgingPendingKillObjects:61.1]]
[2023.06.19-19.05.47:667][  0]LogConfig: Setting CVar [[gc.MaxObjectsInEditor:25165824]]
[2023.06.19-19.05.47:667][  0]LogConfig: Setting CVar [[gc.IncrementalBeginDestroyEnabled:1]]
[2023.06.19-19.05.47:667][  0]LogConfig: Setting CVar [[gc.CreateGCClusters:1]]
[2023.06.19-19.05.47:667][  0]LogConfig: Setting CVar [[gc.MinGCClusterSize:5]]
[2023.06.19-19.05.47:667][  0]LogConfig: Setting CVar [[gc.ActorClusteringEnabled:0]]
[2023.06.19-19.05.47:667][  0]LogConfig: Setting CVar [[gc.BlueprintClusteringEnabled:0]]
[2023.06.19-19.05.47:667][  0]LogConfig: Setting CVar [[gc.UseDisregardForGCOnDedicatedServers:0]]
[2023.06.19-19.05.47:667][  0]LogConfig: Applying CVar settings from Section [/Script/Engine.NetworkSettings] File [C:/Users/Administrator/Downloads/UNogakKimchi-jeonghoon/UNogakKimchi-jeonghoon/RossiNante/Saved/Config/Windows/Engine.ini]
[2023.06.19-19.05.47:667][  0]LogConfig: Applying CVar settings from Section [/Script/UnrealEd.CookerSettings] File [C:/Users/Administrator/Downloads/UNogakKimchi-jeonghoon/UNogakKimchi-jeonghoon/RossiNante/Saved/Config/Windows/Engine.ini]
[2023.06.19-19.05.47:672][  0]LogConfig: Applying CVar settings from Section [ViewDistanceQuality@3] File [C:/Users/Administrator/Downloads/UNogakKimchi-jeonghoon/UNogakKimchi-jeonghoon/RossiNante/Saved/Config/Windows/Scalability.ini]
[2023.06.19-19.05.47:672][  0]LogConfig: Setting CVar [[r.SkeletalMeshLODBias:0]]
[2023.06.19-19.05.47:672][  0]LogConfig: Setting CVar [[r.ViewDistanceScale:1.0]]
[2023.06.19-19.05.47:672][  0]LogConfig: Applying CVar settings from Section [AntiAliasingQuality@3] File [C:/Users/Administrator/Downloads/UNogakKimchi-jeonghoon/UNogakKimchi-jeonghoon/RossiNante/Saved/Config/Windows/Scalability.ini]
[2023.06.19-19.05.47:672][  0]LogConfig: Setting CVar [[r.PostProcessAAQuality:4]]
[2023.06.19-19.05.47:672][  0]LogConfig: Applying CVar settings from Section [ShadowQuality@3] File [C:/Users/Administrator/Downloads/UNogakKimchi-jeonghoon/UNogakKimchi-jeonghoon/RossiNante/Saved/Config/Windows/Scalability.ini]
[2023.06.19-19.05.47:672][  0]LogConfig: Setting CVar [[r.LightFunctionQuality:1]]
[2023.06.19-19.05.47:672][  0]LogConfig: Setting CVar [[r.ShadowQuality:5]]
[2023.06.19-19.05.47:672][  0]LogConfig: Setting CVar [[r.Shadow.CSM.MaxCascades:10]]
[2023.06.19-19.05.47:672][  0]LogConfig: Setting CVar [[r.Shadow.MaxResolution:2048]]
[2023.06.19-19.05.47:672][  0]LogConfig: Setting CVar [[r.Shadow.MaxCSMResolution:2048]]
[2023.06.19-19.05.47:672][  0]LogConfig: Setting CVar [[r.Shadow.RadiusThreshold:0.01]]
[2023.06.19-19.05.47:672][  0]LogConfig: Setting CVar [[r.Shadow.DistanceScale:1.0]]
[2023.06.19-19.05.47:672][  0]LogConfig: Setting CVar [[r.Shadow.CSM.TransitionScale:1.0]]
[2023.06.19-19.05.47:672][  0]LogConfig: Setting CVar [[r.Shadow.PreShadowResolutionFactor:1.0]]
[2023.06.19-19.05.47:672][  0]LogConfig: Setting CVar [[r.DistanceFieldShadowing:1]]
[2023.06.19-19.05.47:672][  0]LogConfig: Setting CVar [[r.DistanceFieldAO:1]]
[2023.06.19-19.05.47:672][  0]LogConfig: Setting CVar [[r.AOQuality:2]]
[2023.06.19-19.05.47:672][  0]LogConfig: Setting CVar [[r.VolumetricFog:1]]
[2023.06.19-19.05.47:672][  0]LogConfig: Setting CVar [[r.VolumetricFog.GridPixelSize:8]]
[2023.06.19-19.05.47:672][  0]LogConfig: Setting CVar [[r.VolumetricFog.GridSizeZ:128]]
[2023.06.19-19.05.47:673][  0]LogConfig: Setting CVar [[r.VolumetricFog.HistoryMissSupersampleCount:4]]
[2023.06.19-19.05.47:673][  0]LogConfig: Setting CVar [[r.LightMaxDrawDistanceScale:1]]
[2023.06.19-19.05.47:673][  0]LogConfig: Setting CVar [[r.CapsuleShadows:1]]
[2023.06.19-19.05.47:673][  0]LogConfig: Applying CVar settings from Section [PostProcessQuality@3] File [C:/Users/Administrator/Downloads/UNogakKimchi-jeonghoon/UNogakKimchi-jeonghoon/RossiNante/Saved/Config/Windows/Scalability.ini]
[2023.06.19-19.05.47:673][  0]LogConfig: Setting CVar [[r.MotionBlurQuality:4]]
[2023.06.19-19.05.47:673][  0]LogConfig: Setting CVar [[r.AmbientOcclusionMipLevelFactor:0.4]]
[2023.06.19-19.05.47:673][  0]LogConfig: Setting CVar [[r.AmbientOcclusionMaxQuality:100]]
[2023.06.19-19.05.47:673][  0]LogConfig: Setting CVar [[r.AmbientOcclusionLevels:-1]]
[2023.06.19-19.05.47:673][  0]LogConfig: Setting CVar [[r.AmbientOcclusionRadiusScale:1.0]]
[2023.06.19-19.05.47:673][  0]LogConfig: Setting CVar [[r.DepthOfFieldQuality:2]]
[2023.06.19-19.05.47:673][  0]LogConfig: Setting CVar [[r.RenderTargetPoolMin:400]]
[2023.06.19-19.05.47:673][  0]LogConfig: Setting CVar [[r.LensFlareQuality:2]]
[2023.06.19-19.05.47:673][  0]LogConfig: Setting CVar [[r.SceneColorFringeQuality:1]]
[2023.06.19-19.05.47:673][  0]LogConfig: Setting CVar [[r.EyeAdaptationQuality:2]]
[2023.06.19-19.05.47:673][  0]LogConfig: Setting CVar [[r.BloomQuality:5]]
[2023.06.19-19.05.47:673][  0]LogConfig: Setting CVar [[r.FastBlurThreshold:100]]
[2023.06.19-19.05.47:673][  0]LogConfig: Setting CVar [[r.Upscale.Quality:3]]
[2023.06.19-19.05.47:673][  0]LogConfig: Setting CVar [[r.Tonemapper.GrainQuantization:1]]
[2023.06.19-19.05.47:673][  0]LogConfig: Setting CVar [[r.LightShaftQuality:1]]
[2023.06.19-19.05.47:673][  0]LogConfig: Setting CVar [[r.Filter.SizeScale:1]]
[2023.06.19-19.05.47:673][  0]LogConfig: Setting CVar [[r.Tonemapper.Quality:5]]
[2023.06.19-19.05.47:673][  0]LogConfig: Setting CVar [[r.DOF.Gather.AccumulatorQuality:1        ; higher gathering accumulator quality]]
[2023.06.19-19.05.47:673][  0]LogConfig: Setting CVar [[r.DOF.Gather.PostfilterMethod:1          ; Median3x3 postfilering method]]
[2023.06.19-19.05.47:673][  0]LogConfig: Setting CVar [[r.DOF.Gather.EnableBokehSettings:0       ; no bokeh simulation when gathering]]
[2023.06.19-19.05.47:673][  0]LogConfig: Setting CVar [[r.DOF.Gather.RingCount:4                 ; medium number of samples when gathering]]
[2023.06.19-19.05.47:673][  0]LogConfig: Setting CVar [[r.DOF.Scatter.ForegroundCompositing:1    ; additive foreground scattering]]
[2023.06.19-19.05.47:673][  0]LogConfig: Setting CVar [[r.DOF.Scatter.BackgroundCompositing:2    ; additive background scattering]]
[2023.06.19-19.05.47:673][  0]LogConfig: Setting CVar [[r.DOF.Scatter.EnableBokehSettings:1      ; bokeh simulation when scattering]]
[2023.06.19-19.05.47:673][  0]LogConfig: Setting CVar [[r.DOF.Scatter.MaxSpriteRatio:0.1         ; only a maximum of 10% of scattered bokeh]]
[2023.06.19-19.05.47:673][  0]LogConfig: Setting CVar [[r.DOF.Recombine.Quality:1                ; cheap slight out of focus]]
[2023.06.19-19.05.47:673][  0]LogConfig: Setting CVar [[r.DOF.Recombine.EnableBokehSettings:0    ; no bokeh simulation on slight out of focus]]
[2023.06.19-19.05.47:673][  0]LogConfig: Setting CVar [[r.DOF.TemporalAAQuality:1                ; more stable temporal accumulation]]
[2023.06.19-19.05.47:673][  0]LogConfig: Setting CVar [[r.DOF.Kernel.MaxForegroundRadius:0.025]]
[2023.06.19-19.05.47:673][  0]LogConfig: Setting CVar [[r.DOF.Kernel.MaxBackgroundRadius:0.025]]
[2023.06.19-19.05.47:673][  0]LogConfig: Applying CVar settings from Section [TextureQuality@3] File [C:/Users/Administrator/Downloads/UNogakKimchi-jeonghoon/UNogakKimchi-jeonghoon/RossiNante/Saved/Config/Windows/Scalability.ini]
[2023.06.19-19.05.47:673][  0]LogConfig: Setting CVar [[r.Streaming.MipBias:0]]
[2023.06.19-19.05.47:673][  0]LogConfig: Setting CVar [[r.Streaming.AmortizeCPUToGPUCopy:0]]
[2023.06.19-19.05.47:673][  0]LogConfig: Setting CVar [[r.Streaming.MaxNumTexturesToStreamPerFrame:0]]
[2023.06.19-19.05.47:673][  0]LogConfig: Setting CVar [[r.Streaming.Boost:1]]
[2023.06.19-19.05.47:673][  0]LogConfig: Setting CVar [[r.MaxAnisotropy:8]]
[2023.06.19-19.05.47:673][  0]LogConfig: Setting CVar [[r.VT.MaxAnisotropy:8]]
[2023.06.19-19.05.47:673][  0]LogConfig: Setting CVar [[r.Streaming.LimitPoolSizeToVRAM:0]]
[2023.06.19-19.05.47:673][  0]LogConfig: Setting CVar [[r.Streaming.PoolSize:1000]]
[2023.06.19-19.05.47:673][  0]LogConfig: Setting CVar [[r.Streaming.MaxEffectiveScreenSize:0]]
[2023.06.19-19.05.47:673][  0]LogConfig: Applying CVar settings from Section [EffectsQuality@3] File [C:/Users/Administrator/Downloads/UNogakKimchi-jeonghoon/UNogakKimchi-jeonghoon/RossiNante/Saved/Config/Windows/Scalability.ini]
[2023.06.19-19.05.47:673][  0]LogConfig: Setting CVar [[r.TranslucencyLightingVolumeDim:64]]
[2023.06.19-19.05.47:673][  0]LogConfig: Setting CVar [[r.RefractionQuality:2]]
[2023.06.19-19.05.47:673][  0]LogConfig: Setting CVar [[r.SSR.Quality:3]]
[2023.06.19-19.05.47:673][  0]LogConfig: Setting CVar [[r.SSR.HalfResSceneColor:0]]
[2023.06.19-19.05.47:673][  0]LogConfig: Setting CVar [[r.SceneColorFormat:4]]
[2023.06.19-19.05.47:673][  0]LogConfig: Setting CVar [[r.DetailMode:2]]
[2023.06.19-19.05.47:673][  0]LogConfig: Setting CVar [[r.TranslucencyVolumeBlur:1]]
[2023.06.19-19.05.47:673][  0]LogConfig: Setting CVar [[r.MaterialQualityLevel:1 ; High quality]]
[2023.06.19-19.05.47:673][  0]LogConfig: Setting CVar [[r.SSS.Scale:1]]
[2023.06.19-19.05.47:673][  0]LogConfig: Setting CVar [[r.SSS.SampleSet:2]]
[2023.06.19-19.05.47:673][  0]LogConfig: Setting CVar [[r.SSS.Quality:1]]
[2023.06.19-19.05.47:673][  0]LogConfig: Setting CVar [[r.SSS.HalfRes:1]]
[2023.06.19-19.05.47:673][  0]LogConfig: Setting CVar [[r.SSGI.Quality:3]]
[2023.06.19-19.05.47:673][  0]LogConfig: Setting CVar [[r.EmitterSpawnRateScale:1.0]]
[2023.06.19-19.05.47:673][  0]LogConfig: Setting CVar [[r.ParticleLightQuality:2]]
[2023.06.19-19.05.47:673][  0]LogConfig: Setting CVar [[r.SkyAtmosphere.AerialPerspectiveLUT.FastApplyOnOpaque:1 ; Always have FastSkyLUT 1 in this case to avoid wrong sky]]
[2023.06.19-19.05.47:673][  0]LogConfig: Setting CVar [[r.SkyAtmosphere.AerialPerspectiveLUT.SampleCountPerSlice:1]]
[2023.06.19-19.05.47:673][  0]LogConfig: Setting CVar [[r.SkyAtmosphere.AerialPerspectiveLUT.DepthResolution:16.0]]
[2023.06.19-19.05.47:673][  0]LogConfig: Setting CVar [[r.SkyAtmosphere.FastSkyLUT:1]]
[2023.06.19-19.05.47:673][  0]LogConfig: Setting CVar [[r.SkyAtmosphere.FastSkyLUT.SampleCountMin:4.0]]
[2023.06.19-19.05.47:673][  0]LogConfig: Setting CVar [[r.SkyAtmosphere.FastSkyLUT.SampleCountMax:32.0]]
[2023.06.19-19.05.47:673][  0]LogConfig: Setting CVar [[r.SkyAtmosphere.SampleCountMin:4.0]]
[2023.06.19-19.05.47:673][  0]LogConfig: Setting CVar [[r.SkyAtmosphere.SampleCountMax:32.0]]
[2023.06.19-19.05.47:673][  0]LogConfig: Setting CVar [[r.SkyAtmosphere.TransmittanceLUT.UseSmallFormat:0]]
[2023.06.19-19.05.47:673][  0]LogConfig: Setting CVar [[r.SkyAtmosphere.TransmittanceLUT.SampleCount:10.0]]
[2023.06.19-19.05.47:673][  0]LogConfig: Setting CVar [[r.SkyAtmosphere.MultiScatteringLUT.SampleCount:15.0]]
[2023.06.19-19.05.47:673][  0]LogConfig: Applying CVar settings from Section [FoliageQuality@3] File [C:/Users/Administrator/Downloads/UNogakKimchi-jeonghoon/UNogakKimchi-jeonghoon/RossiNante/Saved/Config/Windows/Scalability.ini]
[2023.06.19-19.05.47:673][  0]LogConfig: Setting CVar [[foliage.DensityScale:1.0]]
[2023.06.19-19.05.47:673][  0]LogConfig: Setting CVar [[grass.DensityScale:1.0]]
[2023.06.19-19.05.47:673][  0]LogConfig: Applying CVar settings from Section [ShadingQuality@3] File [C:/Users/Administrator/Downloads/UNogakKimchi-jeonghoon/UNogakKimchi-jeonghoon/RossiNante/Saved/Config/Windows/Scalability.ini]
[2023.06.19-19.05.47:673][  0]LogConfig: Setting CVar [[r.HairStrands.SkyLighting.SampleCount:16]]
[2023.06.19-19.05.47:673][  0]LogConfig: Setting CVar [[r.HairStrands.SkyLighting.JitterIntegration:0]]
[2023.06.19-19.05.47:673][  0]LogConfig: Setting CVar [[r.HairStrands.SkyAO.SampleCount:16]]
[2023.06.19-19.05.47:674][  0]LogInit: Selected Device Profile: [Windows]
[2023.06.19-19.05.47:674][  0]LogInit: Applying CVar settings loaded from the selected device profile: [Windows]
[2023.06.19-19.05.47:676][  0]LogHAL: Display: Platform has ~ 16 GB [17106452480 / 17179869184 / 16], which maps to Larger [LargestMinGB=32, LargerMinGB=12, DefaultMinGB=8, SmallerMinGB=6, SmallestMinGB=0)
[2023.06.19-19.05.47:676][  0]LogInit: Going up to parent DeviceProfile []
[2023.06.19-19.05.47:676][  0]LogConfig: Applying CVar settings from Section [ViewDistanceQuality@3] File [C:/Users/Administrator/Downloads/UNogakKimchi-jeonghoon/UNogakKimchi-jeonghoon/RossiNante/Saved/Config/Windows/Scalability.ini]
[2023.06.19-19.05.47:676][  0]LogConfig: Setting CVar [[r.SkeletalMeshLODBias:0]]
[2023.06.19-19.05.47:676][  0]LogConfig: Setting CVar [[r.ViewDistanceScale:1.0]]
[2023.06.19-19.05.47:676][  0]LogConfig: Applying CVar settings from Section [AntiAliasingQuality@3] File [C:/Users/Administrator/Downloads/UNogakKimchi-jeonghoon/UNogakKimchi-jeonghoon/RossiNante/Saved/Config/Windows/Scalability.ini]
[2023.06.19-19.05.47:676][  0]LogConfig: Setting CVar [[r.PostProcessAAQuality:4]]
[2023.06.19-19.05.47:676][  0]LogConfig: Applying CVar settings from Section [ShadowQuality@3] File [C:/Users/Administrator/Downloads/UNogakKimchi-jeonghoon/UNogakKimchi-jeonghoon/RossiNante/Saved/Config/Windows/Scalability.ini]
[2023.06.19-19.05.47:676][  0]LogConfig: Setting CVar [[r.LightFunctionQuality:1]]
[2023.06.19-19.05.47:676][  0]LogConfig: Setting CVar [[r.ShadowQuality:5]]
[2023.06.19-19.05.47:676][  0]LogConfig: Setting CVar [[r.Shadow.CSM.MaxCascades:10]]
[2023.06.19-19.05.47:676][  0]LogConfig: Setting CVar [[r.Shadow.MaxResolution:2048]]
[2023.06.19-19.05.47:676][  0]LogConfig: Setting CVar [[r.Shadow.MaxCSMResolution:2048]]
[2023.06.19-19.05.47:676][  0]LogConfig: Setting CVar [[r.Shadow.RadiusThreshold:0.01]]
[2023.06.19-19.05.47:677][  0]LogConfig: Setting CVar [[r.Shadow.DistanceScale:1.0]]
[2023.06.19-19.05.47:677][  0]LogConfig: Setting CVar [[r.Shadow.CSM.TransitionScale:1.0]]
[2023.06.19-19.05.47:677][  0]LogConfig: Setting CVar [[r.Shadow.PreShadowResolutionFactor:1.0]]
[2023.06.19-19.05.47:677][  0]LogConfig: Setting CVar [[r.DistanceFieldShadowing:1]]
[2023.06.19-19.05.47:677][  0]LogConfig: Setting CVar [[r.DistanceFieldAO:1]]
[2023.06.19-19.05.47:677][  0]LogConfig: Setting CVar [[r.AOQuality:2]]
[2023.06.19-19.05.47:677][  0]LogConfig: Setting CVar [[r.VolumetricFog:1]]
[2023.06.19-19.05.47:677][  0]LogConfig: Setting CVar [[r.VolumetricFog.GridPixelSize:8]]
[2023.06.19-19.05.47:677][  0]LogConfig: Setting CVar [[r.VolumetricFog.GridSizeZ:128]]
[2023.06.19-19.05.47:677][  0]LogConfig: Setting CVar [[r.VolumetricFog.HistoryMissSupersampleCount:4]]
[2023.06.19-19.05.47:677][  0]LogConfig: Setting CVar [[r.LightMaxDrawDistanceScale:1]]
[2023.06.19-19.05.47:677][  0]LogConfig: Setting CVar [[r.CapsuleShadows:1]]
[2023.06.19-19.05.47:677][  0]LogConfig: Applying CVar settings from Section [PostProcessQuality@3] File [C:/Users/Administrator/Downloads/UNogakKimchi-jeonghoon/UNogakKimchi-jeonghoon/RossiNante/Saved/Config/Windows/Scalability.ini]
[2023.06.19-19.05.47:677][  0]LogConfig: Setting CVar [[r.MotionBlurQuality:4]]
[2023.06.19-19.05.47:677][  0]LogConfig: Setting CVar [[r.AmbientOcclusionMipLevelFactor:0.4]]
[2023.06.19-19.05.47:677][  0]LogConfig: Setting CVar [[r.AmbientOcclusionMaxQuality:100]]
[2023.06.19-19.05.47:677][  0]LogConfig: Setting CVar [[r.AmbientOcclusionLevels:-1]]
[2023.06.19-19.05.47:677][  0]LogConfig: Setting CVar [[r.AmbientOcclusionRadiusScale:1.0]]
[2023.06.19-19.05.47:677][  0]LogConfig: Setting CVar [[r.DepthOfFieldQuality:2]]
[2023.06.19-19.05.47:677][  0]LogConfig: Setting CVar [[r.RenderTargetPoolMin:400]]
[2023.06.19-19.05.47:677][  0]LogConfig: Setting CVar [[r.LensFlareQuality:2]]
[2023.06.19-19.05.47:677][  0]LogConfig: Setting CVar [[r.SceneColorFringeQuality:1]]
[2023.06.19-19.05.47:677][  0]LogConfig: Setting CVar [[r.EyeAdaptationQuality:2]]
[2023.06.19-19.05.47:677][  0]LogConfig: Setting CVar [[r.BloomQuality:5]]
[2023.06.19-19.05.47:677][  0]LogConfig: Setting CVar [[r.FastBlurThreshold:100]]
[2023.06.19-19.05.47:677][  0]LogConfig: Setting CVar [[r.Upscale.Quality:3]]
[2023.06.19-19.05.47:677][  0]LogConfig: Setting CVar [[r.Tonemapper.GrainQuantization:1]]
[2023.06.19-19.05.47:677][  0]LogConfig: Setting CVar [[r.LightShaftQuality:1]]
[2023.06.19-19.05.47:677][  0]LogConfig: Setting CVar [[r.Filter.SizeScale:1]]
[2023.06.19-19.05.47:677][  0]LogConfig: Setting CVar [[r.Tonemapper.Quality:5]]
[2023.06.19-19.05.47:677][  0]LogConfig: Setting CVar [[r.DOF.Gather.AccumulatorQuality:1        ; higher gathering accumulator quality]]
[2023.06.19-19.05.47:677][  0]LogConfig: Setting CVar [[r.DOF.Gather.PostfilterMethod:1          ; Median3x3 postfilering method]]
[2023.06.19-19.05.47:677][  0]LogConfig: Setting CVar [[r.DOF.Gather.EnableBokehSettings:0       ; no bokeh simulation when gathering]]
[2023.06.19-19.05.47:677][  0]LogConfig: Setting CVar [[r.DOF.Gather.RingCount:4                 ; medium number of samples when gathering]]
[2023.06.19-19.05.47:677][  0]LogConfig: Setting CVar [[r.DOF.Scatter.ForegroundCompositing:1    ; additive foreground scattering]]
[2023.06.19-19.05.47:677][  0]LogConfig: Setting CVar [[r.DOF.Scatter.BackgroundCompositing:2    ; additive background scattering]]
[2023.06.19-19.05.47:677][  0]LogConfig: Setting CVar [[r.DOF.Scatter.EnableBokehSettings:1      ; bokeh simulation when scattering]]
[2023.06.19-19.05.47:677][  0]LogConfig: Setting CVar [[r.DOF.Scatter.MaxSpriteRatio:0.1         ; only a maximum of 10% of scattered bokeh]]
[2023.06.19-19.05.47:677][  0]LogConfig: Setting CVar [[r.DOF.Recombine.Quality:1                ; cheap slight out of focus]]
[2023.06.19-19.05.47:677][  0]LogConfig: Setting CVar [[r.DOF.Recombine.EnableBokehSettings:0    ; no bokeh simulation on slight out of focus]]
[2023.06.19-19.05.47:677][  0]LogConfig: Setting CVar [[r.DOF.TemporalAAQuality:1                ; more stable temporal accumulation]]
[2023.06.19-19.05.47:677][  0]LogConfig: Setting CVar [[r.DOF.Kernel.MaxForegroundRadius:0.025]]
[2023.06.19-19.05.47:677][  0]LogConfig: Setting CVar [[r.DOF.Kernel.MaxBackgroundRadius:0.025]]
[2023.06.19-19.05.47:677][  0]LogConfig: Applying CVar settings from Section [TextureQuality@3] File [C:/Users/Administrator/Downloads/UNogakKimchi-jeonghoon/UNogakKimchi-jeonghoon/RossiNante/Saved/Config/Windows/Scalability.ini]
[2023.06.19-19.05.47:677][  0]LogConfig: Setting CVar [[r.Streaming.MipBias:0]]
[2023.06.19-19.05.47:677][  0]LogConfig: Setting CVar [[r.Streaming.AmortizeCPUToGPUCopy:0]]
[2023.06.19-19.05.47:677][  0]LogConfig: Setting CVar [[r.Streaming.MaxNumTexturesToStreamPerFrame:0]]
[2023.06.19-19.05.47:677][  0]LogConfig: Setting CVar [[r.Streaming.Boost:1]]
[2023.06.19-19.05.47:677][  0]LogConfig: Setting CVar [[r.MaxAnisotropy:8]]
[2023.06.19-19.05.47:677][  0]LogConfig: Setting CVar [[r.VT.MaxAnisotropy:8]]
[2023.06.19-19.05.47:677][  0]LogConfig: Setting CVar [[r.Streaming.LimitPoolSizeToVRAM:0]]
[2023.06.19-19.05.47:677][  0]LogConfig: Setting CVar [[r.Streaming.PoolSize:1000]]
[2023.06.19-19.05.47:677][  0]LogConfig: Setting CVar [[r.Streaming.MaxEffectiveScreenSize:0]]
[2023.06.19-19.05.47:677][  0]LogConfig: Applying CVar settings from Section [EffectsQuality@3] File [C:/Users/Administrator/Downloads/UNogakKimchi-jeonghoon/UNogakKimchi-jeonghoon/RossiNante/Saved/Config/Windows/Scalability.ini]
[2023.06.19-19.05.47:677][  0]LogConfig: Setting CVar [[r.TranslucencyLightingVolumeDim:64]]
[2023.06.19-19.05.47:677][  0]LogConfig: Setting CVar [[r.RefractionQuality:2]]
[2023.06.19-19.05.47:677][  0]LogConfig: Setting CVar [[r.SSR.Quality:3]]
[2023.06.19-19.05.47:677][  0]LogConfig: Setting CVar [[r.SSR.HalfResSceneColor:0]]
[2023.06.19-19.05.47:677][  0]LogConfig: Setting CVar [[r.SceneColorFormat:4]]
[2023.06.19-19.05.47:677][  0]LogConfig: Setting CVar [[r.DetailMode:2]]
[2023.06.19-19.05.47:677][  0]LogConfig: Setting CVar [[r.TranslucencyVolumeBlur:1]]
[2023.06.19-19.05.47:677][  0]LogConfig: Setting CVar [[r.MaterialQualityLevel:1 ; High quality]]
[2023.06.19-19.05.47:677][  0]LogConfig: Setting CVar [[r.SSS.Scale:1]]
[2023.06.19-19.05.47:677][  0]LogConfig: Setting CVar [[r.SSS.SampleSet:2]]
[2023.06.19-19.05.47:677][  0]LogConfig: Setting CVar [[r.SSS.Quality:1]]
[2023.06.19-19.05.47:677][  0]LogConfig: Setting CVar [[r.SSS.HalfRes:1]]
[2023.06.19-19.05.47:677][  0]LogConfig: Setting CVar [[r.SSGI.Quality:3]]
[2023.06.19-19.05.47:677][  0]LogConfig: Setting CVar [[r.EmitterSpawnRateScale:1.0]]
[2023.06.19-19.05.47:677][  0]LogConfig: Setting CVar [[r.ParticleLightQuality:2]]
[2023.06.19-19.05.47:677][  0]LogConfig: Setting CVar [[r.SkyAtmosphere.AerialPerspectiveLUT.FastApplyOnOpaque:1 ; Always have FastSkyLUT 1 in this case to avoid wrong sky]]
[2023.06.19-19.05.47:677][  0]LogConfig: Setting CVar [[r.SkyAtmosphere.AerialPerspectiveLUT.SampleCountPerSlice:1]]
[2023.06.19-19.05.47:677][  0]LogConfig: Setting CVar [[r.SkyAtmosphere.AerialPerspectiveLUT.DepthResolution:16.0]]
[2023.06.19-19.05.47:677][  0]LogConfig: Setting CVar [[r.SkyAtmosphere.FastSkyLUT:1]]
[2023.06.19-19.05.47:677][  0]LogConfig: Setting CVar [[r.SkyAtmosphere.FastSkyLUT.SampleCountMin:4.0]]
[2023.06.19-19.05.47:677][  0]LogConfig: Setting CVar [[r.SkyAtmosphere.FastSkyLUT.SampleCountMax:32.0]]
[2023.06.19-19.05.47:677][  0]LogConfig: Setting CVar [[r.SkyAtmosphere.SampleCountMin:4.0]]
[2023.06.19-19.05.47:677][  0]LogConfig: Setting CVar [[r.SkyAtmosphere.SampleCountMax:32.0]]
[2023.06.19-19.05.47:677][  0]LogConfig: Setting CVar [[r.SkyAtmosphere.TransmittanceLUT.UseSmallFormat:0]]
[2023.06.19-19.05.47:677][  0]LogConfig: Setting CVar [[r.SkyAtmosphere.TransmittanceLUT.SampleCount:10.0]]
[2023.06.19-19.05.47:677][  0]LogConfig: Setting CVar [[r.SkyAtmosphere.MultiScatteringLUT.SampleCount:15.0]]
[2023.06.19-19.05.47:677][  0]LogConfig: Applying CVar settings from Section [FoliageQuality@3] File [C:/Users/Administrator/Downloads/UNogakKimchi-jeonghoon/UNogakKimchi-jeonghoon/RossiNante/Saved/Config/Windows/Scalability.ini]
[2023.06.19-19.05.47:677][  0]LogConfig: Setting CVar [[foliage.DensityScale:1.0]]
[2023.06.19-19.05.47:677][  0]LogConfig: Setting CVar [[grass.DensityScale:1.0]]
[2023.06.19-19.05.47:677][  0]LogConfig: Applying CVar settings from Section [ShadingQuality@3] File [C:/Users/Administrator/Downloads/UNogakKimchi-jeonghoon/UNogakKimchi-jeonghoon/RossiNante/Saved/Config/Windows/Scalability.ini]
[2023.06.19-19.05.47:677][  0]LogConfig: Setting CVar [[r.HairStrands.SkyLighting.SampleCount:16]]
[2023.06.19-19.05.47:677][  0]LogConfig: Setting CVar [[r.HairStrands.SkyLighting.JitterIntegration:0]]
[2023.06.19-19.05.47:677][  0]LogConfig: Setting CVar [[r.HairStrands.SkyAO.SampleCount:16]]
[2023.06.19-19.05.47:678][  0]LogConfig: Applying CVar settings from Section [Startup] File [../../../Engine/Config/ConsoleVariables.ini]
[2023.06.19-19.05.47:678][  0]LogConfig: Setting CVar [[net.UseAdaptiveNetUpdateFrequency:0]]
[2023.06.19-19.05.47:678][  0]LogConfig: Setting CVar [[p.chaos.AllowCreatePhysxBodies:1]]
[2023.06.19-19.05.47:678][  0]LogConfig: Applying CVar settings from Section [ConsoleVariables] File [C:/Users/Administrator/Downloads/UNogakKimchi-jeonghoon/UNogakKimchi-jeonghoon/RossiNante/Saved/Config/Windows/Engine.ini]
[2023.06.19-19.05.47:678][  0]LogInit: Computer: DESKTOP-G79OQT2
[2023.06.19-19.05.47:678][  0]LogInit: User: Administrator
[2023.06.19-19.05.47:678][  0]LogInit: CPU Page size=4096, Cores=6
[2023.06.19-19.05.47:678][  0]LogInit: High frequency timer resolution =10.000000 MHz
[2023.06.19-19.05.47:678][  0]LogMemory: Memory total: Physical=15.9GB (16GB approx)
[2023.06.19-19.05.47:678][  0]LogMemory: Platform Memory Stats for Windows
[2023.06.19-19.05.47:678][  0]LogMemory: Process Physical Memory: 107.74 MB used, 107.74 MB peak
[2023.06.19-19.05.47:678][  0]LogMemory: Process Virtual Memory: 100.39 MB used, 100.39 MB peak
[2023.06.19-19.05.47:678][  0]LogMemory: Physical Memory: 12630.63 MB used,  3683.36 MB free, 16313.98 MB total
[2023.06.19-19.05.47:678][  0]LogMemory: Virtual Memory: 5133.78 MB used,  134212592.00 MB free, 134217728.00 MB total
[2023.06.19-19.05.47:681][  0]LogWindows: WindowsPlatformFeatures enabled
[2023.06.19-19.05.47:693][  0]LogInit: Using OS detected language (ko-KR).
[2023.06.19-19.05.47:693][  0]LogInit: Using OS detected locale (ko-KR).
[2023.06.19-19.05.47:693][  0]LogTextLocalizationManager: No specific localization for 'ko-KR' exists, so the 'ko' localization will be used.
[2023.06.19-19.05.47:792][  0]LogSlate: New Slate User Created.  User Index 0, Is Virtual User: 0
[2023.06.19-19.05.47:792][  0]LogSlate: Slate User Registered.  User Index 0, Is Virtual User: 0
[2023.06.19-19.05.47:802][  0]LogHMD: Failed to initialize OpenVR with code 110
[2023.06.19-19.05.47:802][  0]LogD3D11RHI: D3D11 min allowed feature level: 11_0
[2023.06.19-19.05.47:802][  0]LogD3D11RHI: D3D11 max allowed feature level: 11_0
[2023.06.19-19.05.47:802][  0]LogD3D11RHI: D3D11 adapters:
[2023.06.19-19.05.47:905][  0]LogD3D11RHI:    0. 'NVIDIA GeForce GTX 1660 SUPER' (Feature Level 11_0)
[2023.06.19-19.05.47:905][  0]LogD3D11RHI:       5991/0/8156 MB DedicatedVideo/DedicatedSystem/SharedSystem, Outputs:2, VendorId:0x10de
[2023.06.19-19.05.47:907][  0]LogD3D11RHI:    1. 'Microsoft Basic Render Driver' (Feature Level 11_0)
[2023.06.19-19.05.47:907][  0]LogD3D11RHI:       0/0/8156 MB DedicatedVideo/DedicatedSystem/SharedSystem, Outputs:0, VendorId:0x1414
[2023.06.19-19.05.47:907][  0]LogD3D11RHI: Chosen D3D11 Adapter: 0
[2023.06.19-19.05.47:916][  0]LogD3D11RHI: Creating new Direct3DDevice
[2023.06.19-19.05.47:916][  0]LogD3D11RHI:     GPU DeviceId: 0x21c4 (for the marketing name, search the web for "GPU Device Id")
[2023.06.19-19.05.47:916][  0]LogWindows: EnumDisplayDevices:
[2023.06.19-19.05.47:916][  0]LogWindows:    0. 'NVIDIA GeForce GTX 1660 SUPER' (P:1 D:1)
[2023.06.19-19.05.47:916][  0]LogWindows:    1. 'NVIDIA GeForce GTX 1660 SUPER' (P:0 D:1)
[2023.06.19-19.05.47:916][  0]LogWindows:    2. 'NVIDIA GeForce GTX 1660 SUPER' (P:0 D:0)
[2023.06.19-19.05.47:916][  0]LogWindows:    3. 'NVIDIA GeForce GTX 1660 SUPER' (P:0 D:0)
[2023.06.19-19.05.47:916][  0]LogWindows: DebugString: FoundDriverCount:4 
[2023.06.19-19.05.47:916][  0]LogD3D11RHI:     Adapter Name: NVIDIA GeForce GTX 1660 SUPER
[2023.06.19-19.05.47:916][  0]LogD3D11RHI:   Driver Version: 516.94 (internal:31.0.15.1694, unified:516.94)
[2023.06.19-19.05.47:916][  0]LogD3D11RHI:      Driver Date: 7-21-2022
[2023.06.19-19.05.47:917][  0]LogRHI: Texture pool is 4193 MB (70% of 5991 MB)
[2023.06.19-19.05.47:985][  0]LogD3D11RHI: RHI has support for 64 bit atomics
[2023.06.19-19.05.47:986][  0]LogD3D11RHI: Async texture creation enabled
[2023.06.19-19.05.47:987][  0]LogD3D11RHI: HDR output is supported on display 0 (NvId: 0x80061081).
[2023.06.19-19.05.47:998][  0]LogD3D11RHI: GPU Timing Frequency: 1000.000000 (Debug: 2 1)
[2023.06.19-19.05.48:243][  0]LogTargetPlatformManager: Display: Loaded TargetPlatform 'WindowsNoEditor'
[2023.06.19-19.05.48:245][  0]LogTargetPlatformManager: Display: Loaded TargetPlatform 'Windows'
[2023.06.19-19.05.48:252][  0]LogTargetPlatformManager: Display: Loaded TargetPlatform 'WindowsClient'
[2023.06.19-19.05.48:259][  0]LogTargetPlatformManager: Display: Loaded TargetPlatform 'WindowsServer'
[2023.06.19-19.05.48:259][  0]LogTargetPlatformManager: Display: Building Assets For Windows
[2023.06.19-19.05.48:260][  0]LogAudioDebug: Display: Lib vorbis DLL was dynamically loaded.
[2023.06.19-19.05.48:275][  0]LogShaderCompilers: Guid format shader working directory is -36 characters bigger than the processId version (C:/Users/Administrator/Downloads/UNogakKimchi-jeonghoon/UNogakKimchi-jeonghoon/RossiNante/Intermediate/Shaders/WorkingDirectory/16084/).
[2023.06.19-19.05.48:275][  0]LogShaderCompilers: Cleaned the shader compiler working directory 'C:/Users/Administrator/AppData/Local/Temp/UnrealShaderWorkingDir/81C15172430BCD92CC4B7B9219EAF74A/'.
[2023.06.19-19.05.48:275][  0]LogXGEController: Cannot use XGE Controller as Incredibuild is not installed on this machine.
[2023.06.19-19.05.48:275][  0]LogShaderCompilers: Cannot use XGE Shader Compiler as Incredibuild is not installed on this machine.
[2023.06.19-19.05.48:275][  0]LogShaderCompilers: Display: Using Local Shader Compiler.
[2023.06.19-19.05.48:867][  0]LogDerivedDataCache: Display: Max Cache Size: 512 MB
[2023.06.19-19.05.48:919][  0]LogDerivedDataCache: Loaded boot cache 0.05s 81MB C:/Users/Administrator/AppData/Local/UnrealEngine/4.24/DerivedDataCache/Boot.ddc.
[2023.06.19-19.05.48:919][  0]LogDerivedDataCache: Display: Loaded Boot cache: C:/Users/Administrator/AppData/Local/UnrealEngine/4.24/DerivedDataCache/Boot.ddc
[2023.06.19-19.05.48:919][  0]LogDerivedDataCache: FDerivedDataBackendGraph:  Pak pak cache file C:/Users/Administrator/Downloads/UNogakKimchi-jeonghoon/UNogakKimchi-jeonghoon/RossiNante/DerivedDataCache/DDC.ddp not found, will not use a pak cache.
[2023.06.19-19.05.48:919][  0]LogDerivedDataCache: Unable to find inner node Pak for hierarchical cache Hierarchy.
[2023.06.19-19.05.48:919][  0]LogDerivedDataCache: FDerivedDataBackendGraph:  CompressedPak pak cache file C:/Users/Administrator/Downloads/UNogakKimchi-jeonghoon/UNogakKimchi-jeonghoon/RossiNante/DerivedDataCache/Compressed.ddp not found, will not use a pak cache.
[2023.06.19-19.05.48:919][  0]LogDerivedDataCache: Unable to find inner node CompressedPak for hierarchical cache Hierarchy.
[2023.06.19-19.05.48:929][  0]LogDerivedDataCache: Display: Pak cache opened for reading ../../../Engine/DerivedDataCache/Compressed.ddp.
[2023.06.19-19.05.48:929][  0]LogDerivedDataCache: FDerivedDataBackendGraph:  EnterprisePak pak cache file ../../../Enterprise/DerivedDataCache/Compressed.ddp not found, will not use a pak cache.
[2023.06.19-19.05.48:929][  0]LogDerivedDataCache: Unable to find inner node EnterprisePak for hierarchical cache Hierarchy.
[2023.06.19-19.05.48:930][  0]LogDerivedDataCache: Using Local data cache path C:/Users/Administrator/AppData/Local/UnrealEngine/Common/DerivedDataCache: Writable
[2023.06.19-19.05.48:930][  0]LogDerivedDataCache: Shared data cache path not found in *engine.ini, will not use an Shared cache.
[2023.06.19-19.05.48:930][  0]LogDerivedDataCache: Unable to find inner node Shared for hierarchical cache Hierarchy.
[2023.06.19-19.05.48:953][  0]LogMaterial: Verifying Global Shaders for PCD3D_SM5
[2023.06.19-19.05.48:955][  0]LogSlate: Using FreeType 2.10.0
[2023.06.19-19.05.48:956][  0]LogSlate: SlateFontServices - WITH_FREETYPE: 1, WITH_HARFBUZZ: 1
[2023.06.19-19.05.49:043][  0]LogInit: Using OS detected language (ko-KR).
[2023.06.19-19.05.49:043][  0]LogInit: Using OS detected locale (ko-KR).
[2023.06.19-19.05.49:043][  0]LogTextLocalizationManager: No localization for 'ko-KR' exists, so 'en' will be used for the language.
[2023.06.19-19.05.49:043][  0]LogTextLocalizationManager: No localization for 'ko-KR' exists, so 'en' will be used for the locale.
[2023.06.19-19.05.49:043][  0]LogSlate: FontCache flush requested. Reason: Culture for localization was changed
[2023.06.19-19.05.49:043][  0]LogSlate: FontCache flush requested. Reason: Culture for localization was changed
[2023.06.19-19.05.49:044][  0]LogTextLocalizationManager: Compacting localization data took   0.00ms
[2023.06.19-19.05.49:046][  0]LogAssetRegistry: FAssetRegistry took 0.0015 seconds to start up
[2023.06.19-19.05.49:255][  0]LogPackageLocalizationCache: Processed 10 localized package path(s) for 1 prioritized culture(s) in 0.000455 seconds
[2023.06.19-19.05.49:304][  0]LogInit: Selected Device Profile: [Windows]
[2023.06.19-19.05.49:407][  0]LogMeshReduction: Using QuadricMeshReduction for automatic static mesh reduction
[2023.06.19-19.05.49:407][  0]LogMeshReduction: Using SimplygonMeshReduction for automatic skeletal mesh reduction
[2023.06.19-19.05.49:407][  0]LogMeshReduction: Using ProxyLODMeshReduction for automatic mesh merging
[2023.06.19-19.05.49:407][  0]LogMeshReduction: No distributed automatic mesh merging module available
[2023.06.19-19.05.49:407][  0]LogMeshMerging: No distributed automatic mesh merging module available
[2023.06.19-19.05.49:420][  0]LogNetVersion: RossiNante 1.0.0, NetCL: 10570792, EngineNetVer: 13, GameNetVer: 0 (Checksum: 557242147)
[2023.06.19-19.05.49:811][  0]LogMoviePlayer: Initializing movie player
[2023.06.19-19.05.49:890][  0]LogTcpMessaging: Initializing TcpMessaging bridge
[2023.06.19-19.05.49:891][  0]LogUdpMessaging: Initializing bridge on interface 0.0.0.0:0 to multicast group 230.0.0.1:6666.
[2023.06.19-19.05.50:100][  0]SourceControl: 소스 컨트롤이 꺼졌습니다.
[2023.06.19-19.05.50:100][  0]SourceControl: 소스 컨트롤이 꺼졌습니다.
[2023.06.19-19.05.50:100][  0]SourceControl: 소스 컨트롤이 꺼졌습니다.
[2023.06.19-19.05.50:119][  0]LogAndroidPermission: UAndroidPermissionCallbackProxy::GetInstance
[2023.06.19-19.05.50:123][  0]LogAudioCaptureCore: Display: No Audio Capture implementations found. Audio input will be silent.
[2023.06.19-19.05.50:123][  0]LogAudioCaptureCore: Display: No Audio Capture implementations found. Audio input will be silent.
[2023.06.19-19.05.50:165][  0]LogOcInput: OculusInput pre-init called
[2023.06.19-19.05.50:175][  0]LogUObjectArray: 55737 objects as part of root set at end of initial load.
[2023.06.19-19.05.50:175][  0]LogUObjectAllocator: 10084504 out of 0 bytes used by permanent object pool.
[2023.06.19-19.05.50:175][  0]LogUObjectArray: CloseDisregardForGC: 0/0 objects in disregard for GC pool
[2023.06.19-19.05.50:220][  0]LogEngine: Initializing Engine...
[2023.06.19-19.05.50:221][  0]LogHMD: Failed to initialize OpenVR with code 110
[2023.06.19-19.05.50:223][  0]LogStats: UGameplayTagsManager::InitializeManager -  0.000 s
[2023.06.19-19.05.50:369][  0]LogInit: Initializing FReadOnlyCVARCache
[2023.06.19-19.05.50:371][  0]LogAudioMixer: Display: Audio Mixer Platform Settings:
[2023.06.19-19.05.50:371][  0]LogAudioMixer: Display: 	Sample Rate:						  48000
[2023.06.19-19.05.50:371][  0]LogAudioMixer: Display: 	Callback Buffer Frame Size Requested: 1024
[2023.06.19-19.05.50:371][  0]LogAudioMixer: Display: 	Callback Buffer Frame Size To Use:	  1024
[2023.06.19-19.05.50:371][  0]LogAudioMixer: Display: 	Number of buffers to queue:			  2
[2023.06.19-19.05.50:371][  0]LogAudioMixer: Display: 	Max Channels (voices):				  32
[2023.06.19-19.05.50:371][  0]LogAudioMixer: Display: 	Number of Async Source Workers:		  0
[2023.06.19-19.05.50:371][  0]LogAudio: Display: AudioDevice MaxSources: 32
[2023.06.19-19.05.50:371][  0]LogAudio: Display: Using built-in audio occlusion.
[2023.06.19-19.05.50:371][  0]LogAudioMixer: Display: Initializing audio mixer.
[2023.06.19-19.05.50:388][  0]LogAudioMixer: Display: Audio Device Output Speaker Info:
[2023.06.19-19.05.50:388][  0]LogAudioMixer: Display: Name: 스피커(Razer Kraken V3 X)
[2023.06.19-19.05.50:388][  0]LogAudioMixer: Display: Is Default: Yes
[2023.06.19-19.05.50:388][  0]LogAudioMixer: Display: Sample Rate: 48000
[2023.06.19-19.05.50:388][  0]LogAudioMixer: Display: Channel Count Used: 2
[2023.06.19-19.05.50:388][  0]LogAudioMixer: Display: Device Channel Count: 2
[2023.06.19-19.05.50:388][  0]LogAudioMixer: Display: Channel Order:
[2023.06.19-19.05.50:388][  0]LogAudioMixer: Display: 0: FrontLeft
[2023.06.19-19.05.50:388][  0]LogAudioMixer: Display: 1: FrontRight
[2023.06.19-19.05.50:402][  0]LogAudioMixer: Display: Using Audio Device 스피커(Razer Kraken V3 X)
[2023.06.19-19.05.50:410][  0]LogInit: FAudioDevice initialized.
[2023.06.19-19.05.50:414][  0]LogNetVersion: Set ProjectVersion to 1.0.0.0. Version Checksum will be recalculated on next use.
[2023.06.19-19.05.50:416][  0]LogInit: Texture streaming: Enabled
[2023.06.19-19.05.50:511][  0]LogTemp: Warning: C2S

[2023.06.19-19.05.50:548][  0]LogTemp: Warning: CONNECT SUCCESS

[2023.06.19-19.05.50:549][  0]LogSlate: Updating window title bar state: overlay mode, drag disabled, window buttons hidden, title bar hidden
[2023.06.19-19.05.50:549][  0]LogInit: Display: Game Engine Initialized.
[2023.06.19-19.05.50:565][  0]LogInit: Display: Starting Game.
[2023.06.19-19.05.50:565][  0]LogNet: Browse: /Game/Maps/1F_Normal_2?Name=Player
[2023.06.19-19.05.50:565][  0]LogLoad: LoadMap: /Game/Maps/1F_Normal_2?Name=Player
[2023.06.19-19.05.50:565][  0]LogWorld: BeginTearingDown for /Temp/Untitled_0
[2023.06.19-19.05.50:565][  0]LogWorld: UWorld::CleanupWorld for Untitled, bSessionEnded=true, bCleanupResources=true
[2023.06.19-19.05.50:566][  0]LogSlate: InvalidateAllWidgets triggered.  All widgets were invalidated
[2023.06.19-19.05.50:590][  0]LogAudioMixer: Display: No commands were queued while flushing the source manager.
[2023.06.19-19.05.50:592][  0]LogUObjectHash: Compacting FUObjectHashTables data took   1.74ms
[2023.06.19-19.05.50:720][  0]LogBlueprint: Warning: [Compiler BP_Character] MyCharacter.Stat : 블루프린트에서 보이도록 (BlueprintReadOnly 또는  BlueprintReadWrite) 되어있지 않습니다. 마크업을 수정하거나 접근을 중단하지 않으면, 앞으로 릴리즈에서 오류가 발생할 것입니다.  Stat 구하기
[2023.06.19-19.05.52:204][  0]LogAIModule: Creating AISystem for world 1F_Normal_2
[2023.06.19-19.05.52:204][  0]LogLoad: Game class is 'BP_GameModeBase_C'
[2023.06.19-19.05.52:218][  0]LogWorld: Bringing World /Game/Maps/1F_Normal_2.1F_Normal_2 up for play (max tick rate 0) at 2023.06.20-04.05.52
[2023.06.19-19.05.52:219][  0]LogWorld: Bringing up level for play took: 0.014513
[2023.06.19-19.05.52:226][  0]LogLoad: Took 1.661661 seconds to LoadMap(/Game/Maps/1F_Normal_2)
[2023.06.19-19.05.52:240][  0]LogSlate: Took 0.000175 seconds to synchronously load lazily loaded font '../../../Engine/Content/Slate/Fonts/Roboto-Regular.ttf' (155K)
[2023.06.19-19.05.52:242][  0]LogRenderer: Reallocating scene render targets to support 1280x720 Format 10 NumSamples 1 (Frame:1).
[2023.06.19-19.05.52:242][  0]LogSlate: Took 0.001568 seconds to synchronously load lazily loaded font '../../../Engine/Content/Slate/Fonts/DroidSansFallback.ttf' (3848K)
[2023.06.19-19.05.52:262][  0]LogLoad: (Engine Initialization) Total time: 5.46 seconds
[2023.06.19-19.05.52:262][  0]LogLoad: (Engine Initialization) Total Blueprint compile time: 0.00 seconds
[2023.06.19-19.05.52:280][  0]LogContentStreaming: Texture pool size now 1000 MB
[2023.06.19-19.05.52:284][  0]LogSlate: InvalidateAllWidgets triggered.  All widgets were invalidated
[2023.06.19-19.05.52:399][  0]LogRenderer: Reallocating scene render targets to support 128x128 Format 10 NumSamples 1 (Frame:1).
[2023.06.19-19.05.52:425][  0]LogRenderer: Reallocating scene render targets to support 1280x720 Format 10 NumSamples 1 (Frame:2).
[2023.06.19-19.05.52:448][  1]LogSlate: Took 0.000239 seconds to synchronously load lazily loaded font '../../../Engine/Content/Slate/Fonts/Roboto-Regular.ttf' (155K)
[2023.06.19-19.05.52:450][  1]LogSlate: Took 0.001185 seconds to synchronously load lazily loaded font '../../../Engine/Content/Slate/Fonts/DroidSansFallback.ttf' (3848K)
[2023.06.19-19.05.54:370][505]LogTemp: Warning: broadCast Tumble
[2023.06.19-19.05.54:370][505]LogTemp: Warning: Tumble End: 0
[2023.06.19-19.05.54:429][523]LogTemp: Warning: Attack Damage: 0
[2023.06.19-19.05.54:608][577]LogTemp: Warning: Attack Damage: 0
[2023.06.19-19.05.54:862][651]LogTemp: Warning: broadCast Attack
[2023.06.19-19.05.54:862][651]LogTemp: Hit Actor : DefaultMonsterBP_2
[2023.06.19-19.05.54:862][651]LogBlueprintUserMessages: [DefaultMonsterBP_2] Hit
[2023.06.19-19.05.54:862][651]LogBlueprintUserMessages: [DefaultMonsterBP_2] 10.0
[2023.06.19-19.05.54:862][651]LogBlueprintUserMessages: [BP_Character_C_0] 0
[2023.06.19-19.05.57:209][182]LogTemp: Warning: broadCast Tumble
[2023.06.19-19.05.57:209][182]LogTemp: Warning: Tumble End: 0
[2023.06.19-19.05.57:365][214]LogTemp: Warning: Attack Damage: 0
[2023.06.19-19.05.57:569][265]LogTemp: Warning: broadCast Attack
[2023.06.19-19.05.57:569][265]LogTemp: Hit Actor : DefaultMonsterBP4_11
[2023.06.19-19.05.57:569][265]LogBlueprintUserMessages: [DefaultMonsterBP4_11] Hit
[2023.06.19-19.05.57:569][265]LogBlueprintUserMessages: [DefaultMonsterBP4_11] 10.0
[2023.06.19-19.05.57:569][265]LogBlueprintUserMessages: [BP_Character_C_0] 50
[2023.06.19-19.05.58:434][462]LogTemp: Warning: Attack Damage: 0
[2023.06.19-19.05.58:686][518]LogTemp: Warning: broadCast Attack
[2023.06.19-19.05.58:686][518]LogTemp: Hit Actor : DefaultMonsterBP4_11
[2023.06.19-19.05.58:686][518]LogBlueprintUserMessages: [DefaultMonsterBP4_11] Hit
[2023.06.19-19.05.58:686][518]LogBlueprintUserMessages: [DefaultMonsterBP4_11] -5.0
[2023.06.19-19.05.58:686][518]LogBlueprintUserMessages: [BP_Character_C_0] 50
[2023.06.19-19.05.59:531][684]LogTemp: Warning: Attack Damage: 0
[2023.06.19-19.05.59:734][730]LogTemp: Warning: broadCast Attack
[2023.06.19-19.05.59:734][730]LogTemp: Hit Actor : DefaultMonsterBP3_8
[2023.06.19-19.05.59:734][730]LogBlueprintUserMessages: [DefaultMonsterBP3_8] Hit
[2023.06.19-19.05.59:734][730]LogBlueprintUserMessages: [DefaultMonsterBP3_8] 5.0
[2023.06.19-19.05.59:734][730]LogDataTable: Warning: UDataTable::FindRow : '' requested row '3' not in DataTable '/Game/Data/StatTable.StatTable'.
[2023.06.19-19.05.59:734][730]LogBlueprintUserMessages: [BP_Character_C_0] 150
[2023.06.19-19.06.01:237][ 88]LogTemp: 0
[2023.06.19-19.06.01:237][ 88]LogTemp: Warning: OnAttacked 190
[2023.06.19-19.06.01:237][ 88]LogTemp: 1
[2023.06.19-19.06.01:774][224]LogWindowsDesktop: Alt-F4 pressed!
[2023.06.19-19.06.01:781][224]LogSlate: Window 'RossiNante (64 비트, PCD3D_SM5) ' being destroyed
[2023.06.19-19.06.01:784][224]LogWindowsTextInputMethodSystem: Display: IME system now activated using TSF (Microsoft 입력기).
[2023.06.19-19.06.01:789][224]LogSlate: Updating window title bar state: overlay mode, drag disabled, window buttons hidden, title bar hidden
[2023.06.19-19.06.01:789][224]LogEngine: All Windows Closed
[2023.06.19-19.06.01:789][224]LogWindows: FPlatformMisc::RequestExit(0)
[2023.06.19-19.06.01:789][224]LogCore: Engine exit requested (reason: Win RequestExit)
[2023.06.19-19.06.01:789][225]LogCore: Engine exit requested (reason: EngineExit() was called; note: exit was already requested)
[2023.06.19-19.06.01:791][225]LogAudioMixer: Display: Flush succeeded in the source manager command queue (1).
[2023.06.19-19.06.01:811][225]LogAudioMixer: Display: Flush succeeded the source manager command queue (2).
[2023.06.19-19.06.01:814][225]LogInit: Display: PreExit Game.
[2023.06.19-19.06.01:814][225]LogWorld: BeginTearingDown for /Game/Maps/1F_Normal_2
[2023.06.19-19.06.01:815][225]LogWorld: UWorld::CleanupWorld for 1F_Normal_2, bSessionEnded=true, bCleanupResources=true
[2023.06.19-19.06.01:815][225]LogSlate: InvalidateAllWidgets triggered.  All widgets were invalidated
[2023.06.19-19.06.02:230][225]LogExit: Preparing to exit.
[2023.06.19-19.06.02:901][225]LogMoviePlayer: Shutting down movie player
[2023.06.19-19.06.03:026][225]LogSlate: Updating window title bar state: overlay mode, drag disabled, window buttons hidden, title bar hidden
[2023.06.19-19.06.03:059][225]LogDemo: Cleaned up 0 splitscreen connections with owner deletion
[2023.06.19-19.06.03:067][225]LogExit: Game engine shut down
[2023.06.19-19.06.03:167][225]LogExit: Object subsystem successfully closed.
[2023.06.19-19.06.03:178][225]LogShaderCompilers: Display: Shaders left to compile 0
[2023.06.19-19.06.03:190][225]LogModuleManager: Shutting down and abandoning module SequenceRecorderSections (436)
[2023.06.19-19.06.03:190][225]LogModuleManager: Shutting down and abandoning module SequenceRecorder (434)
[2023.06.19-19.06.03:190][225]LogModuleManager: Shutting down and abandoning module AutomationController (432)
[2023.06.19-19.06.03:190][225]LogModuleManager: Shutting down and abandoning module AutomationWorker (430)
[2023.06.19-19.06.03:190][225]LogModuleManager: Shutting down and abandoning module Voice (428)
[2023.06.19-19.06.03:190][225]LogModuleManager: Shutting down and abandoning module AIModule (426)
[2023.06.19-19.06.03:190][225]LogModuleManager: Shutting down and abandoning module GameplayDebugger (425)
[2023.06.19-19.06.03:190][225]LogModuleManager: Shutting down and abandoning module AITestSuite (423)
[2023.06.19-19.06.03:190][225]LogModuleManager: Shutting down and abandoning module NavigationSystem (421)
[2023.06.19-19.06.03:190][225]LogModuleManager: Shutting down and abandoning module OculusMR (418)
[2023.06.19-19.06.03:190][225]LogModuleManager: Shutting down and abandoning module WmfMediaFactory (416)
[2023.06.19-19.06.03:190][225]LogModuleManager: Shutting down and abandoning module WebMMediaFactory (414)
[2023.06.19-19.06.03:190][225]LogModuleManager: Shutting down and abandoning module WebMMedia (412)
[2023.06.19-19.06.03:190][225]LogModuleManager: Shutting down and abandoning module OpenExrWrapper (410)
[2023.06.19-19.06.03:190][225]LogModuleManager: Shutting down and abandoning module ImgMediaFactory (408)
[2023.06.19-19.06.03:190][225]LogModuleManager: Shutting down and abandoning module AvfMediaFactory (406)
[2023.06.19-19.06.03:190][225]LogModuleManager: Shutting down and abandoning module MagicLeapMediaCodecFactory (404)
[2023.06.19-19.06.03:190][225]LogModuleManager: Shutting down and abandoning module MagicLeapMediaFactory (402)
[2023.06.19-19.06.03:190][225]LogModuleManager: Shutting down and abandoning module CharacterAI (400)
[2023.06.19-19.06.03:190][225]LogModuleManager: Shutting down and abandoning module SessionServices (398)
[2023.06.19-19.06.03:190][225]LogModuleManager: Shutting down and abandoning module MovieSceneCapture (396)
[2023.06.19-19.06.03:190][225]LogModuleManager: Shutting down and abandoning module LiveCoding (394)
[2023.06.19-19.06.03:190][225]LogModuleManager: Shutting down and abandoning module LevelSequence (392)
[2023.06.19-19.06.03:190][225]LogModuleManager: Shutting down and abandoning module MovieSceneTracks (390)
[2023.06.19-19.06.03:190][225]LogModuleManager: Shutting down and abandoning module MovieScene (388)
[2023.06.19-19.06.03:190][225]LogModuleManager: Shutting down and abandoning module StreamingPauseRendering (386)
[2023.06.19-19.06.03:190][225]LogModuleManager: Shutting down and abandoning module PortalServices (384)
[2023.06.19-19.06.03:190][225]LogModuleManager: Shutting down and abandoning module PortalRpc (382)
[2023.06.19-19.06.03:190][225]LogModuleManager: Shutting down and abandoning module MessagingRpc (380)
[2023.06.19-19.06.03:190][225]LogModuleManager: Shutting down and abandoning module AudioMixerXAudio2 (378)
[2023.06.19-19.06.03:190][225]LogModuleManager: Shutting down and abandoning module ImageWriteQueue (376)
[2023.06.19-19.06.03:193][225]LogModuleManager: Shutting down and abandoning module ProfilerService (374)
[2023.06.19-19.06.03:199][225]LogModuleManager: Shutting down and abandoning module TaskGraph (372)
[2023.06.19-19.06.03:199][225]LogModuleManager: Shutting down and abandoning module ProceduralMeshComponent (370)
[2023.06.19-19.06.03:199][225]LogModuleManager: Shutting down and abandoning module OculusInput (368)
[2023.06.19-19.06.03:199][225]LogModuleManager: Shutting down and abandoning module MobilePatchingUtils (366)
[2023.06.19-19.06.03:199][225]LogModuleManager: Shutting down and abandoning module EditableMesh (364)
[2023.06.19-19.06.03:199][225]LogModuleManager: Shutting down and abandoning module CustomMeshComponent (362)
[2023.06.19-19.06.03:199][225]LogModuleManager: Shutting down and abandoning module CableComponent (360)
[2023.06.19-19.06.03:199][225]LogModuleManager: Shutting down and abandoning module AudioCapture (358)
[2023.06.19-19.06.03:199][225]LogModuleManager: Shutting down and abandoning module AudioCaptureRtAudio (357)
[2023.06.19-19.06.03:199][225]LogModuleManager: Shutting down and abandoning module AssetTags (354)
[2023.06.19-19.06.03:199][225]LogModuleManager: Shutting down and abandoning module ArchVisCharacter (352)
[2023.06.19-19.06.03:199][225]LogModuleManager: Shutting down and abandoning module AppleImageUtilsBlueprintSupport (350)
[2023.06.19-19.06.03:199][225]LogModuleManager: Shutting down and abandoning module AppleImageUtils (348)
[2023.06.19-19.06.03:199][225]LogModuleManager: Shutting down and abandoning module AndroidPermission (346)
[2023.06.19-19.06.03:199][225]LogModuleManager: Shutting down and abandoning module NUTUnrealEngine4 (344)
[2023.06.19-19.06.03:199][225]LogModuleManager: Shutting down and abandoning module NetcodeUnitTest (342)
[2023.06.19-19.06.03:199][225]LogModuleManager: Shutting down and abandoning module MediaCompositing (340)
[2023.06.19-19.06.03:199][225]LogModuleManager: Shutting down and abandoning module ImgMedia (338)
[2023.06.19-19.06.03:199][225]LogModuleManager: Shutting down and abandoning module MagicLeapHelperVulkan (336)
[2023.06.19-19.06.03:199][225]LogModuleManager: Shutting down and abandoning module MagicLeapHelperOpenGL (334)
[2023.06.19-19.06.03:199][225]LogModuleManager: Shutting down and abandoning module MagicLeapAudio (332)
[2023.06.19-19.06.03:199][225]LogModuleManager: Shutting down and abandoning module GeometryCacheTracks (330)
[2023.06.19-19.06.03:200][225]LogModuleManager: Shutting down and abandoning module GeometryCacheSequencer (329)
[2023.06.19-19.06.03:200][225]LogModuleManager: Shutting down and abandoning module GeometryCache (326)
[2023.06.19-19.06.03:200][225]LogModuleManager: Shutting down and abandoning module GeometryCacheEd (325)
[2023.06.19-19.06.03:200][225]LogModuleManager: Shutting down and abandoning module BackChannel (322)
[2023.06.19-19.06.03:200][225]LogModuleManager: Shutting down and abandoning module AutomationUtils (320)
[2023.06.19-19.06.03:200][225]LogModuleManager: Shutting down and abandoning module VisualStudioSourceCodeAccess (318)
[2023.06.19-19.06.03:200][225]LogModuleManager: Shutting down and abandoning module HotReload (317)
[2023.06.19-19.06.03:200][225]LogModuleManager: Shutting down and abandoning module DirectoryWatcher (316)
[2023.06.19-19.06.03:200][225]LogModuleManager: Shutting down and abandoning module VisualStudioCodeSourceCodeAccess (312)
[2023.06.19-19.06.03:200][225]LogModuleManager: Shutting down and abandoning module UObjectPlugin (310)
[2023.06.19-19.06.03:200][225]LogModuleManager: Shutting down and abandoning module SubversionSourceControl (308)
[2023.06.19-19.06.03:200][225]LogModuleManager: Shutting down and abandoning module PerforceSourceControl (306)
[2023.06.19-19.06.03:200][225]LogModuleManager: Shutting down and abandoning module SourceControl (305)
[2023.06.19-19.06.03:200][225]LogModuleManager: Shutting down and abandoning module CLionSourceCodeAccess (302)
[2023.06.19-19.06.03:200][225]LogModuleManager: Shutting down and abandoning module ActorLayerUtilities (300)
[2023.06.19-19.06.03:200][225]LogModuleManager: Shutting down and abandoning module RossiNante (298)
[2023.06.19-19.06.03:200][225]LogModuleManager: Shutting down and abandoning module SignificanceManager (296)
[2023.06.19-19.06.03:200][225]LogModuleManager: Shutting down and abandoning module RuntimePhysXCooking (294)
[2023.06.19-19.06.03:200][225]LogModuleManager: Shutting down and abandoning module PhysXVehiclesEditor (292)
[2023.06.19-19.06.03:200][225]LogModuleManager: Shutting down and abandoning module LocationServicesBPLibrary (288)
[2023.06.19-19.06.03:200][225]LogModuleManager: Shutting down and abandoning module ActorSequence (286)
[2023.06.19-19.06.03:200][225]LogModuleManager: Shutting down and abandoning module UdpMessaging (284)
[2023.06.19-19.06.03:301][225]LogModuleManager: Shutting down and abandoning module TcpMessaging (282)
[2023.06.19-19.06.03:899][225]LogModuleManager: Shutting down and abandoning module MagicLeapPrivileges (280)
[2023.06.19-19.06.03:899][225]LogModuleManager: Shutting down and abandoning module MagicLeapPlanes (278)
[2023.06.19-19.06.03:899][225]LogMagicLeapPlanes: Planes tracker already destroyed.
[2023.06.19-19.06.03:899][225]LogModuleManager: Shutting down and abandoning module MagicLeapIdentity (276)
[2023.06.19-19.06.03:899][225]LogModuleManager: Shutting down and abandoning module MagicLeapSecureStorage (274)
[2023.06.19-19.06.03:899][225]LogModuleManager: Shutting down and abandoning module MagicLeapImageTracker (272)
[2023.06.19-19.06.03:899][225]LogModuleManager: Shutting down and abandoning module MagicLeapHandTracking (270)
[2023.06.19-19.06.03:899][225]LogModuleManager: Shutting down and abandoning module MagicLeapHandMeshing (268)
[2023.06.19-19.06.03:899][225]LogModuleManager: Shutting down and abandoning module MagicLeapEyeTracker (266)
[2023.06.19-19.06.03:899][225]LogModuleManager: Shutting down and abandoning module MagicLeapController (264)
[2023.06.19-19.06.03:900][225]LogSlate: Slate User Destroyed.  User Index 0, Is Virtual User: 0
[2023.06.19-19.06.03:900][225]LogModuleManager: Shutting down and abandoning module MagicLeapARPin (262)
[2023.06.19-19.06.03:900][225]LogModuleManager: Shutting down and abandoning module MagicLeapAR (260)
[2023.06.19-19.06.03:900][225]LogModuleManager: Shutting down and abandoning module AugmentedReality (259)
[2023.06.19-19.06.03:900][225]LogModuleManager: Shutting down and abandoning module GameplayTagsEditor (256)
[2023.06.19-19.06.03:900][225]LogModuleManager: Shutting down and abandoning module FacialAnimation (254)
[2023.06.19-19.06.03:900][225]LogModuleManager: Shutting down and abandoning module AssetManagerEditor (252)
[2023.06.19-19.06.03:900][225]LogModuleManager: Shutting down and abandoning module TreeMap (251)
[2023.06.19-19.06.03:900][225]LogModuleManager: Shutting down and abandoning module AnimationSharing (248)
[2023.06.19-19.06.03:900][225]LogModuleManager: Shutting down and abandoning module LightPropagationVolumeRuntime (246)
[2023.06.19-19.06.03:900][225]LogModuleManager: Shutting down and abandoning module Paper2D (244)
[2023.06.19-19.06.03:900][225]LogModuleManager: Shutting down and abandoning module WindowsMoviePlayer (242)
[2023.06.19-19.06.03:905][225]LogModuleManager: Shutting down and abandoning module WebMMoviePlayer (240)
[2023.06.19-19.06.03:905][225]LogModuleManager: Shutting down and abandoning module NetworkReplayStreaming (238)
[2023.06.19-19.06.03:905][225]LogModuleManager: Shutting down and abandoning module PacketHandler (236)
[2023.06.19-19.06.03:905][225]LogModuleManager: Shutting down and abandoning module ClothingSystemEditor (234)
[2023.06.19-19.06.03:905][225]LogModuleManager: Shutting down and abandoning module ClothingSystemRuntimeNv (232)
[2023.06.19-19.06.03:905][225]LogModuleManager: Shutting down and abandoning module MediaAssets (230)
[2023.06.19-19.06.03:905][225]LogModuleManager: Shutting down and abandoning module Overlay (228)
[2023.06.19-19.06.03:905][225]LogModuleManager: Shutting down and abandoning module OverlayEditor (227)
[2023.06.19-19.06.03:905][225]LogModuleManager: Shutting down and abandoning module VREditor (224)
[2023.06.19-19.06.03:905][225]LogModuleManager: Shutting down and abandoning module StringTableEditor (222)
[2023.06.19-19.06.03:905][225]LogModuleManager: Shutting down and abandoning module GameplayTasksEditor (220)
[2023.06.19-19.06.03:905][225]LogModuleManager: Shutting down and abandoning module BehaviorTreeEditor (218)
[2023.06.19-19.06.03:905][225]LogModuleManager: Shutting down and abandoning module FunctionalTesting (216)
[2023.06.19-19.06.03:905][225]LogModuleManager: Shutting down and abandoning module CollisionAnalyzer (214)
[2023.06.19-19.06.03:905][225]LogModuleManager: Shutting down and abandoning module WorkspaceMenuStructure (213)
[2023.06.19-19.06.03:905][225]LogModuleManager: Shutting down and abandoning module UMG (210)
[2023.06.19-19.06.03:905][225]LogModuleManager: Shutting down and abandoning module UMGEditor (209)
[2023.06.19-19.06.03:905][225]LogModuleManager: Shutting down and abandoning module Sequencer (208)
[2023.06.19-19.06.03:905][225]LogModuleManager: Shutting down and abandoning module MessageLog (205)
[2023.06.19-19.06.03:905][225]LogModuleManager: Shutting down and abandoning module SlateReflector (200)
[2023.06.19-19.06.03:905][225]LogModuleManager: Shutting down and abandoning module Slate (198)
[2023.06.19-19.06.03:905][225]LogModuleManager: Shutting down and abandoning module SlateCore (196)
[2023.06.19-19.06.03:905][225]LogModuleManager: Shutting down and abandoning module LandscapeEditorUtilities (194)
[2023.06.19-19.06.03:905][225]LogModuleManager: Shutting down and abandoning module EditorStyle (192)
[2023.06.19-19.06.03:906][225]LogModuleManager: Shutting down and abandoning module UnrealEd (190)
[2023.06.19-19.06.03:906][225]LogModuleManager: Shutting down and abandoning module MRMesh (188)
[2023.06.19-19.06.03:906][225]LogModuleManager: Shutting down and abandoning module Messaging (186)
[2023.06.19-19.06.03:906][225]LogModuleManager: Shutting down and abandoning module SourceCodeAccess (184)
[2023.06.19-19.06.03:906][225]LogModuleManager: Shutting down and abandoning module HeadMountedDisplay (182)
[2023.06.19-19.06.03:906][225]LogModuleManager: Shutting down and abandoning module XAudio2 (180)
[2023.06.19-19.06.03:906][225]LogModuleManager: Shutting down and abandoning module Networking (178)
[2023.06.19-19.06.03:906][225]LogModuleManager: Shutting down and abandoning module Core (176)
[2023.06.19-19.06.03:906][225]LogModuleManager: Shutting down and abandoning module MovieSceneTools (174)
[2023.06.19-19.06.03:906][225]LogModuleManager: Shutting down and abandoning module KismetCompiler (172)
[2023.06.19-19.06.03:906][225]LogModuleManager: Shutting down and abandoning module MeshUtilities (170)
[2023.06.19-19.06.03:906][225]LogModuleManager: Shutting down and abandoning module MeshMergeUtilities (169)
[2023.06.19-19.06.03:906][225]LogModuleManager: Shutting down and abandoning module MeshReductionInterface (168)
[2023.06.19-19.06.03:906][225]LogModuleManager: Shutting down and abandoning module MeshBoneReduction (167)
[2023.06.19-19.06.03:906][225]LogModuleManager: Shutting down and abandoning module SkeletalMeshReduction (165)
[2023.06.19-19.06.03:906][225]LogModuleManager: Shutting down and abandoning module ProxyLODMeshReduction (163)
[2023.06.19-19.06.03:906][225]LogModuleManager: Shutting down and abandoning module QuadricMeshReduction (161)
[2023.06.19-19.06.03:906][225]LogModuleManager: Shutting down and abandoning module MaterialBaking (157)
[2023.06.19-19.06.03:906][225]LogModuleManager: Shutting down and abandoning module NullInstallBundleManager (152)
[2023.06.19-19.06.03:906][225]LogModuleManager: Shutting down and abandoning module PIEPreviewDeviceProfileSelector (150)
[2023.06.19-19.06.03:906][225]LogModuleManager: Shutting down and abandoning module DerivedDataCache (148)
[2023.06.19-19.06.03:907][225]LogDerivedDataCache: Shutdown
[2023.06.19-19.06.03:907][225]LogModuleManager: Shutting down and abandoning module XGEController (146)
[2023.06.19-19.06.03:907][225]LogModuleManager: Shutting down and abandoning module TargetPlatform (144)
[2023.06.19-19.06.03:907][225]LogModuleManager: Shutting down and abandoning module VulkanShaderFormat (143)
[2023.06.19-19.06.03:907][225]LogModuleManager: Shutting down and abandoning module ShaderFormatVectorVM (141)
[2023.06.19-19.06.03:907][225]LogModuleManager: Shutting down and abandoning module ShaderFormatOpenGL (139)
[2023.06.19-19.06.03:907][225]LogModuleManager: Shutting down and abandoning module ShaderFormatD3D (137)
[2023.06.19-19.06.03:907][225]LogModuleManager: Shutting down and abandoning module MetalShaderFormat (135)
[2023.06.19-19.06.03:907][225]LogModuleManager: Shutting down and abandoning module TextureFormatUncompressed (133)
[2023.06.19-19.06.03:907][225]LogModuleManager: Shutting down and abandoning module TextureFormatPVR (131)
[2023.06.19-19.06.03:907][225]LogModuleManager: Shutting down and abandoning module TextureFormatDXT (129)
[2023.06.19-19.06.03:907][225]LogModuleManager: Shutting down and abandoning module TextureFormatIntelISPCTexComp (127)
[2023.06.19-19.06.03:907][225]LogModuleManager: Shutting down and abandoning module TextureFormatASTC (125)
[2023.06.19-19.06.03:907][225]LogModuleManager: Shutting down and abandoning module ImageWrapper (124)
[2023.06.19-19.06.03:907][225]LogModuleManager: Shutting down and abandoning module TextureFormatAndroid (121)
[2023.06.19-19.06.03:907][225]LogModuleManager: Shutting down and abandoning module AudioFormatOpus (119)
[2023.06.19-19.06.03:907][225]LogModuleManager: Shutting down and abandoning module AudioFormatOgg (117)
[2023.06.19-19.06.03:907][225]LogModuleManager: Shutting down and abandoning module AudioFormatADPCM (115)
[2023.06.19-19.06.03:907][225]LogModuleManager: Shutting down and abandoning module WindowsServerTargetPlatform (113)
[2023.06.19-19.06.03:907][225]LogModuleManager: Shutting down and abandoning module WindowsClientTargetPlatform (111)
[2023.06.19-19.06.03:907][225]LogModuleManager: Shutting down and abandoning module WindowsTargetPlatform (109)
[2023.06.19-19.06.03:907][225]LogModuleManager: Shutting down and abandoning module WindowsNoEditorTargetPlatform (107)
[2023.06.19-19.06.03:907][225]LogModuleManager: Shutting down and abandoning module InputCore (104)
[2023.06.19-19.06.03:907][225]LogModuleManager: Shutting down and abandoning module Settings (102)
[2023.06.19-19.06.03:907][225]LogModuleManager: Shutting down and abandoning module PhysXCooking (100)
[2023.06.19-19.06.03:907][225]LogModuleManager: Shutting down and abandoning module ChaosSolvers (98)
[2023.06.19-19.06.03:907][225]LogModuleManager: Shutting down and abandoning module FieldSystemEngine (97)
[2023.06.19-19.06.03:907][225]LogModuleManager: Shutting down and abandoning module Chaos (94)
[2023.06.19-19.06.03:907][225]LogModuleManager: Shutting down and abandoning module WindowsPlatformFeatures (92)
[2023.06.19-19.06.03:907][225]LogModuleManager: Shutting down and abandoning module GameplayMediaEncoder (91)
[2023.06.19-19.06.03:907][225]LogModuleManager: Shutting down and abandoning module SteamVRInputDevice (88)
[2023.06.19-19.06.03:907][225]LogModuleManager: Shutting down and abandoning module SteamVRInput (86)
[2023.06.19-19.06.03:907][225]LogModuleManager: Shutting down and abandoning module SteamVR (84)
[2023.06.19-19.06.03:907][225]LogHMD: Freeing OpenVRDLLHandle.
[2023.06.19-19.06.03:907][225]LogModuleManager: Shutting down and abandoning module OculusHMD (82)
[2023.06.19-19.06.03:907][225]LogModuleManager: Shutting down and abandoning module ExampleDeviceProfileSelector (80)
[2023.06.19-19.06.03:907][225]LogModuleManager: Shutting down and abandoning module LauncherChunkInstaller (78)
[2023.06.19-19.06.03:907][225]LogModuleManager: Shutting down and abandoning module OnlineBlueprintSupport (76)
[2023.06.19-19.06.03:907][225]LogModuleManager: Shutting down and abandoning module OnlineSubsystem (72)
[2023.06.19-19.06.03:908][225]LogModuleManager: Shutting down and abandoning module XMPP (67)
[2023.06.19-19.06.03:908][225]LogModuleManager: Shutting down and abandoning module WebSockets (66)
[2023.06.19-19.06.03:920][225]LogModuleManager: Shutting down and abandoning module HTTP (63)
[2023.06.19-19.06.03:943][225]LogModuleManager: Shutting down and abandoning module SSL (62)
[2023.06.19-19.06.03:944][225]LogModuleManager: Shutting down and abandoning module WmfMedia (58)
[2023.06.19-19.06.03:945][225]LogModuleManager: Shutting down and abandoning module Media (57)
[2023.06.19-19.06.03:946][225]LogModuleManager: Shutting down and abandoning module MagicLeap (54)
[2023.06.19-19.06.03:946][225]LogModuleManager: Shutting down and abandoning module VariantManagerContent (52)
[2023.06.19-19.06.03:946][225]LogModuleManager: Shutting down and abandoning module DatasmithContent (50)
[2023.06.19-19.06.03:946][225]LogModuleManager: Shutting down and abandoning module AISupportModule (48)
[2023.06.19-19.06.03:946][225]LogModuleManager: Shutting down and abandoning module DesktopPlatform (46)
[2023.06.19-19.06.03:946][225]LogModuleManager: Shutting down and abandoning module PlatformCryptoOpenSSL (44)
[2023.06.19-19.06.03:946][225]LogModuleManager: Shutting down and abandoning module PlatformCryptoTypes (42)
[2023.06.19-19.06.03:946][225]LogModuleManager: Shutting down and abandoning module PlatformCrypto (40)
[2023.06.19-19.06.03:946][225]LogModuleManager: Shutting down and abandoning module AnimationModifiers (38)
[2023.06.19-19.06.03:946][225]LogModuleManager: Shutting down and abandoning module PropertyEditor (37)
[2023.06.19-19.06.03:946][225]LogModuleManager: Shutting down and abandoning module AudioEditor (34)
[2023.06.19-19.06.03:946][225]LogModuleManager: Shutting down and abandoning module TextureCompressor (32)
[2023.06.19-19.06.03:946][225]LogModuleManager: Shutting down and abandoning module RenderCore (30)
[2023.06.19-19.06.03:946][225]LogModuleManager: Shutting down and abandoning module Landscape (28)
[2023.06.19-19.06.03:947][225]LogModuleManager: Shutting down and abandoning module SlateRHIRenderer (26)
[2023.06.19-19.06.03:949][225]LogModuleManager: Shutting down and abandoning module OpenGLDrv (24)
[2023.06.19-19.06.03:949][225]LogModuleManager: Shutting down and abandoning module D3D11RHI (22)
[2023.06.19-19.06.03:949][225]LogModuleManager: Shutting down and abandoning module AnimGraphRuntime (20)
[2023.06.19-19.06.03:949][225]LogModuleManager: Shutting down and abandoning module Renderer (18)
[2023.06.19-19.06.03:949][225]LogModuleManager: Shutting down and abandoning module Engine (16)
[2023.06.19-19.06.03:949][225]LogModuleManager: Shutting down and abandoning module CoreUObject (14)
[2023.06.19-19.06.03:949][225]LogModuleManager: Shutting down and abandoning module NetworkFile (12)
[2023.06.19-19.06.03:949][225]LogModuleManager: Shutting down and abandoning module CookedIterativeFile (10)
[2023.06.19-19.06.03:949][225]LogModuleManager: Shutting down and abandoning module StreamingFile (8)
[2023.06.19-19.06.03:949][225]LogModuleManager: Shutting down and abandoning module SandboxFile (6)
[2023.06.19-19.06.03:949][225]LogModuleManager: Shutting down and abandoning module PakFile (4)
[2023.06.19-19.06.03:949][225]LogModuleManager: Shutting down and abandoning module RSA (3)
[2023.06.19-19.06.03:949][225]LogD3D11RHI: Shutdown
[2023.06.19-19.06.03:950][225]LogD3D11RHI: CleanupD3DDevice
[2023.06.19-19.06.03:955][225]LogExit: Exiting.
[2023.06.19-19.06.03:969][225]Log file closed, 06/20/23 04:06:03
