Log file open, 05/25/23 23:03:34
LogWindows: Failed to load 'aqProf.dll' (GetLastError=126)
LogWindows: File 'aqProf.dll' does not exist
LogWindows: Failed to load 'VtuneApi.dll' (GetLastError=126)
LogWindows: File 'VtuneApi.dll' does not exist
LogWindows: Failed to load 'VtuneApi32e.dll' (GetLastError=126)
LogWindows: File 'VtuneApi32e.dll' does not exist
LogConsoleResponse: Display: Failed to find resolution value strings in scalability ini. Falling back to default.
LogInit: Display: Running engine for game: RossiNante
LogPlatformFile: Not using cached read wrapper
LogTaskGraph: Started task graph with 5 named threads and 47 total threads with 3 sets of task threads.
LogStats: Stats thread started at 0.059679
LogD3D11RHI: Loaded GFSDK_Aftermath_Lib.x64.dll
LogICUInternationalization: ICU TimeZone Detection - Raw Offset: +9:00, Platform Override: ''
LogPluginManager: Mounting plugin Paper2D
LogPluginManager: Mounting plugin AISupport
LogPluginManager: Mounting plugin LightPropagationVolume
LogPluginManager: Mounting plugin ActorLayerUtilities
LogPluginManager: Mounting plugin AnimationSharing
LogPluginManager: Mounting plugin CLionSourceCodeAccess
LogPluginManager: Mounting plugin CodeLiteSourceCodeAccess
LogPluginManager: Mounting plugin GitSourceControl
LogPluginManager: Mounting plugin KDevelopSourceCodeAccess
LogPluginManager: Mounting plugin NullSourceCodeAccess
LogPluginManager: Mounting plugin PerforceSourceControl
LogPluginManager: Mounting plugin PlasticSourceControl
LogPluginManager: Mounting plugin SubversionSourceControl
LogPluginManager: Mounting plugin UObjectPlugin
LogPluginManager: Mounting plugin VisualStudioCodeSourceCodeAccess
LogPluginManager: Mounting plugin VisualStudioSourceCodeAccess
LogPluginManager: Mounting plugin XCodeSourceCodeAccess
LogPluginManager: Mounting plugin AssetManagerEditor
LogPluginManager: Mounting plugin CryptoKeys
LogPluginManager: Mounting plugin CurveEditorTools
LogPluginManager: Mounting plugin DataValidation
LogPluginManager: Mounting plugin FacialAnimation
LogPluginManager: Mounting plugin GameplayTagsEditor
LogPluginManager: Mounting plugin MacGraphicsSwitching
LogPluginManager: Mounting plugin MaterialAnalyzer
LogPluginManager: Mounting plugin MobileLauncherProfileWizard
LogPluginManager: Mounting plugin PluginBrowser
LogPluginManager: Mounting plugin SpeedTreeImporter
LogPluginManager: Mounting plugin DatasmithContent
LogPluginManager: Mounting plugin VariantManagerContent
LogPluginManager: Mounting plugin AlembicImporter
LogPluginManager: Mounting plugin AutomationUtils
LogPluginManager: Mounting plugin BackChannel
LogPluginManager: Mounting plugin CharacterAI
LogPluginManager: Mounting plugin GeometryCache
LogPluginManager: Mounting plugin PlatformCrypto
LogPluginManager: Mounting plugin ProxyLODPlugin
LogPluginManager: Mounting plugin SkeletalReduction
LogPluginManager: Mounting plugin MagicLeap
LogPluginManager: Mounting plugin MagicLeapMedia
LogPluginManager: Mounting plugin MLSDK
LogPluginManager: Mounting plugin AndroidMedia
LogPluginManager: Mounting plugin AvfMedia
LogPluginManager: Mounting plugin ImgMedia
LogPluginManager: Mounting plugin MediaCompositing
LogPluginManager: Mounting plugin MediaPlayerEditor
LogPluginManager: Mounting plugin WebMMedia
LogPluginManager: Mounting plugin WmfMedia
LogPluginManager: Mounting plugin TcpMessaging
LogPluginManager: Mounting plugin UdpMessaging
LogPluginManager: Mounting plugin ActorSequence
LogPluginManager: Mounting plugin LevelSequenceEditor
LogPluginManager: Mounting plugin MatineeToLevelSequence
LogPluginManager: Mounting plugin NetcodeUnitTest
LogPluginManager: Mounting plugin NUTUnrealEngine4
LogPluginManager: Mounting plugin OnlineSubsystemGooglePlay
LogPluginManager: Mounting plugin OnlineSubsystemIOS
LogPluginManager: Mounting plugin OnlineSubsystem
LogPluginManager: Mounting plugin OnlineSubsystemNull
LogPluginManager: Mounting plugin OnlineSubsystemUtils
LogPluginManager: Mounting plugin LauncherChunkInstaller
LogPluginManager: Mounting plugin AndroidDeviceProfileSelector
LogPluginManager: Mounting plugin AndroidMoviePlayer
LogPluginManager: Mounting plugin AndroidPermission
LogPluginManager: Mounting plugin AppleImageUtils
LogPluginManager: Mounting plugin AppleMoviePlayer
LogPluginManager: Mounting plugin ArchVisCharacter
LogPluginManager: Mounting plugin AssetTags
LogPluginManager: Mounting plugin AudioCapture
LogPluginManager: Mounting plugin CableComponent
LogPluginManager: Mounting plugin CustomMeshComponent
LogPluginManager: Mounting plugin EditableMesh
LogPluginManager: Mounting plugin ExampleDeviceProfileSelector
LogPluginManager: Mounting plugin GoogleCloudMessaging
LogPluginManager: Mounting plugin IOSDeviceProfileSelector
LogPluginManager: Mounting plugin LinuxDeviceProfileSelector
LogPluginManager: Mounting plugin LocationServicesBPLibrary
LogPluginManager: Mounting plugin MobilePatchingUtils
LogPluginManager: Mounting plugin OculusVR
LogPluginManager: Mounting plugin PhysXVehicles
LogPluginManager: Mounting plugin PostSplashScreen
LogPluginManager: Mounting plugin ProceduralMeshComponent
LogPluginManager: Mounting plugin RuntimePhysXCooking
LogPluginManager: Mounting plugin SignificanceManager
LogPluginManager: Mounting plugin SteamVR
LogPluginManager: Mounting plugin WebMMoviePlayer
LogPluginManager: Mounting plugin WindowsMoviePlayer
LogPluginManager: Mounting plugin ScreenshotTools
LogInit: Using libcurl 7.55.1-DEV
LogInit:  - built for x86_64-pc-win32
LogInit:  - supports SSL with OpenSSL/1.1.1
LogInit:  - supports HTTP deflate (compression) using libz 1.2.8
LogInit:  - other features:
LogInit:      CURL_VERSION_SSL
LogInit:      CURL_VERSION_LIBZ
LogInit:      CURL_VERSION_IPV6
LogInit:      CURL_VERSION_ASYNCHDNS
LogInit:      CURL_VERSION_LARGEFILE
LogInit:      CURL_VERSION_IDN
LogInit:  CurlRequestOptions (configurable via config and command line):
LogInit:  - bVerifyPeer = true  - Libcurl will verify peer certificate
LogInit:  - bUseHttpProxy = false  - Libcurl will NOT use HTTP proxy
LogInit:  - bDontReuseConnections = false  - Libcurl will reuse connections
LogInit:  - MaxHostConnections = 16  - Libcurl will limit the number of connections to a host
LogInit:  - LocalHostAddr = Default
LogInit:  - BufferSize = 65536
LogOnline: OSS: Creating online subsystem instance for: NULL
LogInit: WinSock: version 1.1 (2.2), MaxSocks=32767, MaxUdp=65467
LogOnline: OSS: TryLoadSubsystemAndSetDefault: Loaded subsystem for module [NULL]
LogInit: Build: ++UE4+Release-4.24-CL-11590370
LogInit: Engine Version: 4.24.3-11590370+++UE4+Release-4.24
LogInit: Compatible Engine Version: 4.24.0-10570792+++UE4+Release-4.24
LogInit: Net CL: 10570792
LogInit: OS: Windows 10 (Release 2009) (), CPU: AMD Ryzen 7 5800X 8-Core Processor             , GPU: NVIDIA GeForce RTX 2080 SUPER
LogInit: Compiled (64-bit): Feb 24 2020 15:39:18
LogInit: Compiled with Visual C++: 19.16.27032.01
LogInit: Build Configuration: Development
LogInit: Branch Name: ++UE4+Release-4.24
LogInit: Command Line: 
LogInit: Base Directory: C:/Program Files/Epic Games/UE_4.24/Engine/Binaries/Win64/
LogInit: Installed Engine Build: 1
LogDevObjectVersion: Number of dev versions registered: 25
LogDevObjectVersion:   Dev-Blueprints (B0D832E4-1F89-4F0D-ACCF-7EB736FD4AA2): 10
LogDevObjectVersion:   Dev-Build (E1C64328-A22C-4D53-A36C-8E866417BD8C): 0
LogDevObjectVersion:   Dev-Core (375EC13C-06E4-48FB-B500-84F0262A717E): 3
LogDevObjectVersion:   Dev-Editor (E4B068ED-F494-42E9-A231-DA0B2E46BB41): 37
LogDevObjectVersion:   Dev-Framework (CFFC743F-43B0-4480-9391-14DF171D2073): 36
LogDevObjectVersion:   Dev-Mobile (B02B49B5-BB20-44E9-A304-32B752E40360): 2
LogDevObjectVersion:   Dev-Networking (A4E4105C-59A1-49B5-A7C5-40C4547EDFEE): 0
LogDevObjectVersion:   Dev-Online (39C831C9-5AE6-47DC-9A44-9C173E1C8E7C): 0
LogDevObjectVersion:   Dev-Physics (78F01B33-EBEA-4F98-B9B4-84EACCB95AA2): 2
LogDevObjectVersion:   Dev-Platform (6631380F-2D4D-43E0-8009-CF276956A95A): 0
LogDevObjectVersion:   Dev-Rendering (12F88B9F-8875-4AFC-A67C-D90C383ABD29): 36
LogDevObjectVersion:   Dev-Sequencer (7B5AE74C-D270-4C10-A958-57980B212A5A): 11
LogDevObjectVersion:   Dev-VR (D7296918-1DD6-4BDD-9DE2-64A83CC13884): 2
LogDevObjectVersion:   Dev-LoadTimes (C2A15278-BFE7-4AFE-6C17-90FF531DF755): 1
LogDevObjectVersion:   Private-Geometry (6EACA3D4-40EC-4CC1-B786-8BED09428FC5): 3
LogDevObjectVersion:   Dev-AnimPhys (29E575DD-E0A3-4627-9D10-D276232CDCEA): 17
LogDevObjectVersion:   Dev-Anim (AF43A65D-7FD3-4947-9873-3E8ED9C1BB05): 2
LogDevObjectVersion:   Dev-ReflectionCapture (6B266CEC-1EC7-4B8F-A30B-E4D90942FC07): 1
LogDevObjectVersion:   Dev-Automation (0DF73D61-A23F-47EA-B727-89E90C41499A): 1
LogDevObjectVersion:   FortniteMain (601D1886-AC64-4F84-AA16-D3DE0DEAC7D6): 31
LogDevObjectVersion:   Dev-Enterprise (9DFFBCD6-494F-0158-E221-12823C92A888): 8
LogDevObjectVersion:   Dev-Niagara (F2AED0AC-9AFE-416F-8664-AA7FFA26D6FC): 1
LogDevObjectVersion:   Dev-Destruction (174F1F0B-B4C6-45A5-B13F-2EE8D0FB917D): 9
LogDevObjectVersion:   Dev-Physics-Ext (35F94A83-E258-406C-A318-09F59610247C): 8
LogDevObjectVersion:   Dev-CineCamera (B2E18506-4273-CFC2-A54E-F4BB758BBA07): 1
LogInit: Presizing for max 25165824 objects, including 0 objects not considered by GC, pre-allocating 0 bytes for permanent pool.
LogInit: Object subsystem initialized
LogConfig: Setting CVar [[con.DebugEarlyDefault:1]]
LogConfig: Setting CVar [[r.setres:1280x720]]
[2023.05.25-14.03.34:448][  0]LogConfig: Setting CVar [[r.VSync:0]]
[2023.05.25-14.03.34:448][  0]LogConfig: Setting CVar [[r.RHICmdBypass:0]]
[2023.05.25-14.03.34:448][  0]LogConfig: Applying CVar settings from Section [/Script/Engine.RendererSettings] File [C:/Users/201911183/Desktop/unreal/RossiNante/Saved/Config/Windows/Engine.ini]
[2023.05.25-14.03.34:448][  0]LogConfig: Setting CVar [[r.GPUCrashDebugging:0]]
[2023.05.25-14.03.34:448][  0]LogConfig: Applying CVar settings from Section [/Script/Engine.RendererOverrideSettings] File [C:/Users/201911183/Desktop/unreal/RossiNante/Saved/Config/Windows/Engine.ini]
[2023.05.25-14.03.34:448][  0]LogConfig: Applying CVar settings from Section [/Script/Engine.StreamingSettings] File [C:/Users/201911183/Desktop/unreal/RossiNante/Saved/Config/Windows/Engine.ini]
[2023.05.25-14.03.34:448][  0]LogConfig: Setting CVar [[s.MinBulkDataSizeForAsyncLoading:131072]]
[2023.05.25-14.03.34:448][  0]LogConfig: Setting CVar [[s.AsyncLoadingThreadEnabled:0]]
[2023.05.25-14.03.34:448][  0]LogConfig: Setting CVar [[s.EventDrivenLoaderEnabled:1]]
[2023.05.25-14.03.34:448][  0]LogConfig: Setting CVar [[s.WarnIfTimeLimitExceeded:0]]
[2023.05.25-14.03.34:448][  0]LogConfig: Setting CVar [[s.TimeLimitExceededMultiplier:1.5]]
[2023.05.25-14.03.34:448][  0]LogConfig: Setting CVar [[s.TimeLimitExceededMinTime:0.005]]
[2023.05.25-14.03.34:448][  0]LogConfig: Setting CVar [[s.UseBackgroundLevelStreaming:1]]
[2023.05.25-14.03.34:448][  0]LogConfig: Setting CVar [[s.PriorityAsyncLoadingExtraTime:15.0]]
[2023.05.25-14.03.34:448][  0]LogConfig: Setting CVar [[s.LevelStreamingActorsUpdateTimeLimit:5.0]]
[2023.05.25-14.03.34:448][  0]LogConfig: Setting CVar [[s.PriorityLevelStreamingActorsUpdateExtraTime:5.0]]
[2023.05.25-14.03.34:448][  0]LogConfig: Setting CVar [[s.LevelStreamingComponentsRegistrationGranularity:10]]
[2023.05.25-14.03.34:448][  0]LogConfig: Setting CVar [[s.UnregisterComponentsTimeLimit:1.0]]
[2023.05.25-14.03.34:448][  0]LogConfig: Setting CVar [[s.LevelStreamingComponentsUnregistrationGranularity:5]]
[2023.05.25-14.03.34:448][  0]LogConfig: Setting CVar [[s.FlushStreamingOnExit:1]]
[2023.05.25-14.03.34:448][  0]LogConfig: Applying CVar settings from Section [/Script/Engine.GarbageCollectionSettings] File [C:/Users/201911183/Desktop/unreal/RossiNante/Saved/Config/Windows/Engine.ini]
[2023.05.25-14.03.34:448][  0]LogConfig: Setting CVar [[gc.MaxObjectsNotConsideredByGC:1]]
[2023.05.25-14.03.34:448][  0]LogConfig: Setting CVar [[gc.SizeOfPermanentObjectPool:0]]
[2023.05.25-14.03.34:448][  0]LogConfig: Setting CVar [[gc.FlushStreamingOnGC:0]]
[2023.05.25-14.03.34:448][  0]LogConfig: Setting CVar [[gc.NumRetriesBeforeForcingGC:10]]
[2023.05.25-14.03.34:448][  0]LogConfig: Setting CVar [[gc.AllowParallelGC:1]]
[2023.05.25-14.03.34:448][  0]LogConfig: Setting CVar [[gc.TimeBetweenPurgingPendingKillObjects:61.1]]
[2023.05.25-14.03.34:448][  0]LogConfig: Setting CVar [[gc.MaxObjectsInEditor:25165824]]
[2023.05.25-14.03.34:448][  0]LogConfig: Setting CVar [[gc.IncrementalBeginDestroyEnabled:1]]
[2023.05.25-14.03.34:448][  0]LogConfig: Setting CVar [[gc.CreateGCClusters:1]]
[2023.05.25-14.03.34:449][  0]LogConfig: Setting CVar [[gc.MinGCClusterSize:5]]
[2023.05.25-14.03.34:449][  0]LogConfig: Setting CVar [[gc.ActorClusteringEnabled:0]]
[2023.05.25-14.03.34:449][  0]LogConfig: Setting CVar [[gc.BlueprintClusteringEnabled:0]]
[2023.05.25-14.03.34:449][  0]LogConfig: Setting CVar [[gc.UseDisregardForGCOnDedicatedServers:0]]
[2023.05.25-14.03.34:449][  0]LogConfig: Applying CVar settings from Section [/Script/Engine.NetworkSettings] File [C:/Users/201911183/Desktop/unreal/RossiNante/Saved/Config/Windows/Engine.ini]
[2023.05.25-14.03.34:449][  0]LogConfig: Applying CVar settings from Section [/Script/UnrealEd.CookerSettings] File [C:/Users/201911183/Desktop/unreal/RossiNante/Saved/Config/Windows/Engine.ini]
[2023.05.25-14.03.34:451][  0]LogConfig: Applying CVar settings from Section [ViewDistanceQuality@3] File [C:/Users/201911183/Desktop/unreal/RossiNante/Saved/Config/Windows/Scalability.ini]
[2023.05.25-14.03.34:451][  0]LogConfig: Setting CVar [[r.SkeletalMeshLODBias:0]]
[2023.05.25-14.03.34:451][  0]LogConfig: Setting CVar [[r.ViewDistanceScale:1.0]]
[2023.05.25-14.03.34:451][  0]LogConfig: Applying CVar settings from Section [AntiAliasingQuality@3] File [C:/Users/201911183/Desktop/unreal/RossiNante/Saved/Config/Windows/Scalability.ini]
[2023.05.25-14.03.34:451][  0]LogConfig: Setting CVar [[r.PostProcessAAQuality:4]]
[2023.05.25-14.03.34:451][  0]LogConfig: Applying CVar settings from Section [ShadowQuality@3] File [C:/Users/201911183/Desktop/unreal/RossiNante/Saved/Config/Windows/Scalability.ini]
[2023.05.25-14.03.34:451][  0]LogConfig: Setting CVar [[r.LightFunctionQuality:1]]
[2023.05.25-14.03.34:451][  0]LogConfig: Setting CVar [[r.ShadowQuality:5]]
[2023.05.25-14.03.34:451][  0]LogConfig: Setting CVar [[r.Shadow.CSM.MaxCascades:10]]
[2023.05.25-14.03.34:451][  0]LogConfig: Setting CVar [[r.Shadow.MaxResolution:2048]]
[2023.05.25-14.03.34:451][  0]LogConfig: Setting CVar [[r.Shadow.MaxCSMResolution:2048]]
[2023.05.25-14.03.34:451][  0]LogConfig: Setting CVar [[r.Shadow.RadiusThreshold:0.01]]
[2023.05.25-14.03.34:451][  0]LogConfig: Setting CVar [[r.Shadow.DistanceScale:1.0]]
[2023.05.25-14.03.34:451][  0]LogConfig: Setting CVar [[r.Shadow.CSM.TransitionScale:1.0]]
[2023.05.25-14.03.34:451][  0]LogConfig: Setting CVar [[r.Shadow.PreShadowResolutionFactor:1.0]]
[2023.05.25-14.03.34:451][  0]LogConfig: Setting CVar [[r.DistanceFieldShadowing:1]]
[2023.05.25-14.03.34:451][  0]LogConfig: Setting CVar [[r.DistanceFieldAO:1]]
[2023.05.25-14.03.34:451][  0]LogConfig: Setting CVar [[r.AOQuality:2]]
[2023.05.25-14.03.34:451][  0]LogConfig: Setting CVar [[r.VolumetricFog:1]]
[2023.05.25-14.03.34:451][  0]LogConfig: Setting CVar [[r.VolumetricFog.GridPixelSize:8]]
[2023.05.25-14.03.34:451][  0]LogConfig: Setting CVar [[r.VolumetricFog.GridSizeZ:128]]
[2023.05.25-14.03.34:451][  0]LogConfig: Setting CVar [[r.VolumetricFog.HistoryMissSupersampleCount:4]]
[2023.05.25-14.03.34:451][  0]LogConfig: Setting CVar [[r.LightMaxDrawDistanceScale:1]]
[2023.05.25-14.03.34:451][  0]LogConfig: Setting CVar [[r.CapsuleShadows:1]]
[2023.05.25-14.03.34:451][  0]LogConfig: Applying CVar settings from Section [PostProcessQuality@3] File [C:/Users/201911183/Desktop/unreal/RossiNante/Saved/Config/Windows/Scalability.ini]
[2023.05.25-14.03.34:451][  0]LogConfig: Setting CVar [[r.MotionBlurQuality:4]]
[2023.05.25-14.03.34:451][  0]LogConfig: Setting CVar [[r.AmbientOcclusionMipLevelFactor:0.4]]
[2023.05.25-14.03.34:451][  0]LogConfig: Setting CVar [[r.AmbientOcclusionMaxQuality:100]]
[2023.05.25-14.03.34:451][  0]LogConfig: Setting CVar [[r.AmbientOcclusionLevels:-1]]
[2023.05.25-14.03.34:451][  0]LogConfig: Setting CVar [[r.AmbientOcclusionRadiusScale:1.0]]
[2023.05.25-14.03.34:451][  0]LogConfig: Setting CVar [[r.DepthOfFieldQuality:2]]
[2023.05.25-14.03.34:451][  0]LogConfig: Setting CVar [[r.RenderTargetPoolMin:400]]
[2023.05.25-14.03.34:451][  0]LogConfig: Setting CVar [[r.LensFlareQuality:2]]
[2023.05.25-14.03.34:451][  0]LogConfig: Setting CVar [[r.SceneColorFringeQuality:1]]
[2023.05.25-14.03.34:451][  0]LogConfig: Setting CVar [[r.EyeAdaptationQuality:2]]
[2023.05.25-14.03.34:451][  0]LogConfig: Setting CVar [[r.BloomQuality:5]]
[2023.05.25-14.03.34:451][  0]LogConfig: Setting CVar [[r.FastBlurThreshold:100]]
[2023.05.25-14.03.34:451][  0]LogConfig: Setting CVar [[r.Upscale.Quality:3]]
[2023.05.25-14.03.34:451][  0]LogConfig: Setting CVar [[r.Tonemapper.GrainQuantization:1]]
[2023.05.25-14.03.34:451][  0]LogConfig: Setting CVar [[r.LightShaftQuality:1]]
[2023.05.25-14.03.34:451][  0]LogConfig: Setting CVar [[r.Filter.SizeScale:1]]
[2023.05.25-14.03.34:451][  0]LogConfig: Setting CVar [[r.Tonemapper.Quality:5]]
[2023.05.25-14.03.34:451][  0]LogConfig: Setting CVar [[r.DOF.Gather.AccumulatorQuality:1        ; higher gathering accumulator quality]]
[2023.05.25-14.03.34:451][  0]LogConfig: Setting CVar [[r.DOF.Gather.PostfilterMethod:1          ; Median3x3 postfilering method]]
[2023.05.25-14.03.34:451][  0]LogConfig: Setting CVar [[r.DOF.Gather.EnableBokehSettings:0       ; no bokeh simulation when gathering]]
[2023.05.25-14.03.34:451][  0]LogConfig: Setting CVar [[r.DOF.Gather.RingCount:4                 ; medium number of samples when gathering]]
[2023.05.25-14.03.34:451][  0]LogConfig: Setting CVar [[r.DOF.Scatter.ForegroundCompositing:1    ; additive foreground scattering]]
[2023.05.25-14.03.34:451][  0]LogConfig: Setting CVar [[r.DOF.Scatter.BackgroundCompositing:2    ; additive background scattering]]
[2023.05.25-14.03.34:451][  0]LogConfig: Setting CVar [[r.DOF.Scatter.EnableBokehSettings:1      ; bokeh simulation when scattering]]
[2023.05.25-14.03.34:451][  0]LogConfig: Setting CVar [[r.DOF.Scatter.MaxSpriteRatio:0.1         ; only a maximum of 10% of scattered bokeh]]
[2023.05.25-14.03.34:451][  0]LogConfig: Setting CVar [[r.DOF.Recombine.Quality:1                ; cheap slight out of focus]]
[2023.05.25-14.03.34:451][  0]LogConfig: Setting CVar [[r.DOF.Recombine.EnableBokehSettings:0    ; no bokeh simulation on slight out of focus]]
[2023.05.25-14.03.34:451][  0]LogConfig: Setting CVar [[r.DOF.TemporalAAQuality:1                ; more stable temporal accumulation]]
[2023.05.25-14.03.34:451][  0]LogConfig: Setting CVar [[r.DOF.Kernel.MaxForegroundRadius:0.025]]
[2023.05.25-14.03.34:451][  0]LogConfig: Setting CVar [[r.DOF.Kernel.MaxBackgroundRadius:0.025]]
[2023.05.25-14.03.34:451][  0]LogConfig: Applying CVar settings from Section [TextureQuality@3] File [C:/Users/201911183/Desktop/unreal/RossiNante/Saved/Config/Windows/Scalability.ini]
[2023.05.25-14.03.34:451][  0]LogConfig: Setting CVar [[r.Streaming.MipBias:0]]
[2023.05.25-14.03.34:451][  0]LogConfig: Setting CVar [[r.Streaming.AmortizeCPUToGPUCopy:0]]
[2023.05.25-14.03.34:451][  0]LogConfig: Setting CVar [[r.Streaming.MaxNumTexturesToStreamPerFrame:0]]
[2023.05.25-14.03.34:451][  0]LogConfig: Setting CVar [[r.Streaming.Boost:1]]
[2023.05.25-14.03.34:451][  0]LogConfig: Setting CVar [[r.MaxAnisotropy:8]]
[2023.05.25-14.03.34:451][  0]LogConfig: Setting CVar [[r.VT.MaxAnisotropy:8]]
[2023.05.25-14.03.34:451][  0]LogConfig: Setting CVar [[r.Streaming.LimitPoolSizeToVRAM:0]]
[2023.05.25-14.03.34:451][  0]LogConfig: Setting CVar [[r.Streaming.PoolSize:1000]]
[2023.05.25-14.03.34:451][  0]LogConfig: Setting CVar [[r.Streaming.MaxEffectiveScreenSize:0]]
[2023.05.25-14.03.34:451][  0]LogConfig: Applying CVar settings from Section [EffectsQuality@3] File [C:/Users/201911183/Desktop/unreal/RossiNante/Saved/Config/Windows/Scalability.ini]
[2023.05.25-14.03.34:451][  0]LogConfig: Setting CVar [[r.TranslucencyLightingVolumeDim:64]]
[2023.05.25-14.03.34:451][  0]LogConfig: Setting CVar [[r.RefractionQuality:2]]
[2023.05.25-14.03.34:451][  0]LogConfig: Setting CVar [[r.SSR.Quality:3]]
[2023.05.25-14.03.34:451][  0]LogConfig: Setting CVar [[r.SSR.HalfResSceneColor:0]]
[2023.05.25-14.03.34:451][  0]LogConfig: Setting CVar [[r.SceneColorFormat:4]]
[2023.05.25-14.03.34:452][  0]LogConfig: Setting CVar [[r.DetailMode:2]]
[2023.05.25-14.03.34:452][  0]LogConfig: Setting CVar [[r.TranslucencyVolumeBlur:1]]
[2023.05.25-14.03.34:452][  0]LogConfig: Setting CVar [[r.MaterialQualityLevel:1 ; High quality]]
[2023.05.25-14.03.34:452][  0]LogConfig: Setting CVar [[r.SSS.Scale:1]]
[2023.05.25-14.03.34:452][  0]LogConfig: Setting CVar [[r.SSS.SampleSet:2]]
[2023.05.25-14.03.34:452][  0]LogConfig: Setting CVar [[r.SSS.Quality:1]]
[2023.05.25-14.03.34:452][  0]LogConfig: Setting CVar [[r.SSS.HalfRes:1]]
[2023.05.25-14.03.34:452][  0]LogConfig: Setting CVar [[r.SSGI.Quality:3]]
[2023.05.25-14.03.34:452][  0]LogConfig: Setting CVar [[r.EmitterSpawnRateScale:1.0]]
[2023.05.25-14.03.34:452][  0]LogConfig: Setting CVar [[r.ParticleLightQuality:2]]
[2023.05.25-14.03.34:452][  0]LogConfig: Setting CVar [[r.SkyAtmosphere.AerialPerspectiveLUT.FastApplyOnOpaque:1 ; Always have FastSkyLUT 1 in this case to avoid wrong sky]]
[2023.05.25-14.03.34:452][  0]LogConfig: Setting CVar [[r.SkyAtmosphere.AerialPerspectiveLUT.SampleCountPerSlice:1]]
[2023.05.25-14.03.34:452][  0]LogConfig: Setting CVar [[r.SkyAtmosphere.AerialPerspectiveLUT.DepthResolution:16.0]]
[2023.05.25-14.03.34:452][  0]LogConfig: Setting CVar [[r.SkyAtmosphere.FastSkyLUT:1]]
[2023.05.25-14.03.34:452][  0]LogConfig: Setting CVar [[r.SkyAtmosphere.FastSkyLUT.SampleCountMin:4.0]]
[2023.05.25-14.03.34:452][  0]LogConfig: Setting CVar [[r.SkyAtmosphere.FastSkyLUT.SampleCountMax:32.0]]
[2023.05.25-14.03.34:452][  0]LogConfig: Setting CVar [[r.SkyAtmosphere.SampleCountMin:4.0]]
[2023.05.25-14.03.34:452][  0]LogConfig: Setting CVar [[r.SkyAtmosphere.SampleCountMax:32.0]]
[2023.05.25-14.03.34:452][  0]LogConfig: Setting CVar [[r.SkyAtmosphere.TransmittanceLUT.UseSmallFormat:0]]
[2023.05.25-14.03.34:452][  0]LogConfig: Setting CVar [[r.SkyAtmosphere.TransmittanceLUT.SampleCount:10.0]]
[2023.05.25-14.03.34:452][  0]LogConfig: Setting CVar [[r.SkyAtmosphere.MultiScatteringLUT.SampleCount:15.0]]
[2023.05.25-14.03.34:452][  0]LogConfig: Applying CVar settings from Section [FoliageQuality@3] File [C:/Users/201911183/Desktop/unreal/RossiNante/Saved/Config/Windows/Scalability.ini]
[2023.05.25-14.03.34:452][  0]LogConfig: Setting CVar [[foliage.DensityScale:1.0]]
[2023.05.25-14.03.34:452][  0]LogConfig: Setting CVar [[grass.DensityScale:1.0]]
[2023.05.25-14.03.34:452][  0]LogConfig: Applying CVar settings from Section [ShadingQuality@3] File [C:/Users/201911183/Desktop/unreal/RossiNante/Saved/Config/Windows/Scalability.ini]
[2023.05.25-14.03.34:452][  0]LogConfig: Setting CVar [[r.HairStrands.SkyLighting.SampleCount:16]]
[2023.05.25-14.03.34:452][  0]LogConfig: Setting CVar [[r.HairStrands.SkyLighting.JitterIntegration:0]]
[2023.05.25-14.03.34:452][  0]LogConfig: Setting CVar [[r.HairStrands.SkyAO.SampleCount:16]]
[2023.05.25-14.03.34:452][  0]LogInit: Selected Device Profile: [Windows]
[2023.05.25-14.03.34:452][  0]LogInit: Applying CVar settings loaded from the selected device profile: [Windows]
[2023.05.25-14.03.34:454][  0]LogHAL: Display: Platform has ~ 16 GB [17085329408 / 17179869184 / 16], which maps to Larger [LargestMinGB=32, LargerMinGB=12, DefaultMinGB=8, SmallerMinGB=6, SmallestMinGB=0)
[2023.05.25-14.03.34:454][  0]LogInit: Going up to parent DeviceProfile []
[2023.05.25-14.03.34:454][  0]LogConfig: Applying CVar settings from Section [ViewDistanceQuality@3] File [C:/Users/201911183/Desktop/unreal/RossiNante/Saved/Config/Windows/Scalability.ini]
[2023.05.25-14.03.34:454][  0]LogConfig: Setting CVar [[r.SkeletalMeshLODBias:0]]
[2023.05.25-14.03.34:454][  0]LogConfig: Setting CVar [[r.ViewDistanceScale:1.0]]
[2023.05.25-14.03.34:454][  0]LogConfig: Applying CVar settings from Section [AntiAliasingQuality@3] File [C:/Users/201911183/Desktop/unreal/RossiNante/Saved/Config/Windows/Scalability.ini]
[2023.05.25-14.03.34:454][  0]LogConfig: Setting CVar [[r.PostProcessAAQuality:4]]
[2023.05.25-14.03.34:454][  0]LogConfig: Applying CVar settings from Section [ShadowQuality@3] File [C:/Users/201911183/Desktop/unreal/RossiNante/Saved/Config/Windows/Scalability.ini]
[2023.05.25-14.03.34:454][  0]LogConfig: Setting CVar [[r.LightFunctionQuality:1]]
[2023.05.25-14.03.34:454][  0]LogConfig: Setting CVar [[r.ShadowQuality:5]]
[2023.05.25-14.03.34:454][  0]LogConfig: Setting CVar [[r.Shadow.CSM.MaxCascades:10]]
[2023.05.25-14.03.34:454][  0]LogConfig: Setting CVar [[r.Shadow.MaxResolution:2048]]
[2023.05.25-14.03.34:454][  0]LogConfig: Setting CVar [[r.Shadow.MaxCSMResolution:2048]]
[2023.05.25-14.03.34:454][  0]LogConfig: Setting CVar [[r.Shadow.RadiusThreshold:0.01]]
[2023.05.25-14.03.34:454][  0]LogConfig: Setting CVar [[r.Shadow.DistanceScale:1.0]]
[2023.05.25-14.03.34:454][  0]LogConfig: Setting CVar [[r.Shadow.CSM.TransitionScale:1.0]]
[2023.05.25-14.03.34:454][  0]LogConfig: Setting CVar [[r.Shadow.PreShadowResolutionFactor:1.0]]
[2023.05.25-14.03.34:454][  0]LogConfig: Setting CVar [[r.DistanceFieldShadowing:1]]
[2023.05.25-14.03.34:455][  0]LogConfig: Setting CVar [[r.DistanceFieldAO:1]]
[2023.05.25-14.03.34:455][  0]LogConfig: Setting CVar [[r.AOQuality:2]]
[2023.05.25-14.03.34:455][  0]LogConfig: Setting CVar [[r.VolumetricFog:1]]
[2023.05.25-14.03.34:455][  0]LogConfig: Setting CVar [[r.VolumetricFog.GridPixelSize:8]]
[2023.05.25-14.03.34:455][  0]LogConfig: Setting CVar [[r.VolumetricFog.GridSizeZ:128]]
[2023.05.25-14.03.34:455][  0]LogConfig: Setting CVar [[r.VolumetricFog.HistoryMissSupersampleCount:4]]
[2023.05.25-14.03.34:455][  0]LogConfig: Setting CVar [[r.LightMaxDrawDistanceScale:1]]
[2023.05.25-14.03.34:455][  0]LogConfig: Setting CVar [[r.CapsuleShadows:1]]
[2023.05.25-14.03.34:455][  0]LogConfig: Applying CVar settings from Section [PostProcessQuality@3] File [C:/Users/201911183/Desktop/unreal/RossiNante/Saved/Config/Windows/Scalability.ini]
[2023.05.25-14.03.34:455][  0]LogConfig: Setting CVar [[r.MotionBlurQuality:4]]
[2023.05.25-14.03.34:455][  0]LogConfig: Setting CVar [[r.AmbientOcclusionMipLevelFactor:0.4]]
[2023.05.25-14.03.34:455][  0]LogConfig: Setting CVar [[r.AmbientOcclusionMaxQuality:100]]
[2023.05.25-14.03.34:455][  0]LogConfig: Setting CVar [[r.AmbientOcclusionLevels:-1]]
[2023.05.25-14.03.34:455][  0]LogConfig: Setting CVar [[r.AmbientOcclusionRadiusScale:1.0]]
[2023.05.25-14.03.34:455][  0]LogConfig: Setting CVar [[r.DepthOfFieldQuality:2]]
[2023.05.25-14.03.34:455][  0]LogConfig: Setting CVar [[r.RenderTargetPoolMin:400]]
[2023.05.25-14.03.34:455][  0]LogConfig: Setting CVar [[r.LensFlareQuality:2]]
[2023.05.25-14.03.34:455][  0]LogConfig: Setting CVar [[r.SceneColorFringeQuality:1]]
[2023.05.25-14.03.34:455][  0]LogConfig: Setting CVar [[r.EyeAdaptationQuality:2]]
[2023.05.25-14.03.34:455][  0]LogConfig: Setting CVar [[r.BloomQuality:5]]
[2023.05.25-14.03.34:455][  0]LogConfig: Setting CVar [[r.FastBlurThreshold:100]]
[2023.05.25-14.03.34:455][  0]LogConfig: Setting CVar [[r.Upscale.Quality:3]]
[2023.05.25-14.03.34:455][  0]LogConfig: Setting CVar [[r.Tonemapper.GrainQuantization:1]]
[2023.05.25-14.03.34:455][  0]LogConfig: Setting CVar [[r.LightShaftQuality:1]]
[2023.05.25-14.03.34:455][  0]LogConfig: Setting CVar [[r.Filter.SizeScale:1]]
[2023.05.25-14.03.34:455][  0]LogConfig: Setting CVar [[r.Tonemapper.Quality:5]]
[2023.05.25-14.03.34:455][  0]LogConfig: Setting CVar [[r.DOF.Gather.AccumulatorQuality:1        ; higher gathering accumulator quality]]
[2023.05.25-14.03.34:455][  0]LogConfig: Setting CVar [[r.DOF.Gather.PostfilterMethod:1          ; Median3x3 postfilering method]]
[2023.05.25-14.03.34:455][  0]LogConfig: Setting CVar [[r.DOF.Gather.EnableBokehSettings:0       ; no bokeh simulation when gathering]]
[2023.05.25-14.03.34:455][  0]LogConfig: Setting CVar [[r.DOF.Gather.RingCount:4                 ; medium number of samples when gathering]]
[2023.05.25-14.03.34:455][  0]LogConfig: Setting CVar [[r.DOF.Scatter.ForegroundCompositing:1    ; additive foreground scattering]]
[2023.05.25-14.03.34:455][  0]LogConfig: Setting CVar [[r.DOF.Scatter.BackgroundCompositing:2    ; additive background scattering]]
[2023.05.25-14.03.34:455][  0]LogConfig: Setting CVar [[r.DOF.Scatter.EnableBokehSettings:1      ; bokeh simulation when scattering]]
[2023.05.25-14.03.34:455][  0]LogConfig: Setting CVar [[r.DOF.Scatter.MaxSpriteRatio:0.1         ; only a maximum of 10% of scattered bokeh]]
[2023.05.25-14.03.34:455][  0]LogConfig: Setting CVar [[r.DOF.Recombine.Quality:1                ; cheap slight out of focus]]
[2023.05.25-14.03.34:455][  0]LogConfig: Setting CVar [[r.DOF.Recombine.EnableBokehSettings:0    ; no bokeh simulation on slight out of focus]]
[2023.05.25-14.03.34:455][  0]LogConfig: Setting CVar [[r.DOF.TemporalAAQuality:1                ; more stable temporal accumulation]]
[2023.05.25-14.03.34:455][  0]LogConfig: Setting CVar [[r.DOF.Kernel.MaxForegroundRadius:0.025]]
[2023.05.25-14.03.34:455][  0]LogConfig: Setting CVar [[r.DOF.Kernel.MaxBackgroundRadius:0.025]]
[2023.05.25-14.03.34:455][  0]LogConfig: Applying CVar settings from Section [TextureQuality@3] File [C:/Users/201911183/Desktop/unreal/RossiNante/Saved/Config/Windows/Scalability.ini]
[2023.05.25-14.03.34:455][  0]LogConfig: Setting CVar [[r.Streaming.MipBias:0]]
[2023.05.25-14.03.34:455][  0]LogConfig: Setting CVar [[r.Streaming.AmortizeCPUToGPUCopy:0]]
[2023.05.25-14.03.34:455][  0]LogConfig: Setting CVar [[r.Streaming.MaxNumTexturesToStreamPerFrame:0]]
[2023.05.25-14.03.34:455][  0]LogConfig: Setting CVar [[r.Streaming.Boost:1]]
[2023.05.25-14.03.34:455][  0]LogConfig: Setting CVar [[r.MaxAnisotropy:8]]
[2023.05.25-14.03.34:455][  0]LogConfig: Setting CVar [[r.VT.MaxAnisotropy:8]]
[2023.05.25-14.03.34:455][  0]LogConfig: Setting CVar [[r.Streaming.LimitPoolSizeToVRAM:0]]
[2023.05.25-14.03.34:455][  0]LogConfig: Setting CVar [[r.Streaming.PoolSize:1000]]
[2023.05.25-14.03.34:455][  0]LogConfig: Setting CVar [[r.Streaming.MaxEffectiveScreenSize:0]]
[2023.05.25-14.03.34:455][  0]LogConfig: Applying CVar settings from Section [EffectsQuality@3] File [C:/Users/201911183/Desktop/unreal/RossiNante/Saved/Config/Windows/Scalability.ini]
[2023.05.25-14.03.34:455][  0]LogConfig: Setting CVar [[r.TranslucencyLightingVolumeDim:64]]
[2023.05.25-14.03.34:455][  0]LogConfig: Setting CVar [[r.RefractionQuality:2]]
[2023.05.25-14.03.34:455][  0]LogConfig: Setting CVar [[r.SSR.Quality:3]]
[2023.05.25-14.03.34:455][  0]LogConfig: Setting CVar [[r.SSR.HalfResSceneColor:0]]
[2023.05.25-14.03.34:455][  0]LogConfig: Setting CVar [[r.SceneColorFormat:4]]
[2023.05.25-14.03.34:455][  0]LogConfig: Setting CVar [[r.DetailMode:2]]
[2023.05.25-14.03.34:455][  0]LogConfig: Setting CVar [[r.TranslucencyVolumeBlur:1]]
[2023.05.25-14.03.34:455][  0]LogConfig: Setting CVar [[r.MaterialQualityLevel:1 ; High quality]]
[2023.05.25-14.03.34:455][  0]LogConfig: Setting CVar [[r.SSS.Scale:1]]
[2023.05.25-14.03.34:455][  0]LogConfig: Setting CVar [[r.SSS.SampleSet:2]]
[2023.05.25-14.03.34:455][  0]LogConfig: Setting CVar [[r.SSS.Quality:1]]
[2023.05.25-14.03.34:455][  0]LogConfig: Setting CVar [[r.SSS.HalfRes:1]]
[2023.05.25-14.03.34:455][  0]LogConfig: Setting CVar [[r.SSGI.Quality:3]]
[2023.05.25-14.03.34:455][  0]LogConfig: Setting CVar [[r.EmitterSpawnRateScale:1.0]]
[2023.05.25-14.03.34:455][  0]LogConfig: Setting CVar [[r.ParticleLightQuality:2]]
[2023.05.25-14.03.34:455][  0]LogConfig: Setting CVar [[r.SkyAtmosphere.AerialPerspectiveLUT.FastApplyOnOpaque:1 ; Always have FastSkyLUT 1 in this case to avoid wrong sky]]
[2023.05.25-14.03.34:455][  0]LogConfig: Setting CVar [[r.SkyAtmosphere.AerialPerspectiveLUT.SampleCountPerSlice:1]]
[2023.05.25-14.03.34:455][  0]LogConfig: Setting CVar [[r.SkyAtmosphere.AerialPerspectiveLUT.DepthResolution:16.0]]
[2023.05.25-14.03.34:455][  0]LogConfig: Setting CVar [[r.SkyAtmosphere.FastSkyLUT:1]]
[2023.05.25-14.03.34:455][  0]LogConfig: Setting CVar [[r.SkyAtmosphere.FastSkyLUT.SampleCountMin:4.0]]
[2023.05.25-14.03.34:455][  0]LogConfig: Setting CVar [[r.SkyAtmosphere.FastSkyLUT.SampleCountMax:32.0]]
[2023.05.25-14.03.34:455][  0]LogConfig: Setting CVar [[r.SkyAtmosphere.SampleCountMin:4.0]]
[2023.05.25-14.03.34:455][  0]LogConfig: Setting CVar [[r.SkyAtmosphere.SampleCountMax:32.0]]
[2023.05.25-14.03.34:455][  0]LogConfig: Setting CVar [[r.SkyAtmosphere.TransmittanceLUT.UseSmallFormat:0]]
[2023.05.25-14.03.34:455][  0]LogConfig: Setting CVar [[r.SkyAtmosphere.TransmittanceLUT.SampleCount:10.0]]
[2023.05.25-14.03.34:455][  0]LogConfig: Setting CVar [[r.SkyAtmosphere.MultiScatteringLUT.SampleCount:15.0]]
[2023.05.25-14.03.34:455][  0]LogConfig: Applying CVar settings from Section [FoliageQuality@3] File [C:/Users/201911183/Desktop/unreal/RossiNante/Saved/Config/Windows/Scalability.ini]
[2023.05.25-14.03.34:455][  0]LogConfig: Setting CVar [[foliage.DensityScale:1.0]]
[2023.05.25-14.03.34:455][  0]LogConfig: Setting CVar [[grass.DensityScale:1.0]]
[2023.05.25-14.03.34:455][  0]LogConfig: Applying CVar settings from Section [ShadingQuality@3] File [C:/Users/201911183/Desktop/unreal/RossiNante/Saved/Config/Windows/Scalability.ini]
[2023.05.25-14.03.34:455][  0]LogConfig: Setting CVar [[r.HairStrands.SkyLighting.SampleCount:16]]
[2023.05.25-14.03.34:455][  0]LogConfig: Setting CVar [[r.HairStrands.SkyLighting.JitterIntegration:0]]
[2023.05.25-14.03.34:455][  0]LogConfig: Setting CVar [[r.HairStrands.SkyAO.SampleCount:16]]
[2023.05.25-14.03.34:455][  0]LogConfig: Applying CVar settings from Section [Startup] File [../../../Engine/Config/ConsoleVariables.ini]
[2023.05.25-14.03.34:456][  0]LogConfig: Setting CVar [[net.UseAdaptiveNetUpdateFrequency:0]]
[2023.05.25-14.03.34:456][  0]LogConfig: Setting CVar [[p.chaos.AllowCreatePhysxBodies:1]]
[2023.05.25-14.03.34:456][  0]LogConfig: Applying CVar settings from Section [ConsoleVariables] File [C:/Users/201911183/Desktop/unreal/RossiNante/Saved/Config/Windows/Engine.ini]
[2023.05.25-14.03.34:456][  0]LogInit: Computer: DESKTOP-SIQC98D
[2023.05.25-14.03.34:456][  0]LogInit: User: 201911183
[2023.05.25-14.03.34:456][  0]LogInit: CPU Page size=4096, Cores=8
[2023.05.25-14.03.34:456][  0]LogInit: High frequency timer resolution =10.000000 MHz
[2023.05.25-14.03.34:456][  0]LogMemory: Memory total: Physical=15.9GB (16GB approx)
[2023.05.25-14.03.34:456][  0]LogMemory: Platform Memory Stats for Windows
[2023.05.25-14.03.34:456][  0]LogMemory: Process Physical Memory: 108.49 MB used, 108.49 MB peak
[2023.05.25-14.03.34:456][  0]LogMemory: Process Virtual Memory: 102.91 MB used, 102.91 MB peak
[2023.05.25-14.03.34:456][  0]LogMemory: Physical Memory: 11044.81 MB used,  5249.03 MB free, 16293.84 MB total
[2023.05.25-14.03.34:456][  0]LogMemory: Virtual Memory: 5188.29 MB used,  134212536.00 MB free, 134217728.00 MB total
[2023.05.25-14.03.34:459][  0]LogWindows: WindowsPlatformFeatures enabled
[2023.05.25-14.03.34:504][  0]LogInit: Overriding language with editor language configuration option (en).
[2023.05.25-14.03.34:504][  0]LogInit: Overriding locale with editor culture configuration option ().
[2023.05.25-14.03.34:504][  0]LogInit: Using OS detected locale (ko-KR).
[2023.05.25-14.03.34:650][  0]LogInit: Setting process to per monitor DPI aware
[2023.05.25-14.03.34:742][  0]LogSlate: New Slate User Created.  User Index 0, Is Virtual User: 0
[2023.05.25-14.03.34:742][  0]LogSlate: Slate User Registered.  User Index 0, Is Virtual User: 0
[2023.05.25-14.03.34:995][  0]LogHMD: Failed to initialize OpenVR with code 110
[2023.05.25-14.03.34:995][  0]LogD3D11RHI: D3D11 min allowed feature level: 11_0
[2023.05.25-14.03.34:995][  0]LogD3D11RHI: D3D11 max allowed feature level: 11_0
[2023.05.25-14.03.34:995][  0]LogD3D11RHI: D3D11 adapters:
[2023.05.25-14.03.35:101][  0]LogD3D11RHI:    0. 'NVIDIA GeForce RTX 2080 SUPER' (Feature Level 11_0)
[2023.05.25-14.03.35:101][  0]LogD3D11RHI:       8001/0/8146 MB DedicatedVideo/DedicatedSystem/SharedSystem, Outputs:2, VendorId:0x10de
[2023.05.25-14.03.35:104][  0]LogD3D11RHI:    1. 'Microsoft Basic Render Driver' (Feature Level 11_0)
[2023.05.25-14.03.35:104][  0]LogD3D11RHI:       0/0/8146 MB DedicatedVideo/DedicatedSystem/SharedSystem, Outputs:0, VendorId:0x1414
[2023.05.25-14.03.35:104][  0]LogD3D11RHI: Chosen D3D11 Adapter: 0
[2023.05.25-14.03.35:113][  0]LogD3D11RHI: Creating new Direct3DDevice
[2023.05.25-14.03.35:113][  0]LogD3D11RHI:     GPU DeviceId: 0x1e81 (for the marketing name, search the web for "GPU Device Id")
[2023.05.25-14.03.35:113][  0]LogWindows: EnumDisplayDevices:
[2023.05.25-14.03.35:113][  0]LogWindows:    0. 'NVIDIA GeForce RTX 2080 SUPER' (P:1 D:1)
[2023.05.25-14.03.35:113][  0]LogWindows:    1. 'NVIDIA GeForce RTX 2080 SUPER' (P:0 D:1)
[2023.05.25-14.03.35:114][  0]LogWindows:    2. 'NVIDIA GeForce RTX 2080 SUPER' (P:0 D:0)
[2023.05.25-14.03.35:114][  0]LogWindows:    3. 'NVIDIA GeForce RTX 2080 SUPER' (P:0 D:0)
[2023.05.25-14.03.35:114][  0]LogWindows: DebugString: FoundDriverCount:4 
[2023.05.25-14.03.35:114][  0]LogD3D11RHI:     Adapter Name: NVIDIA GeForce RTX 2080 SUPER
[2023.05.25-14.03.35:114][  0]LogD3D11RHI:   Driver Version: 528.02 (internal:31.0.15.2802, unified:528.02)
[2023.05.25-14.03.35:114][  0]LogD3D11RHI:      Driver Date: 12-22-2022
[2023.05.25-14.03.35:114][  0]LogRHI: Texture pool is 5600 MB (70% of 8001 MB)
[2023.05.25-14.03.35:168][  0]LogD3D11RHI: RHI has support for 64 bit atomics
[2023.05.25-14.03.35:168][  0]LogD3D11RHI: Async texture creation enabled
[2023.05.25-14.03.35:170][  0]LogD3D11RHI: HDR output is supported on display 0 (NvId: 0x80061081).
[2023.05.25-14.03.35:199][  0]LogD3D11RHI: GPU Timing Frequency: 1000.000000 (Debug: 2 2)
[2023.05.25-14.03.35:439][  0]LogTargetPlatformManager: Display: Loaded TargetPlatform 'AllDesktop'
[2023.05.25-14.03.35:461][  0]LogTargetPlatformManager: Display: Loaded TargetPlatform 'Android'
[2023.05.25-14.03.35:461][  0]LogTargetPlatformManager: Display: Loaded TargetPlatform 'Android_ASTC'
[2023.05.25-14.03.35:461][  0]LogTargetPlatformManager: Display: Loaded TargetPlatform 'Android_ATC'
[2023.05.25-14.03.35:461][  0]LogTargetPlatformManager: Display: Loaded TargetPlatform 'Android_DXT'
[2023.05.25-14.03.35:461][  0]LogTargetPlatformManager: Display: Loaded TargetPlatform 'Android_ETC1'
[2023.05.25-14.03.35:461][  0]LogTargetPlatformManager: Display: Loaded TargetPlatform 'Android_ETC1a'
[2023.05.25-14.03.35:461][  0]LogTargetPlatformManager: Display: Loaded TargetPlatform 'Android_ETC2'
[2023.05.25-14.03.35:461][  0]LogTargetPlatformManager: Display: Loaded TargetPlatform 'Android_PVRTC'
[2023.05.25-14.03.35:461][  0]LogTargetPlatformManager: Display: Loaded TargetPlatform 'AndroidClient'
[2023.05.25-14.03.35:461][  0]LogTargetPlatformManager: Display: Loaded TargetPlatform 'Android_ASTCClient'
[2023.05.25-14.03.35:461][  0]LogTargetPlatformManager: Display: Loaded TargetPlatform 'Android_ATCClient'
[2023.05.25-14.03.35:461][  0]LogTargetPlatformManager: Display: Loaded TargetPlatform 'Android_DXTClient'
[2023.05.25-14.03.35:461][  0]LogTargetPlatformManager: Display: Loaded TargetPlatform 'Android_ETC1Client'
[2023.05.25-14.03.35:461][  0]LogTargetPlatformManager: Display: Loaded TargetPlatform 'Android_ETC1aClient'
[2023.05.25-14.03.35:461][  0]LogTargetPlatformManager: Display: Loaded TargetPlatform 'Android_ETC2Client'
[2023.05.25-14.03.35:461][  0]LogTargetPlatformManager: Display: Loaded TargetPlatform 'Android_PVRTCClient'
[2023.05.25-14.03.35:461][  0]LogTargetPlatformManager: Display: Loaded TargetPlatform 'Android_Multi'
[2023.05.25-14.03.35:461][  0]LogTargetPlatformManager: Display: Loaded TargetPlatform 'Android_MultiClient'
[2023.05.25-14.03.35:475][  0]LogTargetPlatformManager: Display: Loaded TargetPlatform 'IOSClient'
[2023.05.25-14.03.35:475][  0]LogTargetPlatformManager: Display: Loaded TargetPlatform 'IOS'
[2023.05.25-14.03.35:480][  0]LogTargetPlatformManager: Display: Loaded TargetPlatform 'LinuxNoEditor'
[2023.05.25-14.03.35:485][  0]LogTargetPlatformManager: Display: Loaded TargetPlatform 'LinuxClient'
[2023.05.25-14.03.35:491][  0]LogTargetPlatformManager: Display: Loaded TargetPlatform 'LinuxServer'
[2023.05.25-14.03.35:496][  0]LogTargetPlatformManager: Display: Loaded TargetPlatform 'LinuxAArch64NoEditor'
[2023.05.25-14.03.35:501][  0]LogTargetPlatformManager: Display: Loaded TargetPlatform 'LinuxAArch64Client'
[2023.05.25-14.03.35:506][  0]LogTargetPlatformManager: Display: Loaded TargetPlatform 'LinuxAArch64Server'
[2023.05.25-14.03.35:522][  0]LogTargetPlatformManager: Display: Loaded TargetPlatform 'Lumin'
[2023.05.25-14.03.35:523][  0]LogTargetPlatformManager: Display: Loaded TargetPlatform 'LuminClient'
[2023.05.25-14.03.35:532][  0]LogTargetPlatformManager: Display: Loaded TargetPlatform 'TVOSClient'
[2023.05.25-14.03.35:532][  0]LogTargetPlatformManager: Display: Loaded TargetPlatform 'TVOS'
[2023.05.25-14.03.35:538][  0]LogTargetPlatformManager: Display: Loaded TargetPlatform 'WindowsNoEditor'
[2023.05.25-14.03.35:543][  0]LogTargetPlatformManager: Display: Loaded TargetPlatform 'Windows'
[2023.05.25-14.03.35:550][  0]LogTargetPlatformManager: Display: Loaded TargetPlatform 'WindowsClient'
[2023.05.25-14.03.35:555][  0]LogTargetPlatformManager: Display: Loaded TargetPlatform 'WindowsServer'
[2023.05.25-14.03.35:555][  0]LogTargetPlatformManager: Display: Building Assets For Windows
[2023.05.25-14.03.35:559][  0]LogAudioDebug: Display: Lib vorbis DLL was dynamically loaded.
[2023.05.25-14.03.35:585][  0]LogShaderCompilers: Guid format shader working directory is -10 characters bigger than the processId version (../../../../../../Users/201911183/Desktop/unreal/RossiNante/Intermediate/Shaders/WorkingDirectory/30644/).
[2023.05.25-14.03.35:585][  0]LogShaderCompilers: Cleaned the shader compiler working directory 'C:/Users/201911183/AppData/Local/Temp/UnrealShaderWorkingDir/10826A4C41585EA57C843AAA2CA3E74D/'.
[2023.05.25-14.03.35:585][  0]LogXGEController: Cleaning working directory: C:/Users/201911183/AppData/Local/Temp/UnrealXGEWorkingDir/
[2023.05.25-14.03.35:585][  0]LogXGEController: Cannot use XGE Controller as Incredibuild is not installed on this machine.
[2023.05.25-14.03.35:585][  0]LogShaderCompilers: Cannot use XGE Shader Compiler as Incredibuild is not installed on this machine.
[2023.05.25-14.03.35:585][  0]LogShaderCompilers: Display: Using Local Shader Compiler.
[2023.05.25-14.03.36:153][  0]LogDerivedDataCache: Display: Max Cache Size: 512 MB
[2023.05.25-14.03.36:572][  0]LogDerivedDataCache: Loaded boot cache 0.42s 137MB C:/Users/201911183/AppData/Local/UnrealEngine/4.24/DerivedDataCache/Boot.ddc.
[2023.05.25-14.03.36:572][  0]LogDerivedDataCache: Display: Loaded Boot cache: C:/Users/201911183/AppData/Local/UnrealEngine/4.24/DerivedDataCache/Boot.ddc
[2023.05.25-14.03.36:572][  0]LogDerivedDataCache: FDerivedDataBackendGraph:  Pak pak cache file ../../../../../../Users/201911183/Desktop/unreal/RossiNante/DerivedDataCache/DDC.ddp not found, will not use a pak cache.
[2023.05.25-14.03.36:572][  0]LogDerivedDataCache: Unable to find inner node Pak for hierarchical cache Hierarchy.
[2023.05.25-14.03.36:572][  0]LogDerivedDataCache: FDerivedDataBackendGraph:  CompressedPak pak cache file ../../../../../../Users/201911183/Desktop/unreal/RossiNante/DerivedDataCache/Compressed.ddp not found, will not use a pak cache.
[2023.05.25-14.03.36:572][  0]LogDerivedDataCache: Unable to find inner node CompressedPak for hierarchical cache Hierarchy.
[2023.05.25-14.03.36:580][  0]LogDerivedDataCache: Display: Pak cache opened for reading ../../../Engine/DerivedDataCache/Compressed.ddp.
[2023.05.25-14.03.36:580][  0]LogDerivedDataCache: FDerivedDataBackendGraph:  EnterprisePak pak cache file ../../../Enterprise/DerivedDataCache/Compressed.ddp not found, will not use a pak cache.
[2023.05.25-14.03.36:580][  0]LogDerivedDataCache: Unable to find inner node EnterprisePak for hierarchical cache Hierarchy.
[2023.05.25-14.03.36:582][  0]LogDerivedDataCache: Using Local data cache path C:/Users/201911183/AppData/Local/UnrealEngine/Common/DerivedDataCache: Writable
[2023.05.25-14.03.36:582][  0]LogDerivedDataCache: Shared data cache path not found in *engine.ini, will not use an Shared cache.
[2023.05.25-14.03.36:582][  0]LogDerivedDataCache: Unable to find inner node Shared for hierarchical cache Hierarchy.
[2023.05.25-14.03.36:599][  0]LogMaterial: Verifying Global Shaders for PCD3D_SM5
[2023.05.25-14.03.36:601][  0]LogSlate: Using FreeType 2.10.0
[2023.05.25-14.03.36:601][  0]LogSlate: SlateFontServices - WITH_FREETYPE: 1, WITH_HARFBUZZ: 1
[2023.05.25-14.03.36:648][  0]LogAssetRegistry: FAssetRegistry took 0.0020 seconds to start up
[2023.05.25-14.03.36:854][  0]LogInit: Selected Device Profile: [Windows]
[2023.05.25-14.03.36:960][  0]LogMeshReduction: Using QuadricMeshReduction for automatic static mesh reduction
[2023.05.25-14.03.36:960][  0]LogMeshReduction: Using SimplygonMeshReduction for automatic skeletal mesh reduction
[2023.05.25-14.03.36:960][  0]LogMeshReduction: Using ProxyLODMeshReduction for automatic mesh merging
[2023.05.25-14.03.36:960][  0]LogMeshReduction: No distributed automatic mesh merging module available
[2023.05.25-14.03.36:960][  0]LogMeshMerging: No distributed automatic mesh merging module available
[2023.05.25-14.03.36:969][  0]LogNetVersion: RossiNante 1.0.0, NetCL: 10570792, EngineNetVer: 13, GameNetVer: 0 (Checksum: 557242147)
[2023.05.25-14.03.38:115][  0]LogPackageLocalizationCache: Processed 10 localized package path(s) for 1 prioritized culture(s) in 0.026442 seconds
[2023.05.25-14.03.38:120][  0]LogUObjectArray: 46750 objects as part of root set at end of initial load.
[2023.05.25-14.03.38:120][  0]LogUObjectAllocator: 8137160 out of 0 bytes used by permanent object pool.
[2023.05.25-14.03.38:120][  0]LogUObjectArray: CloseDisregardForGC: 0/0 objects in disregard for GC pool
[2023.05.25-14.03.38:470][  0]LogTcpMessaging: Initializing TcpMessaging bridge
[2023.05.25-14.03.38:473][  0]LogUdpMessaging: Initializing bridge on interface 0.0.0.0:0 to multicast group 230.0.0.1:6666.
[2023.05.25-14.03.39:785][  0]LogTemp: Warning: CONNECT SUCCESS

[2023.05.25-14.03.39:807][  0]SourceControl: Source control is disabled
[2023.05.25-14.03.39:807][  0]SourceControl: Source control is disabled
[2023.05.25-14.03.39:809][  0]SourceControl: Source control is disabled
[2023.05.25-14.03.39:810][  0]SourceControl: Source control is disabled
[2023.05.25-14.03.39:811][  0]SourceControl: Source control is disabled
[2023.05.25-14.03.39:888][  0]LogAndroidPermission: UAndroidPermissionCallbackProxy::GetInstance
[2023.05.25-14.03.39:894][  0]LogAudioCaptureCore: Display: No Audio Capture implementations found. Audio input will be silent.
[2023.05.25-14.03.39:895][  0]LogAudioCaptureCore: Display: No Audio Capture implementations found. Audio input will be silent.
[2023.05.25-14.03.39:952][  0]LogOcInput: OculusInput pre-init called
[2023.05.25-14.03.39:959][  0]LogWindows: Failed to load 'OVRPlugin.dll' (GetLastError=126)
[2023.05.25-14.03.39:959][  0]LogWindows: File 'OVRPlugin.dll' does not exist
[2023.05.25-14.03.40:005][  0]LogEngine: Initializing Engine...
[2023.05.25-14.03.40:006][  0]LogHMD: Failed to initialize OpenVR with code 110
[2023.05.25-14.03.40:006][  0]LogStats: UGameplayTagsManager::InitializeManager -  0.000 s
[2023.05.25-14.03.40:207][  0]LogInit: Initializing FReadOnlyCVARCache
[2023.05.25-14.03.40:213][  0]LogAIModule: Creating AISystem for world Untitled
[2023.05.25-14.03.40:223][  0]LogAudioMixer: Display: Audio Mixer Platform Settings:
[2023.05.25-14.03.40:223][  0]LogAudioMixer: Display: 	Sample Rate:						  48000
[2023.05.25-14.03.40:223][  0]LogAudioMixer: Display: 	Callback Buffer Frame Size Requested: 1024
[2023.05.25-14.03.40:223][  0]LogAudioMixer: Display: 	Callback Buffer Frame Size To Use:	  1024
[2023.05.25-14.03.40:223][  0]LogAudioMixer: Display: 	Number of buffers to queue:			  2
[2023.05.25-14.03.40:223][  0]LogAudioMixer: Display: 	Max Channels (voices):				  32
[2023.05.25-14.03.40:223][  0]LogAudioMixer: Display: 	Number of Async Source Workers:		  0
[2023.05.25-14.03.40:223][  0]LogAudio: Display: AudioDevice MaxSources: 32
[2023.05.25-14.03.40:223][  0]LogAudio: Display: Using built-in audio occlusion.
[2023.05.25-14.03.40:223][  0]LogAudioMixer: Display: Initializing audio mixer.
[2023.05.25-14.03.40:244][  0]LogAudioMixer: Display: Audio Device Output Speaker Info:
[2023.05.25-14.03.40:244][  0]LogAudioMixer: Display: Name: BenQ EX2710S(2- NVIDIA High Definition Audio)
[2023.05.25-14.03.40:244][  0]LogAudioMixer: Display: Is Default: Yes
[2023.05.25-14.03.40:244][  0]LogAudioMixer: Display: Sample Rate: 48000
[2023.05.25-14.03.40:244][  0]LogAudioMixer: Display: Channel Count Used: 2
[2023.05.25-14.03.40:244][  0]LogAudioMixer: Display: Device Channel Count: 2
[2023.05.25-14.03.40:244][  0]LogAudioMixer: Display: Channel Order:
[2023.05.25-14.03.40:244][  0]LogAudioMixer: Display: 0: FrontLeft
[2023.05.25-14.03.40:244][  0]LogAudioMixer: Display: 1: FrontRight
[2023.05.25-14.03.40:257][  0]LogAudioMixer: Display: Using Audio Device BenQ EX2710S(2- NVIDIA High Definition Audio)
[2023.05.25-14.03.40:258][  0]LogInit: FAudioDevice initialized.
[2023.05.25-14.03.40:258][  0]LogNetVersion: Set ProjectVersion to 1.0.0.0. Version Checksum will be recalculated on next use.
[2023.05.25-14.03.40:453][  0]LogDerivedDataCache: Saved boot cache 0.19s 137MB C:/Users/201911183/AppData/Local/UnrealEngine/4.24/DerivedDataCache/Boot.ddc.
[2023.05.25-14.03.40:455][  0]LogInit: Texture streaming: Enabled
[2023.05.25-14.03.40:466][  0]LogEngineSessionManager: EngineSessionManager initialized
[2023.05.25-14.03.40:467][  0]LogEngineSessionManager: EngineSessionManager sent abnormal shutdown report. Type=Crashed, SessionId={57DDD81B-4926-3713-5A88-F897249416E2}
[2023.05.25-14.03.40:467][  0]LogEditorSessionSummary: Verbose: Initializing EditorSessionSummaryWriter for editor session tracking
[2023.05.25-14.03.40:475][  0]LogEditorSessionSummary: EditorSessionSummaryWriter initialized
[2023.05.25-14.03.40:503][  0]LogInit: Transaction tracking system initialized
[2023.05.25-14.03.40:516][  0]BlueprintLog: New page: Editor Load
[2023.05.25-14.03.40:547][  0]LocalizationService: Localization service is disabled
[2023.05.25-14.03.40:766][  0]LogFileCache: Scanning file cache for directory 'C:/Users/201911183/Desktop/unreal/RossiNante/Content/' took 0.02s
[2023.05.25-14.03.40:766][  0]LogCook: Display: Max memory allowance for cook 16384mb min free memory 0mb
[2023.05.25-14.03.40:766][  0]LogCook: Display: Mobile HDR setting 1
[2023.05.25-14.03.41:350][  0]SourceControl: Source control is disabled
[2023.05.25-14.03.41:350][  0]Cmd: MAP LOAD FILE="../../../Engine/Content/Maps/Templates/Template_Default.umap" TEMPLATE=1 SHOWPROGRESS=1 FEATURELEVEL=3
[2023.05.25-14.03.41:351][  0]LightingResults: New page: Lighting Build
[2023.05.25-14.03.41:352][  0]LogWorld: UWorld::CleanupWorld for Untitled, bSessionEnded=true, bCleanupResources=true
[2023.05.25-14.03.41:352][  0]LogSlate: InvalidateAllWidgets triggered.  All widgets were invalidated
[2023.05.25-14.03.41:352][  0]MapCheck: New page: Map Check
[2023.05.25-14.03.41:352][  0]LightingResults: New page: Lighting Build
[2023.05.25-14.03.41:378][  0]LogUObjectHash: Compacting FUObjectHashTables data took   1.84ms
[2023.05.25-14.03.41:426][  0]LogAIModule: Creating AISystem for world Untitled_1
[2023.05.25-14.03.41:429][  0]LogEditorServer: Finished looking for orphan Actors (0.000 secs)
[2023.05.25-14.03.41:454][  0]LogUObjectHash: Compacting FUObjectHashTables data took   1.85ms
[2023.05.25-14.03.41:454][  0]Cmd: MAP CHECKDEP NOCLEARLOG
[2023.05.25-14.03.41:454][  0]MapCheck: Map check complete: 0 Error(s), 0 Warning(s), took 0.196ms to complete.
[2023.05.25-14.03.41:454][  0]LogFileHelpers: Loading map 'Template_Default' took 0.104
[2023.05.25-14.03.41:580][  0]LogSlate: Updating window title bar state: overlay mode, drag disabled, window buttons hidden, title bar hidden
[2023.05.25-14.03.41:584][  0]LogSlate: Updating window title bar state: overlay mode, drag disabled, window buttons hidden, title bar hidden
[2023.05.25-14.03.41:588][  0]LogSlate: Updating window title bar state: overlay mode, drag disabled, window buttons hidden, title bar hidden
[2023.05.25-14.03.41:592][  0]LogSlate: Updating window title bar state: overlay mode, drag disabled, window buttons hidden, title bar hidden
[2023.05.25-14.03.41:601][  0]LogCollectionManager: Loaded 0 collections in 0.001539 seconds
[2023.05.25-14.03.41:612][  0]LogFileCache: Scanning file cache for directory 'C:/Users/201911183/Desktop/unreal/RossiNante/Saved/Collections/' took 0.00s
[2023.05.25-14.03.41:612][  0]LogFileCache: Scanning file cache for directory 'C:/Users/201911183/Desktop/unreal/RossiNante/Content/Developers/201911183/Collections/' took 0.00s
[2023.05.25-14.03.41:612][  0]LogFileCache: Scanning file cache for directory 'C:/Users/201911183/Desktop/unreal/RossiNante/Content/Collections/' took 0.00s
[2023.05.25-14.03.41:612][  0]LogContentBrowser: Native class hierarchy populated in 0.0066 seconds. Added 3022 classes and 719 folders.
[2023.05.25-14.03.41:614][  0]LogContentBrowser: Native class hierarchy updated for 'WidgetCarousel' in 0.0003 seconds. Added 0 classes and 0 folders.
[2023.05.25-14.03.41:725][  0]LogContentBrowser: Native class hierarchy updated for 'AddContentDialog' in 0.0003 seconds. Added 0 classes and 0 folders.
[2023.05.25-14.03.41:730][  0]LogContentBrowser: Native class hierarchy updated for 'SceneOutliner' in 0.0003 seconds. Added 2 classes and 3 folders.
[2023.05.25-14.03.41:765][  0]LogSlate: Took 0.000201 seconds to synchronously load lazily loaded font '../../../Engine/Content/Slate/Fonts/Roboto-Regular.ttf' (155K)
[2023.05.25-14.03.41:766][  0]LogSlate: Took 0.000142 seconds to synchronously load lazily loaded font '../../../Engine/Content/Slate/Fonts/Roboto-Bold.ttf' (160K)
[2023.05.25-14.03.41:770][  0]LogSlate: Took 0.000579 seconds to synchronously load lazily loaded font '../../../Engine/Content/Editor/Slate/Fonts/FontAwesome.ttf' (139K)
[2023.05.25-14.03.41:820][  0]LogRenderer: Reallocating scene render targets to support 1200x568 Format 10 NumSamples 1 (Frame:1).
[2023.05.25-14.03.41:901][  0]LogContentBrowser: Native class hierarchy updated for 'HierarchicalLODOutliner' in 0.0003 seconds. Added 0 classes and 0 folders.
[2023.05.25-14.03.41:901][  0]LogLoad: (Engine Initialization) Total time: 8.66 seconds
[2023.05.25-14.03.41:901][  0]LogLoad: (Engine Initialization) Total Blueprint compile time: 0.00 seconds
[2023.05.25-14.03.41:959][  0]LogContentStreaming: Texture pool size now 1000 MB
[2023.05.25-14.03.41:967][  0]LogSlate: Took 0.000487 seconds to synchronously load lazily loaded font '../../../Engine/Content/Slate/Fonts/Roboto-Light.ttf' (167K)
[2023.05.25-14.03.41:993][  1]LogAssetRegistry: Asset discovery search completed in 5.3457 seconds
[2023.05.25-14.03.41:996][  1]LogCollectionManager: Fixed up redirectors for 0 collections in 0.000007 seconds (updated 0 objects)
[2023.05.25-14.03.44:103][242]MapCheck: New page: Map Check
[2023.05.25-14.03.44:118][242]Cmd: MAP REBUILD ALLVISIBLE
[2023.05.25-14.03.44:118][242]LogEditorServer: Rebuildmap Clear paths rebuilt
[2023.05.25-14.03.44:120][242]LogWorld: UWorld::CleanupWorld for Untitled_1, bSessionEnded=true, bCleanupResources=false
[2023.05.25-14.03.44:151][242]LogUObjectHash: Compacting FUObjectHashTables data took   1.36ms
[2023.05.25-14.03.44:160][242]LogMaterial: Display: Missing cached shader map for material DebugViewMode MaterialTexCoordScale, compiling. 
[2023.05.25-14.03.44:169][242]LogShaderCompilers: Display: Worker (1/13): shaders left to compile 2
[2023.05.25-14.03.44:169][242]LogShaderCompilers: Display: Worker (2/13): shaders left to compile 1
[2023.05.25-14.03.44:169][242]LogMaterial: Display: Missing cached shader map for material DebugViewMode MaterialTexCoordScale, compiling. 
[2023.05.25-14.03.44:546][242]LogShaderCompilers: Display: Worker (3/13): shaders left to compile 2
[2023.05.25-14.03.44:546][242]LogShaderCompilers: Display: Worker (4/13): shaders left to compile 1
[2023.05.25-14.03.44:546][242]TextureStreamingBuild: Display: Compiling optional shaders took 0.393 seconds.
[2023.05.25-14.03.44:548][242]LogLevel: Display: Export Material TexCoord Scales took 0.002 seconds.
[2023.05.25-14.03.44:550][242]TextureStreamingBuild: Display: Build Texture Streaming took 0.003 seconds.
[2023.05.25-14.03.44:573][242]LogUObjectHash: Compacting FUObjectHashTables data took   0.64ms
[2023.05.25-14.03.44:577][242]LightingResults: New page: Lighting Build - 2023. 5. 26. 오전 8:03:44
[2023.05.25-14.03.44:603][242]LogSwarmInterface: [OpenConnection] Registering TCP channel ...
[2023.05.25-14.03.44:661][242]LogSwarmInterface: [OpenConnection] Connecting to agent ...
[2023.05.25-14.03.44:670][242]LogSwarmInterface: [TryOpenConnection] Testing the Agent
[2023.05.25-14.03.45:180][242]LogSwarmInterface: [TryOpenConnection] Opening Connection to Agent
[2023.05.25-14.03.45:180][242]LogSwarmInterface: [TryOpenConnection] Local Process ID is 30644
[2023.05.25-14.03.51:765][242]LogStaticLightingSystem: Warning: No importance volume found, so the scene bounding box was used.  You can optimize your scene's quality and lighting build times by adding importance volumes.
[2023.05.25-14.03.51:765][242]LogStaticLightingSystem: Running Lightmass w/ ImmediateImport mode ENABLED
[2023.05.25-14.03.51:765][242]LogStaticLightingSystem: Running Lightmass w/ ImmediateProcess mode ENABLED
[2023.05.25-14.03.51:765][242]LogStaticLightingSystem: Running Lightmass w/ Sorting mode ENABLED
[2023.05.25-14.03.51:765][242]LogStaticLightingSystem: Running Lightmass w/ Mapping paddings ENABLED
[2023.05.25-14.03.51:765][242]LogStaticLightingSystem: Running Lightmass w/ Mapping debug paddings DISABLED
[2023.05.25-14.03.51:873][242]Cmd: MAP CHECK DONTDISPLAYDIALOG
[2023.05.25-14.03.51:873][242]MapCheck: New page: Untitled_1 - 2023. 5. 26. 오전 8:03:51
[2023.05.25-14.03.51:873][242]MapCheck: Map check complete: 0 Error(s), 0 Warning(s), took 0.344ms to complete.
[2023.05.25-14.03.51:875][242]LogEditorBuildUtils: Build time 0:07
[2023.05.25-14.03.52:007][245]LogUObjectHash: Compacting FUObjectHashTables data took   0.64ms
[2023.05.25-14.03.52:791][290]Job is a success!
[2023.05.25-14.03.52:822][292]LogSlate: Took 0.000156 seconds to synchronously load lazily loaded font '../../../Engine/Content/Slate/Fonts/Roboto-Light.ttf' (167K)
[2023.05.25-14.03.52:885][292]LogVolumetricLightmapImport: Imported Volumetric Lightmap in 0.009s
[2023.05.25-14.03.52:885][292]LogVolumetricLightmapImport:      Indirection Texture 16x16x16 = 0.0Mb
[2023.05.25-14.03.52:885][292]LogVolumetricLightmapImport:      BrickData (all levels) 0.0Mb
[2023.05.25-14.03.52:885][292]LogVolumetricLightmapImport:      Bricks at depth
[2023.05.25-14.03.52:885][292]LogVolumetricLightmapImport:          0: 16.7% covering 100.0% of volume
[2023.05.25-14.03.52:885][292]LogVolumetricLightmapImport:          1: 16.7% covering 1.6% of volume
[2023.05.25-14.03.52:885][292]LogVolumetricLightmapImport:          2: 66.7% covering 0.1% of volume
[2023.05.25-14.03.52:885][292]LogVolumetricLightmapImport:      Bricks in each level
[2023.05.25-14.03.52:885][292]LogVolumetricLightmapImport:          Untitled_1 			 6 bricks 	 100.0% (Persistent Level)
[2023.05.25-14.03.52:910][292]LogTexture: Display: Building textures: HQ_Lightmap0_1 (AutoDXT, 256X256)
[2023.05.25-14.03.52:911][292]LogTexture: Display: Building textures: LQ_Lightmap_0_1 (DXT1, 256X256)
[2023.05.25-14.03.52:911][292]LogTexture: Display: Building textures: HQ_Lightmap0_2 (AutoDXT, 64X64)
[2023.05.25-14.03.52:911][292]LogTexture: Display: Building textures: LQ_Lightmap_0_2 (DXT1, 64X64)
[2023.05.25-14.03.52:911][292]LogTexture: Display: Building textures: ShadowMapTexture2D_1 (G8, 32X32)
[2023.05.25-14.03.52:911][292]LogTexture: Display: Building textures: ShadowMapTexture2D_0 (G8, 128X128)
[2023.05.25-14.03.52:911][292]LogStaticLightingSystem: Untitled_1_BuiltData storing lightmap data for 2 meshes in 2 LightmapResourceClusters (1.0 Meshes per cluster).
[2023.05.25-14.03.52:935][292]Lightmass on DESKTOP-SIQC98D: 561 ms total, 67 ms importing, 7 ms setup, 46 ms photons, 402 ms processing, 0 ms extra exporting [2/2 mappings]. Threads: 6.02 sec total, 111 ms processing.
[2023.05.25-14.03.52:937][292]LogUObjectHash: Compacting FUObjectHashTables data took   1.60ms
[2023.05.25-14.03.52:986][292]LogStaticLightingSystem: Illumination: 8.34 sec (9 ms encoding lightmaps, 3 ms encoding shadowmaps)
[2023.05.25-14.03.52:986][292]LogStaticLightingSystem: Lightmap texture memory:  0.1 MB (0.1 MB streaming, 0.0 MB non-streaming), 4 textures
[2023.05.25-14.03.52:986][292]LogStaticLightingSystem: Shadowmap texture memory: 0.0 MB (0.0 MB streaming, 0.0 MB non-streaming), 2 textures
[2023.05.25-14.03.53:765][292]DumpUnbuiltLightIteractions
[2023.05.25-14.03.53:766][292]Lights with unbuilt interactions: 0
[2023.05.25-14.03.53:766][292]
[2023.05.25-14.03.53:766][292]Primitives with unbuilt interactions: 0
[2023.05.25-14.03.53:833][293]Cmd: MAP CHECK NOTIFYRESULTS
[2023.05.25-14.03.53:833][293]MapCheck: New page: Untitled_1 - 2023. 5. 26. 오전 8:03:53
[2023.05.25-14.03.53:834][293]MapCheck: Map check complete: 0 Error(s), 0 Warning(s), took 0.295ms to complete.
[2023.05.25-14.03.55:900][529]LogAIModule: Creating AISystem for world Login
[2023.05.25-14.03.55:900][529]LogAssetEditorSubsystem: Opening Asset editor for World /Game/Maps/Login.Login
[2023.05.25-14.03.55:926][529]LogUObjectHash: Compacting FUObjectHashTables data took   1.77ms
[2023.05.25-14.03.57:730][529]LogSlate: Window 'Save Content' being destroyed
[2023.05.25-14.03.59:127][529]LogSlate: Window 'Save Level As' being destroyed
[2023.05.25-14.04.00:042][631]LogAssetEditorSubsystem: Opening Asset editor for World /Game/Maps/Login.Login
[2023.05.25-14.04.00:065][631]LogUObjectHash: Compacting FUObjectHashTables data took   0.64ms
[2023.05.25-14.04.03:895][631]LogSlate: Window 'Save Content' being destroyed
[2023.05.25-14.04.03:907][631]Cmd: MAP LOAD FILE="../../../../../../Users/201911183/Desktop/unreal/RossiNante/Content/Maps/Login.umap" TEMPLATE=0 SHOWPROGRESS=1 FEATURELEVEL=3
[2023.05.25-14.04.03:909][631]LightingResults: New page: Lighting Build
[2023.05.25-14.04.03:910][631]LoadErrors: New page: Loading map: Login.umap
[2023.05.25-14.04.03:910][631]LogWorld: UWorld::CleanupWorld for Untitled_1, bSessionEnded=true, bCleanupResources=true
[2023.05.25-14.04.03:910][631]LogSlate: InvalidateAllWidgets triggered.  All widgets were invalidated
[2023.05.25-14.04.03:910][631]MapCheck: New page: Map Check
[2023.05.25-14.04.03:910][631]LightingResults: New page: Lighting Build
[2023.05.25-14.04.03:936][631]LogUObjectHash: Compacting FUObjectHashTables data took   1.81ms
[2023.05.25-14.04.03:937][631]LogEditorServer: Finished looking for orphan Actors (0.000 secs)
[2023.05.25-14.04.03:963][631]LogUObjectHash: Compacting FUObjectHashTables data took   1.45ms
[2023.05.25-14.04.03:967][631]Cmd: MAP CHECKDEP NOCLEARLOG
[2023.05.25-14.04.03:967][631]MapCheck: Map check complete: 0 Error(s), 0 Warning(s), took 0.114ms to complete.
[2023.05.25-14.04.03:967][631]LogFileHelpers: Loading map 'Login' took 0.061
[2023.05.25-14.04.06:658][947]MapCheck: New page: Map Check
[2023.05.25-14.04.06:675][947]Cmd: MAP REBUILD ALLVISIBLE
[2023.05.25-14.04.06:675][947]LogEditorServer: Rebuildmap Clear paths rebuilt
[2023.05.25-14.04.06:677][947]LogWorld: UWorld::CleanupWorld for Login, bSessionEnded=true, bCleanupResources=false
[2023.05.25-14.04.06:707][947]LogUObjectHash: Compacting FUObjectHashTables data took   1.24ms
[2023.05.25-14.04.06:709][947]LightingResults: New page: Lighting Build - 2023. 5. 26. 오전 8:04:06
[2023.05.25-14.04.06:715][947]LogSwarmInterface: [OpenConnection] Registering TCP channel ...
[2023.05.25-14.04.06:721][947]LogSwarmInterface: [OpenConnection] Connecting to agent ...
[2023.05.25-14.04.06:721][947]LogSwarmInterface: [TryOpenConnection] Testing the Agent
[2023.05.25-14.04.06:722][947]LogSwarmInterface: [TryOpenConnection] Opening Connection to Agent
[2023.05.25-14.04.06:722][947]LogSwarmInterface: [TryOpenConnection] Local Process ID is 30644
[2023.05.25-14.04.11:258][947]LogStaticLightingSystem: Warning: No importance volume found, so the scene bounding box was used.  You can optimize your scene's quality and lighting build times by adding importance volumes.
[2023.05.25-14.04.11:258][947]LogStaticLightingSystem: Running Lightmass w/ ImmediateImport mode ENABLED
[2023.05.25-14.04.11:258][947]LogStaticLightingSystem: Running Lightmass w/ ImmediateProcess mode ENABLED
[2023.05.25-14.04.11:258][947]LogStaticLightingSystem: Running Lightmass w/ Sorting mode ENABLED
[2023.05.25-14.04.11:258][947]LogStaticLightingSystem: Running Lightmass w/ Mapping paddings ENABLED
[2023.05.25-14.04.11:258][947]LogStaticLightingSystem: Running Lightmass w/ Mapping debug paddings DISABLED
[2023.05.25-14.04.11:298][947]Cmd: MAP CHECK DONTDISPLAYDIALOG
[2023.05.25-14.04.11:298][947]MapCheck: New page: Login - 2023. 5. 26. 오전 8:04:11
[2023.05.25-14.04.11:298][947]MapCheck: Map check complete: 0 Error(s), 0 Warning(s), took 0.221ms to complete.
[2023.05.25-14.04.11:299][947]LogEditorBuildUtils: Build time 0:04
[2023.05.25-14.04.11:367][948]LogUObjectHash: Compacting FUObjectHashTables data took   0.65ms
[2023.05.25-14.04.12:106][982]Job is a success!
[2023.05.25-14.04.12:199][984]LogVolumetricLightmapImport: Imported Volumetric Lightmap in 0.009s
[2023.05.25-14.04.12:199][984]LogVolumetricLightmapImport:      Indirection Texture 16x16x16 = 0.0Mb
[2023.05.25-14.04.12:199][984]LogVolumetricLightmapImport:      BrickData (all levels) 0.0Mb
[2023.05.25-14.04.12:199][984]LogVolumetricLightmapImport:      Bricks at depth
[2023.05.25-14.04.12:199][984]LogVolumetricLightmapImport:          0: 100.0% covering 100.0% of volume
[2023.05.25-14.04.12:199][984]LogVolumetricLightmapImport:          1: 0.0% covering 0.0% of volume
[2023.05.25-14.04.12:199][984]LogVolumetricLightmapImport:          2: 0.0% covering 0.0% of volume
[2023.05.25-14.04.12:199][984]LogVolumetricLightmapImport:      Bricks in each level
[2023.05.25-14.04.12:199][984]LogVolumetricLightmapImport:          Login 			 1 bricks 	 100.0% (Persistent Level)
[2023.05.25-14.04.12:225][984]Lightmass on DESKTOP-SIQC98D: 498 ms total, 53 ms importing, 7 ms setup, 31 ms photons, 371 ms processing, 0 ms extra exporting [0/0 mappings]. Threads: 5.56 sec total, 0 ms processing.
[2023.05.25-14.04.12:225][984]LogUObjectHash: Compacting FUObjectHashTables data took   0.65ms
[2023.05.25-14.04.12:272][984]LogStaticLightingSystem: Illumination: 5.50 sec (0 ms encoding lightmaps, 0 ms encoding shadowmaps)
[2023.05.25-14.04.12:272][984]LogStaticLightingSystem: Lightmap texture memory:  0.0 MB (0.0 MB streaming, 0.0 MB non-streaming), 0 textures
[2023.05.25-14.04.12:272][984]LogStaticLightingSystem: Shadowmap texture memory: 0.0 MB (0.0 MB streaming, 0.0 MB non-streaming), 0 textures
[2023.05.25-14.04.13:279][984]DumpUnbuiltLightIteractions
[2023.05.25-14.04.13:279][984]Lights with unbuilt interactions: 0
[2023.05.25-14.04.13:279][984]
[2023.05.25-14.04.13:279][984]Primitives with unbuilt interactions: 0
[2023.05.25-14.04.13:347][985]Cmd: MAP CHECK NOTIFYRESULTS
[2023.05.25-14.04.13:348][985]MapCheck: New page: Login - 2023. 5. 26. 오전 8:04:13
[2023.05.25-14.04.13:348][985]MapCheck: Map check complete: 0 Error(s), 0 Warning(s), took 0.31ms to complete.
[2023.05.25-14.04.14:311][ 80]Candidate modules for hot reload:
[2023.05.25-14.04.14:312][ 80]  RossiNante
[2023.05.25-14.04.14:312][ 80]Launching UnrealBuildTool... [C:/Program Files/Epic Games/UE_4.24/Engine/Binaries/DotNET/UnrealBuildTool.exe  -ModuleWithSuffix=RossiNante,3372 Win64 Development -TargetType=Editor -Project="C:/Users/201911183/Desktop/unreal/RossiNante/RossiNante.uproject" "C:/Users/201911183/Desktop/unreal/RossiNante/RossiNante.uproject"  -IgnoreJunk]
[2023.05.25-14.04.14:316][ 80]Warning: Starting HotReload took  0.0s.
[2023.05.25-14.04.15:770][224]CompilerResultsLog: New page: Compilation - 2023. 5. 26. 오전 8:04:15
[2023.05.25-14.04.15:770][224]CompilerResultsLog: Building RossiNanteEditor...
[2023.05.25-14.04.15:770][224]CompilerResultsLog: Using Visual Studio 2019 14.33.31630 toolchain (C:\Program Files\Microsoft Visual Studio\2022\Community\VC\Tools\MSVC\14.33.31629) and Windows 10.0.19041.0 SDK (C:\Program Files (x86)\Windows Kits\10).
[2023.05.25-14.04.15:770][224]CompilerResultsLog: Building 3 actions with 16 processes...
[2023.05.25-14.04.15:770][224]CompilerResultsLog:   [1/3] UE4Editor-RossiNante-3372.lib
[2023.05.25-14.04.15:770][224]CompilerResultsLog:      C:\Users\201911183\Desktop\unreal\RossiNante\Intermediate\Build\Win64\UE4Editor\Development\RossiNante\UE4Editor-RossiNante-3372.lib ???̺귯?? ?? C:\Users\201911183\Desktop\unreal\RossiNante\Intermediate\Build\Win64\UE4Editor\Development\RossiNante\UE4Editor-RossiNante-3372.exp ??ü?? ?????ϰ? ?ֽ??ϴ?.
[2023.05.25-14.04.15:770][224]CompilerResultsLog:   [2/3] UE4Editor-RossiNante-3372.dll
[2023.05.25-14.04.15:770][224]CompilerResultsLog:      C:\Users\201911183\Desktop\unreal\RossiNante\Intermediate\Build\Win64\UE4Editor\Development\RossiNante\UE4Editor-RossiNante-3372.suppressed.lib ???̺귯?? ?? C:\Users\201911183\Desktop\unreal\RossiNante\Intermediate\Build\Win64\UE4Editor\Development\RossiNante\UE4Editor-RossiNante-3372.suppressed.exp ??ü?? ?????ϰ? ?ֽ??ϴ?.
[2023.05.25-14.04.15:770][224]CompilerResultsLog:   [3/3] RossiNanteEditor.target
[2023.05.25-14.04.15:770][224]CompilerResultsLog: Total time in Parallel executor: 0.68 seconds
[2023.05.25-14.04.15:770][224]CompilerResultsLog: Total execution time: 1.39 seconds
[2023.05.25-14.04.15:771][224]LogMainFrame: MainFrame: Module compiling took 1.462 seconds
[2023.05.25-14.04.15:795][224]LogUObjectHash: Compacting FUObjectHashTables data took   0.96ms
[2023.05.25-14.04.15:820][224]LogClass: MyCharacterData HotReload.
[2023.05.25-14.04.15:829][224]LogTemp: Warning: CONNECT SUCCESS

[2023.05.25-14.04.15:830][224]LogContentBrowser: Native class hierarchy updated for 'RossiNante' in 0.0004 seconds. Added 7 classes and 2 folders.
[2023.05.25-14.04.15:832][224]Display: HotReload successful (14 functions remapped  1 scriptstructs remapped)
[2023.05.25-14.04.15:917][224]LogUObjectHash: Compacting FUObjectHashTables data took   1.62ms
[2023.05.25-14.04.15:927][224]LogContentBrowser: Native class hierarchy populated in 0.0062 seconds. Added 3024 classes and 722 folders.
[2023.05.25-14.04.15:927][224]Display: HotReload took  1.6s.
[2023.05.25-14.04.18:005][472]LogTemp: Repeating last play command: Selected Viewport
[2023.05.25-14.04.18:010][472]LogBlueprintUserMessages: Early PlayInEditor Detection: Level '/Game/Maps/Login.Login:PersistentLevel' has LevelScriptBlueprint '/Game/Maps/Login.Login:PersistentLevel.Login' with GeneratedClass '/Game/Maps/Login.Login_C' with ClassGeneratedBy '/Game/Maps/Login.Login:PersistentLevel.Login'
[2023.05.25-14.04.18:010][472]LogPlayLevel: PlayLevel: No blueprints needed recompiling
[2023.05.25-14.04.18:010][472]PIE: New page: PIE session: Login (2023. 5. 26. 오전 8:04:18)
[2023.05.25-14.04.18:011][472]LogOnline: OSS: Creating online subsystem instance for: NULL
[2023.05.25-14.04.18:012][472]LogOnline: OSS: TryLoadSubsystemAndSetDefault: Loaded subsystem for module [NULL]
[2023.05.25-14.04.18:012][472]LogPlayLevel: Creating play world package: /Game/Maps/UEDPIE_0_Login
[2023.05.25-14.04.18:013][472]LogPlayLevel: PIE: StaticDuplicateObject took: (0.000762s)
[2023.05.25-14.04.18:013][472]LogAIModule: Creating AISystem for world Login
[2023.05.25-14.04.18:013][472]LogPlayLevel: PIE: World Init took: (0.000629s)
[2023.05.25-14.04.18:014][472]LogPlayLevel: PIE: Created PIE world by copying editor world from /Game/Maps/Login.Login to /Game/Maps/UEDPIE_0_Login.Login (0.001579s)
[2023.05.25-14.04.18:038][472]LogUObjectHash: Compacting FUObjectHashTables data took   1.48ms
[2023.05.25-14.04.18:038][472]LogAudioMixer: Display: Audio Mixer Platform Settings:
[2023.05.25-14.04.18:039][472]LogAudioMixer: Display: 	Sample Rate:						  48000
[2023.05.25-14.04.18:039][472]LogAudioMixer: Display: 	Callback Buffer Frame Size Requested: 1024
[2023.05.25-14.04.18:039][472]LogAudioMixer: Display: 	Callback Buffer Frame Size To Use:	  1024
[2023.05.25-14.04.18:039][472]LogAudioMixer: Display: 	Number of buffers to queue:			  2
[2023.05.25-14.04.18:039][472]LogAudioMixer: Display: 	Max Channels (voices):				  32
[2023.05.25-14.04.18:039][472]LogAudioMixer: Display: 	Number of Async Source Workers:		  0
[2023.05.25-14.04.18:039][472]LogAudio: Display: AudioDevice MaxSources: 32
[2023.05.25-14.04.18:039][472]LogAudio: Display: Using built-in audio occlusion.
[2023.05.25-14.04.18:039][472]LogAudioMixer: Display: Initializing audio mixer.
[2023.05.25-14.04.18:054][472]LogAudioMixer: Display: Audio Device Output Speaker Info:
[2023.05.25-14.04.18:054][472]LogAudioMixer: Display: Name: BenQ EX2710S(2- NVIDIA High Definition Audio)
[2023.05.25-14.04.18:054][472]LogAudioMixer: Display: Is Default: Yes
[2023.05.25-14.04.18:054][472]LogAudioMixer: Display: Sample Rate: 48000
[2023.05.25-14.04.18:054][472]LogAudioMixer: Display: Channel Count Used: 2
[2023.05.25-14.04.18:054][472]LogAudioMixer: Display: Device Channel Count: 2
[2023.05.25-14.04.18:054][472]LogAudioMixer: Display: Channel Order:
[2023.05.25-14.04.18:054][472]LogAudioMixer: Display: 0: FrontLeft
[2023.05.25-14.04.18:054][472]LogAudioMixer: Display: 1: FrontRight
[2023.05.25-14.04.18:063][472]LogAudioMixer: Display: Using Audio Device BenQ EX2710S(2- NVIDIA High Definition Audio)
[2023.05.25-14.04.18:064][472]LogInit: FAudioDevice initialized.
[2023.05.25-14.04.18:074][472]LogLoad: Game class is 'GameModeBase'
[2023.05.25-14.04.18:075][472]LogWorld: Bringing World /Game/Maps/UEDPIE_0_Login.Login up for play (max tick rate 0) at 2023.05.25-23.04.18
[2023.05.25-14.04.18:075][472]LogWorld: Bringing up level for play took: 0.000233
[2023.05.25-14.04.18:075][472]LogOnline: OSS: Creating online subsystem instance for: :Context_1
[2023.05.25-14.04.18:098][472]LogContentBrowser: Native class hierarchy updated for 'MovieSceneCapture' in 0.0004 seconds. Added 20 classes and 0 folders.
[2023.05.25-14.04.18:099][472]PIE: Play in editor start time for /Game/Maps/UEDPIE_0_Login 0.778
[2023.05.25-14.04.18:099][472]LogBlueprintUserMessages: Late PlayInEditor Detection: Level '/Game/Maps/Login.Login:PersistentLevel' has LevelScriptBlueprint '/Game/Maps/Login.Login:PersistentLevel.Login' with GeneratedClass '/Game/Maps/Login.Login_C' with ClassGeneratedBy '/Game/Maps/Login.Login:PersistentLevel.Login'
[2023.05.25-14.04.21:570][888]LogTemp: Warning: 1
[2023.05.25-14.04.21:570][888]LogTemp: Warning: ERR! send Socket

[2023.05.25-14.04.21:571][888]LogTemp: Warning: recevied packet type error
[2023.05.25-14.04.23:251][888]LogWindows: Error: === Critical error: ===
[2023.05.25-14.04.23:251][888]LogWindows: Error: 
[2023.05.25-14.04.23:251][888]LogWindows: Error: Fatal error!
[2023.05.25-14.04.23:251][888]LogWindows: Error: 
[2023.05.25-14.04.23:251][888]LogWindows: Error: Unhandled Exception: EXCEPTION_ACCESS_VIOLATION writing address 0x00000394
[2023.05.25-14.04.23:251][888]LogWindows: Error: 
[2023.05.25-14.04.23:251][888]LogWindows: Error: [Callstack] 0x00007ff8b775bbf0 UE4Editor-RossiNante-3372.dll!AMyGameModeBase::SetUserData() [C:\Users\201911183\Desktop\unreal\RossiNante\Source\RossiNante\MyGameModeBase.cpp:67]
[2023.05.25-14.04.23:251][888]LogWindows: Error: [Callstack] 0x00007ff8b77537e4 UE4Editor-RossiNante-3372.dll!ULoginWidget::OnSignInButtonClicked() [C:\Users\201911183\Desktop\unreal\RossiNante\Source\RossiNante\LoginWidget.cpp:66]
[2023.05.25-14.04.23:251][888]LogWindows: Error: [Callstack] 0x00007ff8d8e642e8 UE4Editor-CoreUObject.dll!UnknownFunction []
[2023.05.25-14.04.23:251][888]LogWindows: Error: [Callstack] 0x00007ff8d90b0148 UE4Editor-CoreUObject.dll!UnknownFunction []
[2023.05.25-14.04.23:251][888]LogWindows: Error: [Callstack] 0x00007ff8d064e7d0 UE4Editor-UMG.dll!UnknownFunction []
[2023.05.25-14.04.23:251][888]LogWindows: Error: [Callstack] 0x00007ff8d0760fa7 UE4Editor-UMG.dll!UnknownFunction []
[2023.05.25-14.04.23:251][888]LogWindows: Error: [Callstack] 0x00007ff8d06dd5d0 UE4Editor-UMG.dll!UnknownFunction []
[2023.05.25-14.04.23:251][888]LogWindows: Error: [Callstack] 0x00007ff8d5a81498 UE4Editor-Slate.dll!UnknownFunction []
[2023.05.25-14.04.23:251][888]LogWindows: Error: [Callstack] 0x00007ff8d5a99281 UE4Editor-Slate.dll!UnknownFunction []
[2023.05.25-14.04.23:252][888]LogWindows: Error: [Callstack] 0x00007ff8d58f323f UE4Editor-Slate.dll!UnknownFunction []
[2023.05.25-14.04.23:252][888]LogWindows: Error: [Callstack] 0x00007ff8d5979175 UE4Editor-Slate.dll!UnknownFunction []
[2023.05.25-14.04.23:252][888]LogWindows: Error: [Callstack] 0x00007ff8d596413e UE4Editor-Slate.dll!UnknownFunction []
[2023.05.25-14.04.23:252][888]LogWindows: Error: [Callstack] 0x00007ff8d5958f67 UE4Editor-Slate.dll!UnknownFunction []
[2023.05.25-14.04.23:252][888]LogWindows: Error: [Callstack] 0x00007ff967374ca1 UE4Editor-ApplicationCore.dll!UnknownFunction []
[2023.05.25-14.04.23:252][888]LogWindows: Error: [Callstack] 0x00007ff96736242f UE4Editor-ApplicationCore.dll!UnknownFunction []
[2023.05.25-14.04.23:252][888]LogWindows: Error: [Callstack] 0x00007ff967377195 UE4Editor-ApplicationCore.dll!UnknownFunction []
[2023.05.25-14.04.23:252][888]LogWindows: Error: [Callstack] 0x00007ff96735ec40 UE4Editor-ApplicationCore.dll!UnknownFunction []
[2023.05.25-14.04.23:252][888]LogWindows: Error: [Callstack] 0x00007ff981621cac USER32.dll!UnknownFunction []
[2023.05.25-14.04.23:252][888]LogWindows: Error: [Callstack] 0x00007ff981620f06 USER32.dll!UnknownFunction []
[2023.05.25-14.04.23:252][888]LogWindows: Error: [Callstack] 0x00007ff967378699 UE4Editor-ApplicationCore.dll!UnknownFunction []
[2023.05.25-14.04.23:252][888]LogWindows: Error: [Callstack] 0x00007ff665c86db0 UE4Editor.exe!UnknownFunction []
[2023.05.25-14.04.23:252][888]LogWindows: Error: [Callstack] 0x00007ff665c9c3ec UE4Editor.exe!UnknownFunction []
[2023.05.25-14.04.23:252][888]LogWindows: Error: [Callstack] 0x00007ff665c9c4ca UE4Editor.exe!UnknownFunction []
[2023.05.25-14.04.23:252][888]LogWindows: Error: [Callstack] 0x00007ff665caceae UE4Editor.exe!UnknownFunction []
[2023.05.25-14.04.23:252][888]LogWindows: Error: [Callstack] 0x00007ff665cafcbe UE4Editor.exe!UnknownFunction []
[2023.05.25-14.04.23:252][888]LogWindows: Error: [Callstack] 0x00007ff9818055a0 KERNEL32.DLL!UnknownFunction []
[2023.05.25-14.04.23:252][888]LogWindows: Error: [Callstack] 0x00007ff98314485b ntdll.dll!UnknownFunction []
[2023.05.25-14.04.23:252][888]LogWindows: Error: 
[2023.05.25-14.04.23:260][888]LogExit: Executing StaticShutdownAfterError
[2023.05.25-14.04.23:263][888]LogWindows: FPlatformMisc::RequestExit(1)
[2023.05.25-14.04.23:263][888]LogCore: Engine exit requested (reason: Win RequestExit)
[2023.05.25-14.04.23:268][888]Log file closed, 05/25/23 23:04:23
