Log file open, 05/25/23 22:29:13
LogWindows: Failed to load 'aqProf.dll' (GetLastError=126)
LogWindows: File 'aqProf.dll' does not exist
LogWindows: Failed to load 'VtuneApi.dll' (GetLastError=126)
LogWindows: File 'VtuneApi.dll' does not exist
LogWindows: Failed to load 'VtuneApi32e.dll' (GetLastError=126)
LogWindows: File 'VtuneApi32e.dll' does not exist
LogConsoleResponse: Display: Failed to find resolution value strings in scalability ini. Falling back to default.
LogInit: Display: Running engine for game: RossiNante
LogPlatformFile: Not using cached read wrapper
LogTaskGraph: Started task graph with 5 named threads and 35 total threads with 3 sets of task threads.
LogStats: Stats thread started at 0.060534
LogD3D11RHI: Loaded GFSDK_Aftermath_Lib.x64.dll
LogICUInternationalization: ICU TimeZone Detection - Raw Offset: +9:00, Platform Override: ''
LogPluginManager: Mounting plugin Paper2D
LogPluginManager: Mounting plugin AISupport
LogPluginManager: Mounting plugin LightPropagationVolume
LogPluginManager: Mounting plugin ActorLayerUtilities
LogPluginManager: Mounting plugin AnimationSharing
LogPluginManager: Mounting plugin CLionSourceCodeAccess
LogPluginManager: Mounting plugin CodeLiteSourceCodeAccess
LogPluginManager: Mounting plugin GitSourceControl
LogPluginManager: Mounting plugin KDevelopSourceCodeAccess
LogPluginManager: Mounting plugin NullSourceCodeAccess
LogPluginManager: Mounting plugin PerforceSourceControl
LogPluginManager: Mounting plugin PlasticSourceControl
LogPluginManager: Mounting plugin SubversionSourceControl
LogPluginManager: Mounting plugin UObjectPlugin
LogPluginManager: Mounting plugin VisualStudioCodeSourceCodeAccess
LogPluginManager: Mounting plugin VisualStudioSourceCodeAccess
LogPluginManager: Mounting plugin XCodeSourceCodeAccess
LogPluginManager: Mounting plugin AssetManagerEditor
LogPluginManager: Mounting plugin CryptoKeys
LogPluginManager: Mounting plugin CurveEditorTools
LogPluginManager: Mounting plugin DataValidation
LogPluginManager: Mounting plugin FacialAnimation
LogPluginManager: Mounting plugin GameplayTagsEditor
LogPluginManager: Mounting plugin MacGraphicsSwitching
LogPluginManager: Mounting plugin MaterialAnalyzer
LogPluginManager: Mounting plugin MobileLauncherProfileWizard
LogPluginManager: Mounting plugin PluginBrowser
LogPluginManager: Mounting plugin SpeedTreeImporter
LogPluginManager: Mounting plugin DatasmithContent
LogPluginManager: Mounting plugin VariantManagerContent
LogPluginManager: Mounting plugin AlembicImporter
LogPluginManager: Mounting plugin AutomationUtils
LogPluginManager: Mounting plugin BackChannel
LogPluginManager: Mounting plugin CharacterAI
LogPluginManager: Mounting plugin GeometryCache
LogPluginManager: Mounting plugin PlatformCrypto
LogPluginManager: Mounting plugin ProxyLODPlugin
LogPluginManager: Mounting plugin SkeletalReduction
LogPluginManager: Mounting plugin MagicLeap
LogPluginManager: Mounting plugin MagicLeapMedia
LogPluginManager: Mounting plugin MLSDK
LogPluginManager: Mounting plugin AndroidMedia
LogPluginManager: Mounting plugin AvfMedia
LogPluginManager: Mounting plugin ImgMedia
LogPluginManager: Mounting plugin MediaCompositing
LogPluginManager: Mounting plugin MediaPlayerEditor
LogPluginManager: Mounting plugin WebMMedia
LogPluginManager: Mounting plugin WmfMedia
LogPluginManager: Mounting plugin TcpMessaging
LogPluginManager: Mounting plugin UdpMessaging
LogPluginManager: Mounting plugin ActorSequence
LogPluginManager: Mounting plugin LevelSequenceEditor
LogPluginManager: Mounting plugin MatineeToLevelSequence
LogPluginManager: Mounting plugin NetcodeUnitTest
LogPluginManager: Mounting plugin NUTUnrealEngine4
LogPluginManager: Mounting plugin OnlineSubsystemGooglePlay
LogPluginManager: Mounting plugin OnlineSubsystemIOS
LogPluginManager: Mounting plugin OnlineSubsystem
LogPluginManager: Mounting plugin OnlineSubsystemNull
LogPluginManager: Mounting plugin OnlineSubsystemUtils
LogPluginManager: Mounting plugin LauncherChunkInstaller
LogPluginManager: Mounting plugin AndroidDeviceProfileSelector
LogPluginManager: Mounting plugin AndroidMoviePlayer
LogPluginManager: Mounting plugin AndroidPermission
LogPluginManager: Mounting plugin AppleImageUtils
LogPluginManager: Mounting plugin AppleMoviePlayer
LogPluginManager: Mounting plugin ArchVisCharacter
LogPluginManager: Mounting plugin AssetTags
LogPluginManager: Mounting plugin AudioCapture
LogPluginManager: Mounting plugin CableComponent
LogPluginManager: Mounting plugin CustomMeshComponent
LogPluginManager: Mounting plugin EditableMesh
LogPluginManager: Mounting plugin ExampleDeviceProfileSelector
LogPluginManager: Mounting plugin GoogleCloudMessaging
LogPluginManager: Mounting plugin IOSDeviceProfileSelector
LogPluginManager: Mounting plugin LinuxDeviceProfileSelector
LogPluginManager: Mounting plugin LocationServicesBPLibrary
LogPluginManager: Mounting plugin MobilePatchingUtils
LogPluginManager: Mounting plugin OculusVR
LogPluginManager: Mounting plugin PhysXVehicles
LogPluginManager: Mounting plugin PostSplashScreen
LogPluginManager: Mounting plugin ProceduralMeshComponent
LogPluginManager: Mounting plugin RuntimePhysXCooking
LogPluginManager: Mounting plugin SignificanceManager
LogPluginManager: Mounting plugin SteamVR
LogPluginManager: Mounting plugin WebMMoviePlayer
LogPluginManager: Mounting plugin WindowsMoviePlayer
LogPluginManager: Mounting plugin ScreenshotTools
LogInit: Using libcurl 7.55.1-DEV
LogInit:  - built for x86_64-pc-win32
LogInit:  - supports SSL with OpenSSL/1.1.1
LogInit:  - supports HTTP deflate (compression) using libz 1.2.8
LogInit:  - other features:
LogInit:      CURL_VERSION_SSL
LogInit:      CURL_VERSION_LIBZ
LogInit:      CURL_VERSION_IPV6
LogInit:      CURL_VERSION_ASYNCHDNS
LogInit:      CURL_VERSION_LARGEFILE
LogInit:      CURL_VERSION_IDN
LogInit:  CurlRequestOptions (configurable via config and command line):
LogInit:  - bVerifyPeer = true  - Libcurl will verify peer certificate
LogInit:  - bUseHttpProxy = false  - Libcurl will NOT use HTTP proxy
LogInit:  - bDontReuseConnections = false  - Libcurl will reuse connections
LogInit:  - MaxHostConnections = 16  - Libcurl will limit the number of connections to a host
LogInit:  - LocalHostAddr = Default
LogInit:  - BufferSize = 65536
LogOnline: OSS: Creating online subsystem instance for: NULL
LogInit: WinSock: version 1.1 (2.2), MaxSocks=32767, MaxUdp=65467
LogOnline: OSS: TryLoadSubsystemAndSetDefault: Loaded subsystem for module [NULL]
LogInit: Build: ++UE4+Release-4.24-CL-11590370
LogInit: Engine Version: 4.24.3-11590370+++UE4+Release-4.24
LogInit: Compatible Engine Version: 4.24.0-10570792+++UE4+Release-4.24
LogInit: Net CL: 10570792
LogInit: OS: Windows 10 (Release 2009) (), CPU: AMD Ryzen 5 5600X 6-Core Processor             , GPU: NVIDIA GeForce RTX 3060
LogInit: Compiled (64-bit): Feb 24 2020 15:39:18
LogInit: Compiled with Visual C++: 19.16.27032.01
LogInit: Build Configuration: Development
LogInit: Branch Name: ++UE4+Release-4.24
LogInit: Command Line: 
LogInit: Base Directory: C:/Program Files/Epic Games/UE_4.24/Engine/Binaries/Win64/
LogInit: Installed Engine Build: 1
LogDevObjectVersion: Number of dev versions registered: 25
LogDevObjectVersion:   Dev-Blueprints (B0D832E4-1F89-4F0D-ACCF-7EB736FD4AA2): 10
LogDevObjectVersion:   Dev-Build (E1C64328-A22C-4D53-A36C-8E866417BD8C): 0
LogDevObjectVersion:   Dev-Core (375EC13C-06E4-48FB-B500-84F0262A717E): 3
LogDevObjectVersion:   Dev-Editor (E4B068ED-F494-42E9-A231-DA0B2E46BB41): 37
LogDevObjectVersion:   Dev-Framework (CFFC743F-43B0-4480-9391-14DF171D2073): 36
LogDevObjectVersion:   Dev-Mobile (B02B49B5-BB20-44E9-A304-32B752E40360): 2
LogDevObjectVersion:   Dev-Networking (A4E4105C-59A1-49B5-A7C5-40C4547EDFEE): 0
LogDevObjectVersion:   Dev-Online (39C831C9-5AE6-47DC-9A44-9C173E1C8E7C): 0
LogDevObjectVersion:   Dev-Physics (78F01B33-EBEA-4F98-B9B4-84EACCB95AA2): 2
LogDevObjectVersion:   Dev-Platform (6631380F-2D4D-43E0-8009-CF276956A95A): 0
LogDevObjectVersion:   Dev-Rendering (12F88B9F-8875-4AFC-A67C-D90C383ABD29): 36
LogDevObjectVersion:   Dev-Sequencer (7B5AE74C-D270-4C10-A958-57980B212A5A): 11
LogDevObjectVersion:   Dev-VR (D7296918-1DD6-4BDD-9DE2-64A83CC13884): 2
LogDevObjectVersion:   Dev-LoadTimes (C2A15278-BFE7-4AFE-6C17-90FF531DF755): 1
LogDevObjectVersion:   Private-Geometry (6EACA3D4-40EC-4CC1-B786-8BED09428FC5): 3
LogDevObjectVersion:   Dev-AnimPhys (29E575DD-E0A3-4627-9D10-D276232CDCEA): 17
LogDevObjectVersion:   Dev-Anim (AF43A65D-7FD3-4947-9873-3E8ED9C1BB05): 2
LogDevObjectVersion:   Dev-ReflectionCapture (6B266CEC-1EC7-4B8F-A30B-E4D90942FC07): 1
LogDevObjectVersion:   Dev-Automation (0DF73D61-A23F-47EA-B727-89E90C41499A): 1
LogDevObjectVersion:   FortniteMain (601D1886-AC64-4F84-AA16-D3DE0DEAC7D6): 31
LogDevObjectVersion:   Dev-Enterprise (9DFFBCD6-494F-0158-E221-12823C92A888): 8
LogDevObjectVersion:   Dev-Niagara (F2AED0AC-9AFE-416F-8664-AA7FFA26D6FC): 1
LogDevObjectVersion:   Dev-Destruction (174F1F0B-B4C6-45A5-B13F-2EE8D0FB917D): 9
LogDevObjectVersion:   Dev-Physics-Ext (35F94A83-E258-406C-A318-09F59610247C): 8
LogDevObjectVersion:   Dev-CineCamera (B2E18506-4273-CFC2-A54E-F4BB758BBA07): 1
LogInit: Presizing for max 25165824 objects, including 0 objects not considered by GC, pre-allocating 0 bytes for permanent pool.
LogInit: Object subsystem initialized
LogConfig: Setting CVar [[con.DebugEarlyDefault:1]]
LogConfig: Setting CVar [[r.setres:1280x720]]
[2023.05.25-13.29.13:555][  0]LogConfig: Setting CVar [[r.VSync:0]]
[2023.05.25-13.29.13:555][  0]LogConfig: Setting CVar [[r.RHICmdBypass:0]]
[2023.05.25-13.29.13:555][  0]LogConfig: Applying CVar settings from Section [/Script/Engine.RendererSettings] File [C:/Users/owner/Documents/GitHub/UNogakKimchi/RossiNante/Saved/Config/Windows/Engine.ini]
[2023.05.25-13.29.13:555][  0]LogConfig: Setting CVar [[r.GPUCrashDebugging:0]]
[2023.05.25-13.29.13:555][  0]LogConfig: Applying CVar settings from Section [/Script/Engine.RendererOverrideSettings] File [C:/Users/owner/Documents/GitHub/UNogakKimchi/RossiNante/Saved/Config/Windows/Engine.ini]
[2023.05.25-13.29.13:555][  0]LogConfig: Applying CVar settings from Section [/Script/Engine.StreamingSettings] File [C:/Users/owner/Documents/GitHub/UNogakKimchi/RossiNante/Saved/Config/Windows/Engine.ini]
[2023.05.25-13.29.13:555][  0]LogConfig: Setting CVar [[s.MinBulkDataSizeForAsyncLoading:131072]]
[2023.05.25-13.29.13:555][  0]LogConfig: Setting CVar [[s.AsyncLoadingThreadEnabled:0]]
[2023.05.25-13.29.13:555][  0]LogConfig: Setting CVar [[s.EventDrivenLoaderEnabled:1]]
[2023.05.25-13.29.13:555][  0]LogConfig: Setting CVar [[s.WarnIfTimeLimitExceeded:0]]
[2023.05.25-13.29.13:555][  0]LogConfig: Setting CVar [[s.TimeLimitExceededMultiplier:1.5]]
[2023.05.25-13.29.13:555][  0]LogConfig: Setting CVar [[s.TimeLimitExceededMinTime:0.005]]
[2023.05.25-13.29.13:555][  0]LogConfig: Setting CVar [[s.UseBackgroundLevelStreaming:1]]
[2023.05.25-13.29.13:555][  0]LogConfig: Setting CVar [[s.PriorityAsyncLoadingExtraTime:15.0]]
[2023.05.25-13.29.13:555][  0]LogConfig: Setting CVar [[s.LevelStreamingActorsUpdateTimeLimit:5.0]]
[2023.05.25-13.29.13:555][  0]LogConfig: Setting CVar [[s.PriorityLevelStreamingActorsUpdateExtraTime:5.0]]
[2023.05.25-13.29.13:555][  0]LogConfig: Setting CVar [[s.LevelStreamingComponentsRegistrationGranularity:10]]
[2023.05.25-13.29.13:555][  0]LogConfig: Setting CVar [[s.UnregisterComponentsTimeLimit:1.0]]
[2023.05.25-13.29.13:555][  0]LogConfig: Setting CVar [[s.LevelStreamingComponentsUnregistrationGranularity:5]]
[2023.05.25-13.29.13:555][  0]LogConfig: Setting CVar [[s.FlushStreamingOnExit:1]]
[2023.05.25-13.29.13:555][  0]LogConfig: Applying CVar settings from Section [/Script/Engine.GarbageCollectionSettings] File [C:/Users/owner/Documents/GitHub/UNogakKimchi/RossiNante/Saved/Config/Windows/Engine.ini]
[2023.05.25-13.29.13:555][  0]LogConfig: Setting CVar [[gc.MaxObjectsNotConsideredByGC:1]]
[2023.05.25-13.29.13:555][  0]LogConfig: Setting CVar [[gc.SizeOfPermanentObjectPool:0]]
[2023.05.25-13.29.13:555][  0]LogConfig: Setting CVar [[gc.FlushStreamingOnGC:0]]
[2023.05.25-13.29.13:555][  0]LogConfig: Setting CVar [[gc.NumRetriesBeforeForcingGC:10]]
[2023.05.25-13.29.13:555][  0]LogConfig: Setting CVar [[gc.AllowParallelGC:1]]
[2023.05.25-13.29.13:555][  0]LogConfig: Setting CVar [[gc.TimeBetweenPurgingPendingKillObjects:61.1]]
[2023.05.25-13.29.13:555][  0]LogConfig: Setting CVar [[gc.MaxObjectsInEditor:25165824]]
[2023.05.25-13.29.13:555][  0]LogConfig: Setting CVar [[gc.IncrementalBeginDestroyEnabled:1]]
[2023.05.25-13.29.13:555][  0]LogConfig: Setting CVar [[gc.CreateGCClusters:1]]
[2023.05.25-13.29.13:555][  0]LogConfig: Setting CVar [[gc.MinGCClusterSize:5]]
[2023.05.25-13.29.13:555][  0]LogConfig: Setting CVar [[gc.ActorClusteringEnabled:0]]
[2023.05.25-13.29.13:555][  0]LogConfig: Setting CVar [[gc.BlueprintClusteringEnabled:0]]
[2023.05.25-13.29.13:555][  0]LogConfig: Setting CVar [[gc.UseDisregardForGCOnDedicatedServers:0]]
[2023.05.25-13.29.13:555][  0]LogConfig: Applying CVar settings from Section [/Script/Engine.NetworkSettings] File [C:/Users/owner/Documents/GitHub/UNogakKimchi/RossiNante/Saved/Config/Windows/Engine.ini]
[2023.05.25-13.29.13:555][  0]LogConfig: Applying CVar settings from Section [/Script/UnrealEd.CookerSettings] File [C:/Users/owner/Documents/GitHub/UNogakKimchi/RossiNante/Saved/Config/Windows/Engine.ini]
[2023.05.25-13.29.13:559][  0]LogConfig: Applying CVar settings from Section [ViewDistanceQuality@3] File [C:/Users/owner/Documents/GitHub/UNogakKimchi/RossiNante/Saved/Config/Windows/Scalability.ini]
[2023.05.25-13.29.13:559][  0]LogConfig: Setting CVar [[r.SkeletalMeshLODBias:0]]
[2023.05.25-13.29.13:559][  0]LogConfig: Setting CVar [[r.ViewDistanceScale:1.0]]
[2023.05.25-13.29.13:559][  0]LogConfig: Applying CVar settings from Section [AntiAliasingQuality@3] File [C:/Users/owner/Documents/GitHub/UNogakKimchi/RossiNante/Saved/Config/Windows/Scalability.ini]
[2023.05.25-13.29.13:559][  0]LogConfig: Setting CVar [[r.PostProcessAAQuality:4]]
[2023.05.25-13.29.13:559][  0]LogConfig: Applying CVar settings from Section [ShadowQuality@3] File [C:/Users/owner/Documents/GitHub/UNogakKimchi/RossiNante/Saved/Config/Windows/Scalability.ini]
[2023.05.25-13.29.13:559][  0]LogConfig: Setting CVar [[r.LightFunctionQuality:1]]
[2023.05.25-13.29.13:559][  0]LogConfig: Setting CVar [[r.ShadowQuality:5]]
[2023.05.25-13.29.13:559][  0]LogConfig: Setting CVar [[r.Shadow.CSM.MaxCascades:10]]
[2023.05.25-13.29.13:559][  0]LogConfig: Setting CVar [[r.Shadow.MaxResolution:2048]]
[2023.05.25-13.29.13:559][  0]LogConfig: Setting CVar [[r.Shadow.MaxCSMResolution:2048]]
[2023.05.25-13.29.13:559][  0]LogConfig: Setting CVar [[r.Shadow.RadiusThreshold:0.01]]
[2023.05.25-13.29.13:559][  0]LogConfig: Setting CVar [[r.Shadow.DistanceScale:1.0]]
[2023.05.25-13.29.13:559][  0]LogConfig: Setting CVar [[r.Shadow.CSM.TransitionScale:1.0]]
[2023.05.25-13.29.13:559][  0]LogConfig: Setting CVar [[r.Shadow.PreShadowResolutionFactor:1.0]]
[2023.05.25-13.29.13:559][  0]LogConfig: Setting CVar [[r.DistanceFieldShadowing:1]]
[2023.05.25-13.29.13:559][  0]LogConfig: Setting CVar [[r.DistanceFieldAO:1]]
[2023.05.25-13.29.13:559][  0]LogConfig: Setting CVar [[r.AOQuality:2]]
[2023.05.25-13.29.13:559][  0]LogConfig: Setting CVar [[r.VolumetricFog:1]]
[2023.05.25-13.29.13:559][  0]LogConfig: Setting CVar [[r.VolumetricFog.GridPixelSize:8]]
[2023.05.25-13.29.13:559][  0]LogConfig: Setting CVar [[r.VolumetricFog.GridSizeZ:128]]
[2023.05.25-13.29.13:559][  0]LogConfig: Setting CVar [[r.VolumetricFog.HistoryMissSupersampleCount:4]]
[2023.05.25-13.29.13:559][  0]LogConfig: Setting CVar [[r.LightMaxDrawDistanceScale:1]]
[2023.05.25-13.29.13:559][  0]LogConfig: Setting CVar [[r.CapsuleShadows:1]]
[2023.05.25-13.29.13:559][  0]LogConfig: Applying CVar settings from Section [PostProcessQuality@3] File [C:/Users/owner/Documents/GitHub/UNogakKimchi/RossiNante/Saved/Config/Windows/Scalability.ini]
[2023.05.25-13.29.13:559][  0]LogConfig: Setting CVar [[r.MotionBlurQuality:4]]
[2023.05.25-13.29.13:559][  0]LogConfig: Setting CVar [[r.AmbientOcclusionMipLevelFactor:0.4]]
[2023.05.25-13.29.13:559][  0]LogConfig: Setting CVar [[r.AmbientOcclusionMaxQuality:100]]
[2023.05.25-13.29.13:559][  0]LogConfig: Setting CVar [[r.AmbientOcclusionLevels:-1]]
[2023.05.25-13.29.13:559][  0]LogConfig: Setting CVar [[r.AmbientOcclusionRadiusScale:1.0]]
[2023.05.25-13.29.13:559][  0]LogConfig: Setting CVar [[r.DepthOfFieldQuality:2]]
[2023.05.25-13.29.13:559][  0]LogConfig: Setting CVar [[r.RenderTargetPoolMin:400]]
[2023.05.25-13.29.13:559][  0]LogConfig: Setting CVar [[r.LensFlareQuality:2]]
[2023.05.25-13.29.13:559][  0]LogConfig: Setting CVar [[r.SceneColorFringeQuality:1]]
[2023.05.25-13.29.13:559][  0]LogConfig: Setting CVar [[r.EyeAdaptationQuality:2]]
[2023.05.25-13.29.13:559][  0]LogConfig: Setting CVar [[r.BloomQuality:5]]
[2023.05.25-13.29.13:559][  0]LogConfig: Setting CVar [[r.FastBlurThreshold:100]]
[2023.05.25-13.29.13:559][  0]LogConfig: Setting CVar [[r.Upscale.Quality:3]]
[2023.05.25-13.29.13:559][  0]LogConfig: Setting CVar [[r.Tonemapper.GrainQuantization:1]]
[2023.05.25-13.29.13:559][  0]LogConfig: Setting CVar [[r.LightShaftQuality:1]]
[2023.05.25-13.29.13:559][  0]LogConfig: Setting CVar [[r.Filter.SizeScale:1]]
[2023.05.25-13.29.13:559][  0]LogConfig: Setting CVar [[r.Tonemapper.Quality:5]]
[2023.05.25-13.29.13:559][  0]LogConfig: Setting CVar [[r.DOF.Gather.AccumulatorQuality:1        ; higher gathering accumulator quality]]
[2023.05.25-13.29.13:559][  0]LogConfig: Setting CVar [[r.DOF.Gather.PostfilterMethod:1          ; Median3x3 postfilering method]]
[2023.05.25-13.29.13:559][  0]LogConfig: Setting CVar [[r.DOF.Gather.EnableBokehSettings:0       ; no bokeh simulation when gathering]]
[2023.05.25-13.29.13:559][  0]LogConfig: Setting CVar [[r.DOF.Gather.RingCount:4                 ; medium number of samples when gathering]]
[2023.05.25-13.29.13:559][  0]LogConfig: Setting CVar [[r.DOF.Scatter.ForegroundCompositing:1    ; additive foreground scattering]]
[2023.05.25-13.29.13:559][  0]LogConfig: Setting CVar [[r.DOF.Scatter.BackgroundCompositing:2    ; additive background scattering]]
[2023.05.25-13.29.13:559][  0]LogConfig: Setting CVar [[r.DOF.Scatter.EnableBokehSettings:1      ; bokeh simulation when scattering]]
[2023.05.25-13.29.13:559][  0]LogConfig: Setting CVar [[r.DOF.Scatter.MaxSpriteRatio:0.1         ; only a maximum of 10% of scattered bokeh]]
[2023.05.25-13.29.13:559][  0]LogConfig: Setting CVar [[r.DOF.Recombine.Quality:1                ; cheap slight out of focus]]
[2023.05.25-13.29.13:559][  0]LogConfig: Setting CVar [[r.DOF.Recombine.EnableBokehSettings:0    ; no bokeh simulation on slight out of focus]]
[2023.05.25-13.29.13:559][  0]LogConfig: Setting CVar [[r.DOF.TemporalAAQuality:1                ; more stable temporal accumulation]]
[2023.05.25-13.29.13:559][  0]LogConfig: Setting CVar [[r.DOF.Kernel.MaxForegroundRadius:0.025]]
[2023.05.25-13.29.13:559][  0]LogConfig: Setting CVar [[r.DOF.Kernel.MaxBackgroundRadius:0.025]]
[2023.05.25-13.29.13:559][  0]LogConfig: Applying CVar settings from Section [TextureQuality@3] File [C:/Users/owner/Documents/GitHub/UNogakKimchi/RossiNante/Saved/Config/Windows/Scalability.ini]
[2023.05.25-13.29.13:559][  0]LogConfig: Setting CVar [[r.Streaming.MipBias:0]]
[2023.05.25-13.29.13:559][  0]LogConfig: Setting CVar [[r.Streaming.AmortizeCPUToGPUCopy:0]]
[2023.05.25-13.29.13:559][  0]LogConfig: Setting CVar [[r.Streaming.MaxNumTexturesToStreamPerFrame:0]]
[2023.05.25-13.29.13:559][  0]LogConfig: Setting CVar [[r.Streaming.Boost:1]]
[2023.05.25-13.29.13:559][  0]LogConfig: Setting CVar [[r.MaxAnisotropy:8]]
[2023.05.25-13.29.13:559][  0]LogConfig: Setting CVar [[r.VT.MaxAnisotropy:8]]
[2023.05.25-13.29.13:559][  0]LogConfig: Setting CVar [[r.Streaming.LimitPoolSizeToVRAM:0]]
[2023.05.25-13.29.13:559][  0]LogConfig: Setting CVar [[r.Streaming.PoolSize:1000]]
[2023.05.25-13.29.13:559][  0]LogConfig: Setting CVar [[r.Streaming.MaxEffectiveScreenSize:0]]
[2023.05.25-13.29.13:559][  0]LogConfig: Applying CVar settings from Section [EffectsQuality@3] File [C:/Users/owner/Documents/GitHub/UNogakKimchi/RossiNante/Saved/Config/Windows/Scalability.ini]
[2023.05.25-13.29.13:559][  0]LogConfig: Setting CVar [[r.TranslucencyLightingVolumeDim:64]]
[2023.05.25-13.29.13:559][  0]LogConfig: Setting CVar [[r.RefractionQuality:2]]
[2023.05.25-13.29.13:559][  0]LogConfig: Setting CVar [[r.SSR.Quality:3]]
[2023.05.25-13.29.13:559][  0]LogConfig: Setting CVar [[r.SSR.HalfResSceneColor:0]]
[2023.05.25-13.29.13:559][  0]LogConfig: Setting CVar [[r.SceneColorFormat:4]]
[2023.05.25-13.29.13:559][  0]LogConfig: Setting CVar [[r.DetailMode:2]]
[2023.05.25-13.29.13:559][  0]LogConfig: Setting CVar [[r.TranslucencyVolumeBlur:1]]
[2023.05.25-13.29.13:559][  0]LogConfig: Setting CVar [[r.MaterialQualityLevel:1 ; High quality]]
[2023.05.25-13.29.13:559][  0]LogConfig: Setting CVar [[r.SSS.Scale:1]]
[2023.05.25-13.29.13:559][  0]LogConfig: Setting CVar [[r.SSS.SampleSet:2]]
[2023.05.25-13.29.13:559][  0]LogConfig: Setting CVar [[r.SSS.Quality:1]]
[2023.05.25-13.29.13:559][  0]LogConfig: Setting CVar [[r.SSS.HalfRes:1]]
[2023.05.25-13.29.13:559][  0]LogConfig: Setting CVar [[r.SSGI.Quality:3]]
[2023.05.25-13.29.13:559][  0]LogConfig: Setting CVar [[r.EmitterSpawnRateScale:1.0]]
[2023.05.25-13.29.13:559][  0]LogConfig: Setting CVar [[r.ParticleLightQuality:2]]
[2023.05.25-13.29.13:559][  0]LogConfig: Setting CVar [[r.SkyAtmosphere.AerialPerspectiveLUT.FastApplyOnOpaque:1 ; Always have FastSkyLUT 1 in this case to avoid wrong sky]]
[2023.05.25-13.29.13:559][  0]LogConfig: Setting CVar [[r.SkyAtmosphere.AerialPerspectiveLUT.SampleCountPerSlice:1]]
[2023.05.25-13.29.13:559][  0]LogConfig: Setting CVar [[r.SkyAtmosphere.AerialPerspectiveLUT.DepthResolution:16.0]]
[2023.05.25-13.29.13:559][  0]LogConfig: Setting CVar [[r.SkyAtmosphere.FastSkyLUT:1]]
[2023.05.25-13.29.13:559][  0]LogConfig: Setting CVar [[r.SkyAtmosphere.FastSkyLUT.SampleCountMin:4.0]]
[2023.05.25-13.29.13:559][  0]LogConfig: Setting CVar [[r.SkyAtmosphere.FastSkyLUT.SampleCountMax:32.0]]
[2023.05.25-13.29.13:559][  0]LogConfig: Setting CVar [[r.SkyAtmosphere.SampleCountMin:4.0]]
[2023.05.25-13.29.13:559][  0]LogConfig: Setting CVar [[r.SkyAtmosphere.SampleCountMax:32.0]]
[2023.05.25-13.29.13:559][  0]LogConfig: Setting CVar [[r.SkyAtmosphere.TransmittanceLUT.UseSmallFormat:0]]
[2023.05.25-13.29.13:559][  0]LogConfig: Setting CVar [[r.SkyAtmosphere.TransmittanceLUT.SampleCount:10.0]]
[2023.05.25-13.29.13:559][  0]LogConfig: Setting CVar [[r.SkyAtmosphere.MultiScatteringLUT.SampleCount:15.0]]
[2023.05.25-13.29.13:559][  0]LogConfig: Applying CVar settings from Section [FoliageQuality@3] File [C:/Users/owner/Documents/GitHub/UNogakKimchi/RossiNante/Saved/Config/Windows/Scalability.ini]
[2023.05.25-13.29.13:559][  0]LogConfig: Setting CVar [[foliage.DensityScale:1.0]]
[2023.05.25-13.29.13:559][  0]LogConfig: Setting CVar [[grass.DensityScale:1.0]]
[2023.05.25-13.29.13:559][  0]LogConfig: Applying CVar settings from Section [ShadingQuality@3] File [C:/Users/owner/Documents/GitHub/UNogakKimchi/RossiNante/Saved/Config/Windows/Scalability.ini]
[2023.05.25-13.29.13:559][  0]LogConfig: Setting CVar [[r.HairStrands.SkyLighting.SampleCount:16]]
[2023.05.25-13.29.13:559][  0]LogConfig: Setting CVar [[r.HairStrands.SkyLighting.JitterIntegration:0]]
[2023.05.25-13.29.13:559][  0]LogConfig: Setting CVar [[r.HairStrands.SkyAO.SampleCount:16]]
[2023.05.25-13.29.13:559][  0]LogInit: Selected Device Profile: [Windows]
[2023.05.25-13.29.13:559][  0]LogInit: Applying CVar settings loaded from the selected device profile: [Windows]
[2023.05.25-13.29.13:562][  0]LogHAL: Display: Platform has ~ 16 GB [17101754368 / 17179869184 / 16], which maps to Larger [LargestMinGB=32, LargerMinGB=12, DefaultMinGB=8, SmallerMinGB=6, SmallestMinGB=0)
[2023.05.25-13.29.13:562][  0]LogInit: Going up to parent DeviceProfile []
[2023.05.25-13.29.13:562][  0]LogConfig: Applying CVar settings from Section [ViewDistanceQuality@3] File [C:/Users/owner/Documents/GitHub/UNogakKimchi/RossiNante/Saved/Config/Windows/Scalability.ini]
[2023.05.25-13.29.13:562][  0]LogConfig: Setting CVar [[r.SkeletalMeshLODBias:0]]
[2023.05.25-13.29.13:562][  0]LogConfig: Setting CVar [[r.ViewDistanceScale:1.0]]
[2023.05.25-13.29.13:562][  0]LogConfig: Applying CVar settings from Section [AntiAliasingQuality@3] File [C:/Users/owner/Documents/GitHub/UNogakKimchi/RossiNante/Saved/Config/Windows/Scalability.ini]
[2023.05.25-13.29.13:562][  0]LogConfig: Setting CVar [[r.PostProcessAAQuality:4]]
[2023.05.25-13.29.13:562][  0]LogConfig: Applying CVar settings from Section [ShadowQuality@3] File [C:/Users/owner/Documents/GitHub/UNogakKimchi/RossiNante/Saved/Config/Windows/Scalability.ini]
[2023.05.25-13.29.13:562][  0]LogConfig: Setting CVar [[r.LightFunctionQuality:1]]
[2023.05.25-13.29.13:562][  0]LogConfig: Setting CVar [[r.ShadowQuality:5]]
[2023.05.25-13.29.13:562][  0]LogConfig: Setting CVar [[r.Shadow.CSM.MaxCascades:10]]
[2023.05.25-13.29.13:562][  0]LogConfig: Setting CVar [[r.Shadow.MaxResolution:2048]]
[2023.05.25-13.29.13:562][  0]LogConfig: Setting CVar [[r.Shadow.MaxCSMResolution:2048]]
[2023.05.25-13.29.13:562][  0]LogConfig: Setting CVar [[r.Shadow.RadiusThreshold:0.01]]
[2023.05.25-13.29.13:562][  0]LogConfig: Setting CVar [[r.Shadow.DistanceScale:1.0]]
[2023.05.25-13.29.13:562][  0]LogConfig: Setting CVar [[r.Shadow.CSM.TransitionScale:1.0]]
[2023.05.25-13.29.13:562][  0]LogConfig: Setting CVar [[r.Shadow.PreShadowResolutionFactor:1.0]]
[2023.05.25-13.29.13:562][  0]LogConfig: Setting CVar [[r.DistanceFieldShadowing:1]]
[2023.05.25-13.29.13:562][  0]LogConfig: Setting CVar [[r.DistanceFieldAO:1]]
[2023.05.25-13.29.13:562][  0]LogConfig: Setting CVar [[r.AOQuality:2]]
[2023.05.25-13.29.13:562][  0]LogConfig: Setting CVar [[r.VolumetricFog:1]]
[2023.05.25-13.29.13:562][  0]LogConfig: Setting CVar [[r.VolumetricFog.GridPixelSize:8]]
[2023.05.25-13.29.13:562][  0]LogConfig: Setting CVar [[r.VolumetricFog.GridSizeZ:128]]
[2023.05.25-13.29.13:562][  0]LogConfig: Setting CVar [[r.VolumetricFog.HistoryMissSupersampleCount:4]]
[2023.05.25-13.29.13:562][  0]LogConfig: Setting CVar [[r.LightMaxDrawDistanceScale:1]]
[2023.05.25-13.29.13:562][  0]LogConfig: Setting CVar [[r.CapsuleShadows:1]]
[2023.05.25-13.29.13:562][  0]LogConfig: Applying CVar settings from Section [PostProcessQuality@3] File [C:/Users/owner/Documents/GitHub/UNogakKimchi/RossiNante/Saved/Config/Windows/Scalability.ini]
[2023.05.25-13.29.13:562][  0]LogConfig: Setting CVar [[r.MotionBlurQuality:4]]
[2023.05.25-13.29.13:562][  0]LogConfig: Setting CVar [[r.AmbientOcclusionMipLevelFactor:0.4]]
[2023.05.25-13.29.13:562][  0]LogConfig: Setting CVar [[r.AmbientOcclusionMaxQuality:100]]
[2023.05.25-13.29.13:562][  0]LogConfig: Setting CVar [[r.AmbientOcclusionLevels:-1]]
[2023.05.25-13.29.13:562][  0]LogConfig: Setting CVar [[r.AmbientOcclusionRadiusScale:1.0]]
[2023.05.25-13.29.13:562][  0]LogConfig: Setting CVar [[r.DepthOfFieldQuality:2]]
[2023.05.25-13.29.13:562][  0]LogConfig: Setting CVar [[r.RenderTargetPoolMin:400]]
[2023.05.25-13.29.13:562][  0]LogConfig: Setting CVar [[r.LensFlareQuality:2]]
[2023.05.25-13.29.13:562][  0]LogConfig: Setting CVar [[r.SceneColorFringeQuality:1]]
[2023.05.25-13.29.13:562][  0]LogConfig: Setting CVar [[r.EyeAdaptationQuality:2]]
[2023.05.25-13.29.13:562][  0]LogConfig: Setting CVar [[r.BloomQuality:5]]
[2023.05.25-13.29.13:562][  0]LogConfig: Setting CVar [[r.FastBlurThreshold:100]]
[2023.05.25-13.29.13:562][  0]LogConfig: Setting CVar [[r.Upscale.Quality:3]]
[2023.05.25-13.29.13:562][  0]LogConfig: Setting CVar [[r.Tonemapper.GrainQuantization:1]]
[2023.05.25-13.29.13:562][  0]LogConfig: Setting CVar [[r.LightShaftQuality:1]]
[2023.05.25-13.29.13:562][  0]LogConfig: Setting CVar [[r.Filter.SizeScale:1]]
[2023.05.25-13.29.13:562][  0]LogConfig: Setting CVar [[r.Tonemapper.Quality:5]]
[2023.05.25-13.29.13:562][  0]LogConfig: Setting CVar [[r.DOF.Gather.AccumulatorQuality:1        ; higher gathering accumulator quality]]
[2023.05.25-13.29.13:562][  0]LogConfig: Setting CVar [[r.DOF.Gather.PostfilterMethod:1          ; Median3x3 postfilering method]]
[2023.05.25-13.29.13:562][  0]LogConfig: Setting CVar [[r.DOF.Gather.EnableBokehSettings:0       ; no bokeh simulation when gathering]]
[2023.05.25-13.29.13:562][  0]LogConfig: Setting CVar [[r.DOF.Gather.RingCount:4                 ; medium number of samples when gathering]]
[2023.05.25-13.29.13:562][  0]LogConfig: Setting CVar [[r.DOF.Scatter.ForegroundCompositing:1    ; additive foreground scattering]]
[2023.05.25-13.29.13:562][  0]LogConfig: Setting CVar [[r.DOF.Scatter.BackgroundCompositing:2    ; additive background scattering]]
[2023.05.25-13.29.13:562][  0]LogConfig: Setting CVar [[r.DOF.Scatter.EnableBokehSettings:1      ; bokeh simulation when scattering]]
[2023.05.25-13.29.13:562][  0]LogConfig: Setting CVar [[r.DOF.Scatter.MaxSpriteRatio:0.1         ; only a maximum of 10% of scattered bokeh]]
[2023.05.25-13.29.13:562][  0]LogConfig: Setting CVar [[r.DOF.Recombine.Quality:1                ; cheap slight out of focus]]
[2023.05.25-13.29.13:562][  0]LogConfig: Setting CVar [[r.DOF.Recombine.EnableBokehSettings:0    ; no bokeh simulation on slight out of focus]]
[2023.05.25-13.29.13:562][  0]LogConfig: Setting CVar [[r.DOF.TemporalAAQuality:1                ; more stable temporal accumulation]]
[2023.05.25-13.29.13:562][  0]LogConfig: Setting CVar [[r.DOF.Kernel.MaxForegroundRadius:0.025]]
[2023.05.25-13.29.13:562][  0]LogConfig: Setting CVar [[r.DOF.Kernel.MaxBackgroundRadius:0.025]]
[2023.05.25-13.29.13:562][  0]LogConfig: Applying CVar settings from Section [TextureQuality@3] File [C:/Users/owner/Documents/GitHub/UNogakKimchi/RossiNante/Saved/Config/Windows/Scalability.ini]
[2023.05.25-13.29.13:562][  0]LogConfig: Setting CVar [[r.Streaming.MipBias:0]]
[2023.05.25-13.29.13:562][  0]LogConfig: Setting CVar [[r.Streaming.AmortizeCPUToGPUCopy:0]]
[2023.05.25-13.29.13:562][  0]LogConfig: Setting CVar [[r.Streaming.MaxNumTexturesToStreamPerFrame:0]]
[2023.05.25-13.29.13:562][  0]LogConfig: Setting CVar [[r.Streaming.Boost:1]]
[2023.05.25-13.29.13:562][  0]LogConfig: Setting CVar [[r.MaxAnisotropy:8]]
[2023.05.25-13.29.13:562][  0]LogConfig: Setting CVar [[r.VT.MaxAnisotropy:8]]
[2023.05.25-13.29.13:562][  0]LogConfig: Setting CVar [[r.Streaming.LimitPoolSizeToVRAM:0]]
[2023.05.25-13.29.13:562][  0]LogConfig: Setting CVar [[r.Streaming.PoolSize:1000]]
[2023.05.25-13.29.13:562][  0]LogConfig: Setting CVar [[r.Streaming.MaxEffectiveScreenSize:0]]
[2023.05.25-13.29.13:562][  0]LogConfig: Applying CVar settings from Section [EffectsQuality@3] File [C:/Users/owner/Documents/GitHub/UNogakKimchi/RossiNante/Saved/Config/Windows/Scalability.ini]
[2023.05.25-13.29.13:562][  0]LogConfig: Setting CVar [[r.TranslucencyLightingVolumeDim:64]]
[2023.05.25-13.29.13:562][  0]LogConfig: Setting CVar [[r.RefractionQuality:2]]
[2023.05.25-13.29.13:562][  0]LogConfig: Setting CVar [[r.SSR.Quality:3]]
[2023.05.25-13.29.13:562][  0]LogConfig: Setting CVar [[r.SSR.HalfResSceneColor:0]]
[2023.05.25-13.29.13:562][  0]LogConfig: Setting CVar [[r.SceneColorFormat:4]]
[2023.05.25-13.29.13:562][  0]LogConfig: Setting CVar [[r.DetailMode:2]]
[2023.05.25-13.29.13:562][  0]LogConfig: Setting CVar [[r.TranslucencyVolumeBlur:1]]
[2023.05.25-13.29.13:562][  0]LogConfig: Setting CVar [[r.MaterialQualityLevel:1 ; High quality]]
[2023.05.25-13.29.13:562][  0]LogConfig: Setting CVar [[r.SSS.Scale:1]]
[2023.05.25-13.29.13:562][  0]LogConfig: Setting CVar [[r.SSS.SampleSet:2]]
[2023.05.25-13.29.13:562][  0]LogConfig: Setting CVar [[r.SSS.Quality:1]]
[2023.05.25-13.29.13:562][  0]LogConfig: Setting CVar [[r.SSS.HalfRes:1]]
[2023.05.25-13.29.13:562][  0]LogConfig: Setting CVar [[r.SSGI.Quality:3]]
[2023.05.25-13.29.13:562][  0]LogConfig: Setting CVar [[r.EmitterSpawnRateScale:1.0]]
[2023.05.25-13.29.13:562][  0]LogConfig: Setting CVar [[r.ParticleLightQuality:2]]
[2023.05.25-13.29.13:562][  0]LogConfig: Setting CVar [[r.SkyAtmosphere.AerialPerspectiveLUT.FastApplyOnOpaque:1 ; Always have FastSkyLUT 1 in this case to avoid wrong sky]]
[2023.05.25-13.29.13:562][  0]LogConfig: Setting CVar [[r.SkyAtmosphere.AerialPerspectiveLUT.SampleCountPerSlice:1]]
[2023.05.25-13.29.13:562][  0]LogConfig: Setting CVar [[r.SkyAtmosphere.AerialPerspectiveLUT.DepthResolution:16.0]]
[2023.05.25-13.29.13:562][  0]LogConfig: Setting CVar [[r.SkyAtmosphere.FastSkyLUT:1]]
[2023.05.25-13.29.13:562][  0]LogConfig: Setting CVar [[r.SkyAtmosphere.FastSkyLUT.SampleCountMin:4.0]]
[2023.05.25-13.29.13:562][  0]LogConfig: Setting CVar [[r.SkyAtmosphere.FastSkyLUT.SampleCountMax:32.0]]
[2023.05.25-13.29.13:562][  0]LogConfig: Setting CVar [[r.SkyAtmosphere.SampleCountMin:4.0]]
[2023.05.25-13.29.13:562][  0]LogConfig: Setting CVar [[r.SkyAtmosphere.SampleCountMax:32.0]]
[2023.05.25-13.29.13:562][  0]LogConfig: Setting CVar [[r.SkyAtmosphere.TransmittanceLUT.UseSmallFormat:0]]
[2023.05.25-13.29.13:562][  0]LogConfig: Setting CVar [[r.SkyAtmosphere.TransmittanceLUT.SampleCount:10.0]]
[2023.05.25-13.29.13:562][  0]LogConfig: Setting CVar [[r.SkyAtmosphere.MultiScatteringLUT.SampleCount:15.0]]
[2023.05.25-13.29.13:562][  0]LogConfig: Applying CVar settings from Section [FoliageQuality@3] File [C:/Users/owner/Documents/GitHub/UNogakKimchi/RossiNante/Saved/Config/Windows/Scalability.ini]
[2023.05.25-13.29.13:562][  0]LogConfig: Setting CVar [[foliage.DensityScale:1.0]]
[2023.05.25-13.29.13:562][  0]LogConfig: Setting CVar [[grass.DensityScale:1.0]]
[2023.05.25-13.29.13:562][  0]LogConfig: Applying CVar settings from Section [ShadingQuality@3] File [C:/Users/owner/Documents/GitHub/UNogakKimchi/RossiNante/Saved/Config/Windows/Scalability.ini]
[2023.05.25-13.29.13:562][  0]LogConfig: Setting CVar [[r.HairStrands.SkyLighting.SampleCount:16]]
[2023.05.25-13.29.13:562][  0]LogConfig: Setting CVar [[r.HairStrands.SkyLighting.JitterIntegration:0]]
[2023.05.25-13.29.13:562][  0]LogConfig: Setting CVar [[r.HairStrands.SkyAO.SampleCount:16]]
[2023.05.25-13.29.13:562][  0]LogConfig: Applying CVar settings from Section [Startup] File [../../../Engine/Config/ConsoleVariables.ini]
[2023.05.25-13.29.13:563][  0]LogConfig: Setting CVar [[net.UseAdaptiveNetUpdateFrequency:0]]
[2023.05.25-13.29.13:563][  0]LogConfig: Setting CVar [[p.chaos.AllowCreatePhysxBodies:1]]
[2023.05.25-13.29.13:563][  0]LogConfig: Applying CVar settings from Section [ConsoleVariables] File [C:/Users/owner/Documents/GitHub/UNogakKimchi/RossiNante/Saved/Config/Windows/Engine.ini]
[2023.05.25-13.29.13:563][  0]LogInit: Computer: DESKTOP-0FM8J8U
[2023.05.25-13.29.13:563][  0]LogInit: User: owner
[2023.05.25-13.29.13:563][  0]LogInit: CPU Page size=4096, Cores=6
[2023.05.25-13.29.13:563][  0]LogInit: High frequency timer resolution =10.000000 MHz
[2023.05.25-13.29.13:563][  0]LogMemory: Memory total: Physical=15.9GB (16GB approx)
[2023.05.25-13.29.13:563][  0]LogMemory: Platform Memory Stats for Windows
[2023.05.25-13.29.13:563][  0]LogMemory: Process Physical Memory: 108.92 MB used, 108.92 MB peak
[2023.05.25-13.29.13:563][  0]LogMemory: Process Virtual Memory: 101.99 MB used, 101.99 MB peak
[2023.05.25-13.29.13:563][  0]LogMemory: Physical Memory: 7752.07 MB used,  8557.44 MB free, 16309.50 MB total
[2023.05.25-13.29.13:563][  0]LogMemory: Virtual Memory: 5168.50 MB used,  134212560.00 MB free, 134217728.00 MB total
[2023.05.25-13.29.13:566][  0]LogWindows: WindowsPlatformFeatures enabled
[2023.05.25-13.29.13:640][  0]LogInit: Using OS detected language (ko-KR).
[2023.05.25-13.29.13:640][  0]LogInit: Using OS detected locale (ko-KR).
[2023.05.25-13.29.13:640][  0]LogTextLocalizationManager: No specific localization for 'ko-KR' exists, so the 'ko' localization will be used.
[2023.05.25-13.29.13:693][  0]LogInit: Setting process to per monitor DPI aware
[2023.05.25-13.29.13:717][  0]LogSlate: New Slate User Created.  User Index 0, Is Virtual User: 0
[2023.05.25-13.29.13:717][  0]LogSlate: Slate User Registered.  User Index 0, Is Virtual User: 0
[2023.05.25-13.29.13:858][  0]LogHMD: Failed to initialize OpenVR with code 110
[2023.05.25-13.29.13:858][  0]LogD3D11RHI: D3D11 min allowed feature level: 11_0
[2023.05.25-13.29.13:858][  0]LogD3D11RHI: D3D11 max allowed feature level: 11_0
[2023.05.25-13.29.13:858][  0]LogD3D11RHI: D3D11 adapters:
[2023.05.25-13.29.13:994][  0]LogD3D11RHI:    0. 'NVIDIA GeForce RTX 3060' (Feature Level 11_0)
[2023.05.25-13.29.13:994][  0]LogD3D11RHI:       12142/0/8154 MB DedicatedVideo/DedicatedSystem/SharedSystem, Outputs:1, VendorId:0x10de
[2023.05.25-13.29.13:996][  0]LogD3D11RHI:    1. 'Microsoft Basic Render Driver' (Feature Level 11_0)
[2023.05.25-13.29.13:996][  0]LogD3D11RHI:       0/0/8154 MB DedicatedVideo/DedicatedSystem/SharedSystem, Outputs:0, VendorId:0x1414
[2023.05.25-13.29.13:996][  0]LogD3D11RHI: Chosen D3D11 Adapter: 0
[2023.05.25-13.29.14:002][  0]LogD3D11RHI: Creating new Direct3DDevice
[2023.05.25-13.29.14:002][  0]LogD3D11RHI:     GPU DeviceId: 0x2504 (for the marketing name, search the web for "GPU Device Id")
[2023.05.25-13.29.14:002][  0]LogWindows: EnumDisplayDevices:
[2023.05.25-13.29.14:002][  0]LogWindows:    0. 'NVIDIA GeForce RTX 3060' (P:1 D:1)
[2023.05.25-13.29.14:002][  0]LogWindows:    1. 'NVIDIA GeForce RTX 3060' (P:0 D:0)
[2023.05.25-13.29.14:003][  0]LogWindows:    2. 'NVIDIA GeForce RTX 3060' (P:0 D:0)
[2023.05.25-13.29.14:003][  0]LogWindows:    3. 'NVIDIA GeForce RTX 3060' (P:0 D:0)
[2023.05.25-13.29.14:004][  0]LogWindows: DebugString: FoundDriverCount:4 
[2023.05.25-13.29.14:004][  0]LogD3D11RHI:     Adapter Name: NVIDIA GeForce RTX 3060
[2023.05.25-13.29.14:004][  0]LogD3D11RHI:   Driver Version: 516.01 (internal:31.0.15.1601, unified:516.01)
[2023.05.25-13.29.14:004][  0]LogD3D11RHI:      Driver Date: 4-24-2022
[2023.05.25-13.29.14:004][  0]LogRHI: Texture pool is 8499 MB (70% of 12142 MB)
[2023.05.25-13.29.14:055][  0]LogD3D11RHI: RHI has support for 64 bit atomics
[2023.05.25-13.29.14:055][  0]LogD3D11RHI: Async texture creation enabled
[2023.05.25-13.29.14:067][  0]LogD3D11RHI: GPU Timing Frequency: 1000.000000 (Debug: 2 1)
[2023.05.25-13.29.14:376][  0]LogTargetPlatformManager: Display: Loaded TargetPlatform 'AllDesktop'
[2023.05.25-13.29.14:405][  0]LogTargetPlatformManager: Display: Loaded TargetPlatform 'Android'
[2023.05.25-13.29.14:405][  0]LogTargetPlatformManager: Display: Loaded TargetPlatform 'Android_ASTC'
[2023.05.25-13.29.14:405][  0]LogTargetPlatformManager: Display: Loaded TargetPlatform 'Android_ATC'
[2023.05.25-13.29.14:405][  0]LogTargetPlatformManager: Display: Loaded TargetPlatform 'Android_DXT'
[2023.05.25-13.29.14:405][  0]LogTargetPlatformManager: Display: Loaded TargetPlatform 'Android_ETC1'
[2023.05.25-13.29.14:405][  0]LogTargetPlatformManager: Display: Loaded TargetPlatform 'Android_ETC1a'
[2023.05.25-13.29.14:405][  0]LogTargetPlatformManager: Display: Loaded TargetPlatform 'Android_ETC2'
[2023.05.25-13.29.14:405][  0]LogTargetPlatformManager: Display: Loaded TargetPlatform 'Android_PVRTC'
[2023.05.25-13.29.14:405][  0]LogTargetPlatformManager: Display: Loaded TargetPlatform 'AndroidClient'
[2023.05.25-13.29.14:405][  0]LogTargetPlatformManager: Display: Loaded TargetPlatform 'Android_ASTCClient'
[2023.05.25-13.29.14:405][  0]LogTargetPlatformManager: Display: Loaded TargetPlatform 'Android_ATCClient'
[2023.05.25-13.29.14:405][  0]LogTargetPlatformManager: Display: Loaded TargetPlatform 'Android_DXTClient'
[2023.05.25-13.29.14:405][  0]LogTargetPlatformManager: Display: Loaded TargetPlatform 'Android_ETC1Client'
[2023.05.25-13.29.14:405][  0]LogTargetPlatformManager: Display: Loaded TargetPlatform 'Android_ETC1aClient'
[2023.05.25-13.29.14:405][  0]LogTargetPlatformManager: Display: Loaded TargetPlatform 'Android_ETC2Client'
[2023.05.25-13.29.14:405][  0]LogTargetPlatformManager: Display: Loaded TargetPlatform 'Android_PVRTCClient'
[2023.05.25-13.29.14:405][  0]LogTargetPlatformManager: Display: Loaded TargetPlatform 'Android_Multi'
[2023.05.25-13.29.14:405][  0]LogTargetPlatformManager: Display: Loaded TargetPlatform 'Android_MultiClient'
[2023.05.25-13.29.14:423][  0]LogTargetPlatformManager: Display: Loaded TargetPlatform 'IOSClient'
[2023.05.25-13.29.14:423][  0]LogTargetPlatformManager: Display: Loaded TargetPlatform 'IOS'
[2023.05.25-13.29.14:431][  0]LogTargetPlatformManager: Display: Loaded TargetPlatform 'LinuxNoEditor'
[2023.05.25-13.29.14:441][  0]LogTargetPlatformManager: Display: Loaded TargetPlatform 'LinuxClient'
[2023.05.25-13.29.14:450][  0]LogTargetPlatformManager: Display: Loaded TargetPlatform 'LinuxServer'
[2023.05.25-13.29.14:456][  0]LogTargetPlatformManager: Display: Loaded TargetPlatform 'LinuxAArch64NoEditor'
[2023.05.25-13.29.14:462][  0]LogTargetPlatformManager: Display: Loaded TargetPlatform 'LinuxAArch64Client'
[2023.05.25-13.29.14:468][  0]LogTargetPlatformManager: Display: Loaded TargetPlatform 'LinuxAArch64Server'
[2023.05.25-13.29.14:488][  0]LogTargetPlatformManager: Display: Loaded TargetPlatform 'Lumin'
[2023.05.25-13.29.14:488][  0]LogTargetPlatformManager: Display: Loaded TargetPlatform 'LuminClient'
[2023.05.25-13.29.14:500][  0]LogTargetPlatformManager: Display: Loaded TargetPlatform 'TVOSClient'
[2023.05.25-13.29.14:500][  0]LogTargetPlatformManager: Display: Loaded TargetPlatform 'TVOS'
[2023.05.25-13.29.14:507][  0]LogTargetPlatformManager: Display: Loaded TargetPlatform 'WindowsNoEditor'
[2023.05.25-13.29.14:513][  0]LogTargetPlatformManager: Display: Loaded TargetPlatform 'Windows'
[2023.05.25-13.29.14:519][  0]LogTargetPlatformManager: Display: Loaded TargetPlatform 'WindowsClient'
[2023.05.25-13.29.14:526][  0]LogTargetPlatformManager: Display: Loaded TargetPlatform 'WindowsServer'
[2023.05.25-13.29.14:526][  0]LogTargetPlatformManager: Display: Building Assets For Windows
[2023.05.25-13.29.14:528][  0]LogAudioDebug: Display: Lib vorbis DLL was dynamically loaded.
[2023.05.25-13.29.14:550][  0]LogShaderCompilers: Guid format shader working directory is -25 characters bigger than the processId version (../../../../../../Users/owner/Documents/GitHub/UNogakKimchi/RossiNante/Intermediate/Shaders/WorkingDirectory/22344/).
[2023.05.25-13.29.14:550][  0]LogShaderCompilers: Cleaned the shader compiler working directory 'C:/Users/owner/AppData/Local/Temp/UnrealShaderWorkingDir/FDA715E24ECD731AF5DE5B93CFB7AD44/'.
[2023.05.25-13.29.14:551][  0]LogXGEController: Cannot use XGE Controller as Incredibuild is not installed on this machine.
[2023.05.25-13.29.14:551][  0]LogShaderCompilers: Cannot use XGE Shader Compiler as Incredibuild is not installed on this machine.
[2023.05.25-13.29.14:551][  0]LogShaderCompilers: Display: Using Local Shader Compiler.
[2023.05.25-13.29.15:054][  0]LogDerivedDataCache: Display: Max Cache Size: 512 MB
[2023.05.25-13.29.15:093][  0]LogDerivedDataCache: Loaded boot cache 0.04s 86MB C:/Users/owner/AppData/Local/UnrealEngine/4.24/DerivedDataCache/Boot.ddc.
[2023.05.25-13.29.15:093][  0]LogDerivedDataCache: Display: Loaded Boot cache: C:/Users/owner/AppData/Local/UnrealEngine/4.24/DerivedDataCache/Boot.ddc
[2023.05.25-13.29.15:093][  0]LogDerivedDataCache: FDerivedDataBackendGraph:  Pak pak cache file ../../../../../../Users/owner/Documents/GitHub/UNogakKimchi/RossiNante/DerivedDataCache/DDC.ddp not found, will not use a pak cache.
[2023.05.25-13.29.15:093][  0]LogDerivedDataCache: Unable to find inner node Pak for hierarchical cache Hierarchy.
[2023.05.25-13.29.15:093][  0]LogDerivedDataCache: FDerivedDataBackendGraph:  CompressedPak pak cache file ../../../../../../Users/owner/Documents/GitHub/UNogakKimchi/RossiNante/DerivedDataCache/Compressed.ddp not found, will not use a pak cache.
[2023.05.25-13.29.15:093][  0]LogDerivedDataCache: Unable to find inner node CompressedPak for hierarchical cache Hierarchy.
[2023.05.25-13.29.15:102][  0]LogDerivedDataCache: Display: Pak cache opened for reading ../../../Engine/DerivedDataCache/Compressed.ddp.
[2023.05.25-13.29.15:102][  0]LogDerivedDataCache: FDerivedDataBackendGraph:  EnterprisePak pak cache file ../../../Enterprise/DerivedDataCache/Compressed.ddp not found, will not use a pak cache.
[2023.05.25-13.29.15:102][  0]LogDerivedDataCache: Unable to find inner node EnterprisePak for hierarchical cache Hierarchy.
[2023.05.25-13.29.15:103][  0]LogDerivedDataCache: Using Local data cache path C:/Users/owner/AppData/Local/UnrealEngine/Common/DerivedDataCache: Writable
[2023.05.25-13.29.15:103][  0]LogDerivedDataCache: Shared data cache path not found in *engine.ini, will not use an Shared cache.
[2023.05.25-13.29.15:103][  0]LogDerivedDataCache: Unable to find inner node Shared for hierarchical cache Hierarchy.
[2023.05.25-13.29.15:122][  0]LogMaterial: Verifying Global Shaders for PCD3D_SM5
[2023.05.25-13.29.15:124][  0]LogSlate: Using FreeType 2.10.0
[2023.05.25-13.29.15:124][  0]LogSlate: SlateFontServices - WITH_FREETYPE: 1, WITH_HARFBUZZ: 1
[2023.05.25-13.29.15:165][  0]LogAssetRegistry: FAssetRegistry took 0.0019 seconds to start up
[2023.05.25-13.29.15:379][  0]LogInit: Selected Device Profile: [Windows]
[2023.05.25-13.29.15:483][  0]LogMeshReduction: Using QuadricMeshReduction for automatic static mesh reduction
[2023.05.25-13.29.15:483][  0]LogMeshReduction: Using SimplygonMeshReduction for automatic skeletal mesh reduction
[2023.05.25-13.29.15:483][  0]LogMeshReduction: Using ProxyLODMeshReduction for automatic mesh merging
[2023.05.25-13.29.15:483][  0]LogMeshReduction: No distributed automatic mesh merging module available
[2023.05.25-13.29.15:483][  0]LogMeshMerging: No distributed automatic mesh merging module available
[2023.05.25-13.29.15:492][  0]LogNetVersion: RossiNante 1.0.0, NetCL: 10570792, EngineNetVer: 13, GameNetVer: 0 (Checksum: 557242147)
[2023.05.25-13.29.16:224][  0]LogPackageLocalizationCache: Processed 10 localized package path(s) for 1 prioritized culture(s) in 0.022337 seconds
[2023.05.25-13.29.16:228][  0]LogUObjectArray: 46750 objects as part of root set at end of initial load.
[2023.05.25-13.29.16:228][  0]LogUObjectAllocator: 8137160 out of 0 bytes used by permanent object pool.
[2023.05.25-13.29.16:228][  0]LogUObjectArray: CloseDisregardForGC: 0/0 objects in disregard for GC pool
[2023.05.25-13.29.16:491][  0]LogTcpMessaging: Initializing TcpMessaging bridge
[2023.05.25-13.29.16:493][  0]LogUdpMessaging: Initializing bridge on interface 0.0.0.0:0 to multicast group 230.0.0.1:6666.
[2023.05.25-13.29.17:029][  0]SourceControl: 소스 컨트롤이 꺼졌습니다.
[2023.05.25-13.29.17:029][  0]SourceControl: 소스 컨트롤이 꺼졌습니다.
[2023.05.25-13.29.17:030][  0]SourceControl: 소스 컨트롤이 꺼졌습니다.
[2023.05.25-13.29.17:030][  0]SourceControl: 소스 컨트롤이 꺼졌습니다.
[2023.05.25-13.29.17:031][  0]SourceControl: 소스 컨트롤이 꺼졌습니다.
[2023.05.25-13.29.17:092][  0]LogAndroidPermission: UAndroidPermissionCallbackProxy::GetInstance
[2023.05.25-13.29.17:099][  0]LogAudioCaptureCore: Display: No Audio Capture implementations found. Audio input will be silent.
[2023.05.25-13.29.17:099][  0]LogAudioCaptureCore: Display: No Audio Capture implementations found. Audio input will be silent.
[2023.05.25-13.29.17:153][  0]LogOcInput: OculusInput pre-init called
[2023.05.25-13.29.17:159][  0]LogWindows: Failed to load 'OVRPlugin.dll' (GetLastError=126)
[2023.05.25-13.29.17:159][  0]LogWindows: File 'OVRPlugin.dll' does not exist
[2023.05.25-13.29.17:205][  0]LogEngine: Initializing Engine...
[2023.05.25-13.29.17:206][  0]LogHMD: Failed to initialize OpenVR with code 110
[2023.05.25-13.29.17:207][  0]LogStats: UGameplayTagsManager::InitializeManager -  0.000 s
[2023.05.25-13.29.17:425][  0]LogInit: Initializing FReadOnlyCVARCache
[2023.05.25-13.29.17:431][  0]LogAIModule: Creating AISystem for world Untitled
[2023.05.25-13.29.17:438][  0]LogAudioMixer: Display: Audio Mixer Platform Settings:
[2023.05.25-13.29.17:438][  0]LogAudioMixer: Display: 	Sample Rate:						  48000
[2023.05.25-13.29.17:438][  0]LogAudioMixer: Display: 	Callback Buffer Frame Size Requested: 1024
[2023.05.25-13.29.17:438][  0]LogAudioMixer: Display: 	Callback Buffer Frame Size To Use:	  1024
[2023.05.25-13.29.17:438][  0]LogAudioMixer: Display: 	Number of buffers to queue:			  2
[2023.05.25-13.29.17:438][  0]LogAudioMixer: Display: 	Max Channels (voices):				  32
[2023.05.25-13.29.17:438][  0]LogAudioMixer: Display: 	Number of Async Source Workers:		  0
[2023.05.25-13.29.17:438][  0]LogAudio: Display: AudioDevice MaxSources: 32
[2023.05.25-13.29.17:438][  0]LogAudio: Display: Using built-in audio occlusion.
[2023.05.25-13.29.17:438][  0]LogAudioMixer: Display: Initializing audio mixer.
[2023.05.25-13.29.17:531][  0]LogAudioMixer: Display: Audio Device Output Speaker Info:
[2023.05.25-13.29.17:531][  0]LogAudioMixer: Display: Name: Realtek HD Audio 2nd output(Realtek(R) Audio)
[2023.05.25-13.29.17:531][  0]LogAudioMixer: Display: Is Default: Yes
[2023.05.25-13.29.17:531][  0]LogAudioMixer: Display: Sample Rate: 48000
[2023.05.25-13.29.17:531][  0]LogAudioMixer: Display: Channel Count Used: 2
[2023.05.25-13.29.17:531][  0]LogAudioMixer: Display: Device Channel Count: 2
[2023.05.25-13.29.17:531][  0]LogAudioMixer: Display: Channel Order:
[2023.05.25-13.29.17:531][  0]LogAudioMixer: Display: 0: FrontLeft
[2023.05.25-13.29.17:531][  0]LogAudioMixer: Display: 1: FrontRight
[2023.05.25-13.29.17:564][  0]LogAudioMixer: Display: Using Audio Device Realtek HD Audio 2nd output(Realtek(R) Audio)
[2023.05.25-13.29.17:567][  0]LogInit: FAudioDevice initialized.
[2023.05.25-13.29.17:568][  0]LogNetVersion: Set ProjectVersion to 1.0.0.0. Version Checksum will be recalculated on next use.
[2023.05.25-13.29.17:645][  0]LogDerivedDataCache: Saved boot cache 0.08s 86MB C:/Users/owner/AppData/Local/UnrealEngine/4.24/DerivedDataCache/Boot.ddc.
[2023.05.25-13.29.17:647][  0]LogInit: Texture streaming: Enabled
[2023.05.25-13.29.17:659][  0]LogEngineSessionManager: EngineSessionManager initialized
[2023.05.25-13.29.17:659][  0]LogEditorSessionSummary: Verbose: Initializing EditorSessionSummaryWriter for editor session tracking
[2023.05.25-13.29.17:665][  0]LogEditorSessionSummary: EditorSessionSummaryWriter initialized
[2023.05.25-13.29.17:694][  0]LogInit: Transaction tracking system initialized
[2023.05.25-13.29.17:701][  0]BlueprintLog: New page: 에디터 로드
[2023.05.25-13.29.17:726][  0]LocalizationService: 현지화 서비스가 비활성화되었습니다.
[2023.05.25-13.29.17:925][  0]LogFileCache: Scanning file cache for directory 'C:/Users/owner/Documents/GitHub/UNogakKimchi/RossiNante/Content/' took 0.03s
[2023.05.25-13.29.17:925][  0]LogCook: Display: Max memory allowance for cook 16384mb min free memory 0mb
[2023.05.25-13.29.17:925][  0]LogCook: Display: Mobile HDR setting 1
[2023.05.25-13.29.18:440][  0]SourceControl: 소스 컨트롤이 꺼졌습니다.
[2023.05.25-13.29.18:440][  0]Cmd: MAP LOAD FILE="../../../../../../Users/owner/Documents/GitHub/UNogakKimchi/RossiNante/Content/Maps/Default.umap" TEMPLATE=0 SHOWPROGRESS=1 FEATURELEVEL=3
[2023.05.25-13.29.18:440][  0]LightingResults: New page: 라이팅 빌드
[2023.05.25-13.29.18:441][  0]LogWorld: UWorld::CleanupWorld for Untitled, bSessionEnded=true, bCleanupResources=true
[2023.05.25-13.29.18:441][  0]LogSlate: InvalidateAllWidgets triggered.  All widgets were invalidated
[2023.05.25-13.29.18:441][  0]MapCheck: New page: 맵 체크
[2023.05.25-13.29.18:441][  0]LightingResults: New page: 라이팅 빌드
[2023.05.25-13.29.18:462][  0]LogUObjectHash: Compacting FUObjectHashTables data took   1.45ms
[2023.05.25-13.29.18:891][  0]LogLinker: Warning: CreateExport: Failed to load Parent for BlueprintGeneratedClass /Game/Blueprints/BP_GameModeBase.BP_GameModeBase_C
[2023.05.25-13.29.18:891][  0]LogLinker: Warning: CreateExport: Failed to load Parent for BlueprintGeneratedClass /Game/Blueprints/BP_GameModeBase.BP_GameModeBase_C
[2023.05.25-13.29.18:891][  0]LogLinker: Warning: CreateExport: Failed to load Parent for BlueprintGeneratedClass /Game/Blueprints/BP_GameModeBase.BP_GameModeBase_C
[2023.05.25-13.29.18:891][  0]LogLinker: Warning: Unable to load Default__BP_GameModeBase_C with outer Package /Game/Blueprints/BP_GameModeBase because its class does not exist
[2023.05.25-13.29.18:891][  0]LogLinker: Warning: CreateExport: Failed to load Parent for BlueprintGeneratedClass /Game/Blueprints/BP_GameModeBase.BP_GameModeBase_C
[2023.05.25-13.29.18:891][  0]LogLinker: Warning: CreateExport: Failed to load Parent for BlueprintGeneratedClass /Game/Blueprints/BP_GameModeBase.BP_GameModeBase_C
[2023.05.25-13.29.19:038][  0]LogLinker: Warning: CreateExport: Failed to load Parent for BlueprintGeneratedClass /Game/Blueprints/BP_GameModeBase.BP_GameModeBase_C
[2023.05.25-13.29.19:039][  0]LogLinker: Warning: CreateExport: Failed to load Parent for BlueprintGeneratedClass /Game/Blueprints/BP_GameModeBase.BP_GameModeBase_C
[2023.05.25-13.29.19:039][  0]LogLinker: Warning: CreateExport: Failed to load Parent for BlueprintGeneratedClass /Game/Blueprints/BP_GameModeBase.BP_GameModeBase_C
[2023.05.25-13.29.19:407][  0]LogAIModule: Creating AISystem for world Default
[2023.05.25-13.29.19:413][  0]LogEditorServer: Finished looking for orphan Actors (0.000 secs)
[2023.05.25-13.29.19:435][  0]LogUObjectHash: Compacting FUObjectHashTables data took   1.98ms
[2023.05.25-13.29.19:439][  0]Cmd: MAP CHECKDEP NOCLEARLOG
[2023.05.25-13.29.19:439][  0]MapCheck: 맵 체크 완료: 오류 0 회, 경고 0 회, 소요 시간 0.483ms.
[2023.05.25-13.29.19:439][  0]LogFileHelpers: Loading map 'Default' took 0.999
[2023.05.25-13.29.19:512][  0]LogWindowsTextInputMethodSystem: Display: IME system now activated using TSF (Microsoft 입력기).
[2023.05.25-13.29.19:568][  0]LogSlate: Updating window title bar state: overlay mode, drag disabled, window buttons hidden, title bar hidden
[2023.05.25-13.29.19:572][  0]LogSlate: Updating window title bar state: overlay mode, drag disabled, window buttons hidden, title bar hidden
[2023.05.25-13.29.19:576][  0]LogSlate: Updating window title bar state: overlay mode, drag disabled, window buttons hidden, title bar hidden
[2023.05.25-13.29.19:580][  0]LogSlate: Updating window title bar state: overlay mode, drag disabled, window buttons hidden, title bar hidden
[2023.05.25-13.29.19:584][  0]LogCollectionManager: Loaded 0 collections in 0.001393 seconds
[2023.05.25-13.29.19:595][  0]LogFileCache: Scanning file cache for directory 'C:/Users/owner/Documents/GitHub/UNogakKimchi/RossiNante/Saved/Collections/' took 0.00s
[2023.05.25-13.29.19:595][  0]LogFileCache: Scanning file cache for directory 'C:/Users/owner/Documents/GitHub/UNogakKimchi/RossiNante/Content/Developers/owner/Collections/' took 0.00s
[2023.05.25-13.29.19:595][  0]LogFileCache: Scanning file cache for directory 'C:/Users/owner/Documents/GitHub/UNogakKimchi/RossiNante/Content/Collections/' took 0.00s
[2023.05.25-13.29.19:595][  0]LogContentBrowser: Native class hierarchy populated in 0.0068 seconds. Added 3020 classes and 719 folders.
[2023.05.25-13.29.19:597][  0]LogContentBrowser: Native class hierarchy updated for 'WidgetCarousel' in 0.0003 seconds. Added 0 classes and 0 folders.
[2023.05.25-13.29.19:647][  0]LogContentBrowser: Native class hierarchy updated for 'AddContentDialog' in 0.0003 seconds. Added 0 classes and 0 folders.
[2023.05.25-13.29.19:652][  0]LogContentBrowser: Native class hierarchy updated for 'SceneOutliner' in 0.0003 seconds. Added 2 classes and 3 folders.
[2023.05.25-13.29.19:797][  0]LogContentBrowser: Native class hierarchy updated for 'HierarchicalLODOutliner' in 0.0004 seconds. Added 0 classes and 0 folders.
[2023.05.25-13.29.19:797][  0]LogLoad: (Engine Initialization) Total time: 7.59 seconds
[2023.05.25-13.29.19:797][  0]LogLoad: (Engine Initialization) Total Blueprint compile time: 0.00 seconds
[2023.05.25-13.29.19:807][  0]LoadErrors: Warning: CreateExport: 'DefaultSceneRoot' 리소스에 대한 BlueprintGeneratedClass /Game/Blueprints/BP_GameModeBase.BP_GameModeBase_C Outer 로드에 실패했습니다.
[2023.05.25-13.29.19:807][  0]LoadErrors: Warning: CreateExport: 'DefaultSceneRoot_GEN_VARIABLE' 리소스에 대한 BlueprintGeneratedClass /Game/Blueprints/BP_GameModeBase.BP_GameModeBase_C Outer 로드에 실패했습니다.
[2023.05.25-13.29.19:807][  0]LoadErrors: Warning: CreateExport: 'SimpleConstructionScript_0' 리소스에 대한 BlueprintGeneratedClass /Game/Blueprints/BP_GameModeBase.BP_GameModeBase_C Outer 로드에 실패했습니다.
[2023.05.25-13.29.19:807][  0]LoadErrors: Warning: CreateExport: 'SCS_Node_0' 리소스에 대한 SimpleConstructionScript /Game/Blueprints/BP_GameModeBase.BP_GameModeBase_C:SimpleConstructionScript_0 Outer 로드에 실패했습니다.
[2023.05.25-13.29.19:847][  0]LogAssetRegistry: Asset discovery search completed in 4.6830 seconds
[2023.05.25-13.29.19:850][  0]LogCollectionManager: Fixed up redirectors for 0 collections in 0.000005 seconds (updated 0 objects)
[2023.05.25-13.29.19:850][  0]LogContentStreaming: Texture pool size now 1000 MB
[2023.05.25-13.29.19:963][  0]LogSlate: Took 0.000136 seconds to synchronously load lazily loaded font '../../../Engine/Content/Slate/Fonts/Roboto-Regular.ttf' (155K)
[2023.05.25-13.29.19:965][  0]LogSlate: Took 0.001056 seconds to synchronously load lazily loaded font '../../../Engine/Content/Editor/Slate/Fonts/NanumGothic.ttf' (4243K)
[2023.05.25-13.29.19:967][  0]LogSlate: Took 0.001012 seconds to synchronously load lazily loaded font '../../../Engine/Content/Editor/Slate/Fonts/NanumGothicBold.ttf' (4188K)
[2023.05.25-13.29.19:967][  0]LogSlate: Took 0.000151 seconds to synchronously load lazily loaded font '../../../Engine/Content/Slate/Fonts/Roboto-Bold.ttf' (160K)
[2023.05.25-13.29.19:969][  0]LogSlate: Took 0.000109 seconds to synchronously load lazily loaded font '../../../Engine/Content/Editor/Slate/Fonts/FontAwesome.ttf' (139K)
[2023.05.25-13.29.20:024][  0]LogRenderer: Reallocating scene render targets to support 872x452 Format 10 NumSamples 1 (Frame:1).
[2023.05.25-13.29.20:024][  0]LogSlate: Took 0.000234 seconds to synchronously load lazily loaded font '../../../Engine/Content/Slate/Fonts/Roboto-Light.ttf' (167K)
[2023.05.25-13.29.20:819][ 78]LogSlate: Took 0.000204 seconds to synchronously load lazily loaded font '../../../Engine/Content/Slate/Fonts/Roboto-Light.ttf' (167K)
[2023.05.25-13.29.22:640][242]LogSlate: Window '메시지 로그' being destroyed
[2023.05.25-13.29.22:643][242]LogSlate: Window '메시지 로그' being destroyed
[2023.05.25-13.29.49:730][913]LogAssetEditorSubsystem: Opening Asset editor for Blueprint /Game/Blueprints/BP_GameModeBase.BP_GameModeBase
[2023.05.25-13.29.52:481][913]LogSlate: Window '메시지' being destroyed
[2023.05.25-13.30.00:761][788]LogAssetEditorSubsystem: Opening Asset editor for Blueprint /Game/Blueprints/BP_GameModeBase.BP_GameModeBase
[2023.05.25-13.30.02:908][788]LogSlate: Window '메시지' being destroyed
[2023.05.25-13.30.05:368][ 43]LogUObjectHash: Compacting FUObjectHashTables data took   1.31ms
[2023.05.25-13.30.10:199][ 43]LogSlate: Window 'Delete Assets' being destroyed
[2023.05.25-13.30.14:231][204]LogSlate: Window '부모 클래스 선택' being destroyed
[2023.05.25-13.30.23:730][290]LogAssetEditorSubsystem: Opening Asset editor for Blueprint /Game/Blueprints/BP_GameModeBase2.BP_GameModeBase2
[2023.05.25-13.30.23:871][290]LogContentBrowser: Native class hierarchy updated for 'BlueprintGraph' in 0.0005 seconds. Added 121 classes and 0 folders.
[2023.05.25-13.30.26:045][445]LogRenderer: Reallocating scene render targets to support 872x560 Format 10 NumSamples 1 (Frame:77).
[2023.05.25-13.30.26:292][474]LogSlate: Window 'BP_GameModeBase2' being destroyed
[2023.05.25-13.30.27:611][608]LogSlate: Prevented a slow task dialog from being summoned while a context menu was open
[2023.05.25-13.30.29:932][854]BlueprintLog: New page: BP_GameModeBase2 컴파일
[2023.05.25-13.30.30:165][854]LogUObjectHash: Compacting FUObjectHashTables data took   2.55ms
[2023.05.25-13.30.30:430][881]Cmd: OBJ SAVEPACKAGE PACKAGE="/Game/Blueprints/BP_GameModeBase2" FILE="../../../../../../Users/owner/Documents/GitHub/UNogakKimchi/RossiNante/Content/Blueprints/BP_GameModeBase2.uasset" SILENT=true
[2023.05.25-13.30.30:443][881]LogSavePackage: Moving '../../../../../../Users/owner/Documents/GitHub/UNogakKimchi/RossiNante/Saved/BP_GameModeBase22BE773E44FB1D3A79D0B29804F1D7DC5.tmp' to '../../../../../../Users/owner/Documents/GitHub/UNogakKimchi/RossiNante/Content/Blueprints/BP_GameModeBase2.uasset'
[2023.05.25-13.30.30:462][881]AssetCheck: New page: Asset Save: BP_GameModeBase2
[2023.05.25-13.30.30:462][881]LogContentValidation: Display: Blueprint /Game/Blueprints/BP_GameModeBase2.BP_GameModeBase2 유효성 검사
[2023.05.25-13.30.38:363][604]LogSlate: Prevented a slow task dialog from being summoned while a context menu was open
[2023.05.25-13.30.40:709][872]LogSlate: Window '프로젝트 세팅' being destroyed
[2023.05.25-13.30.40:712][872]LogSlate: Window '프로젝트 세팅' being destroyed
[2023.05.25-13.30.42:872][ 80]LogUObjectHash: Compacting FUObjectHashTables data took   3.19ms
[2023.05.25-13.30.44:113][ 80]LogSlate: Window 'Delete Assets' being destroyed
[2023.05.25-13.30.44:319][ 80]LogUObjectGlobals: Force Deleting 1 Package(s):
	Asset Name: /Game/Blueprints/BP_GameModeBase.BP_GameModeBase
[2023.05.25-13.30.50:080][ 80]LogUObjectHash: Compacting FUObjectHashTables data took   2.43ms
[2023.05.25-13.30.50:108][ 80]LogUObjectHash: Compacting FUObjectHashTables data took   2.20ms
[2023.05.25-13.30.50:131][ 80]LogUObjectHash: Compacting FUObjectHashTables data took   0.85ms
[2023.05.25-13.30.50:880][149]Cmd: OBJ SAVEPACKAGE PACKAGE="/Game/Maps/Default" FILE="../../../../../../Users/owner/Documents/GitHub/UNogakKimchi/RossiNante/Content/Maps/Default.umap" SILENT=true AUTOSAVING=false KEEPDIRTY=false
[2023.05.25-13.30.50:909][149]LogUObjectHash: Compacting FUObjectHashTables data took   2.42ms
[2023.05.25-13.30.50:931][149]LogSavePackage: Moving '../../../../../../Users/owner/Documents/GitHub/UNogakKimchi/RossiNante/Saved/DefaultCE9ABEE44A4ACC4C88D7C1A63E1CC2E1.tmp' to '../../../../../../Users/owner/Documents/GitHub/UNogakKimchi/RossiNante/Content/Maps/Default.umap'
[2023.05.25-13.30.50:945][149]Cmd: OBJ SAVEPACKAGE PACKAGE="/Game/Maps/Default_BuiltData" FILE="../../../../../../Users/owner/Documents/GitHub/UNogakKimchi/RossiNante/Content/Maps/Default_BuiltData.uasset" SILENT=true
[2023.05.25-13.30.50:961][149]LogSavePackage: Moving '../../../../../../Users/owner/Documents/GitHub/UNogakKimchi/RossiNante/Saved/Default_BuiltData2B8D9F884851CB85FF74BFAE223C2321.tmp' to '../../../../../../Users/owner/Documents/GitHub/UNogakKimchi/RossiNante/Content/Maps/Default_BuiltData.uasset'
[2023.05.25-13.30.51:004][149]AssetCheck: New page: Asset Save: 애셋이 다수입니다.
[2023.05.25-13.30.51:004][149]LogContentValidation: Display: World /Game/Maps/Default.Default 유효성 검사
[2023.05.25-13.30.51:004][149]LogContentValidation: Display: MapBuildDataRegistry /Game/Maps/Default_BuiltData.Default_BuiltData 유효성 검사
[2023.05.25-13.30.52:707][342]LogTemp: Repeating last play command: 선택된 뷰포트
[2023.05.25-13.30.52:717][342]LogPlayLevel: PlayLevel: No blueprints needed recompiling
[2023.05.25-13.30.52:718][342]PIE: New page: PIE 세션: Default (2023. 5. 26. 오전 7:30:52)
[2023.05.25-13.30.52:718][342]LogOnline: OSS: Creating online subsystem instance for: NULL
[2023.05.25-13.30.52:719][342]LogOnline: OSS: TryLoadSubsystemAndSetDefault: Loaded subsystem for module [NULL]
[2023.05.25-13.30.52:719][342]LogPlayLevel: Creating play world package: /Game/Maps/UEDPIE_0_Default
[2023.05.25-13.30.52:722][342]LogPlayLevel: PIE: StaticDuplicateObject took: (0.002611s)
[2023.05.25-13.30.52:723][342]LogAIModule: Creating AISystem for world Default
[2023.05.25-13.30.52:723][342]LogPlayLevel: PIE: World Init took: (0.000727s)
[2023.05.25-13.30.52:723][342]LogPlayLevel: PIE: Created PIE world by copying editor world from /Game/Maps/Default.Default to /Game/Maps/UEDPIE_0_Default.Default (0.003521s)
[2023.05.25-13.30.52:750][342]LogUObjectHash: Compacting FUObjectHashTables data took   2.55ms
[2023.05.25-13.30.52:752][342]LogAudioMixer: Display: Audio Mixer Platform Settings:
[2023.05.25-13.30.52:752][342]LogAudioMixer: Display: 	Sample Rate:						  48000
[2023.05.25-13.30.52:752][342]LogAudioMixer: Display: 	Callback Buffer Frame Size Requested: 1024
[2023.05.25-13.30.52:752][342]LogAudioMixer: Display: 	Callback Buffer Frame Size To Use:	  1024
[2023.05.25-13.30.52:752][342]LogAudioMixer: Display: 	Number of buffers to queue:			  2
[2023.05.25-13.30.52:752][342]LogAudioMixer: Display: 	Max Channels (voices):				  32
[2023.05.25-13.30.52:752][342]LogAudioMixer: Display: 	Number of Async Source Workers:		  0
[2023.05.25-13.30.52:752][342]LogAudio: Display: AudioDevice MaxSources: 32
[2023.05.25-13.30.52:752][342]LogAudio: Display: Using built-in audio occlusion.
[2023.05.25-13.30.52:752][342]LogAudioMixer: Display: Initializing audio mixer.
[2023.05.25-13.30.52:828][342]LogAudioMixer: Display: Audio Device Output Speaker Info:
[2023.05.25-13.30.52:828][342]LogAudioMixer: Display: Name: Realtek HD Audio 2nd output(Realtek(R) Audio)
[2023.05.25-13.30.52:828][342]LogAudioMixer: Display: Is Default: Yes
[2023.05.25-13.30.52:829][342]LogAudioMixer: Display: Sample Rate: 48000
[2023.05.25-13.30.52:829][342]LogAudioMixer: Display: Channel Count Used: 2
[2023.05.25-13.30.52:829][342]LogAudioMixer: Display: Device Channel Count: 2
[2023.05.25-13.30.52:829][342]LogAudioMixer: Display: Channel Order:
[2023.05.25-13.30.52:829][342]LogAudioMixer: Display: 0: FrontLeft
[2023.05.25-13.30.52:829][342]LogAudioMixer: Display: 1: FrontRight
[2023.05.25-13.30.52:852][342]LogAudioMixer: Display: Using Audio Device Realtek HD Audio 2nd output(Realtek(R) Audio)
[2023.05.25-13.30.52:854][342]LogInit: FAudioDevice initialized.
[2023.05.25-13.30.52:859][342]LogLoad: Game class is 'BP_GameModeBase2_C'
[2023.05.25-13.30.52:863][342]LogWorld: Bringing World /Game/Maps/UEDPIE_0_Default.Default up for play (max tick rate 0) at 2023.05.25-22.30.52
[2023.05.25-13.30.52:863][342]LogWorld: Bringing up level for play took: 0.003735
[2023.05.25-13.30.52:863][342]LogOnline: OSS: Creating online subsystem instance for: :Context_4
[2023.05.25-13.30.52:866][342]LogContentBrowser: Native class hierarchy updated for 'MovieSceneCapture' in 0.0004 seconds. Added 20 classes and 0 folders.
[2023.05.25-13.30.52:868][342]PIE: /Game/Maps/UEDPIE_0_Default 에 대한 에디터에서 플레이 시작 시간: -0.378
[2023.05.25-13.30.53:579][397]LogTemp: Warning: broadCast Attack
[2023.05.25-13.30.55:038][569]LogTemp: Warning: broadCast Attack
[2023.05.25-13.30.55:038][569]LogTemp: Hit Actor : DefaultMonsterBP_2
[2023.05.25-13.30.55:038][569]LogBlueprintUserMessages: [DefaultMonsterBP_2] Hit
[2023.05.25-13.30.55:038][569]LogBlueprintUserMessages: [DefaultMonsterBP_2] 90.0
[2023.05.25-13.30.56:397][732]LogTemp: Warning: broadCast Attack
[2023.05.25-13.30.56:397][732]LogTemp: Hit Actor : DefaultMonsterBP_2
[2023.05.25-13.30.56:397][732]LogBlueprintUserMessages: [DefaultMonsterBP_2] Hit
[2023.05.25-13.30.56:397][732]LogBlueprintUserMessages: [DefaultMonsterBP_2] 80.0
[2023.05.25-13.30.57:405][853]LogTemp: Warning: broadCast Attack
[2023.05.25-13.30.57:405][853]LogTemp: Hit Actor : DefaultMonsterBP_2
[2023.05.25-13.30.57:406][853]LogBlueprintUserMessages: [DefaultMonsterBP_2] Hit
[2023.05.25-13.30.57:406][853]LogBlueprintUserMessages: [DefaultMonsterBP_2] 70.0
[2023.05.25-13.30.58:397][972]LogTemp: Warning: broadCast Attack
[2023.05.25-13.30.58:397][972]LogTemp: Hit Actor : DefaultMonsterBP_2
[2023.05.25-13.30.58:397][972]LogBlueprintUserMessages: [DefaultMonsterBP_2] Hit
[2023.05.25-13.30.58:397][972]LogBlueprintUserMessages: [DefaultMonsterBP_2] 60.0
[2023.05.25-13.30.59:538][109]LogTemp: Warning: broadCast Attack
[2023.05.25-13.30.59:538][109]LogTemp: Hit Actor : BP_Character_2
[2023.05.25-13.30.59:538][109]LogTemp: 0
[2023.05.25-13.30.59:538][109]LogTemp: Warning: OnAttacked 90
[2023.05.25-13.30.59:538][109]LogTemp: 1
[2023.05.25-13.30.59:614][118]LogTemp: 1
[2023.05.25-13.30.59:614][118]LogTemp: Warning: OnAttacked 80
[2023.05.25-13.30.59:614][118]LogTemp: 1
[2023.05.25-13.30.59:921][155]LogTemp: 1
[2023.05.25-13.30.59:921][155]LogTemp: Warning: OnAttacked 70
[2023.05.25-13.30.59:922][155]LogTemp: 1
[2023.05.25-13.31.00:365][208]LogTemp: Warning: broadCast Hit
[2023.05.25-13.31.01:197][308]LogTemp: 0
[2023.05.25-13.31.01:197][308]LogTemp: Warning: OnAttacked 60
[2023.05.25-13.31.01:197][308]LogTemp: 1
[2023.05.25-13.31.01:230][312]LogTemp: 0
[2023.05.25-13.31.01:230][312]LogTemp: Warning: OnAttacked 90
[2023.05.25-13.31.01:230][312]LogTemp: 1
[2023.05.25-13.31.01:271][317]LogTemp: Warning: broadCast Attack
[2023.05.25-13.31.01:271][317]LogTemp: Hit Actor : DefaultMonsterBP_2
[2023.05.25-13.31.01:272][317]LogBlueprintUserMessages: [DefaultMonsterBP_2] Hit
[2023.05.25-13.31.01:272][317]LogBlueprintUserMessages: [DefaultMonsterBP_2] 50.0
[2023.05.25-13.31.02:022][407]LogTemp: Warning: broadCast Hit
[2023.05.25-13.31.02:055][411]LogTemp: Warning: broadCast Hit
[2023.05.25-13.31.02:788][499]LogTemp: Warning: broadCast Attack
[2023.05.25-13.31.02:788][499]LogTemp: Hit Actor : BP_Character_2
[2023.05.25-13.31.02:788][499]LogTemp: 0
[2023.05.25-13.31.02:788][499]LogTemp: Warning: OnAttacked 50
[2023.05.25-13.31.02:788][499]LogTemp: 1
[2023.05.25-13.31.03:205][549]LogTemp: 1
[2023.05.25-13.31.03:205][549]LogTemp: Warning: OnAttacked 40
[2023.05.25-13.31.03:205][549]LogTemp: 1
[2023.05.25-13.31.03:214][550]LogTemp: 1
[2023.05.25-13.31.03:214][550]LogTemp: Warning: OnAttacked 30
[2023.05.25-13.31.03:214][550]LogTemp: 1
[2023.05.25-13.31.03:397][572]LogTemp: 1
[2023.05.25-13.31.03:397][572]LogTemp: Warning: OnAttacked 20
[2023.05.25-13.31.03:397][572]LogTemp: 1
[2023.05.25-13.31.03:614][598]LogTemp: Warning: broadCast Hit
[2023.05.25-13.31.03:722][611]LogTemp: Warning: broadCast Attack
[2023.05.25-13.31.03:722][611]LogTemp: Hit Actor : DefaultMonsterBP_2
[2023.05.25-13.31.03:722][611]LogBlueprintUserMessages: [DefaultMonsterBP_2] Hit
[2023.05.25-13.31.03:722][611]LogBlueprintUserMessages: [DefaultMonsterBP_2] 40.0
[2023.05.25-13.31.03:805][621]LogTemp: 0
[2023.05.25-13.31.03:805][621]LogTemp: Warning: OnAttacked 10
[2023.05.25-13.31.03:805][621]LogTemp: 1
[2023.05.25-13.31.04:314][682]LogAudioMixer: Display: No commands were queued while flushing the source manager.
[2023.05.25-13.31.04:314][682]LogAudioMixer: Display: No commands were queued while flushing the source manager.
[2023.05.25-13.31.04:315][682]LogSlate: Updating window title bar state: overlay mode, drag disabled, window buttons hidden, title bar hidden
[2023.05.25-13.31.04:315][682]LogWorld: BeginTearingDown for /Game/Maps/UEDPIE_0_Default
[2023.05.25-13.31.04:315][682]LogAudioMixer: Display: No commands were queued while flushing the source manager.
[2023.05.25-13.31.04:315][682]LogWorld: UWorld::CleanupWorld for Default, bSessionEnded=true, bCleanupResources=true
[2023.05.25-13.31.04:315][682]LogSlate: InvalidateAllWidgets triggered.  All widgets were invalidated
[2023.05.25-13.31.04:324][682]LogPlayLevel: Display: Shutting down PIE online subsystems
[2023.05.25-13.31.04:330][682]LogSlate: InvalidateAllWidgets triggered.  All widgets were invalidated
[2023.05.25-13.31.04:359][682]LogAudioMixer: Display: No commands were queued while flushing the source manager.
[2023.05.25-13.31.04:361][682]LogSlate: Updating window title bar state: overlay mode, drag disabled, window buttons hidden, title bar hidden
[2023.05.25-13.31.04:395][682]LogUObjectHash: Compacting FUObjectHashTables data took   3.39ms
[2023.05.25-13.31.04:415][683]LogPlayLevel: Display: Destroying online subsystem :Context_4
[2023.05.25-13.31.38:640][241]LogTexture: Display: 텍스처 빌드: Login2 (AutoDXT, 1080X1080)
[2023.05.25-13.31.38:663][241]LogAssetEditorSubsystem: Opening Asset editor for Texture2D /Game/Image/Login2.Login2
[2023.05.25-13.31.38:673][241]LogContentBrowser: Native class hierarchy updated for 'TextureEditor' in 0.0004 seconds. Added 1 classes and 2 folders.
[2023.05.25-13.31.46:749][900]LogLinker: Warning: CreateExport: Failed to load Parent for WidgetBlueprintGeneratedClass /Game/Blueprints/UI/BP_LoginWidget.BP_LoginWidget_C
[2023.05.25-13.31.46:749][900]LogLinker: Warning: CreateExport: Failed to load Parent for WidgetBlueprintGeneratedClass /Game/Blueprints/UI/BP_LoginWidget.BP_LoginWidget_C
[2023.05.25-13.31.46:749][900]LogLinker: Warning: CreateExport: Failed to load Parent for WidgetBlueprintGeneratedClass /Game/Blueprints/UI/BP_LoginWidget.BP_LoginWidget_C
[2023.05.25-13.31.46:749][900]LogLinker: Warning: Unable to load Default__BP_LoginWidget_C with outer Package /Game/Blueprints/UI/BP_LoginWidget because its class does not exist
[2023.05.25-13.31.46:749][900]LogLinker: Warning: CreateExport: Failed to load Parent for WidgetBlueprintGeneratedClass /Game/Blueprints/UI/BP_LoginWidget.BP_LoginWidget_C
[2023.05.25-13.31.46:750][900]LogLinker: Warning: CreateExport: Failed to load Parent for WidgetBlueprintGeneratedClass /Game/Blueprints/UI/BP_LoginWidget.BP_LoginWidget_C
[2023.05.25-13.31.46:750][900]LogLinker: Warning: CreateExport: Failed to load Parent for WidgetBlueprintGeneratedClass /Game/Blueprints/UI/BP_LoginWidget.BP_LoginWidget_C
[2023.05.25-13.31.46:778][900]LogAssetEditorSubsystem: Opening Asset editor for WidgetBlueprint /Game/Blueprints/UI/BP_LoginWidget.BP_LoginWidget
[2023.05.25-13.31.48:870][900]LogSlate: Window '메시지' being destroyed
[2023.05.25-13.31.48:905][900]LoadErrors: Warning: CreateExport: 'BG' 리소스에 대한 WidgetBlueprintGeneratedClass /Game/Blueprints/UI/BP_LoginWidget.BP_LoginWidget_C Outer 로드에 실패했습니다.
[2023.05.25-13.31.48:905][900]LoadErrors: Warning: CreateExport: 'Image_943' 리소스에 대한 WidgetBlueprintGeneratedClass /Game/Blueprints/UI/BP_LoginWidget.BP_LoginWidget_C Outer 로드에 실패했습니다.
[2023.05.25-13.31.57:911][828]LogUObjectHash: Compacting FUObjectHashTables data took   4.15ms
[2023.05.25-13.31.57:919][828]LogMetaData: Removing '/Game/Blueprints/BP_GameModeBase.BP_GameModeBase:UserConstructionScript.K2Node_FunctionEntry_0' ref from Metadata '/Game/Blueprints/BP_GameModeBase2.PackageMetaData'
[2023.05.25-13.31.57:919][828]LogMetaData: Removing '/Game/Blueprints/BP_GameModeBase.SKEL_BP_GameModeBase_C' ref from Metadata '/Game/Blueprints/BP_GameModeBase2.PackageMetaData'
[2023.05.25-13.31.57:919][828]LogMetaData: Removing '/Game/Blueprints/BP_GameModeBase.BP_GameModeBase_C' ref from Metadata '/Game/Blueprints/BP_GameModeBase2.PackageMetaData'
[2023.05.25-13.31.57:919][828]LogMetaData: Removing '/Game/Blueprints/BP_GameModeBase.BP_GameModeBase:EventGraph.K2Node_Event_0' ref from Metadata '/Game/Blueprints/BP_GameModeBase2.PackageMetaData'
[2023.05.25-13.31.57:919][828]LogMetaData: Removing '/Game/Blueprints/BP_GameModeBase.BP_GameModeBase:EventGraph.K2Node_Event_1' ref from Metadata '/Game/Blueprints/BP_GameModeBase2.PackageMetaData'
[2023.05.25-13.31.57:989][828]Cmd: OBJ SAVEPACKAGE PACKAGE="/Game/Blueprints/BP_GameModeBase" FILE="../../../../../../Users/owner/Documents/GitHub/UNogakKimchi/RossiNante/Content/Blueprints/BP_GameModeBase.uasset" SILENT=true
[2023.05.25-13.31.57:993][828]LogSavePackage: Moving '../../../../../../Users/owner/Documents/GitHub/UNogakKimchi/RossiNante/Saved/BP_GameModeBaseA6BB49104FD8C146F70210A6F9D29A90.tmp' to '../../../../../../Users/owner/Documents/GitHub/UNogakKimchi/RossiNante/Content/Blueprints/BP_GameModeBase.uasset'
[2023.05.25-13.31.58:304][828]LogUObjectHash: Compacting FUObjectHashTables data took   3.07ms
[2023.05.25-13.31.58:368][828]LogUObjectHash: Compacting FUObjectHashTables data took   2.34ms
[2023.05.25-13.31.58:391][828]LogUObjectHash: Compacting FUObjectHashTables data took   0.85ms
[2023.05.25-13.31.58:503][828]AssetCheck: New page: Asset Save: BP_GameModeBase
[2023.05.25-13.31.58:503][828]LogContentValidation: Display: Blueprint /Game/Blueprints/BP_GameModeBase.BP_GameModeBase 유효성 검사
