Log file open, 05/16/23 21:20:23
LogWindows: Failed to load 'aqProf.dll' (GetLastError=126)
LogWindows: File 'aqProf.dll' does not exist
LogWindows: Failed to load 'VtuneApi.dll' (GetLastError=126)
LogWindows: File 'VtuneApi.dll' does not exist
LogWindows: Failed to load 'VtuneApi32e.dll' (GetLastError=126)
LogWindows: File 'VtuneApi32e.dll' does not exist
LogConsoleResponse: Display: Failed to find resolution value strings in scalability ini. Falling back to default.
LogInit: Display: Running engine for game: RossiNante
LogPlatformFile: Not using cached read wrapper
LogTaskGraph: Started task graph with 5 named threads and 35 total threads with 3 sets of task threads.
LogStats: Stats thread started at 0.061466
LogD3D11RHI: Loaded GFSDK_Aftermath_Lib.x64.dll
LogICUInternationalization: ICU TimeZone Detection - Raw Offset: +9:00, Platform Override: ''
LogPluginManager: Mounting plugin Paper2D
LogPluginManager: Mounting plugin AISupport
LogPluginManager: Mounting plugin LightPropagationVolume
LogPluginManager: Mounting plugin ActorLayerUtilities
LogPluginManager: Mounting plugin AnimationSharing
LogPluginManager: Mounting plugin CLionSourceCodeAccess
LogPluginManager: Mounting plugin CodeLiteSourceCodeAccess
LogPluginManager: Mounting plugin GitSourceControl
LogPluginManager: Mounting plugin KDevelopSourceCodeAccess
LogPluginManager: Mounting plugin NullSourceCodeAccess
LogPluginManager: Mounting plugin PerforceSourceControl
LogPluginManager: Mounting plugin PlasticSourceControl
LogPluginManager: Mounting plugin SubversionSourceControl
LogPluginManager: Mounting plugin UObjectPlugin
LogPluginManager: Mounting plugin VisualStudioCodeSourceCodeAccess
LogPluginManager: Mounting plugin VisualStudioSourceCodeAccess
LogPluginManager: Mounting plugin XCodeSourceCodeAccess
LogPluginManager: Mounting plugin AssetManagerEditor
LogPluginManager: Mounting plugin CryptoKeys
LogPluginManager: Mounting plugin CurveEditorTools
LogPluginManager: Mounting plugin DataValidation
LogPluginManager: Mounting plugin FacialAnimation
LogPluginManager: Mounting plugin GameplayTagsEditor
LogPluginManager: Mounting plugin MacGraphicsSwitching
LogPluginManager: Mounting plugin MaterialAnalyzer
LogPluginManager: Mounting plugin MobileLauncherProfileWizard
LogPluginManager: Mounting plugin PluginBrowser
LogPluginManager: Mounting plugin SpeedTreeImporter
LogPluginManager: Mounting plugin DatasmithContent
LogPluginManager: Mounting plugin VariantManagerContent
LogPluginManager: Mounting plugin AlembicImporter
LogPluginManager: Mounting plugin AutomationUtils
LogPluginManager: Mounting plugin BackChannel
LogPluginManager: Mounting plugin CharacterAI
LogPluginManager: Mounting plugin GeometryCache
LogPluginManager: Mounting plugin PlatformCrypto
LogPluginManager: Mounting plugin ProxyLODPlugin
LogPluginManager: Mounting plugin SkeletalReduction
LogPluginManager: Mounting plugin MagicLeap
LogPluginManager: Mounting plugin MagicLeapMedia
LogPluginManager: Mounting plugin MLSDK
LogPluginManager: Mounting plugin AndroidMedia
LogPluginManager: Mounting plugin AvfMedia
LogPluginManager: Mounting plugin ImgMedia
LogPluginManager: Mounting plugin MediaCompositing
LogPluginManager: Mounting plugin MediaPlayerEditor
LogPluginManager: Mounting plugin WebMMedia
LogPluginManager: Mounting plugin WmfMedia
LogPluginManager: Mounting plugin TcpMessaging
LogPluginManager: Mounting plugin UdpMessaging
LogPluginManager: Mounting plugin ActorSequence
LogPluginManager: Mounting plugin LevelSequenceEditor
LogPluginManager: Mounting plugin MatineeToLevelSequence
LogPluginManager: Mounting plugin NetcodeUnitTest
LogPluginManager: Mounting plugin NUTUnrealEngine4
LogPluginManager: Mounting plugin OnlineSubsystemGooglePlay
LogPluginManager: Mounting plugin OnlineSubsystemIOS
LogPluginManager: Mounting plugin OnlineSubsystem
LogPluginManager: Mounting plugin OnlineSubsystemNull
LogPluginManager: Mounting plugin OnlineSubsystemUtils
LogPluginManager: Mounting plugin LauncherChunkInstaller
LogPluginManager: Mounting plugin AndroidDeviceProfileSelector
LogPluginManager: Mounting plugin AndroidMoviePlayer
LogPluginManager: Mounting plugin AndroidPermission
LogPluginManager: Mounting plugin AppleImageUtils
LogPluginManager: Mounting plugin AppleMoviePlayer
LogPluginManager: Mounting plugin ArchVisCharacter
LogPluginManager: Mounting plugin AssetTags
LogPluginManager: Mounting plugin AudioCapture
LogPluginManager: Mounting plugin CableComponent
LogPluginManager: Mounting plugin CustomMeshComponent
LogPluginManager: Mounting plugin EditableMesh
LogPluginManager: Mounting plugin ExampleDeviceProfileSelector
LogPluginManager: Mounting plugin GoogleCloudMessaging
LogPluginManager: Mounting plugin IOSDeviceProfileSelector
LogPluginManager: Mounting plugin LinuxDeviceProfileSelector
LogPluginManager: Mounting plugin LocationServicesBPLibrary
LogPluginManager: Mounting plugin MobilePatchingUtils
LogPluginManager: Mounting plugin OculusVR
LogPluginManager: Mounting plugin PhysXVehicles
LogPluginManager: Mounting plugin PostSplashScreen
LogPluginManager: Mounting plugin ProceduralMeshComponent
LogPluginManager: Mounting plugin RuntimePhysXCooking
LogPluginManager: Mounting plugin SignificanceManager
LogPluginManager: Mounting plugin SteamVR
LogPluginManager: Mounting plugin WebMMoviePlayer
LogPluginManager: Mounting plugin WindowsMoviePlayer
LogPluginManager: Mounting plugin ScreenshotTools
LogInit: Using libcurl 7.55.1-DEV
LogInit:  - built for x86_64-pc-win32
LogInit:  - supports SSL with OpenSSL/1.1.1
LogInit:  - supports HTTP deflate (compression) using libz 1.2.8
LogInit:  - other features:
LogInit:      CURL_VERSION_SSL
LogInit:      CURL_VERSION_LIBZ
LogInit:      CURL_VERSION_IPV6
LogInit:      CURL_VERSION_ASYNCHDNS
LogInit:      CURL_VERSION_LARGEFILE
LogInit:      CURL_VERSION_IDN
LogInit:  CurlRequestOptions (configurable via config and command line):
LogInit:  - bVerifyPeer = true  - Libcurl will verify peer certificate
LogInit:  - bUseHttpProxy = false  - Libcurl will NOT use HTTP proxy
LogInit:  - bDontReuseConnections = false  - Libcurl will reuse connections
LogInit:  - MaxHostConnections = 16  - Libcurl will limit the number of connections to a host
LogInit:  - LocalHostAddr = Default
LogInit:  - BufferSize = 65536
LogOnline: OSS: Creating online subsystem instance for: NULL
LogInit: WinSock: version 1.1 (2.2), MaxSocks=32767, MaxUdp=65467
LogOnline: OSS: TryLoadSubsystemAndSetDefault: Loaded subsystem for module [NULL]
LogInit: Build: ++UE4+Release-4.24-CL-11590370
LogInit: Engine Version: 4.24.3-11590370+++UE4+Release-4.24
LogInit: Compatible Engine Version: 4.24.0-10570792+++UE4+Release-4.24
LogInit: Net CL: 10570792
LogInit: OS: Windows 10 (Release 2009) (), CPU: AMD Ryzen 5 5600X 6-Core Processor             , GPU: NVIDIA GeForce RTX 3060
LogInit: Compiled (64-bit): Feb 24 2020 15:39:18
LogInit: Compiled with Visual C++: 19.16.27032.01
LogInit: Build Configuration: Development
LogInit: Branch Name: ++UE4+Release-4.24
LogInit: Command Line: 
LogInit: Base Directory: C:/Program Files/Epic Games/UE_4.24/Engine/Binaries/Win64/
LogInit: Installed Engine Build: 1
LogDevObjectVersion: Number of dev versions registered: 25
LogDevObjectVersion:   Dev-Blueprints (B0D832E4-1F89-4F0D-ACCF-7EB736FD4AA2): 10
LogDevObjectVersion:   Dev-Build (E1C64328-A22C-4D53-A36C-8E866417BD8C): 0
LogDevObjectVersion:   Dev-Core (375EC13C-06E4-48FB-B500-84F0262A717E): 3
LogDevObjectVersion:   Dev-Editor (E4B068ED-F494-42E9-A231-DA0B2E46BB41): 37
LogDevObjectVersion:   Dev-Framework (CFFC743F-43B0-4480-9391-14DF171D2073): 36
LogDevObjectVersion:   Dev-Mobile (B02B49B5-BB20-44E9-A304-32B752E40360): 2
LogDevObjectVersion:   Dev-Networking (A4E4105C-59A1-49B5-A7C5-40C4547EDFEE): 0
LogDevObjectVersion:   Dev-Online (39C831C9-5AE6-47DC-9A44-9C173E1C8E7C): 0
LogDevObjectVersion:   Dev-Physics (78F01B33-EBEA-4F98-B9B4-84EACCB95AA2): 2
LogDevObjectVersion:   Dev-Platform (6631380F-2D4D-43E0-8009-CF276956A95A): 0
LogDevObjectVersion:   Dev-Rendering (12F88B9F-8875-4AFC-A67C-D90C383ABD29): 36
LogDevObjectVersion:   Dev-Sequencer (7B5AE74C-D270-4C10-A958-57980B212A5A): 11
LogDevObjectVersion:   Dev-VR (D7296918-1DD6-4BDD-9DE2-64A83CC13884): 2
LogDevObjectVersion:   Dev-LoadTimes (C2A15278-BFE7-4AFE-6C17-90FF531DF755): 1
LogDevObjectVersion:   Private-Geometry (6EACA3D4-40EC-4CC1-B786-8BED09428FC5): 3
LogDevObjectVersion:   Dev-AnimPhys (29E575DD-E0A3-4627-9D10-D276232CDCEA): 17
LogDevObjectVersion:   Dev-Anim (AF43A65D-7FD3-4947-9873-3E8ED9C1BB05): 2
LogDevObjectVersion:   Dev-ReflectionCapture (6B266CEC-1EC7-4B8F-A30B-E4D90942FC07): 1
LogDevObjectVersion:   Dev-Automation (0DF73D61-A23F-47EA-B727-89E90C41499A): 1
LogDevObjectVersion:   FortniteMain (601D1886-AC64-4F84-AA16-D3DE0DEAC7D6): 31
LogDevObjectVersion:   Dev-Enterprise (9DFFBCD6-494F-0158-E221-12823C92A888): 8
LogDevObjectVersion:   Dev-Niagara (F2AED0AC-9AFE-416F-8664-AA7FFA26D6FC): 1
LogDevObjectVersion:   Dev-Destruction (174F1F0B-B4C6-45A5-B13F-2EE8D0FB917D): 9
LogDevObjectVersion:   Dev-Physics-Ext (35F94A83-E258-406C-A318-09F59610247C): 8
LogDevObjectVersion:   Dev-CineCamera (B2E18506-4273-CFC2-A54E-F4BB758BBA07): 1
LogInit: Presizing for max 25165824 objects, including 0 objects not considered by GC, pre-allocating 0 bytes for permanent pool.
LogInit: Object subsystem initialized
LogConfig: Setting CVar [[con.DebugEarlyDefault:1]]
LogConfig: Setting CVar [[r.setres:1280x720]]
[2023.05.16-12.20.23:890][  0]LogConfig: Setting CVar [[r.VSync:0]]
[2023.05.16-12.20.23:890][  0]LogConfig: Setting CVar [[r.RHICmdBypass:0]]
[2023.05.16-12.20.23:890][  0]LogConfig: Applying CVar settings from Section [/Script/Engine.RendererSettings] File [C:/Users/owner/Documents/GitHub/UNogakKimchi/RossiNante/Saved/Config/Windows/Engine.ini]
[2023.05.16-12.20.23:890][  0]LogConfig: Setting CVar [[r.GPUCrashDebugging:0]]
[2023.05.16-12.20.23:890][  0]LogConfig: Applying CVar settings from Section [/Script/Engine.RendererOverrideSettings] File [C:/Users/owner/Documents/GitHub/UNogakKimchi/RossiNante/Saved/Config/Windows/Engine.ini]
[2023.05.16-12.20.23:890][  0]LogConfig: Applying CVar settings from Section [/Script/Engine.StreamingSettings] File [C:/Users/owner/Documents/GitHub/UNogakKimchi/RossiNante/Saved/Config/Windows/Engine.ini]
[2023.05.16-12.20.23:890][  0]LogConfig: Setting CVar [[s.MinBulkDataSizeForAsyncLoading:131072]]
[2023.05.16-12.20.23:890][  0]LogConfig: Setting CVar [[s.AsyncLoadingThreadEnabled:0]]
[2023.05.16-12.20.23:890][  0]LogConfig: Setting CVar [[s.EventDrivenLoaderEnabled:1]]
[2023.05.16-12.20.23:890][  0]LogConfig: Setting CVar [[s.WarnIfTimeLimitExceeded:0]]
[2023.05.16-12.20.23:890][  0]LogConfig: Setting CVar [[s.TimeLimitExceededMultiplier:1.5]]
[2023.05.16-12.20.23:890][  0]LogConfig: Setting CVar [[s.TimeLimitExceededMinTime:0.005]]
[2023.05.16-12.20.23:890][  0]LogConfig: Setting CVar [[s.UseBackgroundLevelStreaming:1]]
[2023.05.16-12.20.23:890][  0]LogConfig: Setting CVar [[s.PriorityAsyncLoadingExtraTime:15.0]]
[2023.05.16-12.20.23:890][  0]LogConfig: Setting CVar [[s.LevelStreamingActorsUpdateTimeLimit:5.0]]
[2023.05.16-12.20.23:890][  0]LogConfig: Setting CVar [[s.PriorityLevelStreamingActorsUpdateExtraTime:5.0]]
[2023.05.16-12.20.23:890][  0]LogConfig: Setting CVar [[s.LevelStreamingComponentsRegistrationGranularity:10]]
[2023.05.16-12.20.23:890][  0]LogConfig: Setting CVar [[s.UnregisterComponentsTimeLimit:1.0]]
[2023.05.16-12.20.23:890][  0]LogConfig: Setting CVar [[s.LevelStreamingComponentsUnregistrationGranularity:5]]
[2023.05.16-12.20.23:890][  0]LogConfig: Setting CVar [[s.FlushStreamingOnExit:1]]
[2023.05.16-12.20.23:890][  0]LogConfig: Applying CVar settings from Section [/Script/Engine.GarbageCollectionSettings] File [C:/Users/owner/Documents/GitHub/UNogakKimchi/RossiNante/Saved/Config/Windows/Engine.ini]
[2023.05.16-12.20.23:890][  0]LogConfig: Setting CVar [[gc.MaxObjectsNotConsideredByGC:1]]
[2023.05.16-12.20.23:890][  0]LogConfig: Setting CVar [[gc.SizeOfPermanentObjectPool:0]]
[2023.05.16-12.20.23:890][  0]LogConfig: Setting CVar [[gc.FlushStreamingOnGC:0]]
[2023.05.16-12.20.23:890][  0]LogConfig: Setting CVar [[gc.NumRetriesBeforeForcingGC:10]]
[2023.05.16-12.20.23:890][  0]LogConfig: Setting CVar [[gc.AllowParallelGC:1]]
[2023.05.16-12.20.23:890][  0]LogConfig: Setting CVar [[gc.TimeBetweenPurgingPendingKillObjects:61.1]]
[2023.05.16-12.20.23:890][  0]LogConfig: Setting CVar [[gc.MaxObjectsInEditor:25165824]]
[2023.05.16-12.20.23:890][  0]LogConfig: Setting CVar [[gc.IncrementalBeginDestroyEnabled:1]]
[2023.05.16-12.20.23:890][  0]LogConfig: Setting CVar [[gc.CreateGCClusters:1]]
[2023.05.16-12.20.23:890][  0]LogConfig: Setting CVar [[gc.MinGCClusterSize:5]]
[2023.05.16-12.20.23:890][  0]LogConfig: Setting CVar [[gc.ActorClusteringEnabled:0]]
[2023.05.16-12.20.23:890][  0]LogConfig: Setting CVar [[gc.BlueprintClusteringEnabled:0]]
[2023.05.16-12.20.23:890][  0]LogConfig: Setting CVar [[gc.UseDisregardForGCOnDedicatedServers:0]]
[2023.05.16-12.20.23:890][  0]LogConfig: Applying CVar settings from Section [/Script/Engine.NetworkSettings] File [C:/Users/owner/Documents/GitHub/UNogakKimchi/RossiNante/Saved/Config/Windows/Engine.ini]
[2023.05.16-12.20.23:890][  0]LogConfig: Applying CVar settings from Section [/Script/UnrealEd.CookerSettings] File [C:/Users/owner/Documents/GitHub/UNogakKimchi/RossiNante/Saved/Config/Windows/Engine.ini]
[2023.05.16-12.20.23:892][  0]LogConfig: Applying CVar settings from Section [ViewDistanceQuality@3] File [C:/Users/owner/Documents/GitHub/UNogakKimchi/RossiNante/Saved/Config/Windows/Scalability.ini]
[2023.05.16-12.20.23:892][  0]LogConfig: Setting CVar [[r.SkeletalMeshLODBias:0]]
[2023.05.16-12.20.23:892][  0]LogConfig: Setting CVar [[r.ViewDistanceScale:1.0]]
[2023.05.16-12.20.23:893][  0]LogConfig: Applying CVar settings from Section [AntiAliasingQuality@3] File [C:/Users/owner/Documents/GitHub/UNogakKimchi/RossiNante/Saved/Config/Windows/Scalability.ini]
[2023.05.16-12.20.23:893][  0]LogConfig: Setting CVar [[r.PostProcessAAQuality:4]]
[2023.05.16-12.20.23:893][  0]LogConfig: Applying CVar settings from Section [ShadowQuality@3] File [C:/Users/owner/Documents/GitHub/UNogakKimchi/RossiNante/Saved/Config/Windows/Scalability.ini]
[2023.05.16-12.20.23:893][  0]LogConfig: Setting CVar [[r.LightFunctionQuality:1]]
[2023.05.16-12.20.23:893][  0]LogConfig: Setting CVar [[r.ShadowQuality:5]]
[2023.05.16-12.20.23:893][  0]LogConfig: Setting CVar [[r.Shadow.CSM.MaxCascades:10]]
[2023.05.16-12.20.23:893][  0]LogConfig: Setting CVar [[r.Shadow.MaxResolution:2048]]
[2023.05.16-12.20.23:893][  0]LogConfig: Setting CVar [[r.Shadow.MaxCSMResolution:2048]]
[2023.05.16-12.20.23:893][  0]LogConfig: Setting CVar [[r.Shadow.RadiusThreshold:0.01]]
[2023.05.16-12.20.23:893][  0]LogConfig: Setting CVar [[r.Shadow.DistanceScale:1.0]]
[2023.05.16-12.20.23:893][  0]LogConfig: Setting CVar [[r.Shadow.CSM.TransitionScale:1.0]]
[2023.05.16-12.20.23:893][  0]LogConfig: Setting CVar [[r.Shadow.PreShadowResolutionFactor:1.0]]
[2023.05.16-12.20.23:893][  0]LogConfig: Setting CVar [[r.DistanceFieldShadowing:1]]
[2023.05.16-12.20.23:893][  0]LogConfig: Setting CVar [[r.DistanceFieldAO:1]]
[2023.05.16-12.20.23:893][  0]LogConfig: Setting CVar [[r.AOQuality:2]]
[2023.05.16-12.20.23:893][  0]LogConfig: Setting CVar [[r.VolumetricFog:1]]
[2023.05.16-12.20.23:893][  0]LogConfig: Setting CVar [[r.VolumetricFog.GridPixelSize:8]]
[2023.05.16-12.20.23:893][  0]LogConfig: Setting CVar [[r.VolumetricFog.GridSizeZ:128]]
[2023.05.16-12.20.23:893][  0]LogConfig: Setting CVar [[r.VolumetricFog.HistoryMissSupersampleCount:4]]
[2023.05.16-12.20.23:893][  0]LogConfig: Setting CVar [[r.LightMaxDrawDistanceScale:1]]
[2023.05.16-12.20.23:893][  0]LogConfig: Setting CVar [[r.CapsuleShadows:1]]
[2023.05.16-12.20.23:893][  0]LogConfig: Applying CVar settings from Section [PostProcessQuality@3] File [C:/Users/owner/Documents/GitHub/UNogakKimchi/RossiNante/Saved/Config/Windows/Scalability.ini]
[2023.05.16-12.20.23:893][  0]LogConfig: Setting CVar [[r.MotionBlurQuality:4]]
[2023.05.16-12.20.23:893][  0]LogConfig: Setting CVar [[r.AmbientOcclusionMipLevelFactor:0.4]]
[2023.05.16-12.20.23:893][  0]LogConfig: Setting CVar [[r.AmbientOcclusionMaxQuality:100]]
[2023.05.16-12.20.23:893][  0]LogConfig: Setting CVar [[r.AmbientOcclusionLevels:-1]]
[2023.05.16-12.20.23:893][  0]LogConfig: Setting CVar [[r.AmbientOcclusionRadiusScale:1.0]]
[2023.05.16-12.20.23:893][  0]LogConfig: Setting CVar [[r.DepthOfFieldQuality:2]]
[2023.05.16-12.20.23:893][  0]LogConfig: Setting CVar [[r.RenderTargetPoolMin:400]]
[2023.05.16-12.20.23:893][  0]LogConfig: Setting CVar [[r.LensFlareQuality:2]]
[2023.05.16-12.20.23:893][  0]LogConfig: Setting CVar [[r.SceneColorFringeQuality:1]]
[2023.05.16-12.20.23:893][  0]LogConfig: Setting CVar [[r.EyeAdaptationQuality:2]]
[2023.05.16-12.20.23:893][  0]LogConfig: Setting CVar [[r.BloomQuality:5]]
[2023.05.16-12.20.23:893][  0]LogConfig: Setting CVar [[r.FastBlurThreshold:100]]
[2023.05.16-12.20.23:893][  0]LogConfig: Setting CVar [[r.Upscale.Quality:3]]
[2023.05.16-12.20.23:893][  0]LogConfig: Setting CVar [[r.Tonemapper.GrainQuantization:1]]
[2023.05.16-12.20.23:893][  0]LogConfig: Setting CVar [[r.LightShaftQuality:1]]
[2023.05.16-12.20.23:893][  0]LogConfig: Setting CVar [[r.Filter.SizeScale:1]]
[2023.05.16-12.20.23:893][  0]LogConfig: Setting CVar [[r.Tonemapper.Quality:5]]
[2023.05.16-12.20.23:893][  0]LogConfig: Setting CVar [[r.DOF.Gather.AccumulatorQuality:1        ; higher gathering accumulator quality]]
[2023.05.16-12.20.23:893][  0]LogConfig: Setting CVar [[r.DOF.Gather.PostfilterMethod:1          ; Median3x3 postfilering method]]
[2023.05.16-12.20.23:893][  0]LogConfig: Setting CVar [[r.DOF.Gather.EnableBokehSettings:0       ; no bokeh simulation when gathering]]
[2023.05.16-12.20.23:893][  0]LogConfig: Setting CVar [[r.DOF.Gather.RingCount:4                 ; medium number of samples when gathering]]
[2023.05.16-12.20.23:893][  0]LogConfig: Setting CVar [[r.DOF.Scatter.ForegroundCompositing:1    ; additive foreground scattering]]
[2023.05.16-12.20.23:893][  0]LogConfig: Setting CVar [[r.DOF.Scatter.BackgroundCompositing:2    ; additive background scattering]]
[2023.05.16-12.20.23:893][  0]LogConfig: Setting CVar [[r.DOF.Scatter.EnableBokehSettings:1      ; bokeh simulation when scattering]]
[2023.05.16-12.20.23:893][  0]LogConfig: Setting CVar [[r.DOF.Scatter.MaxSpriteRatio:0.1         ; only a maximum of 10% of scattered bokeh]]
[2023.05.16-12.20.23:893][  0]LogConfig: Setting CVar [[r.DOF.Recombine.Quality:1                ; cheap slight out of focus]]
[2023.05.16-12.20.23:893][  0]LogConfig: Setting CVar [[r.DOF.Recombine.EnableBokehSettings:0    ; no bokeh simulation on slight out of focus]]
[2023.05.16-12.20.23:893][  0]LogConfig: Setting CVar [[r.DOF.TemporalAAQuality:1                ; more stable temporal accumulation]]
[2023.05.16-12.20.23:893][  0]LogConfig: Setting CVar [[r.DOF.Kernel.MaxForegroundRadius:0.025]]
[2023.05.16-12.20.23:893][  0]LogConfig: Setting CVar [[r.DOF.Kernel.MaxBackgroundRadius:0.025]]
[2023.05.16-12.20.23:893][  0]LogConfig: Applying CVar settings from Section [TextureQuality@3] File [C:/Users/owner/Documents/GitHub/UNogakKimchi/RossiNante/Saved/Config/Windows/Scalability.ini]
[2023.05.16-12.20.23:893][  0]LogConfig: Setting CVar [[r.Streaming.MipBias:0]]
[2023.05.16-12.20.23:893][  0]LogConfig: Setting CVar [[r.Streaming.AmortizeCPUToGPUCopy:0]]
[2023.05.16-12.20.23:893][  0]LogConfig: Setting CVar [[r.Streaming.MaxNumTexturesToStreamPerFrame:0]]
[2023.05.16-12.20.23:893][  0]LogConfig: Setting CVar [[r.Streaming.Boost:1]]
[2023.05.16-12.20.23:893][  0]LogConfig: Setting CVar [[r.MaxAnisotropy:8]]
[2023.05.16-12.20.23:893][  0]LogConfig: Setting CVar [[r.VT.MaxAnisotropy:8]]
[2023.05.16-12.20.23:893][  0]LogConfig: Setting CVar [[r.Streaming.LimitPoolSizeToVRAM:0]]
[2023.05.16-12.20.23:893][  0]LogConfig: Setting CVar [[r.Streaming.PoolSize:1000]]
[2023.05.16-12.20.23:893][  0]LogConfig: Setting CVar [[r.Streaming.MaxEffectiveScreenSize:0]]
[2023.05.16-12.20.23:893][  0]LogConfig: Applying CVar settings from Section [EffectsQuality@3] File [C:/Users/owner/Documents/GitHub/UNogakKimchi/RossiNante/Saved/Config/Windows/Scalability.ini]
[2023.05.16-12.20.23:893][  0]LogConfig: Setting CVar [[r.TranslucencyLightingVolumeDim:64]]
[2023.05.16-12.20.23:893][  0]LogConfig: Setting CVar [[r.RefractionQuality:2]]
[2023.05.16-12.20.23:893][  0]LogConfig: Setting CVar [[r.SSR.Quality:3]]
[2023.05.16-12.20.23:893][  0]LogConfig: Setting CVar [[r.SSR.HalfResSceneColor:0]]
[2023.05.16-12.20.23:893][  0]LogConfig: Setting CVar [[r.SceneColorFormat:4]]
[2023.05.16-12.20.23:893][  0]LogConfig: Setting CVar [[r.DetailMode:2]]
[2023.05.16-12.20.23:893][  0]LogConfig: Setting CVar [[r.TranslucencyVolumeBlur:1]]
[2023.05.16-12.20.23:893][  0]LogConfig: Setting CVar [[r.MaterialQualityLevel:1 ; High quality]]
[2023.05.16-12.20.23:893][  0]LogConfig: Setting CVar [[r.SSS.Scale:1]]
[2023.05.16-12.20.23:893][  0]LogConfig: Setting CVar [[r.SSS.SampleSet:2]]
[2023.05.16-12.20.23:893][  0]LogConfig: Setting CVar [[r.SSS.Quality:1]]
[2023.05.16-12.20.23:893][  0]LogConfig: Setting CVar [[r.SSS.HalfRes:1]]
[2023.05.16-12.20.23:893][  0]LogConfig: Setting CVar [[r.SSGI.Quality:3]]
[2023.05.16-12.20.23:893][  0]LogConfig: Setting CVar [[r.EmitterSpawnRateScale:1.0]]
[2023.05.16-12.20.23:893][  0]LogConfig: Setting CVar [[r.ParticleLightQuality:2]]
[2023.05.16-12.20.23:893][  0]LogConfig: Setting CVar [[r.SkyAtmosphere.AerialPerspectiveLUT.FastApplyOnOpaque:1 ; Always have FastSkyLUT 1 in this case to avoid wrong sky]]
[2023.05.16-12.20.23:893][  0]LogConfig: Setting CVar [[r.SkyAtmosphere.AerialPerspectiveLUT.SampleCountPerSlice:1]]
[2023.05.16-12.20.23:893][  0]LogConfig: Setting CVar [[r.SkyAtmosphere.AerialPerspectiveLUT.DepthResolution:16.0]]
[2023.05.16-12.20.23:893][  0]LogConfig: Setting CVar [[r.SkyAtmosphere.FastSkyLUT:1]]
[2023.05.16-12.20.23:893][  0]LogConfig: Setting CVar [[r.SkyAtmosphere.FastSkyLUT.SampleCountMin:4.0]]
[2023.05.16-12.20.23:893][  0]LogConfig: Setting CVar [[r.SkyAtmosphere.FastSkyLUT.SampleCountMax:32.0]]
[2023.05.16-12.20.23:893][  0]LogConfig: Setting CVar [[r.SkyAtmosphere.SampleCountMin:4.0]]
[2023.05.16-12.20.23:893][  0]LogConfig: Setting CVar [[r.SkyAtmosphere.SampleCountMax:32.0]]
[2023.05.16-12.20.23:893][  0]LogConfig: Setting CVar [[r.SkyAtmosphere.TransmittanceLUT.UseSmallFormat:0]]
[2023.05.16-12.20.23:893][  0]LogConfig: Setting CVar [[r.SkyAtmosphere.TransmittanceLUT.SampleCount:10.0]]
[2023.05.16-12.20.23:893][  0]LogConfig: Setting CVar [[r.SkyAtmosphere.MultiScatteringLUT.SampleCount:15.0]]
[2023.05.16-12.20.23:893][  0]LogConfig: Applying CVar settings from Section [FoliageQuality@3] File [C:/Users/owner/Documents/GitHub/UNogakKimchi/RossiNante/Saved/Config/Windows/Scalability.ini]
[2023.05.16-12.20.23:893][  0]LogConfig: Setting CVar [[foliage.DensityScale:1.0]]
[2023.05.16-12.20.23:893][  0]LogConfig: Setting CVar [[grass.DensityScale:1.0]]
[2023.05.16-12.20.23:893][  0]LogConfig: Applying CVar settings from Section [ShadingQuality@3] File [C:/Users/owner/Documents/GitHub/UNogakKimchi/RossiNante/Saved/Config/Windows/Scalability.ini]
[2023.05.16-12.20.23:893][  0]LogConfig: Setting CVar [[r.HairStrands.SkyLighting.SampleCount:16]]
[2023.05.16-12.20.23:893][  0]LogConfig: Setting CVar [[r.HairStrands.SkyLighting.JitterIntegration:0]]
[2023.05.16-12.20.23:893][  0]LogConfig: Setting CVar [[r.HairStrands.SkyAO.SampleCount:16]]
[2023.05.16-12.20.23:893][  0]LogInit: Selected Device Profile: [Windows]
[2023.05.16-12.20.23:893][  0]LogInit: Applying CVar settings loaded from the selected device profile: [Windows]
[2023.05.16-12.20.23:895][  0]LogHAL: Display: Platform has ~ 16 GB [17101754368 / 17179869184 / 16], which maps to Larger [LargestMinGB=32, LargerMinGB=12, DefaultMinGB=8, SmallerMinGB=6, SmallestMinGB=0)
[2023.05.16-12.20.23:895][  0]LogInit: Going up to parent DeviceProfile []
[2023.05.16-12.20.23:895][  0]LogConfig: Applying CVar settings from Section [ViewDistanceQuality@3] File [C:/Users/owner/Documents/GitHub/UNogakKimchi/RossiNante/Saved/Config/Windows/Scalability.ini]
[2023.05.16-12.20.23:896][  0]LogConfig: Setting CVar [[r.SkeletalMeshLODBias:0]]
[2023.05.16-12.20.23:896][  0]LogConfig: Setting CVar [[r.ViewDistanceScale:1.0]]
[2023.05.16-12.20.23:896][  0]LogConfig: Applying CVar settings from Section [AntiAliasingQuality@3] File [C:/Users/owner/Documents/GitHub/UNogakKimchi/RossiNante/Saved/Config/Windows/Scalability.ini]
[2023.05.16-12.20.23:896][  0]LogConfig: Setting CVar [[r.PostProcessAAQuality:4]]
[2023.05.16-12.20.23:896][  0]LogConfig: Applying CVar settings from Section [ShadowQuality@3] File [C:/Users/owner/Documents/GitHub/UNogakKimchi/RossiNante/Saved/Config/Windows/Scalability.ini]
[2023.05.16-12.20.23:896][  0]LogConfig: Setting CVar [[r.LightFunctionQuality:1]]
[2023.05.16-12.20.23:896][  0]LogConfig: Setting CVar [[r.ShadowQuality:5]]
[2023.05.16-12.20.23:896][  0]LogConfig: Setting CVar [[r.Shadow.CSM.MaxCascades:10]]
[2023.05.16-12.20.23:896][  0]LogConfig: Setting CVar [[r.Shadow.MaxResolution:2048]]
[2023.05.16-12.20.23:896][  0]LogConfig: Setting CVar [[r.Shadow.MaxCSMResolution:2048]]
[2023.05.16-12.20.23:896][  0]LogConfig: Setting CVar [[r.Shadow.RadiusThreshold:0.01]]
[2023.05.16-12.20.23:896][  0]LogConfig: Setting CVar [[r.Shadow.DistanceScale:1.0]]
[2023.05.16-12.20.23:896][  0]LogConfig: Setting CVar [[r.Shadow.CSM.TransitionScale:1.0]]
[2023.05.16-12.20.23:896][  0]LogConfig: Setting CVar [[r.Shadow.PreShadowResolutionFactor:1.0]]
[2023.05.16-12.20.23:896][  0]LogConfig: Setting CVar [[r.DistanceFieldShadowing:1]]
[2023.05.16-12.20.23:896][  0]LogConfig: Setting CVar [[r.DistanceFieldAO:1]]
[2023.05.16-12.20.23:896][  0]LogConfig: Setting CVar [[r.AOQuality:2]]
[2023.05.16-12.20.23:896][  0]LogConfig: Setting CVar [[r.VolumetricFog:1]]
[2023.05.16-12.20.23:896][  0]LogConfig: Setting CVar [[r.VolumetricFog.GridPixelSize:8]]
[2023.05.16-12.20.23:896][  0]LogConfig: Setting CVar [[r.VolumetricFog.GridSizeZ:128]]
[2023.05.16-12.20.23:896][  0]LogConfig: Setting CVar [[r.VolumetricFog.HistoryMissSupersampleCount:4]]
[2023.05.16-12.20.23:896][  0]LogConfig: Setting CVar [[r.LightMaxDrawDistanceScale:1]]
[2023.05.16-12.20.23:896][  0]LogConfig: Setting CVar [[r.CapsuleShadows:1]]
[2023.05.16-12.20.23:896][  0]LogConfig: Applying CVar settings from Section [PostProcessQuality@3] File [C:/Users/owner/Documents/GitHub/UNogakKimchi/RossiNante/Saved/Config/Windows/Scalability.ini]
[2023.05.16-12.20.23:896][  0]LogConfig: Setting CVar [[r.MotionBlurQuality:4]]
[2023.05.16-12.20.23:896][  0]LogConfig: Setting CVar [[r.AmbientOcclusionMipLevelFactor:0.4]]
[2023.05.16-12.20.23:896][  0]LogConfig: Setting CVar [[r.AmbientOcclusionMaxQuality:100]]
[2023.05.16-12.20.23:896][  0]LogConfig: Setting CVar [[r.AmbientOcclusionLevels:-1]]
[2023.05.16-12.20.23:896][  0]LogConfig: Setting CVar [[r.AmbientOcclusionRadiusScale:1.0]]
[2023.05.16-12.20.23:896][  0]LogConfig: Setting CVar [[r.DepthOfFieldQuality:2]]
[2023.05.16-12.20.23:896][  0]LogConfig: Setting CVar [[r.RenderTargetPoolMin:400]]
[2023.05.16-12.20.23:896][  0]LogConfig: Setting CVar [[r.LensFlareQuality:2]]
[2023.05.16-12.20.23:896][  0]LogConfig: Setting CVar [[r.SceneColorFringeQuality:1]]
[2023.05.16-12.20.23:896][  0]LogConfig: Setting CVar [[r.EyeAdaptationQuality:2]]
[2023.05.16-12.20.23:896][  0]LogConfig: Setting CVar [[r.BloomQuality:5]]
[2023.05.16-12.20.23:896][  0]LogConfig: Setting CVar [[r.FastBlurThreshold:100]]
[2023.05.16-12.20.23:896][  0]LogConfig: Setting CVar [[r.Upscale.Quality:3]]
[2023.05.16-12.20.23:896][  0]LogConfig: Setting CVar [[r.Tonemapper.GrainQuantization:1]]
[2023.05.16-12.20.23:896][  0]LogConfig: Setting CVar [[r.LightShaftQuality:1]]
[2023.05.16-12.20.23:896][  0]LogConfig: Setting CVar [[r.Filter.SizeScale:1]]
[2023.05.16-12.20.23:896][  0]LogConfig: Setting CVar [[r.Tonemapper.Quality:5]]
[2023.05.16-12.20.23:896][  0]LogConfig: Setting CVar [[r.DOF.Gather.AccumulatorQuality:1        ; higher gathering accumulator quality]]
[2023.05.16-12.20.23:896][  0]LogConfig: Setting CVar [[r.DOF.Gather.PostfilterMethod:1          ; Median3x3 postfilering method]]
[2023.05.16-12.20.23:896][  0]LogConfig: Setting CVar [[r.DOF.Gather.EnableBokehSettings:0       ; no bokeh simulation when gathering]]
[2023.05.16-12.20.23:896][  0]LogConfig: Setting CVar [[r.DOF.Gather.RingCount:4                 ; medium number of samples when gathering]]
[2023.05.16-12.20.23:896][  0]LogConfig: Setting CVar [[r.DOF.Scatter.ForegroundCompositing:1    ; additive foreground scattering]]
[2023.05.16-12.20.23:896][  0]LogConfig: Setting CVar [[r.DOF.Scatter.BackgroundCompositing:2    ; additive background scattering]]
[2023.05.16-12.20.23:896][  0]LogConfig: Setting CVar [[r.DOF.Scatter.EnableBokehSettings:1      ; bokeh simulation when scattering]]
[2023.05.16-12.20.23:896][  0]LogConfig: Setting CVar [[r.DOF.Scatter.MaxSpriteRatio:0.1         ; only a maximum of 10% of scattered bokeh]]
[2023.05.16-12.20.23:896][  0]LogConfig: Setting CVar [[r.DOF.Recombine.Quality:1                ; cheap slight out of focus]]
[2023.05.16-12.20.23:896][  0]LogConfig: Setting CVar [[r.DOF.Recombine.EnableBokehSettings:0    ; no bokeh simulation on slight out of focus]]
[2023.05.16-12.20.23:896][  0]LogConfig: Setting CVar [[r.DOF.TemporalAAQuality:1                ; more stable temporal accumulation]]
[2023.05.16-12.20.23:896][  0]LogConfig: Setting CVar [[r.DOF.Kernel.MaxForegroundRadius:0.025]]
[2023.05.16-12.20.23:896][  0]LogConfig: Setting CVar [[r.DOF.Kernel.MaxBackgroundRadius:0.025]]
[2023.05.16-12.20.23:896][  0]LogConfig: Applying CVar settings from Section [TextureQuality@3] File [C:/Users/owner/Documents/GitHub/UNogakKimchi/RossiNante/Saved/Config/Windows/Scalability.ini]
[2023.05.16-12.20.23:896][  0]LogConfig: Setting CVar [[r.Streaming.MipBias:0]]
[2023.05.16-12.20.23:896][  0]LogConfig: Setting CVar [[r.Streaming.AmortizeCPUToGPUCopy:0]]
[2023.05.16-12.20.23:896][  0]LogConfig: Setting CVar [[r.Streaming.MaxNumTexturesToStreamPerFrame:0]]
[2023.05.16-12.20.23:896][  0]LogConfig: Setting CVar [[r.Streaming.Boost:1]]
[2023.05.16-12.20.23:896][  0]LogConfig: Setting CVar [[r.MaxAnisotropy:8]]
[2023.05.16-12.20.23:896][  0]LogConfig: Setting CVar [[r.VT.MaxAnisotropy:8]]
[2023.05.16-12.20.23:896][  0]LogConfig: Setting CVar [[r.Streaming.LimitPoolSizeToVRAM:0]]
[2023.05.16-12.20.23:896][  0]LogConfig: Setting CVar [[r.Streaming.PoolSize:1000]]
[2023.05.16-12.20.23:896][  0]LogConfig: Setting CVar [[r.Streaming.MaxEffectiveScreenSize:0]]
[2023.05.16-12.20.23:896][  0]LogConfig: Applying CVar settings from Section [EffectsQuality@3] File [C:/Users/owner/Documents/GitHub/UNogakKimchi/RossiNante/Saved/Config/Windows/Scalability.ini]
[2023.05.16-12.20.23:896][  0]LogConfig: Setting CVar [[r.TranslucencyLightingVolumeDim:64]]
[2023.05.16-12.20.23:896][  0]LogConfig: Setting CVar [[r.RefractionQuality:2]]
[2023.05.16-12.20.23:896][  0]LogConfig: Setting CVar [[r.SSR.Quality:3]]
[2023.05.16-12.20.23:896][  0]LogConfig: Setting CVar [[r.SSR.HalfResSceneColor:0]]
[2023.05.16-12.20.23:896][  0]LogConfig: Setting CVar [[r.SceneColorFormat:4]]
[2023.05.16-12.20.23:896][  0]LogConfig: Setting CVar [[r.DetailMode:2]]
[2023.05.16-12.20.23:896][  0]LogConfig: Setting CVar [[r.TranslucencyVolumeBlur:1]]
[2023.05.16-12.20.23:896][  0]LogConfig: Setting CVar [[r.MaterialQualityLevel:1 ; High quality]]
[2023.05.16-12.20.23:896][  0]LogConfig: Setting CVar [[r.SSS.Scale:1]]
[2023.05.16-12.20.23:896][  0]LogConfig: Setting CVar [[r.SSS.SampleSet:2]]
[2023.05.16-12.20.23:896][  0]LogConfig: Setting CVar [[r.SSS.Quality:1]]
[2023.05.16-12.20.23:896][  0]LogConfig: Setting CVar [[r.SSS.HalfRes:1]]
[2023.05.16-12.20.23:896][  0]LogConfig: Setting CVar [[r.SSGI.Quality:3]]
[2023.05.16-12.20.23:896][  0]LogConfig: Setting CVar [[r.EmitterSpawnRateScale:1.0]]
[2023.05.16-12.20.23:896][  0]LogConfig: Setting CVar [[r.ParticleLightQuality:2]]
[2023.05.16-12.20.23:896][  0]LogConfig: Setting CVar [[r.SkyAtmosphere.AerialPerspectiveLUT.FastApplyOnOpaque:1 ; Always have FastSkyLUT 1 in this case to avoid wrong sky]]
[2023.05.16-12.20.23:896][  0]LogConfig: Setting CVar [[r.SkyAtmosphere.AerialPerspectiveLUT.SampleCountPerSlice:1]]
[2023.05.16-12.20.23:896][  0]LogConfig: Setting CVar [[r.SkyAtmosphere.AerialPerspectiveLUT.DepthResolution:16.0]]
[2023.05.16-12.20.23:896][  0]LogConfig: Setting CVar [[r.SkyAtmosphere.FastSkyLUT:1]]
[2023.05.16-12.20.23:896][  0]LogConfig: Setting CVar [[r.SkyAtmosphere.FastSkyLUT.SampleCountMin:4.0]]
[2023.05.16-12.20.23:896][  0]LogConfig: Setting CVar [[r.SkyAtmosphere.FastSkyLUT.SampleCountMax:32.0]]
[2023.05.16-12.20.23:896][  0]LogConfig: Setting CVar [[r.SkyAtmosphere.SampleCountMin:4.0]]
[2023.05.16-12.20.23:896][  0]LogConfig: Setting CVar [[r.SkyAtmosphere.SampleCountMax:32.0]]
[2023.05.16-12.20.23:896][  0]LogConfig: Setting CVar [[r.SkyAtmosphere.TransmittanceLUT.UseSmallFormat:0]]
[2023.05.16-12.20.23:896][  0]LogConfig: Setting CVar [[r.SkyAtmosphere.TransmittanceLUT.SampleCount:10.0]]
[2023.05.16-12.20.23:896][  0]LogConfig: Setting CVar [[r.SkyAtmosphere.MultiScatteringLUT.SampleCount:15.0]]
[2023.05.16-12.20.23:896][  0]LogConfig: Applying CVar settings from Section [FoliageQuality@3] File [C:/Users/owner/Documents/GitHub/UNogakKimchi/RossiNante/Saved/Config/Windows/Scalability.ini]
[2023.05.16-12.20.23:896][  0]LogConfig: Setting CVar [[foliage.DensityScale:1.0]]
[2023.05.16-12.20.23:896][  0]LogConfig: Setting CVar [[grass.DensityScale:1.0]]
[2023.05.16-12.20.23:896][  0]LogConfig: Applying CVar settings from Section [ShadingQuality@3] File [C:/Users/owner/Documents/GitHub/UNogakKimchi/RossiNante/Saved/Config/Windows/Scalability.ini]
[2023.05.16-12.20.23:896][  0]LogConfig: Setting CVar [[r.HairStrands.SkyLighting.SampleCount:16]]
[2023.05.16-12.20.23:896][  0]LogConfig: Setting CVar [[r.HairStrands.SkyLighting.JitterIntegration:0]]
[2023.05.16-12.20.23:896][  0]LogConfig: Setting CVar [[r.HairStrands.SkyAO.SampleCount:16]]
[2023.05.16-12.20.23:896][  0]LogConfig: Applying CVar settings from Section [Startup] File [../../../Engine/Config/ConsoleVariables.ini]
[2023.05.16-12.20.23:896][  0]LogConfig: Setting CVar [[net.UseAdaptiveNetUpdateFrequency:0]]
[2023.05.16-12.20.23:896][  0]LogConfig: Setting CVar [[p.chaos.AllowCreatePhysxBodies:1]]
[2023.05.16-12.20.23:896][  0]LogConfig: Applying CVar settings from Section [ConsoleVariables] File [C:/Users/owner/Documents/GitHub/UNogakKimchi/RossiNante/Saved/Config/Windows/Engine.ini]
[2023.05.16-12.20.23:896][  0]LogInit: Computer: DESKTOP-0FM8J8U
[2023.05.16-12.20.23:896][  0]LogInit: User: owner
[2023.05.16-12.20.23:896][  0]LogInit: CPU Page size=4096, Cores=6
[2023.05.16-12.20.23:896][  0]LogInit: High frequency timer resolution =10.000000 MHz
[2023.05.16-12.20.23:896][  0]LogMemory: Memory total: Physical=15.9GB (16GB approx)
[2023.05.16-12.20.23:896][  0]LogMemory: Platform Memory Stats for Windows
[2023.05.16-12.20.23:896][  0]LogMemory: Process Physical Memory: 108.60 MB used, 108.60 MB peak
[2023.05.16-12.20.23:896][  0]LogMemory: Process Virtual Memory: 101.70 MB used, 101.70 MB peak
[2023.05.16-12.20.23:896][  0]LogMemory: Physical Memory: 6559.55 MB used,  9749.96 MB free, 16309.50 MB total
[2023.05.16-12.20.23:896][  0]LogMemory: Virtual Memory: 5168.50 MB used,  134212560.00 MB free, 134217728.00 MB total
[2023.05.16-12.20.23:900][  0]LogWindows: WindowsPlatformFeatures enabled
[2023.05.16-12.20.23:971][  0]LogInit: Using OS detected language (ko-KR).
[2023.05.16-12.20.23:971][  0]LogInit: Using OS detected locale (ko-KR).
[2023.05.16-12.20.23:971][  0]LogTextLocalizationManager: No specific localization for 'ko-KR' exists, so the 'ko' localization will be used.
[2023.05.16-12.20.24:020][  0]LogInit: Setting process to per monitor DPI aware
[2023.05.16-12.20.24:040][  0]LogSlate: New Slate User Created.  User Index 0, Is Virtual User: 0
[2023.05.16-12.20.24:040][  0]LogSlate: Slate User Registered.  User Index 0, Is Virtual User: 0
[2023.05.16-12.20.24:180][  0]LogHMD: Failed to initialize OpenVR with code 110
[2023.05.16-12.20.24:180][  0]LogD3D11RHI: D3D11 min allowed feature level: 11_0
[2023.05.16-12.20.24:180][  0]LogD3D11RHI: D3D11 max allowed feature level: 11_0
[2023.05.16-12.20.24:180][  0]LogD3D11RHI: D3D11 adapters:
[2023.05.16-12.20.24:313][  0]LogD3D11RHI:    0. 'NVIDIA GeForce RTX 3060' (Feature Level 11_0)
[2023.05.16-12.20.24:313][  0]LogD3D11RHI:       12142/0/8154 MB DedicatedVideo/DedicatedSystem/SharedSystem, Outputs:1, VendorId:0x10de
[2023.05.16-12.20.24:314][  0]LogD3D11RHI:    1. 'Microsoft Basic Render Driver' (Feature Level 11_0)
[2023.05.16-12.20.24:314][  0]LogD3D11RHI:       0/0/8154 MB DedicatedVideo/DedicatedSystem/SharedSystem, Outputs:0, VendorId:0x1414
[2023.05.16-12.20.24:314][  0]LogD3D11RHI: Chosen D3D11 Adapter: 0
[2023.05.16-12.20.24:319][  0]LogD3D11RHI: Creating new Direct3DDevice
[2023.05.16-12.20.24:320][  0]LogD3D11RHI:     GPU DeviceId: 0x2504 (for the marketing name, search the web for "GPU Device Id")
[2023.05.16-12.20.24:320][  0]LogWindows: EnumDisplayDevices:
[2023.05.16-12.20.24:320][  0]LogWindows:    0. 'NVIDIA GeForce RTX 3060' (P:1 D:1)
[2023.05.16-12.20.24:320][  0]LogWindows:    1. 'NVIDIA GeForce RTX 3060' (P:0 D:0)
[2023.05.16-12.20.24:321][  0]LogWindows:    2. 'NVIDIA GeForce RTX 3060' (P:0 D:0)
[2023.05.16-12.20.24:321][  0]LogWindows:    3. 'NVIDIA GeForce RTX 3060' (P:0 D:0)
[2023.05.16-12.20.24:322][  0]LogWindows: DebugString: FoundDriverCount:4 
[2023.05.16-12.20.24:322][  0]LogD3D11RHI:     Adapter Name: NVIDIA GeForce RTX 3060
[2023.05.16-12.20.24:322][  0]LogD3D11RHI:   Driver Version: 516.01 (internal:31.0.15.1601, unified:516.01)
[2023.05.16-12.20.24:322][  0]LogD3D11RHI:      Driver Date: 4-24-2022
[2023.05.16-12.20.24:322][  0]LogRHI: Texture pool is 8499 MB (70% of 12142 MB)
[2023.05.16-12.20.24:368][  0]LogD3D11RHI: RHI has support for 64 bit atomics
[2023.05.16-12.20.24:368][  0]LogD3D11RHI: Async texture creation enabled
[2023.05.16-12.20.24:380][  0]LogD3D11RHI: GPU Timing Frequency: 1000.000000 (Debug: 2 1)
[2023.05.16-12.20.24:637][  0]LogTargetPlatformManager: Display: Loaded TargetPlatform 'AllDesktop'
[2023.05.16-12.20.24:662][  0]LogTargetPlatformManager: Display: Loaded TargetPlatform 'Android'
[2023.05.16-12.20.24:662][  0]LogTargetPlatformManager: Display: Loaded TargetPlatform 'Android_ASTC'
[2023.05.16-12.20.24:662][  0]LogTargetPlatformManager: Display: Loaded TargetPlatform 'Android_ATC'
[2023.05.16-12.20.24:662][  0]LogTargetPlatformManager: Display: Loaded TargetPlatform 'Android_DXT'
[2023.05.16-12.20.24:662][  0]LogTargetPlatformManager: Display: Loaded TargetPlatform 'Android_ETC1'
[2023.05.16-12.20.24:662][  0]LogTargetPlatformManager: Display: Loaded TargetPlatform 'Android_ETC1a'
[2023.05.16-12.20.24:662][  0]LogTargetPlatformManager: Display: Loaded TargetPlatform 'Android_ETC2'
[2023.05.16-12.20.24:663][  0]LogTargetPlatformManager: Display: Loaded TargetPlatform 'Android_PVRTC'
[2023.05.16-12.20.24:663][  0]LogTargetPlatformManager: Display: Loaded TargetPlatform 'AndroidClient'
[2023.05.16-12.20.24:663][  0]LogTargetPlatformManager: Display: Loaded TargetPlatform 'Android_ASTCClient'
[2023.05.16-12.20.24:663][  0]LogTargetPlatformManager: Display: Loaded TargetPlatform 'Android_ATCClient'
[2023.05.16-12.20.24:663][  0]LogTargetPlatformManager: Display: Loaded TargetPlatform 'Android_DXTClient'
[2023.05.16-12.20.24:663][  0]LogTargetPlatformManager: Display: Loaded TargetPlatform 'Android_ETC1Client'
[2023.05.16-12.20.24:663][  0]LogTargetPlatformManager: Display: Loaded TargetPlatform 'Android_ETC1aClient'
[2023.05.16-12.20.24:663][  0]LogTargetPlatformManager: Display: Loaded TargetPlatform 'Android_ETC2Client'
[2023.05.16-12.20.24:663][  0]LogTargetPlatformManager: Display: Loaded TargetPlatform 'Android_PVRTCClient'
[2023.05.16-12.20.24:663][  0]LogTargetPlatformManager: Display: Loaded TargetPlatform 'Android_Multi'
[2023.05.16-12.20.24:663][  0]LogTargetPlatformManager: Display: Loaded TargetPlatform 'Android_MultiClient'
[2023.05.16-12.20.24:678][  0]LogTargetPlatformManager: Display: Loaded TargetPlatform 'IOSClient'
[2023.05.16-12.20.24:678][  0]LogTargetPlatformManager: Display: Loaded TargetPlatform 'IOS'
[2023.05.16-12.20.24:683][  0]LogTargetPlatformManager: Display: Loaded TargetPlatform 'LinuxNoEditor'
[2023.05.16-12.20.24:689][  0]LogTargetPlatformManager: Display: Loaded TargetPlatform 'LinuxClient'
[2023.05.16-12.20.24:694][  0]LogTargetPlatformManager: Display: Loaded TargetPlatform 'LinuxServer'
[2023.05.16-12.20.24:700][  0]LogTargetPlatformManager: Display: Loaded TargetPlatform 'LinuxAArch64NoEditor'
[2023.05.16-12.20.24:704][  0]LogTargetPlatformManager: Display: Loaded TargetPlatform 'LinuxAArch64Client'
[2023.05.16-12.20.24:710][  0]LogTargetPlatformManager: Display: Loaded TargetPlatform 'LinuxAArch64Server'
[2023.05.16-12.20.24:729][  0]LogTargetPlatformManager: Display: Loaded TargetPlatform 'Lumin'
[2023.05.16-12.20.24:729][  0]LogTargetPlatformManager: Display: Loaded TargetPlatform 'LuminClient'
[2023.05.16-12.20.24:739][  0]LogTargetPlatformManager: Display: Loaded TargetPlatform 'TVOSClient'
[2023.05.16-12.20.24:739][  0]LogTargetPlatformManager: Display: Loaded TargetPlatform 'TVOS'
[2023.05.16-12.20.24:745][  0]LogTargetPlatformManager: Display: Loaded TargetPlatform 'WindowsNoEditor'
[2023.05.16-12.20.24:751][  0]LogTargetPlatformManager: Display: Loaded TargetPlatform 'Windows'
[2023.05.16-12.20.24:756][  0]LogTargetPlatformManager: Display: Loaded TargetPlatform 'WindowsClient'
[2023.05.16-12.20.24:762][  0]LogTargetPlatformManager: Display: Loaded TargetPlatform 'WindowsServer'
[2023.05.16-12.20.24:762][  0]LogTargetPlatformManager: Display: Building Assets For Windows
[2023.05.16-12.20.24:764][  0]LogAudioDebug: Display: Lib vorbis DLL was dynamically loaded.
[2023.05.16-12.20.24:784][  0]LogShaderCompilers: Guid format shader working directory is -24 characters bigger than the processId version (../../../../../../Users/owner/Documents/GitHub/UNogakKimchi/RossiNante/Intermediate/Shaders/WorkingDirectory/4116/).
[2023.05.16-12.20.24:784][  0]LogShaderCompilers: Cleaned the shader compiler working directory 'C:/Users/owner/AppData/Local/Temp/UnrealShaderWorkingDir/F24DEF154E70C9A525BE2B9F7FB05A4D/'.
[2023.05.16-12.20.24:784][  0]LogXGEController: Cannot use XGE Controller as Incredibuild is not installed on this machine.
[2023.05.16-12.20.24:784][  0]LogShaderCompilers: Cannot use XGE Shader Compiler as Incredibuild is not installed on this machine.
[2023.05.16-12.20.24:784][  0]LogShaderCompilers: Display: Using Local Shader Compiler.
[2023.05.16-12.20.25:276][  0]LogDerivedDataCache: Display: Max Cache Size: 512 MB
[2023.05.16-12.20.25:311][  0]LogDerivedDataCache: Loaded boot cache 0.04s 81MB C:/Users/owner/AppData/Local/UnrealEngine/4.24/DerivedDataCache/Boot.ddc.
[2023.05.16-12.20.25:311][  0]LogDerivedDataCache: Display: Loaded Boot cache: C:/Users/owner/AppData/Local/UnrealEngine/4.24/DerivedDataCache/Boot.ddc
[2023.05.16-12.20.25:311][  0]LogDerivedDataCache: FDerivedDataBackendGraph:  Pak pak cache file ../../../../../../Users/owner/Documents/GitHub/UNogakKimchi/RossiNante/DerivedDataCache/DDC.ddp not found, will not use a pak cache.
[2023.05.16-12.20.25:311][  0]LogDerivedDataCache: Unable to find inner node Pak for hierarchical cache Hierarchy.
[2023.05.16-12.20.25:311][  0]LogDerivedDataCache: FDerivedDataBackendGraph:  CompressedPak pak cache file ../../../../../../Users/owner/Documents/GitHub/UNogakKimchi/RossiNante/DerivedDataCache/Compressed.ddp not found, will not use a pak cache.
[2023.05.16-12.20.25:311][  0]LogDerivedDataCache: Unable to find inner node CompressedPak for hierarchical cache Hierarchy.
[2023.05.16-12.20.25:319][  0]LogDerivedDataCache: Display: Pak cache opened for reading ../../../Engine/DerivedDataCache/Compressed.ddp.
[2023.05.16-12.20.25:319][  0]LogDerivedDataCache: FDerivedDataBackendGraph:  EnterprisePak pak cache file ../../../Enterprise/DerivedDataCache/Compressed.ddp not found, will not use a pak cache.
[2023.05.16-12.20.25:319][  0]LogDerivedDataCache: Unable to find inner node EnterprisePak for hierarchical cache Hierarchy.
[2023.05.16-12.20.25:320][  0]LogDerivedDataCache: Using Local data cache path C:/Users/owner/AppData/Local/UnrealEngine/Common/DerivedDataCache: Writable
[2023.05.16-12.20.25:320][  0]LogDerivedDataCache: Shared data cache path not found in *engine.ini, will not use an Shared cache.
[2023.05.16-12.20.25:320][  0]LogDerivedDataCache: Unable to find inner node Shared for hierarchical cache Hierarchy.
[2023.05.16-12.20.25:337][  0]LogMaterial: Verifying Global Shaders for PCD3D_SM5
[2023.05.16-12.20.25:339][  0]LogSlate: Using FreeType 2.10.0
[2023.05.16-12.20.25:339][  0]LogSlate: SlateFontServices - WITH_FREETYPE: 1, WITH_HARFBUZZ: 1
[2023.05.16-12.20.25:382][  0]LogAssetRegistry: FAssetRegistry took 0.0019 seconds to start up
[2023.05.16-12.20.25:599][  0]LogInit: Selected Device Profile: [Windows]
[2023.05.16-12.20.25:701][  0]LogMeshReduction: Using QuadricMeshReduction for automatic static mesh reduction
[2023.05.16-12.20.25:701][  0]LogMeshReduction: Using SimplygonMeshReduction for automatic skeletal mesh reduction
[2023.05.16-12.20.25:701][  0]LogMeshReduction: Using ProxyLODMeshReduction for automatic mesh merging
[2023.05.16-12.20.25:701][  0]LogMeshReduction: No distributed automatic mesh merging module available
[2023.05.16-12.20.25:701][  0]LogMeshMerging: No distributed automatic mesh merging module available
[2023.05.16-12.20.25:709][  0]LogNetVersion: RossiNante 1.0.0, NetCL: 10570792, EngineNetVer: 13, GameNetVer: 0 (Checksum: 557242147)
[2023.05.16-12.20.26:442][  0]LogPackageLocalizationCache: Processed 10 localized package path(s) for 1 prioritized culture(s) in 0.020559 seconds
[2023.05.16-12.20.26:447][  0]LogUObjectArray: 46750 objects as part of root set at end of initial load.
[2023.05.16-12.20.26:447][  0]LogUObjectAllocator: 8137160 out of 0 bytes used by permanent object pool.
[2023.05.16-12.20.26:447][  0]LogUObjectArray: CloseDisregardForGC: 0/0 objects in disregard for GC pool
[2023.05.16-12.20.26:708][  0]LogTcpMessaging: Initializing TcpMessaging bridge
[2023.05.16-12.20.26:710][  0]LogUdpMessaging: Initializing bridge on interface 0.0.0.0:0 to multicast group 230.0.0.1:6666.
[2023.05.16-12.20.26:971][  0]SourceControl: 소스 컨트롤이 꺼졌습니다.
[2023.05.16-12.20.26:971][  0]SourceControl: 소스 컨트롤이 꺼졌습니다.
[2023.05.16-12.20.26:972][  0]SourceControl: 소스 컨트롤이 꺼졌습니다.
[2023.05.16-12.20.26:973][  0]SourceControl: 소스 컨트롤이 꺼졌습니다.
[2023.05.16-12.20.26:973][  0]SourceControl: 소스 컨트롤이 꺼졌습니다.
[2023.05.16-12.20.27:036][  0]LogAndroidPermission: UAndroidPermissionCallbackProxy::GetInstance
[2023.05.16-12.20.27:042][  0]LogAudioCaptureCore: Display: No Audio Capture implementations found. Audio input will be silent.
[2023.05.16-12.20.27:042][  0]LogAudioCaptureCore: Display: No Audio Capture implementations found. Audio input will be silent.
[2023.05.16-12.20.27:096][  0]LogOcInput: OculusInput pre-init called
[2023.05.16-12.20.27:104][  0]LogWindows: Failed to load 'OVRPlugin.dll' (GetLastError=126)
[2023.05.16-12.20.27:104][  0]LogWindows: File 'OVRPlugin.dll' does not exist
[2023.05.16-12.20.27:150][  0]LogEngine: Initializing Engine...
[2023.05.16-12.20.27:150][  0]LogHMD: Failed to initialize OpenVR with code 110
[2023.05.16-12.20.27:151][  0]LogStats: UGameplayTagsManager::InitializeManager -  0.000 s
[2023.05.16-12.20.27:356][  0]LogInit: Initializing FReadOnlyCVARCache
[2023.05.16-12.20.27:362][  0]LogAIModule: Creating AISystem for world Untitled
[2023.05.16-12.20.27:371][  0]LogAudioMixer: Display: Audio Mixer Platform Settings:
[2023.05.16-12.20.27:371][  0]LogAudioMixer: Display: 	Sample Rate:						  48000
[2023.05.16-12.20.27:371][  0]LogAudioMixer: Display: 	Callback Buffer Frame Size Requested: 1024
[2023.05.16-12.20.27:371][  0]LogAudioMixer: Display: 	Callback Buffer Frame Size To Use:	  1024
[2023.05.16-12.20.27:371][  0]LogAudioMixer: Display: 	Number of buffers to queue:			  2
[2023.05.16-12.20.27:371][  0]LogAudioMixer: Display: 	Max Channels (voices):				  32
[2023.05.16-12.20.27:371][  0]LogAudioMixer: Display: 	Number of Async Source Workers:		  0
[2023.05.16-12.20.27:371][  0]LogAudio: Display: AudioDevice MaxSources: 32
[2023.05.16-12.20.27:371][  0]LogAudio: Display: Using built-in audio occlusion.
[2023.05.16-12.20.27:371][  0]LogAudioMixer: Display: Initializing audio mixer.
[2023.05.16-12.20.27:433][  0]LogAudioMixer: Display: Audio Device Output Speaker Info:
[2023.05.16-12.20.27:433][  0]LogAudioMixer: Display: Name: 스피커(Realtek(R) Audio)
[2023.05.16-12.20.27:433][  0]LogAudioMixer: Display: Is Default: Yes
[2023.05.16-12.20.27:433][  0]LogAudioMixer: Display: Sample Rate: 48000
[2023.05.16-12.20.27:433][  0]LogAudioMixer: Display: Channel Count Used: 2
[2023.05.16-12.20.27:433][  0]LogAudioMixer: Display: Device Channel Count: 2
[2023.05.16-12.20.27:433][  0]LogAudioMixer: Display: Channel Order:
[2023.05.16-12.20.27:433][  0]LogAudioMixer: Display: 0: FrontLeft
[2023.05.16-12.20.27:433][  0]LogAudioMixer: Display: 1: FrontRight
[2023.05.16-12.20.27:468][  0]LogAudioMixer: Display: Using Audio Device 스피커(Realtek(R) Audio)
[2023.05.16-12.20.27:470][  0]LogInit: FAudioDevice initialized.
[2023.05.16-12.20.27:471][  0]LogNetVersion: Set ProjectVersion to 1.0.0.0. Version Checksum will be recalculated on next use.
[2023.05.16-12.20.27:538][  0]LogDerivedDataCache: Saved boot cache 0.07s 81MB C:/Users/owner/AppData/Local/UnrealEngine/4.24/DerivedDataCache/Boot.ddc.
[2023.05.16-12.20.27:538][  0]LogInit: Texture streaming: Enabled
[2023.05.16-12.20.27:549][  0]LogEngineSessionManager: EngineSessionManager initialized
[2023.05.16-12.20.27:549][  0]LogEngineSessionManager: EngineSessionManager sent abnormal shutdown report. Type=Crashed, SessionId={C8FE8734-4AD1-4010-B5E0-ECA9B7FDF54E}
[2023.05.16-12.20.27:549][  0]LogEditorSessionSummary: Verbose: Initializing EditorSessionSummaryWriter for editor session tracking
[2023.05.16-12.20.27:552][  0]LogEditorSessionSummary: EditorSessionSummaryWriter initialized
[2023.05.16-12.20.27:582][  0]LogInit: Transaction tracking system initialized
[2023.05.16-12.20.27:590][  0]BlueprintLog: New page: 에디터 로드
[2023.05.16-12.20.27:614][  0]LocalizationService: 현지화 서비스가 비활성화되었습니다.
[2023.05.16-12.20.27:804][  0]LogFileCache: Scanning file cache for directory 'C:/Users/owner/Documents/GitHub/UNogakKimchi/RossiNante/Content/' took 0.01s
[2023.05.16-12.20.27:804][  0]LogCook: Display: Max memory allowance for cook 16384mb min free memory 0mb
[2023.05.16-12.20.27:804][  0]LogCook: Display: Mobile HDR setting 1
[2023.05.16-12.20.28:317][  0]SourceControl: 소스 컨트롤이 꺼졌습니다.
[2023.05.16-12.20.28:318][  0]Cmd: MAP LOAD FILE="../../../../../../Users/owner/Documents/GitHub/UNogakKimchi/RossiNante/Content/Maps/Default.umap" TEMPLATE=0 SHOWPROGRESS=1 FEATURELEVEL=3
[2023.05.16-12.20.28:318][  0]LightingResults: New page: 라이팅 빌드
[2023.05.16-12.20.28:318][  0]LogWorld: UWorld::CleanupWorld for Untitled, bSessionEnded=true, bCleanupResources=true
[2023.05.16-12.20.28:318][  0]LogSlate: InvalidateAllWidgets triggered.  All widgets were invalidated
[2023.05.16-12.20.28:318][  0]MapCheck: New page: 맵 체크
[2023.05.16-12.20.28:318][  0]LightingResults: New page: 라이팅 빌드
[2023.05.16-12.20.28:340][  0]LogUObjectHash: Compacting FUObjectHashTables data took   1.31ms
[2023.05.16-12.20.29:018][  0]LogAIModule: Creating AISystem for world Default
[2023.05.16-12.20.29:022][  0]LogEditorServer: Finished looking for orphan Actors (0.000 secs)
[2023.05.16-12.20.29:044][  0]LogUObjectHash: Compacting FUObjectHashTables data took   1.60ms
[2023.05.16-12.20.29:046][  0]Cmd: MAP CHECKDEP NOCLEARLOG
[2023.05.16-12.20.29:047][  0]MapCheck: 맵 체크 완료: 오류 0 회, 경고 0 회, 소요 시간 0.65ms.
[2023.05.16-12.20.29:047][  0]LogFileHelpers: Loading map 'Default' took 0.730
[2023.05.16-12.20.29:171][  0]LogSlate: Updating window title bar state: overlay mode, drag disabled, window buttons hidden, title bar hidden
[2023.05.16-12.20.29:174][  0]LogSlate: Updating window title bar state: overlay mode, drag disabled, window buttons hidden, title bar hidden
[2023.05.16-12.20.29:179][  0]LogSlate: Updating window title bar state: overlay mode, drag disabled, window buttons hidden, title bar hidden
[2023.05.16-12.20.29:182][  0]LogSlate: Updating window title bar state: overlay mode, drag disabled, window buttons hidden, title bar hidden
[2023.05.16-12.20.29:188][  0]LogCollectionManager: Loaded 0 collections in 0.001667 seconds
[2023.05.16-12.20.29:198][  0]LogFileCache: Scanning file cache for directory 'C:/Users/owner/Documents/GitHub/UNogakKimchi/RossiNante/Saved/Collections/' took 0.00s
[2023.05.16-12.20.29:198][  0]LogFileCache: Scanning file cache for directory 'C:/Users/owner/Documents/GitHub/UNogakKimchi/RossiNante/Content/Developers/owner/Collections/' took 0.00s
[2023.05.16-12.20.29:198][  0]LogFileCache: Scanning file cache for directory 'C:/Users/owner/Documents/GitHub/UNogakKimchi/RossiNante/Content/Collections/' took 0.00s
[2023.05.16-12.20.29:198][  0]LogContentBrowser: Native class hierarchy populated in 0.0070 seconds. Added 3018 classes and 719 folders.
[2023.05.16-12.20.29:200][  0]LogContentBrowser: Native class hierarchy updated for 'WidgetCarousel' in 0.0003 seconds. Added 0 classes and 0 folders.
[2023.05.16-12.20.29:251][  0]LogContentBrowser: Native class hierarchy updated for 'AddContentDialog' in 0.0003 seconds. Added 0 classes and 0 folders.
[2023.05.16-12.20.29:255][  0]LogContentBrowser: Native class hierarchy updated for 'SceneOutliner' in 0.0003 seconds. Added 2 classes and 3 folders.
[2023.05.16-12.20.29:364][  0]LogContentBrowser: Native class hierarchy updated for 'HierarchicalLODOutliner' in 0.0003 seconds. Added 0 classes and 0 folders.
[2023.05.16-12.20.29:364][  0]LogLoad: (Engine Initialization) Total time: 6.82 seconds
[2023.05.16-12.20.29:364][  0]LogLoad: (Engine Initialization) Total Blueprint compile time: 0.00 seconds
[2023.05.16-12.20.29:412][  0]LogAssetRegistry: Asset discovery search completed in 4.0310 seconds
[2023.05.16-12.20.29:415][  0]LogCollectionManager: Fixed up redirectors for 0 collections in 0.000005 seconds (updated 0 objects)
[2023.05.16-12.20.29:416][  0]LogContentStreaming: Texture pool size now 1000 MB
[2023.05.16-12.20.29:424][  0]LogSlate: Took 0.000136 seconds to synchronously load lazily loaded font '../../../Engine/Content/Slate/Fonts/Roboto-Regular.ttf' (155K)
[2023.05.16-12.20.29:426][  0]LogSlate: Took 0.001240 seconds to synchronously load lazily loaded font '../../../Engine/Content/Editor/Slate/Fonts/NanumGothic.ttf' (4243K)
[2023.05.16-12.20.29:427][  0]LogSlate: Took 0.001124 seconds to synchronously load lazily loaded font '../../../Engine/Content/Editor/Slate/Fonts/NanumGothicBold.ttf' (4188K)
[2023.05.16-12.20.29:428][  0]LogSlate: Took 0.000161 seconds to synchronously load lazily loaded font '../../../Engine/Content/Slate/Fonts/Roboto-Bold.ttf' (160K)
[2023.05.16-12.20.29:430][  0]LogSlate: Took 0.000116 seconds to synchronously load lazily loaded font '../../../Engine/Content/Editor/Slate/Fonts/FontAwesome.ttf' (139K)
[2023.05.16-12.20.29:539][  0]LogRenderer: Reallocating scene render targets to support 864x452 Format 10 NumSamples 1 (Frame:1).
[2023.05.16-12.20.29:539][  0]LogSlate: Took 0.000154 seconds to synchronously load lazily loaded font '../../../Engine/Content/Slate/Fonts/Roboto-Light.ttf' (167K)
[2023.05.16-12.21.18:023][623]LogSlate: Took 0.000140 seconds to synchronously load lazily loaded font '../../../Engine/Content/Slate/Fonts/Roboto-Light.ttf' (167K)
[2023.05.16-12.21.18:029][623]LogAssetEditorSubsystem: Opening Asset editor for Class /Script/RossiNante.MyGameInstance
[2023.05.16-12.21.27:203][628]LogVSAccessor: Warning: Couldn't access Visual Studio
[2023.05.16-12.21.27:210][628]LogVSAccessor: Warning: Couldn't access module table
[2023.05.16-12.21.27:210][628]LogVSAccessor: Warning: Couldn't access module table
[2023.05.16-12.21.27:210][628]LogVSAccessor: Warning: Couldn't access module table
[2023.05.16-12.21.27:210][628]LogVSAccessor: Warning: Couldn't access module table
[2023.05.16-12.21.27:210][628]LogVSAccessor: Warning: Couldn't access module table
[2023.05.16-12.21.27:210][628]LogVSAccessor: Warning: Couldn't access module table
[2023.05.16-12.21.27:210][628]LogVSAccessor: Warning: Couldn't access module table
[2023.05.16-12.21.27:210][628]LogVSAccessor: Warning: Couldn't access module table
[2023.05.16-12.21.27:210][628]LogVSAccessor: Warning: Couldn't access module table
[2023.05.16-12.21.27:210][628]LogVSAccessor: Warning: Couldn't access module table
[2023.05.16-12.21.27:210][628]LogVSAccessor: Warning: Couldn't access module table
[2023.05.16-12.21.27:210][628]LogVSAccessor: Warning: Couldn't access module table
[2023.05.16-12.21.27:210][628]LogVSAccessor: Warning: Couldn't access module table
[2023.05.16-12.21.27:210][628]LogVSAccessor: Warning: Couldn't access module table
[2023.05.16-12.21.27:210][628]LogVSAccessor: Warning: Couldn't access module table
[2023.05.16-12.21.27:210][628]LogVSAccessor: Warning: Couldn't access module table
[2023.05.16-12.21.27:210][628]LogVSAccessor: Warning: Couldn't access module table
[2023.05.16-12.21.27:211][628]LogVSAccessor: Warning: Couldn't access module table
[2023.05.16-12.21.27:211][628]LogVSAccessor: Warning: Couldn't access module table
[2023.05.16-12.21.27:211][628]LogVSAccessor: Warning: Couldn't access module table
[2023.05.16-12.21.27:211][628]LogVSAccessor: Warning: Couldn't access module table
[2023.05.16-12.21.27:211][628]LogVSAccessor: Warning: Couldn't access module table
[2023.05.16-12.21.27:211][628]LogVSAccessor: Warning: Couldn't access module table
[2023.05.16-12.21.27:211][628]LogVSAccessor: Warning: Couldn't access module table
[2023.05.16-12.21.27:211][628]LogVSAccessor: Warning: Couldn't access module table
[2023.05.16-12.21.27:211][628]LogVSAccessor: Warning: Couldn't access module table
[2023.05.16-12.21.27:211][628]LogVSAccessor: Warning: Couldn't access module table
[2023.05.16-12.21.27:211][628]LogVSAccessor: Warning: Couldn't access module table
[2023.05.16-12.21.27:211][628]LogVSAccessor: Warning: Couldn't access module table
[2023.05.16-12.21.27:211][628]LogVSAccessor: Warning: Couldn't access module table
[2023.05.16-12.21.27:211][628]LogVSAccessor: Warning: Couldn't access module table
[2023.05.16-12.21.27:211][628]LogVSAccessor: Warning: Couldn't access module table
[2023.05.16-12.21.27:211][628]LogVSAccessor: Warning: Couldn't access module table
[2023.05.16-12.21.27:211][628]LogVSAccessor: Warning: Couldn't access module table
[2023.05.16-12.21.27:211][628]LogVSAccessor: Warning: Couldn't access module table
[2023.05.16-12.21.27:211][628]LogVSAccessor: Warning: Couldn't access module table
[2023.05.16-12.21.27:211][628]LogVSAccessor: Warning: Couldn't access module table
[2023.05.16-12.21.27:211][628]LogVSAccessor: Warning: Couldn't access module table
[2023.05.16-12.21.27:212][628]LogVSAccessor: Warning: Couldn't access module table
[2023.05.16-12.21.27:212][628]LogVSAccessor: Warning: Couldn't access module table
[2023.05.16-12.21.27:212][628]LogVSAccessor: Warning: Couldn't access module table
[2023.05.16-12.21.27:212][628]LogVSAccessor: Warning: Couldn't access module table
[2023.05.16-12.21.27:212][628]LogVSAccessor: Warning: Couldn't access module table
[2023.05.16-12.21.27:212][628]LogVSAccessor: Warning: Couldn't access module table
[2023.05.16-12.21.27:212][628]LogVSAccessor: Warning: Couldn't access module table
[2023.05.16-12.21.27:212][628]LogVSAccessor: Warning: Couldn't access module table
[2023.05.16-12.21.27:212][628]LogVSAccessor: Warning: Couldn't access module table
[2023.05.16-12.21.27:212][628]LogVSAccessor: Warning: Couldn't access module table
[2023.05.16-12.21.27:212][628]LogVSAccessor: Warning: Couldn't access module table
[2023.05.16-12.21.27:212][628]LogVSAccessor: Warning: Couldn't access module table
[2023.05.16-12.21.27:212][628]LogVSAccessor: Warning: Couldn't access module table
[2023.05.16-12.21.27:212][628]LogVSAccessor: Warning: Couldn't access module table
[2023.05.16-12.21.27:212][628]LogVSAccessor: Warning: Couldn't access module table
[2023.05.16-12.21.27:212][628]LogVSAccessor: Warning: Couldn't access module table
[2023.05.16-12.21.27:212][628]LogVSAccessor: Warning: Couldn't access module table
[2023.05.16-12.21.27:212][628]LogVSAccessor: Warning: Couldn't access module table
[2023.05.16-12.21.27:212][628]LogVSAccessor: Warning: Couldn't access module table
[2023.05.16-12.21.27:212][628]LogVSAccessor: Warning: Couldn't access module table
[2023.05.16-12.21.27:212][628]LogVSAccessor: Warning: Couldn't access module table
[2023.05.16-12.21.27:212][628]LogVSAccessor: Warning: Couldn't access module table
[2023.05.16-12.21.27:213][628]LogVSAccessor: Warning: Couldn't access module table
[2023.05.16-12.21.27:213][628]LogVSAccessor: Warning: Couldn't access module table
[2023.05.16-12.21.27:213][628]LogVSAccessor: Warning: Couldn't access module table
[2023.05.16-12.21.27:213][628]LogVSAccessor: Warning: Couldn't access module table
[2023.05.16-12.21.27:213][628]LogVSAccessor: Warning: Couldn't access module table
[2023.05.16-12.21.27:213][628]LogVSAccessor: Warning: Couldn't access module table
[2023.05.16-12.21.27:213][628]LogVSAccessor: Warning: Couldn't access module table
[2023.05.16-12.21.27:213][628]LogVSAccessor: Warning: Couldn't access module table
[2023.05.16-12.21.27:213][628]LogVSAccessor: Warning: Couldn't access module table
[2023.05.16-12.21.27:213][628]LogVSAccessor: Warning: Couldn't access module table
[2023.05.16-12.21.27:213][628]LogVSAccessor: Warning: Couldn't access module table
[2023.05.16-12.21.27:213][628]LogVSAccessor: Warning: Couldn't access module table
[2023.05.16-12.21.27:213][628]LogVSAccessor: Warning: Couldn't access module table
[2023.05.16-12.21.27:213][628]LogVSAccessor: Warning: Couldn't access module table
[2023.05.16-12.21.27:213][628]LogVSAccessor: Warning: Couldn't access module table
[2023.05.16-12.21.27:213][628]LogVSAccessor: Warning: Couldn't access module table
[2023.05.16-12.21.27:213][628]LogVSAccessor: Warning: Couldn't access module table
[2023.05.16-12.21.27:213][628]LogVSAccessor: Warning: Couldn't access module table
[2023.05.16-12.21.27:214][628]LogVSAccessor: Warning: Couldn't access module table
[2023.05.16-12.21.27:214][628]LogVSAccessor: Warning: Couldn't access module table
[2023.05.16-12.21.27:214][628]LogVSAccessor: Warning: Couldn't access module table
[2023.05.16-12.21.27:214][628]LogVSAccessor: Warning: Couldn't access module table
[2023.05.16-12.21.27:214][628]LogVSAccessor: Warning: Couldn't access module table
[2023.05.16-12.21.27:214][628]LogVSAccessor: Warning: Couldn't access module table
[2023.05.16-12.21.27:214][628]LogVSAccessor: Warning: Couldn't access module table
[2023.05.16-12.21.27:214][628]LogVSAccessor: Warning: Couldn't access module table
[2023.05.16-12.21.27:214][628]LogVSAccessor: Warning: Couldn't access module table
[2023.05.16-12.21.27:214][628]LogVSAccessor: Warning: Couldn't access module table
[2023.05.16-12.21.27:214][628]LogVSAccessor: Warning: Couldn't access module table
[2023.05.16-12.21.27:214][628]LogVSAccessor: Warning: Couldn't access module table
[2023.05.16-12.21.27:214][628]LogVSAccessor: Warning: Couldn't access module table
[2023.05.16-12.21.27:214][628]LogVSAccessor: Warning: Couldn't access module table
[2023.05.16-12.21.27:214][628]LogVSAccessor: Warning: Couldn't access module table
[2023.05.16-12.21.27:214][628]LogVSAccessor: Warning: Couldn't access module table
[2023.05.16-12.21.27:214][628]LogVSAccessor: Warning: Couldn't access module table
[2023.05.16-12.21.27:214][628]LogVSAccessor: Warning: Couldn't access module table
[2023.05.16-12.21.27:214][628]LogVSAccessor: Warning: Couldn't access module table
[2023.05.16-12.21.27:214][628]LogVSAccessor: Warning: Couldn't access module table
[2023.05.16-12.21.27:214][628]LogVSAccessor: Warning: Couldn't access module table
[2023.05.16-12.21.27:214][628]LogVSAccessor: Warning: Couldn't access module table
[2023.05.16-12.21.27:214][628]LogVSAccessor: Warning: Couldn't access module table
[2023.05.16-12.21.27:214][628]LogVSAccessor: Warning: Couldn't access module table
[2023.05.16-12.21.27:214][628]LogVSAccessor: Warning: Couldn't access module table
[2023.05.16-12.21.27:214][628]LogVSAccessor: Warning: Couldn't access module table
[2023.05.16-12.21.27:214][628]LogVSAccessor: Warning: Couldn't access module table
[2023.05.16-12.21.27:214][628]LogVSAccessor: Warning: Couldn't access module table
[2023.05.16-12.21.27:214][628]LogVSAccessor: Warning: Couldn't access module table
[2023.05.16-12.21.27:214][628]LogVSAccessor: Warning: Couldn't access module table
[2023.05.16-12.21.27:214][628]LogVSAccessor: Warning: Couldn't access module table
[2023.05.16-12.21.27:214][628]LogVSAccessor: Warning: Couldn't access module table
[2023.05.16-12.21.27:214][628]LogVSAccessor: Warning: Couldn't access module table
[2023.05.16-12.21.27:216][628]LogVSAccessor: Warning: Couldn't access module table
[2023.05.16-12.21.27:216][628]LogVSAccessor: Warning: Couldn't access module table
[2023.05.16-12.21.27:216][628]LogVSAccessor: Warning: Couldn't access module table
[2023.05.16-12.21.27:216][628]LogVSAccessor: Warning: Couldn't access module table
[2023.05.16-12.21.27:216][628]LogVSAccessor: Warning: Couldn't access module table
[2023.05.16-12.21.27:216][628]LogVSAccessor: Warning: Couldn't access module table
[2023.05.16-12.21.27:216][628]LogVSAccessor: Warning: Couldn't access module table
[2023.05.16-12.21.27:222][628]LogVSAccessor: Warning: Couldn't access module table
[2023.05.16-12.21.27:236][628]LogVSAccessor: Warning: Couldn't access module table
[2023.05.16-12.21.27:237][628]LogVSAccessor: Warning: Couldn't access module table
[2023.05.16-12.21.27:237][628]LogVSAccessor: Warning: Couldn't access module table
[2023.05.16-12.21.27:238][628]LogVSAccessor: Warning: Couldn't access module table
[2023.05.16-12.21.27:265][628]LogVSAccessor: Warning: Couldn't access module table
[2023.05.16-12.21.27:265][628]LogVSAccessor: Warning: Couldn't access module table
[2023.05.16-12.21.27:277][628]LogVSAccessor: Warning: Couldn't access module table
[2023.05.16-12.21.27:277][628]LogVSAccessor: Warning: Couldn't access module table
[2023.05.16-12.21.27:278][628]LogVSAccessor: Warning: Couldn't access module table
[2023.05.16-12.21.27:282][628]LogVSAccessor: Warning: Couldn't access module table
[2023.05.16-12.21.27:282][628]LogVSAccessor: Warning: Couldn't access module table
[2023.05.16-12.22.35:046][458]LogAssetEditorSubsystem: Opening Asset editor for Class /Script/RossiNante.MyCharacter
[2023.05.16-12.23.44:712][332]Candidate modules for hot reload:
[2023.05.16-12.23.44:712][332]  RossiNante
[2023.05.16-12.23.44:712][332]Launching UnrealBuildTool... [C:/Program Files/Epic Games/UE_4.24/Engine/Binaries/DotNET/UnrealBuildTool.exe  -ModuleWithSuffix=RossiNante,5061 Win64 Development -TargetType=Editor -Project="C:/Users/owner/Documents/GitHub/UNogakKimchi/RossiNante/RossiNante.uproject" "C:/Users/owner/Documents/GitHub/UNogakKimchi/RossiNante/RossiNante.uproject"  -IgnoreJunk]
[2023.05.16-12.23.44:716][332]Warning: Starting HotReload took  0.0s.
[2023.05.16-12.24.04:117][983]CompilerResultsLog: New page: 컴파일 - 2023. 5. 17. 오전 6:24:04
[2023.05.16-12.24.04:118][983]CompilerResultsLog: Using 'git status' to determine working set for adaptive non-unity build (C:\Users\owner\Documents\GitHub\UNogakKimchi).
[2023.05.16-12.24.04:118][983]CompilerResultsLog: Creating makefile for RossiNanteEditor (no existing makefile)
[2023.05.16-12.24.04:118][983]CompilerResultsLog: Parsing headers for RossiNanteEditor
[2023.05.16-12.24.04:118][983]CompilerResultsLog:   Running UnrealHeaderTool "C:\Users\owner\Documents\GitHub\UNogakKimchi\RossiNante\RossiNante.uproject" "C:\Users\owner\Documents\GitHub\UNogakKimchi\RossiNante\Intermediate\Build\Win64\RossiNanteEditor\Development\RossiNanteEditor.uhtmanifest" -LogCmds="loginit warning, logexit warning, logdatabase error" -Unattended -WarningsAsErrors -installed
[2023.05.16-12.24.04:118][983]CompilerResultsLog: Reflection code generated for RossiNanteEditor in 15.8742883 seconds
[2023.05.16-12.24.04:118][983]CompilerResultsLog: Building RossiNanteEditor...
[2023.05.16-12.24.04:118][983]CompilerResultsLog: Using Visual Studio 2019 14.29.30147 toolchain (C:\Program Files (x86)\Microsoft Visual Studio\2019\Community\VC\Tools\MSVC\14.29.30133) and Windows 10.0.19041.0 SDK (C:\Program Files (x86)\Windows Kits\10).
[2023.05.16-12.24.04:118][983]CompilerResultsLog: Building 4 actions with 12 processes...
[2023.05.16-12.24.04:118][983]CompilerResultsLog:   [1/4] RossiNante.init.gen.cpp
[2023.05.16-12.24.04:118][983]CompilerResultsLog:   [2/4] UE4Editor-RossiNante-5061.lib
[2023.05.16-12.24.04:118][983]CompilerResultsLog:      C:\Users\owner\Documents\GitHub\UNogakKimchi\RossiNante\Intermediate\Build\Win64\UE4Editor\Development\RossiNante\UE4Editor-RossiNante-5061.lib ???̺귯?? ?? C:\Users\owner\Documents\GitHub\UNogakKimchi\RossiNante\Intermediate\Build\Win64\UE4Editor\Development\RossiNante\UE4Editor-RossiNante-5061.exp ??ü?? ?????ϰ? ?ֽ??ϴ?.
[2023.05.16-12.24.04:118][983]CompilerResultsLog:   [3/4] UE4Editor-RossiNante-5061.dll
[2023.05.16-12.24.04:118][983]CompilerResultsLog:      C:\Users\owner\Documents\GitHub\UNogakKimchi\RossiNante\Intermediate\Build\Win64\UE4Editor\Development\RossiNante\UE4Editor-RossiNante-5061.suppressed.lib ???̺귯?? ?? C:\Users\owner\Documents\GitHub\UNogakKimchi\RossiNante\Intermediate\Build\Win64\UE4Editor\Development\RossiNante\UE4Editor-RossiNante-5061.suppressed.exp ??ü?? ?????ϰ? ?ֽ??ϴ?.
[2023.05.16-12.24.04:118][983]CompilerResultsLog:   [4/4] RossiNanteEditor.target
[2023.05.16-12.24.04:118][983]CompilerResultsLog: Total time in Parallel executor: 1.64 seconds
[2023.05.16-12.24.04:118][983]CompilerResultsLog: Total execution time: 19.07 seconds
[2023.05.16-12.24.04:118][983]LogMainFrame: MainFrame: Module compiling took 19.408 seconds
[2023.05.16-12.24.04:139][983]LogUObjectHash: Compacting FUObjectHashTables data took   1.52ms
[2023.05.16-12.24.04:162][983]LogContentBrowser: Native class hierarchy updated for 'RossiNante' in 0.0004 seconds. Added 3 classes and 2 folders.
[2023.05.16-12.24.04:164][983]Display: HotReload successful (6 functions remapped  1 scriptstructs remapped)
[2023.05.16-12.24.04:244][983]LogUObjectHash: Compacting FUObjectHashTables data took   1.09ms
[2023.05.16-12.24.04:254][983]LogContentBrowser: Native class hierarchy populated in 0.0060 seconds. Added 3020 classes and 722 folders.
[2023.05.16-12.24.04:254][983]Display: HotReload took 19.6s.
[2023.05.16-12.24.06:617][ 74]LogTemp: Repeating last play command: 선택된 뷰포트
[2023.05.16-12.24.06:625][ 74]LogPlayLevel: PlayLevel: No blueprints needed recompiling
[2023.05.16-12.24.06:625][ 74]PIE: New page: PIE 세션: Default (2023. 5. 17. 오전 6:24:06)
[2023.05.16-12.24.06:626][ 74]LogOnline: OSS: Creating online subsystem instance for: NULL
[2023.05.16-12.24.06:627][ 74]LogOnline: OSS: TryLoadSubsystemAndSetDefault: Loaded subsystem for module [NULL]
[2023.05.16-12.24.06:627][ 74]LogPlayLevel: Creating play world package: /Game/Maps/UEDPIE_0_Default
[2023.05.16-12.24.06:629][ 74]LogPlayLevel: PIE: StaticDuplicateObject took: (0.001958s)
[2023.05.16-12.24.06:629][ 74]LogAIModule: Creating AISystem for world Default
[2023.05.16-12.24.06:631][ 74]LogPlayLevel: PIE: World Init took: (0.000736s)
[2023.05.16-12.24.06:631][ 74]LogPlayLevel: PIE: Created PIE world by copying editor world from /Game/Maps/Default.Default to /Game/Maps/UEDPIE_0_Default.Default (0.002878s)
[2023.05.16-12.24.06:651][ 74]LogUObjectHash: Compacting FUObjectHashTables data took   1.20ms
[2023.05.16-12.24.06:651][ 74]LogDataTable: Warning: UDataTable::FindRow : '' requested row '1' not in DataTable '/Game/Data/StatTable.StatTable'.
[2023.05.16-12.24.08:096][ 74]LogWindows: Error: === Critical error: ===
[2023.05.16-12.24.08:096][ 74]LogWindows: Error: 
[2023.05.16-12.24.08:096][ 74]LogWindows: Error: Fatal error!
[2023.05.16-12.24.08:096][ 74]LogWindows: Error: 
[2023.05.16-12.24.08:096][ 74]LogWindows: Error: Unhandled Exception: EXCEPTION_ACCESS_VIOLATION reading address 0x0000000c
[2023.05.16-12.24.08:096][ 74]LogWindows: Error: 
[2023.05.16-12.24.08:096][ 74]LogWindows: Error: [Callstack] 0x00007ffb22597788 UE4Editor-RossiNante-0053.dll!UMyGameInstance::Init() [C:\Users\owner\Documents\GitHub\UNogakKimchi\RossiNante\Source\RossiNante\MyGameInstance.cpp:18]
[2023.05.16-12.24.08:096][ 74]LogWindows: Error: [Callstack] 0x00007ffb37ae5e7d UE4Editor-Engine.dll!UnknownFunction []
[2023.05.16-12.24.08:096][ 74]LogWindows: Error: [Callstack] 0x00007ffb3635f8be UE4Editor-UnrealEd.dll!UnknownFunction []
[2023.05.16-12.24.08:096][ 74]LogWindows: Error: [Callstack] 0x00007ffb36382806 UE4Editor-UnrealEd.dll!UnknownFunction []
[2023.05.16-12.24.08:096][ 74]LogWindows: Error: [Callstack] 0x00007ffb3639d285 UE4Editor-UnrealEd.dll!UnknownFunction []
[2023.05.16-12.24.08:096][ 74]LogWindows: Error: [Callstack] 0x00007ffb35e6a5f5 UE4Editor-UnrealEd.dll!UnknownFunction []
[2023.05.16-12.24.08:096][ 74]LogWindows: Error: [Callstack] 0x00007ffb366ce476 UE4Editor-UnrealEd.dll!UnknownFunction []
[2023.05.16-12.24.08:096][ 74]LogWindows: Error: [Callstack] 0x00007ff724ee7f62 UE4Editor.exe!UnknownFunction []
[2023.05.16-12.24.08:096][ 74]LogWindows: Error: [Callstack] 0x00007ff724efc3ec UE4Editor.exe!UnknownFunction []
[2023.05.16-12.24.08:096][ 74]LogWindows: Error: [Callstack] 0x00007ff724efc4ca UE4Editor.exe!UnknownFunction []
[2023.05.16-12.24.08:096][ 74]LogWindows: Error: [Callstack] 0x00007ff724f0ceae UE4Editor.exe!UnknownFunction []
[2023.05.16-12.24.08:096][ 74]LogWindows: Error: [Callstack] 0x00007ff724f0fcbe UE4Editor.exe!UnknownFunction []
[2023.05.16-12.24.08:096][ 74]LogWindows: Error: [Callstack] 0x00007ffbeeaf26ad KERNEL32.DLL!UnknownFunction []
[2023.05.16-12.24.08:096][ 74]LogWindows: Error: [Callstack] 0x00007ffbefa6a9f8 ntdll.dll!UnknownFunction []
[2023.05.16-12.24.08:096][ 74]LogWindows: Error: 
[2023.05.16-12.24.08:105][ 74]LogExit: Executing StaticShutdownAfterError
[2023.05.16-12.24.08:109][ 74]LogWindows: FPlatformMisc::RequestExit(1)
[2023.05.16-12.24.08:109][ 74]LogCore: Engine exit requested (reason: Win RequestExit)
[2023.05.16-12.24.08:121][ 74]Log file closed, 05/16/23 21:24:08
