Log file open, 05/11/23 15:32:44
LogWindows: Failed to load 'aqProf.dll' (GetLastError=126)
LogWindows: File 'aqProf.dll' does not exist
LogWindows: Failed to load 'VtuneApi.dll' (GetLastError=126)
LogWindows: File 'VtuneApi.dll' does not exist
LogWindows: Failed to load 'VtuneApi32e.dll' (GetLastError=126)
LogWindows: File 'VtuneApi32e.dll' does not exist
LogConsoleResponse: Display: Failed to find resolution value strings in scalability ini. Falling back to default.
LogInit: Display: Running engine for game: RossiNante
LogPlatformFile: Not using cached read wrapper
LogTaskGraph: Started task graph with 5 named threads and 47 total threads with 3 sets of task threads.
LogStats: Stats thread started at 0.209827
LogD3D11RHI: Loaded GFSDK_Aftermath_Lib.x64.dll
LogICUInternationalization: ICU TimeZone Detection - Raw Offset: +9:00, Platform Override: ''
LogPluginManager: Mounting plugin Paper2D
LogPluginManager: Mounting plugin AISupport
LogPluginManager: Mounting plugin LightPropagationVolume
LogPluginManager: Mounting plugin ActorLayerUtilities
LogPluginManager: Mounting plugin AnimationSharing
LogPluginManager: Mounting plugin CLionSourceCodeAccess
LogPluginManager: Mounting plugin CodeLiteSourceCodeAccess
LogPluginManager: Mounting plugin GitSourceControl
LogPluginManager: Mounting plugin KDevelopSourceCodeAccess
LogPluginManager: Mounting plugin NullSourceCodeAccess
LogPluginManager: Mounting plugin PerforceSourceControl
LogPluginManager: Mounting plugin PlasticSourceControl
LogPluginManager: Mounting plugin SubversionSourceControl
LogPluginManager: Mounting plugin UObjectPlugin
LogPluginManager: Mounting plugin VisualStudioCodeSourceCodeAccess
LogPluginManager: Mounting plugin VisualStudioSourceCodeAccess
LogPluginManager: Mounting plugin XCodeSourceCodeAccess
LogPluginManager: Mounting plugin AssetManagerEditor
LogPluginManager: Mounting plugin CryptoKeys
LogPluginManager: Mounting plugin CurveEditorTools
LogPluginManager: Mounting plugin DataValidation
LogPluginManager: Mounting plugin FacialAnimation
LogPluginManager: Mounting plugin GameplayTagsEditor
LogPluginManager: Mounting plugin MacGraphicsSwitching
LogPluginManager: Mounting plugin MaterialAnalyzer
LogPluginManager: Mounting plugin MobileLauncherProfileWizard
LogPluginManager: Mounting plugin PluginBrowser
LogPluginManager: Mounting plugin SpeedTreeImporter
LogPluginManager: Mounting plugin DatasmithContent
LogPluginManager: Mounting plugin VariantManagerContent
LogPluginManager: Mounting plugin AlembicImporter
LogPluginManager: Mounting plugin AutomationUtils
LogPluginManager: Mounting plugin BackChannel
LogPluginManager: Mounting plugin CharacterAI
LogPluginManager: Mounting plugin GeometryCache
LogPluginManager: Mounting plugin PlatformCrypto
LogPluginManager: Mounting plugin ProxyLODPlugin
LogPluginManager: Mounting plugin SkeletalReduction
LogPluginManager: Mounting plugin MagicLeap
LogPluginManager: Mounting plugin MagicLeapMedia
LogPluginManager: Mounting plugin MLSDK
LogPluginManager: Mounting plugin AndroidMedia
LogPluginManager: Mounting plugin AvfMedia
LogPluginManager: Mounting plugin ImgMedia
LogPluginManager: Mounting plugin MediaCompositing
LogPluginManager: Mounting plugin MediaPlayerEditor
LogPluginManager: Mounting plugin WebMMedia
LogPluginManager: Mounting plugin WmfMedia
LogPluginManager: Mounting plugin TcpMessaging
LogPluginManager: Mounting plugin UdpMessaging
LogPluginManager: Mounting plugin ActorSequence
LogPluginManager: Mounting plugin LevelSequenceEditor
LogPluginManager: Mounting plugin MatineeToLevelSequence
LogPluginManager: Mounting plugin NetcodeUnitTest
LogPluginManager: Mounting plugin NUTUnrealEngine4
LogPluginManager: Mounting plugin OnlineSubsystemGooglePlay
LogPluginManager: Mounting plugin OnlineSubsystemIOS
LogPluginManager: Mounting plugin OnlineSubsystem
LogPluginManager: Mounting plugin OnlineSubsystemNull
LogPluginManager: Mounting plugin OnlineSubsystemUtils
LogPluginManager: Mounting plugin LauncherChunkInstaller
LogPluginManager: Mounting plugin AndroidDeviceProfileSelector
LogPluginManager: Mounting plugin AndroidMoviePlayer
LogPluginManager: Mounting plugin AndroidPermission
LogPluginManager: Mounting plugin AppleImageUtils
LogPluginManager: Mounting plugin AppleMoviePlayer
LogPluginManager: Mounting plugin ArchVisCharacter
LogPluginManager: Mounting plugin AssetTags
LogPluginManager: Mounting plugin AudioCapture
LogPluginManager: Mounting plugin CableComponent
LogPluginManager: Mounting plugin CustomMeshComponent
LogPluginManager: Mounting plugin EditableMesh
LogPluginManager: Mounting plugin ExampleDeviceProfileSelector
LogPluginManager: Mounting plugin GoogleCloudMessaging
LogPluginManager: Mounting plugin IOSDeviceProfileSelector
LogPluginManager: Mounting plugin LinuxDeviceProfileSelector
LogPluginManager: Mounting plugin LocationServicesBPLibrary
LogPluginManager: Mounting plugin MobilePatchingUtils
LogPluginManager: Mounting plugin OculusVR
LogPluginManager: Mounting plugin PhysXVehicles
LogPluginManager: Mounting plugin PostSplashScreen
LogPluginManager: Mounting plugin ProceduralMeshComponent
LogPluginManager: Mounting plugin RuntimePhysXCooking
LogPluginManager: Mounting plugin SignificanceManager
LogPluginManager: Mounting plugin SteamVR
LogPluginManager: Mounting plugin WebMMoviePlayer
LogPluginManager: Mounting plugin WindowsMoviePlayer
LogPluginManager: Mounting plugin ScreenshotTools
LogInit: Using libcurl 7.55.1-DEV
LogInit:  - built for x86_64-pc-win32
LogInit:  - supports SSL with OpenSSL/1.1.1
LogInit:  - supports HTTP deflate (compression) using libz 1.2.8
LogInit:  - other features:
LogInit:      CURL_VERSION_SSL
LogInit:      CURL_VERSION_LIBZ
LogInit:      CURL_VERSION_IPV6
LogInit:      CURL_VERSION_ASYNCHDNS
LogInit:      CURL_VERSION_LARGEFILE
LogInit:      CURL_VERSION_IDN
LogInit:  CurlRequestOptions (configurable via config and command line):
LogInit:  - bVerifyPeer = true  - Libcurl will verify peer certificate
LogInit:  - bUseHttpProxy = false  - Libcurl will NOT use HTTP proxy
LogInit:  - bDontReuseConnections = false  - Libcurl will reuse connections
LogInit:  - MaxHostConnections = 16  - Libcurl will limit the number of connections to a host
LogInit:  - LocalHostAddr = Default
LogInit:  - BufferSize = 65536
LogOnline: OSS: Creating online subsystem instance for: NULL
LogInit: WinSock: version 1.1 (2.2), MaxSocks=32767, MaxUdp=65467
LogOnline: OSS: TryLoadSubsystemAndSetDefault: Loaded subsystem for module [NULL]
LogInit: Build: ++UE4+Release-4.24-CL-11590370
LogInit: Engine Version: 4.24.3-11590370+++UE4+Release-4.24
LogInit: Compatible Engine Version: 4.24.0-10570792+++UE4+Release-4.24
LogInit: Net CL: 10570792
LogInit: OS: Windows 10 (Release 2009) (), CPU: AMD Ryzen 7 5800X 8-Core Processor             , GPU: NVIDIA GeForce RTX 2080 SUPER
LogInit: Compiled (64-bit): Feb 24 2020 15:39:18
LogInit: Compiled with Visual C++: 19.16.27032.01
LogInit: Build Configuration: Development
LogInit: Branch Name: ++UE4+Release-4.24
LogInit: Command Line:  -skipcompile
LogInit: Base Directory: C:/Program Files/Epic Games/UE_4.24/Engine/Binaries/Win64/
LogInit: Installed Engine Build: 1
LogDevObjectVersion: Number of dev versions registered: 25
LogDevObjectVersion:   Dev-Blueprints (B0D832E4-1F89-4F0D-ACCF-7EB736FD4AA2): 10
LogDevObjectVersion:   Dev-Build (E1C64328-A22C-4D53-A36C-8E866417BD8C): 0
LogDevObjectVersion:   Dev-Core (375EC13C-06E4-48FB-B500-84F0262A717E): 3
LogDevObjectVersion:   Dev-Editor (E4B068ED-F494-42E9-A231-DA0B2E46BB41): 37
LogDevObjectVersion:   Dev-Framework (CFFC743F-43B0-4480-9391-14DF171D2073): 36
LogDevObjectVersion:   Dev-Mobile (B02B49B5-BB20-44E9-A304-32B752E40360): 2
LogDevObjectVersion:   Dev-Networking (A4E4105C-59A1-49B5-A7C5-40C4547EDFEE): 0
LogDevObjectVersion:   Dev-Online (39C831C9-5AE6-47DC-9A44-9C173E1C8E7C): 0
LogDevObjectVersion:   Dev-Physics (78F01B33-EBEA-4F98-B9B4-84EACCB95AA2): 2
LogDevObjectVersion:   Dev-Platform (6631380F-2D4D-43E0-8009-CF276956A95A): 0
LogDevObjectVersion:   Dev-Rendering (12F88B9F-8875-4AFC-A67C-D90C383ABD29): 36
LogDevObjectVersion:   Dev-Sequencer (7B5AE74C-D270-4C10-A958-57980B212A5A): 11
LogDevObjectVersion:   Dev-VR (D7296918-1DD6-4BDD-9DE2-64A83CC13884): 2
LogDevObjectVersion:   Dev-LoadTimes (C2A15278-BFE7-4AFE-6C17-90FF531DF755): 1
LogDevObjectVersion:   Private-Geometry (6EACA3D4-40EC-4CC1-B786-8BED09428FC5): 3
LogDevObjectVersion:   Dev-AnimPhys (29E575DD-E0A3-4627-9D10-D276232CDCEA): 17
LogDevObjectVersion:   Dev-Anim (AF43A65D-7FD3-4947-9873-3E8ED9C1BB05): 2
LogDevObjectVersion:   Dev-ReflectionCapture (6B266CEC-1EC7-4B8F-A30B-E4D90942FC07): 1
LogDevObjectVersion:   Dev-Automation (0DF73D61-A23F-47EA-B727-89E90C41499A): 1
LogDevObjectVersion:   FortniteMain (601D1886-AC64-4F84-AA16-D3DE0DEAC7D6): 31
LogDevObjectVersion:   Dev-Enterprise (9DFFBCD6-494F-0158-E221-12823C92A888): 8
LogDevObjectVersion:   Dev-Niagara (F2AED0AC-9AFE-416F-8664-AA7FFA26D6FC): 1
LogDevObjectVersion:   Dev-Destruction (174F1F0B-B4C6-45A5-B13F-2EE8D0FB917D): 9
LogDevObjectVersion:   Dev-Physics-Ext (35F94A83-E258-406C-A318-09F59610247C): 8
LogDevObjectVersion:   Dev-CineCamera (B2E18506-4273-CFC2-A54E-F4BB758BBA07): 1
LogInit: Presizing for max 25165824 objects, including 0 objects not considered by GC, pre-allocating 0 bytes for permanent pool.
LogInit: Object subsystem initialized
LogConfig: Setting CVar [[con.DebugEarlyDefault:1]]
LogConfig: Setting CVar [[r.setres:1280x720]]
[2023.05.11-06.32.44:526][  0]LogConfig: Setting CVar [[r.VSync:0]]
[2023.05.11-06.32.44:526][  0]LogConfig: Setting CVar [[r.RHICmdBypass:0]]
[2023.05.11-06.32.44:526][  0]LogConfig: Applying CVar settings from Section [/Script/Engine.RendererSettings] File [C:/Users/201911183/Documents/GitHub/UNogakKimchi/RossiNante/Saved/Config/Windows/Engine.ini]
[2023.05.11-06.32.44:526][  0]LogConfig: Setting CVar [[r.GPUCrashDebugging:0]]
[2023.05.11-06.32.44:526][  0]LogConfig: Applying CVar settings from Section [/Script/Engine.RendererOverrideSettings] File [C:/Users/201911183/Documents/GitHub/UNogakKimchi/RossiNante/Saved/Config/Windows/Engine.ini]
[2023.05.11-06.32.44:526][  0]LogConfig: Applying CVar settings from Section [/Script/Engine.StreamingSettings] File [C:/Users/201911183/Documents/GitHub/UNogakKimchi/RossiNante/Saved/Config/Windows/Engine.ini]
[2023.05.11-06.32.44:526][  0]LogConfig: Setting CVar [[s.MinBulkDataSizeForAsyncLoading:131072]]
[2023.05.11-06.32.44:526][  0]LogConfig: Setting CVar [[s.AsyncLoadingThreadEnabled:0]]
[2023.05.11-06.32.44:526][  0]LogConfig: Setting CVar [[s.EventDrivenLoaderEnabled:1]]
[2023.05.11-06.32.44:526][  0]LogConfig: Setting CVar [[s.WarnIfTimeLimitExceeded:0]]
[2023.05.11-06.32.44:526][  0]LogConfig: Setting CVar [[s.TimeLimitExceededMultiplier:1.5]]
[2023.05.11-06.32.44:526][  0]LogConfig: Setting CVar [[s.TimeLimitExceededMinTime:0.005]]
[2023.05.11-06.32.44:526][  0]LogConfig: Setting CVar [[s.UseBackgroundLevelStreaming:1]]
[2023.05.11-06.32.44:526][  0]LogConfig: Setting CVar [[s.PriorityAsyncLoadingExtraTime:15.0]]
[2023.05.11-06.32.44:526][  0]LogConfig: Setting CVar [[s.LevelStreamingActorsUpdateTimeLimit:5.0]]
[2023.05.11-06.32.44:526][  0]LogConfig: Setting CVar [[s.PriorityLevelStreamingActorsUpdateExtraTime:5.0]]
[2023.05.11-06.32.44:526][  0]LogConfig: Setting CVar [[s.LevelStreamingComponentsRegistrationGranularity:10]]
[2023.05.11-06.32.44:527][  0]LogConfig: Setting CVar [[s.UnregisterComponentsTimeLimit:1.0]]
[2023.05.11-06.32.44:527][  0]LogConfig: Setting CVar [[s.LevelStreamingComponentsUnregistrationGranularity:5]]
[2023.05.11-06.32.44:527][  0]LogConfig: Setting CVar [[s.FlushStreamingOnExit:1]]
[2023.05.11-06.32.44:527][  0]LogConfig: Applying CVar settings from Section [/Script/Engine.GarbageCollectionSettings] File [C:/Users/201911183/Documents/GitHub/UNogakKimchi/RossiNante/Saved/Config/Windows/Engine.ini]
[2023.05.11-06.32.44:527][  0]LogConfig: Setting CVar [[gc.MaxObjectsNotConsideredByGC:1]]
[2023.05.11-06.32.44:527][  0]LogConfig: Setting CVar [[gc.SizeOfPermanentObjectPool:0]]
[2023.05.11-06.32.44:527][  0]LogConfig: Setting CVar [[gc.FlushStreamingOnGC:0]]
[2023.05.11-06.32.44:527][  0]LogConfig: Setting CVar [[gc.NumRetriesBeforeForcingGC:10]]
[2023.05.11-06.32.44:527][  0]LogConfig: Setting CVar [[gc.AllowParallelGC:1]]
[2023.05.11-06.32.44:527][  0]LogConfig: Setting CVar [[gc.TimeBetweenPurgingPendingKillObjects:61.1]]
[2023.05.11-06.32.44:527][  0]LogConfig: Setting CVar [[gc.MaxObjectsInEditor:25165824]]
[2023.05.11-06.32.44:527][  0]LogConfig: Setting CVar [[gc.IncrementalBeginDestroyEnabled:1]]
[2023.05.11-06.32.44:527][  0]LogConfig: Setting CVar [[gc.CreateGCClusters:1]]
[2023.05.11-06.32.44:527][  0]LogConfig: Setting CVar [[gc.MinGCClusterSize:5]]
[2023.05.11-06.32.44:527][  0]LogConfig: Setting CVar [[gc.ActorClusteringEnabled:0]]
[2023.05.11-06.32.44:527][  0]LogConfig: Setting CVar [[gc.BlueprintClusteringEnabled:0]]
[2023.05.11-06.32.44:527][  0]LogConfig: Setting CVar [[gc.UseDisregardForGCOnDedicatedServers:0]]
[2023.05.11-06.32.44:527][  0]LogConfig: Applying CVar settings from Section [/Script/Engine.NetworkSettings] File [C:/Users/201911183/Documents/GitHub/UNogakKimchi/RossiNante/Saved/Config/Windows/Engine.ini]
[2023.05.11-06.32.44:527][  0]LogConfig: Applying CVar settings from Section [/Script/UnrealEd.CookerSettings] File [C:/Users/201911183/Documents/GitHub/UNogakKimchi/RossiNante/Saved/Config/Windows/Engine.ini]
[2023.05.11-06.32.44:535][  0]LogConfig: Applying CVar settings from Section [ViewDistanceQuality@3] File [C:/Users/201911183/Documents/GitHub/UNogakKimchi/RossiNante/Saved/Config/Windows/Scalability.ini]
[2023.05.11-06.32.44:535][  0]LogConfig: Setting CVar [[r.SkeletalMeshLODBias:0]]
[2023.05.11-06.32.44:535][  0]LogConfig: Setting CVar [[r.ViewDistanceScale:1.0]]
[2023.05.11-06.32.44:535][  0]LogConfig: Applying CVar settings from Section [AntiAliasingQuality@3] File [C:/Users/201911183/Documents/GitHub/UNogakKimchi/RossiNante/Saved/Config/Windows/Scalability.ini]
[2023.05.11-06.32.44:535][  0]LogConfig: Setting CVar [[r.PostProcessAAQuality:4]]
[2023.05.11-06.32.44:535][  0]LogConfig: Applying CVar settings from Section [ShadowQuality@3] File [C:/Users/201911183/Documents/GitHub/UNogakKimchi/RossiNante/Saved/Config/Windows/Scalability.ini]
[2023.05.11-06.32.44:535][  0]LogConfig: Setting CVar [[r.LightFunctionQuality:1]]
[2023.05.11-06.32.44:535][  0]LogConfig: Setting CVar [[r.ShadowQuality:5]]
[2023.05.11-06.32.44:535][  0]LogConfig: Setting CVar [[r.Shadow.CSM.MaxCascades:10]]
[2023.05.11-06.32.44:535][  0]LogConfig: Setting CVar [[r.Shadow.MaxResolution:2048]]
[2023.05.11-06.32.44:535][  0]LogConfig: Setting CVar [[r.Shadow.MaxCSMResolution:2048]]
[2023.05.11-06.32.44:535][  0]LogConfig: Setting CVar [[r.Shadow.RadiusThreshold:0.01]]
[2023.05.11-06.32.44:535][  0]LogConfig: Setting CVar [[r.Shadow.DistanceScale:1.0]]
[2023.05.11-06.32.44:535][  0]LogConfig: Setting CVar [[r.Shadow.CSM.TransitionScale:1.0]]
[2023.05.11-06.32.44:535][  0]LogConfig: Setting CVar [[r.Shadow.PreShadowResolutionFactor:1.0]]
[2023.05.11-06.32.44:535][  0]LogConfig: Setting CVar [[r.DistanceFieldShadowing:1]]
[2023.05.11-06.32.44:535][  0]LogConfig: Setting CVar [[r.DistanceFieldAO:1]]
[2023.05.11-06.32.44:535][  0]LogConfig: Setting CVar [[r.AOQuality:2]]
[2023.05.11-06.32.44:535][  0]LogConfig: Setting CVar [[r.VolumetricFog:1]]
[2023.05.11-06.32.44:535][  0]LogConfig: Setting CVar [[r.VolumetricFog.GridPixelSize:8]]
[2023.05.11-06.32.44:535][  0]LogConfig: Setting CVar [[r.VolumetricFog.GridSizeZ:128]]
[2023.05.11-06.32.44:536][  0]LogConfig: Setting CVar [[r.VolumetricFog.HistoryMissSupersampleCount:4]]
[2023.05.11-06.32.44:536][  0]LogConfig: Setting CVar [[r.LightMaxDrawDistanceScale:1]]
[2023.05.11-06.32.44:536][  0]LogConfig: Setting CVar [[r.CapsuleShadows:1]]
[2023.05.11-06.32.44:536][  0]LogConfig: Applying CVar settings from Section [PostProcessQuality@3] File [C:/Users/201911183/Documents/GitHub/UNogakKimchi/RossiNante/Saved/Config/Windows/Scalability.ini]
[2023.05.11-06.32.44:536][  0]LogConfig: Setting CVar [[r.MotionBlurQuality:4]]
[2023.05.11-06.32.44:536][  0]LogConfig: Setting CVar [[r.AmbientOcclusionMipLevelFactor:0.4]]
[2023.05.11-06.32.44:536][  0]LogConfig: Setting CVar [[r.AmbientOcclusionMaxQuality:100]]
[2023.05.11-06.32.44:536][  0]LogConfig: Setting CVar [[r.AmbientOcclusionLevels:-1]]
[2023.05.11-06.32.44:536][  0]LogConfig: Setting CVar [[r.AmbientOcclusionRadiusScale:1.0]]
[2023.05.11-06.32.44:536][  0]LogConfig: Setting CVar [[r.DepthOfFieldQuality:2]]
[2023.05.11-06.32.44:536][  0]LogConfig: Setting CVar [[r.RenderTargetPoolMin:400]]
[2023.05.11-06.32.44:536][  0]LogConfig: Setting CVar [[r.LensFlareQuality:2]]
[2023.05.11-06.32.44:536][  0]LogConfig: Setting CVar [[r.SceneColorFringeQuality:1]]
[2023.05.11-06.32.44:536][  0]LogConfig: Setting CVar [[r.EyeAdaptationQuality:2]]
[2023.05.11-06.32.44:536][  0]LogConfig: Setting CVar [[r.BloomQuality:5]]
[2023.05.11-06.32.44:536][  0]LogConfig: Setting CVar [[r.FastBlurThreshold:100]]
[2023.05.11-06.32.44:536][  0]LogConfig: Setting CVar [[r.Upscale.Quality:3]]
[2023.05.11-06.32.44:536][  0]LogConfig: Setting CVar [[r.Tonemapper.GrainQuantization:1]]
[2023.05.11-06.32.44:536][  0]LogConfig: Setting CVar [[r.LightShaftQuality:1]]
[2023.05.11-06.32.44:536][  0]LogConfig: Setting CVar [[r.Filter.SizeScale:1]]
[2023.05.11-06.32.44:536][  0]LogConfig: Setting CVar [[r.Tonemapper.Quality:5]]
[2023.05.11-06.32.44:537][  0]LogConfig: Setting CVar [[r.DOF.Gather.AccumulatorQuality:1        ; higher gathering accumulator quality]]
[2023.05.11-06.32.44:537][  0]LogConfig: Setting CVar [[r.DOF.Gather.PostfilterMethod:1          ; Median3x3 postfilering method]]
[2023.05.11-06.32.44:537][  0]LogConfig: Setting CVar [[r.DOF.Gather.EnableBokehSettings:0       ; no bokeh simulation when gathering]]
[2023.05.11-06.32.44:537][  0]LogConfig: Setting CVar [[r.DOF.Gather.RingCount:4                 ; medium number of samples when gathering]]
[2023.05.11-06.32.44:537][  0]LogConfig: Setting CVar [[r.DOF.Scatter.ForegroundCompositing:1    ; additive foreground scattering]]
[2023.05.11-06.32.44:537][  0]LogConfig: Setting CVar [[r.DOF.Scatter.BackgroundCompositing:2    ; additive background scattering]]
[2023.05.11-06.32.44:537][  0]LogConfig: Setting CVar [[r.DOF.Scatter.EnableBokehSettings:1      ; bokeh simulation when scattering]]
[2023.05.11-06.32.44:537][  0]LogConfig: Setting CVar [[r.DOF.Scatter.MaxSpriteRatio:0.1         ; only a maximum of 10% of scattered bokeh]]
[2023.05.11-06.32.44:537][  0]LogConfig: Setting CVar [[r.DOF.Recombine.Quality:1                ; cheap slight out of focus]]
[2023.05.11-06.32.44:537][  0]LogConfig: Setting CVar [[r.DOF.Recombine.EnableBokehSettings:0    ; no bokeh simulation on slight out of focus]]
[2023.05.11-06.32.44:537][  0]LogConfig: Setting CVar [[r.DOF.TemporalAAQuality:1                ; more stable temporal accumulation]]
[2023.05.11-06.32.44:537][  0]LogConfig: Setting CVar [[r.DOF.Kernel.MaxForegroundRadius:0.025]]
[2023.05.11-06.32.44:537][  0]LogConfig: Setting CVar [[r.DOF.Kernel.MaxBackgroundRadius:0.025]]
[2023.05.11-06.32.44:537][  0]LogConfig: Applying CVar settings from Section [TextureQuality@3] File [C:/Users/201911183/Documents/GitHub/UNogakKimchi/RossiNante/Saved/Config/Windows/Scalability.ini]
[2023.05.11-06.32.44:537][  0]LogConfig: Setting CVar [[r.Streaming.MipBias:0]]
[2023.05.11-06.32.44:537][  0]LogConfig: Setting CVar [[r.Streaming.AmortizeCPUToGPUCopy:0]]
[2023.05.11-06.32.44:537][  0]LogConfig: Setting CVar [[r.Streaming.MaxNumTexturesToStreamPerFrame:0]]
[2023.05.11-06.32.44:537][  0]LogConfig: Setting CVar [[r.Streaming.Boost:1]]
[2023.05.11-06.32.44:537][  0]LogConfig: Setting CVar [[r.MaxAnisotropy:8]]
[2023.05.11-06.32.44:537][  0]LogConfig: Setting CVar [[r.VT.MaxAnisotropy:8]]
[2023.05.11-06.32.44:537][  0]LogConfig: Setting CVar [[r.Streaming.LimitPoolSizeToVRAM:0]]
[2023.05.11-06.32.44:538][  0]LogConfig: Setting CVar [[r.Streaming.PoolSize:1000]]
[2023.05.11-06.32.44:538][  0]LogConfig: Setting CVar [[r.Streaming.MaxEffectiveScreenSize:0]]
[2023.05.11-06.32.44:538][  0]LogConfig: Applying CVar settings from Section [EffectsQuality@3] File [C:/Users/201911183/Documents/GitHub/UNogakKimchi/RossiNante/Saved/Config/Windows/Scalability.ini]
[2023.05.11-06.32.44:538][  0]LogConfig: Setting CVar [[r.TranslucencyLightingVolumeDim:64]]
[2023.05.11-06.32.44:538][  0]LogConfig: Setting CVar [[r.RefractionQuality:2]]
[2023.05.11-06.32.44:538][  0]LogConfig: Setting CVar [[r.SSR.Quality:3]]
[2023.05.11-06.32.44:538][  0]LogConfig: Setting CVar [[r.SSR.HalfResSceneColor:0]]
[2023.05.11-06.32.44:538][  0]LogConfig: Setting CVar [[r.SceneColorFormat:4]]
[2023.05.11-06.32.44:538][  0]LogConfig: Setting CVar [[r.DetailMode:2]]
[2023.05.11-06.32.44:538][  0]LogConfig: Setting CVar [[r.TranslucencyVolumeBlur:1]]
[2023.05.11-06.32.44:538][  0]LogConfig: Setting CVar [[r.MaterialQualityLevel:1 ; High quality]]
[2023.05.11-06.32.44:538][  0]LogConfig: Setting CVar [[r.SSS.Scale:1]]
[2023.05.11-06.32.44:538][  0]LogConfig: Setting CVar [[r.SSS.SampleSet:2]]
[2023.05.11-06.32.44:538][  0]LogConfig: Setting CVar [[r.SSS.Quality:1]]
[2023.05.11-06.32.44:538][  0]LogConfig: Setting CVar [[r.SSS.HalfRes:1]]
[2023.05.11-06.32.44:538][  0]LogConfig: Setting CVar [[r.SSGI.Quality:3]]
[2023.05.11-06.32.44:538][  0]LogConfig: Setting CVar [[r.EmitterSpawnRateScale:1.0]]
[2023.05.11-06.32.44:538][  0]LogConfig: Setting CVar [[r.ParticleLightQuality:2]]
[2023.05.11-06.32.44:538][  0]LogConfig: Setting CVar [[r.SkyAtmosphere.AerialPerspectiveLUT.FastApplyOnOpaque:1 ; Always have FastSkyLUT 1 in this case to avoid wrong sky]]
[2023.05.11-06.32.44:538][  0]LogConfig: Setting CVar [[r.SkyAtmosphere.AerialPerspectiveLUT.SampleCountPerSlice:1]]
[2023.05.11-06.32.44:538][  0]LogConfig: Setting CVar [[r.SkyAtmosphere.AerialPerspectiveLUT.DepthResolution:16.0]]
[2023.05.11-06.32.44:538][  0]LogConfig: Setting CVar [[r.SkyAtmosphere.FastSkyLUT:1]]
[2023.05.11-06.32.44:538][  0]LogConfig: Setting CVar [[r.SkyAtmosphere.FastSkyLUT.SampleCountMin:4.0]]
[2023.05.11-06.32.44:539][  0]LogConfig: Setting CVar [[r.SkyAtmosphere.FastSkyLUT.SampleCountMax:32.0]]
[2023.05.11-06.32.44:539][  0]LogConfig: Setting CVar [[r.SkyAtmosphere.SampleCountMin:4.0]]
[2023.05.11-06.32.44:539][  0]LogConfig: Setting CVar [[r.SkyAtmosphere.SampleCountMax:32.0]]
[2023.05.11-06.32.44:539][  0]LogConfig: Setting CVar [[r.SkyAtmosphere.TransmittanceLUT.UseSmallFormat:0]]
[2023.05.11-06.32.44:539][  0]LogConfig: Setting CVar [[r.SkyAtmosphere.TransmittanceLUT.SampleCount:10.0]]
[2023.05.11-06.32.44:539][  0]LogConfig: Setting CVar [[r.SkyAtmosphere.MultiScatteringLUT.SampleCount:15.0]]
[2023.05.11-06.32.44:539][  0]LogConfig: Applying CVar settings from Section [FoliageQuality@3] File [C:/Users/201911183/Documents/GitHub/UNogakKimchi/RossiNante/Saved/Config/Windows/Scalability.ini]
[2023.05.11-06.32.44:539][  0]LogConfig: Setting CVar [[foliage.DensityScale:1.0]]
[2023.05.11-06.32.44:539][  0]LogConfig: Setting CVar [[grass.DensityScale:1.0]]
[2023.05.11-06.32.44:539][  0]LogConfig: Applying CVar settings from Section [ShadingQuality@3] File [C:/Users/201911183/Documents/GitHub/UNogakKimchi/RossiNante/Saved/Config/Windows/Scalability.ini]
[2023.05.11-06.32.44:539][  0]LogConfig: Setting CVar [[r.HairStrands.SkyLighting.SampleCount:16]]
[2023.05.11-06.32.44:539][  0]LogConfig: Setting CVar [[r.HairStrands.SkyLighting.JitterIntegration:0]]
[2023.05.11-06.32.44:539][  0]LogConfig: Setting CVar [[r.HairStrands.SkyAO.SampleCount:16]]
[2023.05.11-06.32.44:539][  0]LogInit: Selected Device Profile: [Windows]
[2023.05.11-06.32.44:539][  0]LogInit: Applying CVar settings loaded from the selected device profile: [Windows]
[2023.05.11-06.32.44:542][  0]LogHAL: Display: Platform has ~ 16 GB [17085329408 / 17179869184 / 16], which maps to Larger [LargestMinGB=32, LargerMinGB=12, DefaultMinGB=8, SmallerMinGB=6, SmallestMinGB=0)
[2023.05.11-06.32.44:543][  0]LogInit: Going up to parent DeviceProfile []
[2023.05.11-06.32.44:543][  0]LogConfig: Applying CVar settings from Section [ViewDistanceQuality@3] File [C:/Users/201911183/Documents/GitHub/UNogakKimchi/RossiNante/Saved/Config/Windows/Scalability.ini]
[2023.05.11-06.32.44:543][  0]LogConfig: Setting CVar [[r.SkeletalMeshLODBias:0]]
[2023.05.11-06.32.44:543][  0]LogConfig: Setting CVar [[r.ViewDistanceScale:1.0]]
[2023.05.11-06.32.44:543][  0]LogConfig: Applying CVar settings from Section [AntiAliasingQuality@3] File [C:/Users/201911183/Documents/GitHub/UNogakKimchi/RossiNante/Saved/Config/Windows/Scalability.ini]
[2023.05.11-06.32.44:543][  0]LogConfig: Setting CVar [[r.PostProcessAAQuality:4]]
[2023.05.11-06.32.44:543][  0]LogConfig: Applying CVar settings from Section [ShadowQuality@3] File [C:/Users/201911183/Documents/GitHub/UNogakKimchi/RossiNante/Saved/Config/Windows/Scalability.ini]
[2023.05.11-06.32.44:543][  0]LogConfig: Setting CVar [[r.LightFunctionQuality:1]]
[2023.05.11-06.32.44:543][  0]LogConfig: Setting CVar [[r.ShadowQuality:5]]
[2023.05.11-06.32.44:543][  0]LogConfig: Setting CVar [[r.Shadow.CSM.MaxCascades:10]]
[2023.05.11-06.32.44:543][  0]LogConfig: Setting CVar [[r.Shadow.MaxResolution:2048]]
[2023.05.11-06.32.44:543][  0]LogConfig: Setting CVar [[r.Shadow.MaxCSMResolution:2048]]
[2023.05.11-06.32.44:543][  0]LogConfig: Setting CVar [[r.Shadow.RadiusThreshold:0.01]]
[2023.05.11-06.32.44:543][  0]LogConfig: Setting CVar [[r.Shadow.DistanceScale:1.0]]
[2023.05.11-06.32.44:543][  0]LogConfig: Setting CVar [[r.Shadow.CSM.TransitionScale:1.0]]
[2023.05.11-06.32.44:543][  0]LogConfig: Setting CVar [[r.Shadow.PreShadowResolutionFactor:1.0]]
[2023.05.11-06.32.44:543][  0]LogConfig: Setting CVar [[r.DistanceFieldShadowing:1]]
[2023.05.11-06.32.44:543][  0]LogConfig: Setting CVar [[r.DistanceFieldAO:1]]
[2023.05.11-06.32.44:543][  0]LogConfig: Setting CVar [[r.AOQuality:2]]
[2023.05.11-06.32.44:544][  0]LogConfig: Setting CVar [[r.VolumetricFog:1]]
[2023.05.11-06.32.44:544][  0]LogConfig: Setting CVar [[r.VolumetricFog.GridPixelSize:8]]
[2023.05.11-06.32.44:544][  0]LogConfig: Setting CVar [[r.VolumetricFog.GridSizeZ:128]]
[2023.05.11-06.32.44:544][  0]LogConfig: Setting CVar [[r.VolumetricFog.HistoryMissSupersampleCount:4]]
[2023.05.11-06.32.44:544][  0]LogConfig: Setting CVar [[r.LightMaxDrawDistanceScale:1]]
[2023.05.11-06.32.44:544][  0]LogConfig: Setting CVar [[r.CapsuleShadows:1]]
[2023.05.11-06.32.44:544][  0]LogConfig: Applying CVar settings from Section [PostProcessQuality@3] File [C:/Users/201911183/Documents/GitHub/UNogakKimchi/RossiNante/Saved/Config/Windows/Scalability.ini]
[2023.05.11-06.32.44:544][  0]LogConfig: Setting CVar [[r.MotionBlurQuality:4]]
[2023.05.11-06.32.44:544][  0]LogConfig: Setting CVar [[r.AmbientOcclusionMipLevelFactor:0.4]]
[2023.05.11-06.32.44:544][  0]LogConfig: Setting CVar [[r.AmbientOcclusionMaxQuality:100]]
[2023.05.11-06.32.44:544][  0]LogConfig: Setting CVar [[r.AmbientOcclusionLevels:-1]]
[2023.05.11-06.32.44:544][  0]LogConfig: Setting CVar [[r.AmbientOcclusionRadiusScale:1.0]]
[2023.05.11-06.32.44:544][  0]LogConfig: Setting CVar [[r.DepthOfFieldQuality:2]]
[2023.05.11-06.32.44:544][  0]LogConfig: Setting CVar [[r.RenderTargetPoolMin:400]]
[2023.05.11-06.32.44:544][  0]LogConfig: Setting CVar [[r.LensFlareQuality:2]]
[2023.05.11-06.32.44:544][  0]LogConfig: Setting CVar [[r.SceneColorFringeQuality:1]]
[2023.05.11-06.32.44:544][  0]LogConfig: Setting CVar [[r.EyeAdaptationQuality:2]]
[2023.05.11-06.32.44:544][  0]LogConfig: Setting CVar [[r.BloomQuality:5]]
[2023.05.11-06.32.44:544][  0]LogConfig: Setting CVar [[r.FastBlurThreshold:100]]
[2023.05.11-06.32.44:544][  0]LogConfig: Setting CVar [[r.Upscale.Quality:3]]
[2023.05.11-06.32.44:544][  0]LogConfig: Setting CVar [[r.Tonemapper.GrainQuantization:1]]
[2023.05.11-06.32.44:544][  0]LogConfig: Setting CVar [[r.LightShaftQuality:1]]
[2023.05.11-06.32.44:545][  0]LogConfig: Setting CVar [[r.Filter.SizeScale:1]]
[2023.05.11-06.32.44:545][  0]LogConfig: Setting CVar [[r.Tonemapper.Quality:5]]
[2023.05.11-06.32.44:545][  0]LogConfig: Setting CVar [[r.DOF.Gather.AccumulatorQuality:1        ; higher gathering accumulator quality]]
[2023.05.11-06.32.44:545][  0]LogConfig: Setting CVar [[r.DOF.Gather.PostfilterMethod:1          ; Median3x3 postfilering method]]
[2023.05.11-06.32.44:545][  0]LogConfig: Setting CVar [[r.DOF.Gather.EnableBokehSettings:0       ; no bokeh simulation when gathering]]
[2023.05.11-06.32.44:545][  0]LogConfig: Setting CVar [[r.DOF.Gather.RingCount:4                 ; medium number of samples when gathering]]
[2023.05.11-06.32.44:545][  0]LogConfig: Setting CVar [[r.DOF.Scatter.ForegroundCompositing:1    ; additive foreground scattering]]
[2023.05.11-06.32.44:545][  0]LogConfig: Setting CVar [[r.DOF.Scatter.BackgroundCompositing:2    ; additive background scattering]]
[2023.05.11-06.32.44:545][  0]LogConfig: Setting CVar [[r.DOF.Scatter.EnableBokehSettings:1      ; bokeh simulation when scattering]]
[2023.05.11-06.32.44:545][  0]LogConfig: Setting CVar [[r.DOF.Scatter.MaxSpriteRatio:0.1         ; only a maximum of 10% of scattered bokeh]]
[2023.05.11-06.32.44:545][  0]LogConfig: Setting CVar [[r.DOF.Recombine.Quality:1                ; cheap slight out of focus]]
[2023.05.11-06.32.44:545][  0]LogConfig: Setting CVar [[r.DOF.Recombine.EnableBokehSettings:0    ; no bokeh simulation on slight out of focus]]
[2023.05.11-06.32.44:545][  0]LogConfig: Setting CVar [[r.DOF.TemporalAAQuality:1                ; more stable temporal accumulation]]
[2023.05.11-06.32.44:545][  0]LogConfig: Setting CVar [[r.DOF.Kernel.MaxForegroundRadius:0.025]]
[2023.05.11-06.32.44:545][  0]LogConfig: Setting CVar [[r.DOF.Kernel.MaxBackgroundRadius:0.025]]
[2023.05.11-06.32.44:545][  0]LogConfig: Applying CVar settings from Section [TextureQuality@3] File [C:/Users/201911183/Documents/GitHub/UNogakKimchi/RossiNante/Saved/Config/Windows/Scalability.ini]
[2023.05.11-06.32.44:545][  0]LogConfig: Setting CVar [[r.Streaming.MipBias:0]]
[2023.05.11-06.32.44:545][  0]LogConfig: Setting CVar [[r.Streaming.AmortizeCPUToGPUCopy:0]]
[2023.05.11-06.32.44:545][  0]LogConfig: Setting CVar [[r.Streaming.MaxNumTexturesToStreamPerFrame:0]]
[2023.05.11-06.32.44:545][  0]LogConfig: Setting CVar [[r.Streaming.Boost:1]]
[2023.05.11-06.32.44:545][  0]LogConfig: Setting CVar [[r.MaxAnisotropy:8]]
[2023.05.11-06.32.44:545][  0]LogConfig: Setting CVar [[r.VT.MaxAnisotropy:8]]
[2023.05.11-06.32.44:545][  0]LogConfig: Setting CVar [[r.Streaming.LimitPoolSizeToVRAM:0]]
[2023.05.11-06.32.44:546][  0]LogConfig: Setting CVar [[r.Streaming.PoolSize:1000]]
[2023.05.11-06.32.44:546][  0]LogConfig: Setting CVar [[r.Streaming.MaxEffectiveScreenSize:0]]
[2023.05.11-06.32.44:546][  0]LogConfig: Applying CVar settings from Section [EffectsQuality@3] File [C:/Users/201911183/Documents/GitHub/UNogakKimchi/RossiNante/Saved/Config/Windows/Scalability.ini]
[2023.05.11-06.32.44:546][  0]LogConfig: Setting CVar [[r.TranslucencyLightingVolumeDim:64]]
[2023.05.11-06.32.44:546][  0]LogConfig: Setting CVar [[r.RefractionQuality:2]]
[2023.05.11-06.32.44:546][  0]LogConfig: Setting CVar [[r.SSR.Quality:3]]
[2023.05.11-06.32.44:546][  0]LogConfig: Setting CVar [[r.SSR.HalfResSceneColor:0]]
[2023.05.11-06.32.44:546][  0]LogConfig: Setting CVar [[r.SceneColorFormat:4]]
[2023.05.11-06.32.44:546][  0]LogConfig: Setting CVar [[r.DetailMode:2]]
[2023.05.11-06.32.44:546][  0]LogConfig: Setting CVar [[r.TranslucencyVolumeBlur:1]]
[2023.05.11-06.32.44:546][  0]LogConfig: Setting CVar [[r.MaterialQualityLevel:1 ; High quality]]
[2023.05.11-06.32.44:546][  0]LogConfig: Setting CVar [[r.SSS.Scale:1]]
[2023.05.11-06.32.44:546][  0]LogConfig: Setting CVar [[r.SSS.SampleSet:2]]
[2023.05.11-06.32.44:546][  0]LogConfig: Setting CVar [[r.SSS.Quality:1]]
[2023.05.11-06.32.44:546][  0]LogConfig: Setting CVar [[r.SSS.HalfRes:1]]
[2023.05.11-06.32.44:546][  0]LogConfig: Setting CVar [[r.SSGI.Quality:3]]
[2023.05.11-06.32.44:546][  0]LogConfig: Setting CVar [[r.EmitterSpawnRateScale:1.0]]
[2023.05.11-06.32.44:546][  0]LogConfig: Setting CVar [[r.ParticleLightQuality:2]]
[2023.05.11-06.32.44:546][  0]LogConfig: Setting CVar [[r.SkyAtmosphere.AerialPerspectiveLUT.FastApplyOnOpaque:1 ; Always have FastSkyLUT 1 in this case to avoid wrong sky]]
[2023.05.11-06.32.44:546][  0]LogConfig: Setting CVar [[r.SkyAtmosphere.AerialPerspectiveLUT.SampleCountPerSlice:1]]
[2023.05.11-06.32.44:546][  0]LogConfig: Setting CVar [[r.SkyAtmosphere.AerialPerspectiveLUT.DepthResolution:16.0]]
[2023.05.11-06.32.44:546][  0]LogConfig: Setting CVar [[r.SkyAtmosphere.FastSkyLUT:1]]
[2023.05.11-06.32.44:546][  0]LogConfig: Setting CVar [[r.SkyAtmosphere.FastSkyLUT.SampleCountMin:4.0]]
[2023.05.11-06.32.44:546][  0]LogConfig: Setting CVar [[r.SkyAtmosphere.FastSkyLUT.SampleCountMax:32.0]]
[2023.05.11-06.32.44:546][  0]LogConfig: Setting CVar [[r.SkyAtmosphere.SampleCountMin:4.0]]
[2023.05.11-06.32.44:547][  0]LogConfig: Setting CVar [[r.SkyAtmosphere.SampleCountMax:32.0]]
[2023.05.11-06.32.44:547][  0]LogConfig: Setting CVar [[r.SkyAtmosphere.TransmittanceLUT.UseSmallFormat:0]]
[2023.05.11-06.32.44:547][  0]LogConfig: Setting CVar [[r.SkyAtmosphere.TransmittanceLUT.SampleCount:10.0]]
[2023.05.11-06.32.44:547][  0]LogConfig: Setting CVar [[r.SkyAtmosphere.MultiScatteringLUT.SampleCount:15.0]]
[2023.05.11-06.32.44:547][  0]LogConfig: Applying CVar settings from Section [FoliageQuality@3] File [C:/Users/201911183/Documents/GitHub/UNogakKimchi/RossiNante/Saved/Config/Windows/Scalability.ini]
[2023.05.11-06.32.44:547][  0]LogConfig: Setting CVar [[foliage.DensityScale:1.0]]
[2023.05.11-06.32.44:547][  0]LogConfig: Setting CVar [[grass.DensityScale:1.0]]
[2023.05.11-06.32.44:547][  0]LogConfig: Applying CVar settings from Section [ShadingQuality@3] File [C:/Users/201911183/Documents/GitHub/UNogakKimchi/RossiNante/Saved/Config/Windows/Scalability.ini]
[2023.05.11-06.32.44:547][  0]LogConfig: Setting CVar [[r.HairStrands.SkyLighting.SampleCount:16]]
[2023.05.11-06.32.44:547][  0]LogConfig: Setting CVar [[r.HairStrands.SkyLighting.JitterIntegration:0]]
[2023.05.11-06.32.44:547][  0]LogConfig: Setting CVar [[r.HairStrands.SkyAO.SampleCount:16]]
[2023.05.11-06.32.44:547][  0]LogConfig: Applying CVar settings from Section [Startup] File [../../../Engine/Config/ConsoleVariables.ini]
[2023.05.11-06.32.44:548][  0]LogConfig: Setting CVar [[net.UseAdaptiveNetUpdateFrequency:0]]
[2023.05.11-06.32.44:548][  0]LogConfig: Setting CVar [[p.chaos.AllowCreatePhysxBodies:1]]
[2023.05.11-06.32.44:548][  0]LogConfig: Applying CVar settings from Section [ConsoleVariables] File [C:/Users/201911183/Documents/GitHub/UNogakKimchi/RossiNante/Saved/Config/Windows/Engine.ini]
[2023.05.11-06.32.44:548][  0]LogInit: Computer: DESKTOP-SIQC98D
[2023.05.11-06.32.44:548][  0]LogInit: User: 201911183
[2023.05.11-06.32.44:548][  0]LogInit: CPU Page size=4096, Cores=8
[2023.05.11-06.32.44:548][  0]LogInit: High frequency timer resolution =10.000000 MHz
[2023.05.11-06.32.44:548][  0]LogMemory: Memory total: Physical=15.9GB (16GB approx)
[2023.05.11-06.32.44:548][  0]LogMemory: Platform Memory Stats for Windows
[2023.05.11-06.32.44:548][  0]LogMemory: Process Physical Memory: 112.25 MB used, 112.25 MB peak
[2023.05.11-06.32.44:548][  0]LogMemory: Process Virtual Memory: 103.30 MB used, 103.30 MB peak
[2023.05.11-06.32.44:548][  0]LogMemory: Physical Memory: 13070.12 MB used,  3223.72 MB free, 16293.84 MB total
[2023.05.11-06.32.44:548][  0]LogMemory: Virtual Memory: 5189.46 MB used,  134212536.00 MB free, 134217728.00 MB total
[2023.05.11-06.32.44:556][  0]LogWindows: WindowsPlatformFeatures enabled
[2023.05.11-06.32.44:769][  0]LogInit: Overriding language with editor language configuration option (en).
[2023.05.11-06.32.44:769][  0]LogInit: Overriding locale with editor culture configuration option ().
[2023.05.11-06.32.44:769][  0]LogInit: Using OS detected locale (ko-KR).
[2023.05.11-06.32.44:941][  0]LogInit: Setting process to per monitor DPI aware
[2023.05.11-06.32.45:039][  0]LogSlate: New Slate User Created.  User Index 0, Is Virtual User: 0
[2023.05.11-06.32.45:039][  0]LogSlate: Slate User Registered.  User Index 0, Is Virtual User: 0
[2023.05.11-06.32.45:414][  0]LogHMD: Failed to initialize OpenVR with code 110
[2023.05.11-06.32.45:414][  0]LogD3D11RHI: D3D11 min allowed feature level: 11_0
[2023.05.11-06.32.45:414][  0]LogD3D11RHI: D3D11 max allowed feature level: 11_0
[2023.05.11-06.32.45:414][  0]LogD3D11RHI: D3D11 adapters:
[2023.05.11-06.32.45:549][  0]LogD3D11RHI:    0. 'NVIDIA GeForce RTX 2080 SUPER' (Feature Level 11_0)
[2023.05.11-06.32.45:549][  0]LogD3D11RHI:       8001/0/8146 MB DedicatedVideo/DedicatedSystem/SharedSystem, Outputs:2, VendorId:0x10de
[2023.05.11-06.32.45:563][  0]LogD3D11RHI:    1. 'Microsoft Basic Render Driver' (Feature Level 11_0)
[2023.05.11-06.32.45:563][  0]LogD3D11RHI:       0/0/8146 MB DedicatedVideo/DedicatedSystem/SharedSystem, Outputs:0, VendorId:0x1414
[2023.05.11-06.32.45:563][  0]LogD3D11RHI: Chosen D3D11 Adapter: 0
[2023.05.11-06.32.45:571][  0]LogD3D11RHI: Creating new Direct3DDevice
[2023.05.11-06.32.45:571][  0]LogD3D11RHI:     GPU DeviceId: 0x1e81 (for the marketing name, search the web for "GPU Device Id")
[2023.05.11-06.32.45:571][  0]LogWindows: EnumDisplayDevices:
[2023.05.11-06.32.45:572][  0]LogWindows:    0. 'NVIDIA GeForce RTX 2080 SUPER' (P:1 D:1)
[2023.05.11-06.32.45:572][  0]LogWindows:    1. 'NVIDIA GeForce RTX 2080 SUPER' (P:0 D:1)
[2023.05.11-06.32.45:572][  0]LogWindows:    2. 'NVIDIA GeForce RTX 2080 SUPER' (P:0 D:0)
[2023.05.11-06.32.45:573][  0]LogWindows:    3. 'NVIDIA GeForce RTX 2080 SUPER' (P:0 D:0)
[2023.05.11-06.32.45:573][  0]LogWindows: DebugString: FoundDriverCount:4 
[2023.05.11-06.32.45:573][  0]LogD3D11RHI:     Adapter Name: NVIDIA GeForce RTX 2080 SUPER
[2023.05.11-06.32.45:573][  0]LogD3D11RHI:   Driver Version: 528.02 (internal:31.0.15.2802, unified:528.02)
[2023.05.11-06.32.45:573][  0]LogD3D11RHI:      Driver Date: 12-22-2022
[2023.05.11-06.32.45:573][  0]LogRHI: Texture pool is 5600 MB (70% of 8001 MB)
[2023.05.11-06.32.45:635][  0]LogD3D11RHI: RHI has support for 64 bit atomics
[2023.05.11-06.32.45:635][  0]LogD3D11RHI: Async texture creation enabled
[2023.05.11-06.32.45:637][  0]LogD3D11RHI: HDR output is supported on display 0 (NvId: 0x80061081).
[2023.05.11-06.32.45:651][  0]LogD3D11RHI: GPU Timing Frequency: 1000.000000 (Debug: 2 1)
[2023.05.11-06.32.45:897][  0]LogTargetPlatformManager: Display: Loaded TargetPlatform 'AllDesktop'
[2023.05.11-06.32.45:926][  0]LogTargetPlatformManager: Display: Loaded TargetPlatform 'Android'
[2023.05.11-06.32.45:926][  0]LogTargetPlatformManager: Display: Loaded TargetPlatform 'Android_ASTC'
[2023.05.11-06.32.45:926][  0]LogTargetPlatformManager: Display: Loaded TargetPlatform 'Android_ATC'
[2023.05.11-06.32.45:926][  0]LogTargetPlatformManager: Display: Loaded TargetPlatform 'Android_DXT'
[2023.05.11-06.32.45:926][  0]LogTargetPlatformManager: Display: Loaded TargetPlatform 'Android_ETC1'
[2023.05.11-06.32.45:926][  0]LogTargetPlatformManager: Display: Loaded TargetPlatform 'Android_ETC1a'
[2023.05.11-06.32.45:926][  0]LogTargetPlatformManager: Display: Loaded TargetPlatform 'Android_ETC2'
[2023.05.11-06.32.45:926][  0]LogTargetPlatformManager: Display: Loaded TargetPlatform 'Android_PVRTC'
[2023.05.11-06.32.45:926][  0]LogTargetPlatformManager: Display: Loaded TargetPlatform 'AndroidClient'
[2023.05.11-06.32.45:926][  0]LogTargetPlatformManager: Display: Loaded TargetPlatform 'Android_ASTCClient'
[2023.05.11-06.32.45:926][  0]LogTargetPlatformManager: Display: Loaded TargetPlatform 'Android_ATCClient'
[2023.05.11-06.32.45:926][  0]LogTargetPlatformManager: Display: Loaded TargetPlatform 'Android_DXTClient'
[2023.05.11-06.32.45:926][  0]LogTargetPlatformManager: Display: Loaded TargetPlatform 'Android_ETC1Client'
[2023.05.11-06.32.45:926][  0]LogTargetPlatformManager: Display: Loaded TargetPlatform 'Android_ETC1aClient'
[2023.05.11-06.32.45:926][  0]LogTargetPlatformManager: Display: Loaded TargetPlatform 'Android_ETC2Client'
[2023.05.11-06.32.45:926][  0]LogTargetPlatformManager: Display: Loaded TargetPlatform 'Android_PVRTCClient'
[2023.05.11-06.32.45:927][  0]LogTargetPlatformManager: Display: Loaded TargetPlatform 'Android_Multi'
[2023.05.11-06.32.45:927][  0]LogTargetPlatformManager: Display: Loaded TargetPlatform 'Android_MultiClient'
[2023.05.11-06.32.45:951][  0]LogTargetPlatformManager: Display: Loaded TargetPlatform 'IOSClient'
[2023.05.11-06.32.45:951][  0]LogTargetPlatformManager: Display: Loaded TargetPlatform 'IOS'
[2023.05.11-06.32.45:960][  0]LogTargetPlatformManager: Display: Loaded TargetPlatform 'LinuxNoEditor'
[2023.05.11-06.32.45:969][  0]LogTargetPlatformManager: Display: Loaded TargetPlatform 'LinuxClient'
[2023.05.11-06.32.45:977][  0]LogTargetPlatformManager: Display: Loaded TargetPlatform 'LinuxServer'
[2023.05.11-06.32.45:985][  0]LogTargetPlatformManager: Display: Loaded TargetPlatform 'LinuxAArch64NoEditor'
[2023.05.11-06.32.45:993][  0]LogTargetPlatformManager: Display: Loaded TargetPlatform 'LinuxAArch64Client'
[2023.05.11-06.32.46:002][  0]LogTargetPlatformManager: Display: Loaded TargetPlatform 'LinuxAArch64Server'
[2023.05.11-06.32.46:025][  0]LogTargetPlatformManager: Display: Loaded TargetPlatform 'Lumin'
[2023.05.11-06.32.46:025][  0]LogTargetPlatformManager: Display: Loaded TargetPlatform 'LuminClient'
[2023.05.11-06.32.46:039][  0]LogTargetPlatformManager: Display: Loaded TargetPlatform 'TVOSClient'
[2023.05.11-06.32.46:039][  0]LogTargetPlatformManager: Display: Loaded TargetPlatform 'TVOS'
[2023.05.11-06.32.46:047][  0]LogTargetPlatformManager: Display: Loaded TargetPlatform 'WindowsNoEditor'
[2023.05.11-06.32.46:055][  0]LogTargetPlatformManager: Display: Loaded TargetPlatform 'Windows'
[2023.05.11-06.32.46:063][  0]LogTargetPlatformManager: Display: Loaded TargetPlatform 'WindowsClient'
[2023.05.11-06.32.46:072][  0]LogTargetPlatformManager: Display: Loaded TargetPlatform 'WindowsServer'
[2023.05.11-06.32.46:072][  0]LogTargetPlatformManager: Display: Building Assets For Windows
[2023.05.11-06.32.46:083][  0]LogAudioDebug: Display: Lib vorbis DLL was dynamically loaded.
[2023.05.11-06.32.46:159][  0]LogShaderCompilers: Guid format shader working directory is -25 characters bigger than the processId version (../../../../../../Users/201911183/Documents/GitHub/UNogakKimchi/RossiNante/Intermediate/Shaders/WorkingDirectory/12792/).
[2023.05.11-06.32.46:159][  0]LogShaderCompilers: Cleaned the shader compiler working directory 'C:/Users/201911183/AppData/Local/Temp/UnrealShaderWorkingDir/89D437B1469A7D2011BB949BA03C70A7/'.
[2023.05.11-06.32.46:160][  0]LogXGEController: Cannot use XGE Controller as Incredibuild is not installed on this machine.
[2023.05.11-06.32.46:160][  0]LogShaderCompilers: Cannot use XGE Shader Compiler as Incredibuild is not installed on this machine.
[2023.05.11-06.32.46:160][  0]LogShaderCompilers: Display: Using Local Shader Compiler.
[2023.05.11-06.32.46:775][  0]LogDerivedDataCache: Display: Max Cache Size: 512 MB
[2023.05.11-06.32.47:019][  0]LogDerivedDataCache: Loaded boot cache 0.24s 78MB C:/Users/201911183/AppData/Local/UnrealEngine/4.24/DerivedDataCache/Boot.ddc.
[2023.05.11-06.32.47:019][  0]LogDerivedDataCache: Display: Loaded Boot cache: C:/Users/201911183/AppData/Local/UnrealEngine/4.24/DerivedDataCache/Boot.ddc
[2023.05.11-06.32.47:019][  0]LogDerivedDataCache: FDerivedDataBackendGraph:  Pak pak cache file ../../../../../../Users/201911183/Documents/GitHub/UNogakKimchi/RossiNante/DerivedDataCache/DDC.ddp not found, will not use a pak cache.
[2023.05.11-06.32.47:019][  0]LogDerivedDataCache: Unable to find inner node Pak for hierarchical cache Hierarchy.
[2023.05.11-06.32.47:020][  0]LogDerivedDataCache: FDerivedDataBackendGraph:  CompressedPak pak cache file ../../../../../../Users/201911183/Documents/GitHub/UNogakKimchi/RossiNante/DerivedDataCache/Compressed.ddp not found, will not use a pak cache.
[2023.05.11-06.32.47:020][  0]LogDerivedDataCache: Unable to find inner node CompressedPak for hierarchical cache Hierarchy.
[2023.05.11-06.32.47:028][  0]LogDerivedDataCache: Display: Pak cache opened for reading ../../../Engine/DerivedDataCache/Compressed.ddp.
[2023.05.11-06.32.47:028][  0]LogDerivedDataCache: FDerivedDataBackendGraph:  EnterprisePak pak cache file ../../../Enterprise/DerivedDataCache/Compressed.ddp not found, will not use a pak cache.
[2023.05.11-06.32.47:028][  0]LogDerivedDataCache: Unable to find inner node EnterprisePak for hierarchical cache Hierarchy.
[2023.05.11-06.32.47:031][  0]LogDerivedDataCache: Using Local data cache path C:/Users/201911183/AppData/Local/UnrealEngine/Common/DerivedDataCache: Writable
[2023.05.11-06.32.47:031][  0]LogDerivedDataCache: Shared data cache path not found in *engine.ini, will not use an Shared cache.
[2023.05.11-06.32.47:031][  0]LogDerivedDataCache: Unable to find inner node Shared for hierarchical cache Hierarchy.
[2023.05.11-06.32.47:047][  0]LogMaterial: Verifying Global Shaders for PCD3D_SM5
[2023.05.11-06.32.47:049][  0]LogSlate: Using FreeType 2.10.0
[2023.05.11-06.32.47:050][  0]LogSlate: SlateFontServices - WITH_FREETYPE: 1, WITH_HARFBUZZ: 1
[2023.05.11-06.32.47:155][  0]LogAssetRegistry: FAssetRegistry took 0.0034 seconds to start up
[2023.05.11-06.32.47:370][  0]LogInit: Selected Device Profile: [Windows]
[2023.05.11-06.32.47:504][  0]LogMeshReduction: Using QuadricMeshReduction for automatic static mesh reduction
[2023.05.11-06.32.47:504][  0]LogMeshReduction: Using SimplygonMeshReduction for automatic skeletal mesh reduction
[2023.05.11-06.32.47:504][  0]LogMeshReduction: Using ProxyLODMeshReduction for automatic mesh merging
[2023.05.11-06.32.47:504][  0]LogMeshReduction: No distributed automatic mesh merging module available
[2023.05.11-06.32.47:504][  0]LogMeshMerging: No distributed automatic mesh merging module available
[2023.05.11-06.32.47:513][  0]LogNetVersion: RossiNante 1.0.0, NetCL: 10570792, EngineNetVer: 13, GameNetVer: 0 (Checksum: 557242147)
[2023.05.11-06.32.48:865][  0]LogPackageLocalizationCache: Processed 10 localized package path(s) for 1 prioritized culture(s) in 0.025744 seconds
[2023.05.11-06.32.48:870][  0]LogUObjectArray: 46750 objects as part of root set at end of initial load.
[2023.05.11-06.32.48:870][  0]LogUObjectAllocator: 8137160 out of 0 bytes used by permanent object pool.
[2023.05.11-06.32.48:870][  0]LogUObjectArray: CloseDisregardForGC: 0/0 objects in disregard for GC pool
[2023.05.11-06.32.49:331][  0]LogTcpMessaging: Initializing TcpMessaging bridge
[2023.05.11-06.32.49:337][  0]LogUdpMessaging: Initializing bridge on interface 0.0.0.0:0 to multicast group 230.0.0.1:6666.
[2023.05.11-06.32.49:391][  0]LogLinker: Warning: Failed to load '/GAME/RossiNante/Blueprints/BP_Character': Can't find file.
[2023.05.11-06.32.49:391][  0]LogLinker: Warning: Failed to load '/GAME/RossiNante/Blueprints/BP_Character': Can't find file.
[2023.05.11-06.32.49:391][  0]LogUObjectGlobals: Warning: Failed to find object 'Class /GAME/RossiNante/Blueprints/BP_Character.BP_Character_C'
[2023.05.11-06.32.49:391][  0]Error: CDO Constructor (RossiNanteGameModeBase): Failed to find /GAME/RossiNante/Blueprints/BP_Character.BP_Character_C

[2023.05.11-06.32.51:492][  0]LogTemp: Warning: CONNECT FAILED

[2023.05.11-06.32.51:492][  0]LogUObjectBase: Warning: -------------- Default Property warnings and errors:
[2023.05.11-06.32.51:492][  0]LogUObjectBase: Warning: Error: CDO Constructor (RossiNanteGameModeBase): Failed to find /GAME/RossiNante/Blueprints/BP_Character.BP_Character_C

[2023.05.11-06.32.53:859][  0]SourceControl: Source control is disabled
[2023.05.11-06.32.53:859][  0]SourceControl: Source control is disabled
[2023.05.11-06.32.53:862][  0]SourceControl: Source control is disabled
[2023.05.11-06.32.53:866][  0]SourceControl: Source control is disabled
[2023.05.11-06.32.53:869][  0]SourceControl: Source control is disabled
[2023.05.11-06.32.54:020][  0]LogAndroidPermission: UAndroidPermissionCallbackProxy::GetInstance
[2023.05.11-06.32.54:038][  0]LogAudioCaptureCore: Display: No Audio Capture implementations found. Audio input will be silent.
[2023.05.11-06.32.54:038][  0]LogAudioCaptureCore: Display: No Audio Capture implementations found. Audio input will be silent.
[2023.05.11-06.32.54:113][  0]LogOcInput: OculusInput pre-init called
[2023.05.11-06.32.54:126][  0]LogWindows: Failed to load 'OVRPlugin.dll' (GetLastError=126)
[2023.05.11-06.32.54:126][  0]LogWindows: File 'OVRPlugin.dll' does not exist
[2023.05.11-06.32.54:191][  0]LogEngine: Initializing Engine...
[2023.05.11-06.32.54:193][  0]LogHMD: Failed to initialize OpenVR with code 110
[2023.05.11-06.32.54:193][  0]LogStats: UGameplayTagsManager::InitializeManager -  0.000 s
[2023.05.11-06.32.54:404][  0]LogInit: Initializing FReadOnlyCVARCache
[2023.05.11-06.32.54:411][  0]LogAIModule: Creating AISystem for world Untitled
[2023.05.11-06.32.54:424][  0]LogAudioMixer: Display: Audio Mixer Platform Settings:
[2023.05.11-06.32.54:424][  0]LogAudioMixer: Display: 	Sample Rate:						  48000
[2023.05.11-06.32.54:424][  0]LogAudioMixer: Display: 	Callback Buffer Frame Size Requested: 1024
[2023.05.11-06.32.54:424][  0]LogAudioMixer: Display: 	Callback Buffer Frame Size To Use:	  1024
[2023.05.11-06.32.54:424][  0]LogAudioMixer: Display: 	Number of buffers to queue:			  2
[2023.05.11-06.32.54:424][  0]LogAudioMixer: Display: 	Max Channels (voices):				  32
[2023.05.11-06.32.54:424][  0]LogAudioMixer: Display: 	Number of Async Source Workers:		  0
[2023.05.11-06.32.54:425][  0]LogAudio: Display: AudioDevice MaxSources: 32
[2023.05.11-06.32.54:425][  0]LogAudio: Display: Using built-in audio occlusion.
[2023.05.11-06.32.54:425][  0]LogAudioMixer: Display: Initializing audio mixer.
[2023.05.11-06.32.54:454][  0]LogAudioMixer: Display: Audio Device Output Speaker Info:
[2023.05.11-06.32.54:454][  0]LogAudioMixer: Display: Name: BenQ EX2710S(2- NVIDIA High Definition Audio)
[2023.05.11-06.32.54:454][  0]LogAudioMixer: Display: Is Default: Yes
[2023.05.11-06.32.54:454][  0]LogAudioMixer: Display: Sample Rate: 48000
[2023.05.11-06.32.54:454][  0]LogAudioMixer: Display: Channel Count Used: 2
[2023.05.11-06.32.54:455][  0]LogAudioMixer: Display: Device Channel Count: 2
[2023.05.11-06.32.54:455][  0]LogAudioMixer: Display: Channel Order:
[2023.05.11-06.32.54:455][  0]LogAudioMixer: Display: 0: FrontLeft
[2023.05.11-06.32.54:455][  0]LogAudioMixer: Display: 1: FrontRight
[2023.05.11-06.32.54:475][  0]LogAudioMixer: Display: Using Audio Device BenQ EX2710S(2- NVIDIA High Definition Audio)
[2023.05.11-06.32.54:479][  0]LogInit: FAudioDevice initialized.
[2023.05.11-06.32.54:479][  0]LogNetVersion: Set ProjectVersion to 1.0.0.0. Version Checksum will be recalculated on next use.
[2023.05.11-06.32.54:576][  0]LogDerivedDataCache: Saved boot cache 0.10s 78MB C:/Users/201911183/AppData/Local/UnrealEngine/4.24/DerivedDataCache/Boot.ddc.
[2023.05.11-06.32.54:578][  0]LogInit: Texture streaming: Enabled
[2023.05.11-06.32.54:596][  0]LogEngineSessionManager: EngineSessionManager initialized
[2023.05.11-06.32.54:596][  0]LogEditorSessionSummary: Verbose: Initializing EditorSessionSummaryWriter for editor session tracking
[2023.05.11-06.32.54:607][  0]LogEditorSessionSummary: EditorSessionSummaryWriter initialized
[2023.05.11-06.32.54:647][  0]LogInit: Transaction tracking system initialized
[2023.05.11-06.32.54:670][  0]BlueprintLog: New page: Editor Load
[2023.05.11-06.32.54:733][  0]LocalizationService: Localization service is disabled
[2023.05.11-06.32.54:973][  0]LogFileCache: Scanning file cache for directory 'C:/Users/201911183/Documents/GitHub/UNogakKimchi/RossiNante/Content/' took 0.02s
[2023.05.11-06.32.54:973][  0]LogCook: Display: Max memory allowance for cook 16384mb min free memory 0mb
[2023.05.11-06.32.54:973][  0]LogCook: Display: Mobile HDR setting 1
[2023.05.11-06.32.55:783][  0]SourceControl: Source control is disabled
[2023.05.11-06.32.55:784][  0]Cmd: MAP LOAD FILE="../../../../../../Users/201911183/Documents/GitHub/UNogakKimchi/RossiNante/Content/Maps/Default.umap" TEMPLATE=0 SHOWPROGRESS=1 FEATURELEVEL=3
[2023.05.11-06.32.55:784][  0]LightingResults: New page: Lighting Build
[2023.05.11-06.32.55:786][  0]LogWorld: UWorld::CleanupWorld for Untitled, bSessionEnded=true, bCleanupResources=true
[2023.05.11-06.32.55:786][  0]LogSlate: InvalidateAllWidgets triggered.  All widgets were invalidated
[2023.05.11-06.32.55:786][  0]MapCheck: New page: Map Check
[2023.05.11-06.32.55:787][  0]LightingResults: New page: Lighting Build
[2023.05.11-06.32.55:811][  0]LogUObjectHash: Compacting FUObjectHashTables data took   1.27ms
[2023.05.11-06.32.56:547][  0]LogAIModule: Creating AISystem for world Default
[2023.05.11-06.32.56:558][  0]LogEditorServer: Finished looking for orphan Actors (0.000 secs)
[2023.05.11-06.32.56:585][  0]LogUObjectHash: Compacting FUObjectHashTables data took   1.56ms
[2023.05.11-06.32.56:587][  0]Cmd: MAP CHECKDEP NOCLEARLOG
[2023.05.11-06.32.56:587][  0]MapCheck: Map check complete: 0 Error(s), 0 Warning(s), took 0.207ms to complete.
[2023.05.11-06.32.56:587][  0]LogFileHelpers: Loading map 'Default' took 0.804
[2023.05.11-06.32.56:762][  0]LogSlate: Updating window title bar state: overlay mode, drag disabled, window buttons hidden, title bar hidden
[2023.05.11-06.32.56:767][  0]LogSlate: Updating window title bar state: overlay mode, drag disabled, window buttons hidden, title bar hidden
[2023.05.11-06.32.56:771][  0]LogSlate: Updating window title bar state: overlay mode, drag disabled, window buttons hidden, title bar hidden
[2023.05.11-06.32.56:775][  0]LogSlate: Updating window title bar state: overlay mode, drag disabled, window buttons hidden, title bar hidden
[2023.05.11-06.32.56:786][  0]LogCollectionManager: Loaded 0 collections in 0.001598 seconds
[2023.05.11-06.32.56:808][  0]LogFileCache: Scanning file cache for directory 'C:/Users/201911183/Documents/GitHub/UNogakKimchi/RossiNante/Saved/Collections/' took 0.00s
[2023.05.11-06.32.56:808][  0]LogFileCache: Scanning file cache for directory 'C:/Users/201911183/Documents/GitHub/UNogakKimchi/RossiNante/Content/Developers/201911183/Collections/' took 0.00s
[2023.05.11-06.32.56:808][  0]LogFileCache: Scanning file cache for directory 'C:/Users/201911183/Documents/GitHub/UNogakKimchi/RossiNante/Content/Collections/' took 0.00s
[2023.05.11-06.32.56:808][  0]LogContentBrowser: Native class hierarchy populated in 0.0072 seconds. Added 3020 classes and 719 folders.
[2023.05.11-06.32.56:811][  0]LogContentBrowser: Native class hierarchy updated for 'WidgetCarousel' in 0.0004 seconds. Added 0 classes and 0 folders.
[2023.05.11-06.32.56:939][  0]LogContentBrowser: Native class hierarchy updated for 'AddContentDialog' in 0.0004 seconds. Added 0 classes and 0 folders.
[2023.05.11-06.32.56:947][  0]LogContentBrowser: Native class hierarchy updated for 'SceneOutliner' in 0.0004 seconds. Added 2 classes and 3 folders.
[2023.05.11-06.32.56:981][  0]LogSlate: Took 0.000674 seconds to synchronously load lazily loaded font '../../../Engine/Content/Slate/Fonts/Roboto-Regular.ttf' (155K)
[2023.05.11-06.32.56:983][  0]LogSlate: Took 0.000479 seconds to synchronously load lazily loaded font '../../../Engine/Content/Slate/Fonts/Roboto-Bold.ttf' (160K)
[2023.05.11-06.32.56:987][  0]LogSlate: Took 0.000660 seconds to synchronously load lazily loaded font '../../../Engine/Content/Editor/Slate/Fonts/FontAwesome.ttf' (139K)
[2023.05.11-06.32.57:036][  0]LogRenderer: Reallocating scene render targets to support 1200x568 Format 10 NumSamples 1 (Frame:1).
[2023.05.11-06.32.57:144][  0]LogContentBrowser: Native class hierarchy updated for 'HierarchicalLODOutliner' in 0.0004 seconds. Added 0 classes and 0 folders.
[2023.05.11-06.32.57:144][  0]LogLoad: (Engine Initialization) Total time: 15.37 seconds
[2023.05.11-06.32.57:144][  0]LogLoad: (Engine Initialization) Total Blueprint compile time: 0.00 seconds
[2023.05.11-06.32.57:220][  0]LogContentStreaming: Texture pool size now 1000 MB
[2023.05.11-06.32.57:253][  0]LogSlate: Took 0.000528 seconds to synchronously load lazily loaded font '../../../Engine/Content/Slate/Fonts/Roboto-Light.ttf' (167K)
[2023.05.11-06.32.57:296][  1]LogAssetRegistry: Asset discovery search completed in 10.1423 seconds
[2023.05.11-06.32.57:298][  1]LogCollectionManager: Fixed up redirectors for 0 collections in 0.000005 seconds (updated 0 objects)
[2023.05.11-06.33.00:515][379]LogTemp: Repeating last play command: Selected Viewport
[2023.05.11-06.33.00:521][379]LogBlueprintUserMessages: Early PlayInEditor Detection: Level '/Game/Maps/Default.Default:PersistentLevel' has LevelScriptBlueprint '/Game/Maps/Default.Default:PersistentLevel.Default' with GeneratedClass '/Game/Maps/Default.Default_C' with ClassGeneratedBy '/Game/Maps/Default.Default:PersistentLevel.Default'
[2023.05.11-06.33.00:521][379]LogPlayLevel: PlayLevel: No blueprints needed recompiling
[2023.05.11-06.33.00:521][379]PIE: New page: PIE session: Default (2023. 5. 12. 오전 12:33:00)
[2023.05.11-06.33.00:523][379]LogOnline: OSS: Creating online subsystem instance for: NULL
[2023.05.11-06.33.00:525][379]LogOnline: OSS: TryLoadSubsystemAndSetDefault: Loaded subsystem for module [NULL]
[2023.05.11-06.33.00:525][379]LogPlayLevel: Creating play world package: /Game/Maps/UEDPIE_0_Default
[2023.05.11-06.33.00:528][379]LogPlayLevel: PIE: StaticDuplicateObject took: (0.003344s)
[2023.05.11-06.33.00:529][379]LogAIModule: Creating AISystem for world Default
[2023.05.11-06.33.00:529][379]LogPlayLevel: PIE: World Init took: (0.000929s)
[2023.05.11-06.33.00:529][379]LogPlayLevel: PIE: Created PIE world by copying editor world from /Game/Maps/Default.Default to /Game/Maps/UEDPIE_0_Default.Default (0.004647s)
[2023.05.11-06.33.00:554][379]LogUObjectHash: Compacting FUObjectHashTables data took   1.11ms
[2023.05.11-06.33.00:555][379]LogAudioMixer: Display: Audio Mixer Platform Settings:
[2023.05.11-06.33.00:555][379]LogAudioMixer: Display: 	Sample Rate:						  48000
[2023.05.11-06.33.00:555][379]LogAudioMixer: Display: 	Callback Buffer Frame Size Requested: 1024
[2023.05.11-06.33.00:555][379]LogAudioMixer: Display: 	Callback Buffer Frame Size To Use:	  1024
[2023.05.11-06.33.00:555][379]LogAudioMixer: Display: 	Number of buffers to queue:			  2
[2023.05.11-06.33.00:555][379]LogAudioMixer: Display: 	Max Channels (voices):				  32
[2023.05.11-06.33.00:555][379]LogAudioMixer: Display: 	Number of Async Source Workers:		  0
[2023.05.11-06.33.00:555][379]LogAudio: Display: AudioDevice MaxSources: 32
[2023.05.11-06.33.00:556][379]LogAudio: Display: Using built-in audio occlusion.
[2023.05.11-06.33.00:556][379]LogAudioMixer: Display: Initializing audio mixer.
[2023.05.11-06.33.00:572][379]LogAudioMixer: Display: Audio Device Output Speaker Info:
[2023.05.11-06.33.00:572][379]LogAudioMixer: Display: Name: BenQ EX2710S(2- NVIDIA High Definition Audio)
[2023.05.11-06.33.00:572][379]LogAudioMixer: Display: Is Default: Yes
[2023.05.11-06.33.00:572][379]LogAudioMixer: Display: Sample Rate: 48000
[2023.05.11-06.33.00:572][379]LogAudioMixer: Display: Channel Count Used: 2
[2023.05.11-06.33.00:572][379]LogAudioMixer: Display: Device Channel Count: 2
[2023.05.11-06.33.00:572][379]LogAudioMixer: Display: Channel Order:
[2023.05.11-06.33.00:572][379]LogAudioMixer: Display: 0: FrontLeft
[2023.05.11-06.33.00:572][379]LogAudioMixer: Display: 1: FrontRight
[2023.05.11-06.33.00:583][379]LogAudioMixer: Display: Using Audio Device BenQ EX2710S(2- NVIDIA High Definition Audio)
[2023.05.11-06.33.00:585][379]LogInit: FAudioDevice initialized.
[2023.05.11-06.33.00:598][379]LogLoad: Game class is 'BP_GameModeBase_C'
[2023.05.11-06.33.00:601][379]LogWorld: Bringing World /Game/Maps/UEDPIE_0_Default.Default up for play (max tick rate 0) at 2023.05.11-15.33.00
[2023.05.11-06.33.00:604][379]LogWorld: Bringing up level for play took: 0.005406
[2023.05.11-06.33.00:604][379]LogOnline: OSS: Creating online subsystem instance for: :Context_1
[2023.05.11-06.33.00:608][379]LogContentBrowser: Native class hierarchy updated for 'MovieSceneCapture' in 0.0004 seconds. Added 20 classes and 0 folders.
[2023.05.11-06.33.00:613][379]PIE: Play in editor start time for /Game/Maps/UEDPIE_0_Default -0.708
[2023.05.11-06.33.00:613][379]LogBlueprintUserMessages: Late PlayInEditor Detection: Level '/Game/Maps/Default.Default:PersistentLevel' has LevelScriptBlueprint '/Game/Maps/Default.Default:PersistentLevel.Default' with GeneratedClass '/Game/Maps/Default.Default_C' with ClassGeneratedBy '/Game/Maps/Default.Default:PersistentLevel.Default'
[2023.05.11-06.33.03:462][716]LogTemp: Hit Actor : BP_Character_2
[2023.05.11-06.33.03:880][766]LogAudioMixer: Display: No commands were queued while flushing the source manager.
[2023.05.11-06.33.03:880][766]LogAudioMixer: Display: No commands were queued while flushing the source manager.
[2023.05.11-06.33.03:880][766]LogBlueprintUserMessages: Early EndPlayMap Detection: Level '/Game/Maps/Default.Default:PersistentLevel' has LevelScriptBlueprint '/Game/Maps/Default.Default:PersistentLevel.Default' with GeneratedClass '/Game/Maps/Default.Default_C' with ClassGeneratedBy '/Game/Maps/Default.Default:PersistentLevel.Default'
[2023.05.11-06.33.03:880][766]LogSlate: Updating window title bar state: overlay mode, drag disabled, window buttons hidden, title bar hidden
[2023.05.11-06.33.03:880][766]LogWorld: BeginTearingDown for /Game/Maps/UEDPIE_0_Default
[2023.05.11-06.33.03:880][766]LogAudioMixer: Display: No commands were queued while flushing the source manager.
[2023.05.11-06.33.03:881][766]LogWorld: UWorld::CleanupWorld for Default, bSessionEnded=true, bCleanupResources=true
[2023.05.11-06.33.03:881][766]LogSlate: InvalidateAllWidgets triggered.  All widgets were invalidated
[2023.05.11-06.33.03:891][766]LogPlayLevel: Display: Shutting down PIE online subsystems
[2023.05.11-06.33.03:891][766]LogBlueprintUserMessages: Late EndPlayMap Detection: Level '/Game/Maps/Default.Default:PersistentLevel' has LevelScriptBlueprint '/Game/Maps/Default.Default:PersistentLevel.Default' with GeneratedClass '/Game/Maps/Default.Default_C' with ClassGeneratedBy '/Game/Maps/Default.Default:PersistentLevel.Default'
[2023.05.11-06.33.03:894][766]LogSlate: InvalidateAllWidgets triggered.  All widgets were invalidated
[2023.05.11-06.33.03:917][766]LogAudioMixer: Display: No commands were queued while flushing the source manager.
[2023.05.11-06.33.03:920][766]LogSlate: Updating window title bar state: overlay mode, drag disabled, window buttons hidden, title bar hidden
[2023.05.11-06.33.03:922][766]LogUObjectHash: Compacting FUObjectHashTables data took   1.22ms
[2023.05.11-06.33.03:983][772]LogPlayLevel: Display: Destroying online subsystem :Context_1
[2023.05.11-06.33.05:428][936]LogSlate: Took 0.000260 seconds to synchronously load lazily loaded font '../../../Engine/Content/Slate/Fonts/Roboto-Light.ttf' (167K)
[2023.05.11-06.33.05:457][936]LogAIModule: Creating AISystem for world Login
[2023.05.11-06.33.05:457][936]LogAssetEditorSubsystem: Opening Asset editor for World /Game/Maps/Login.Login
[2023.05.11-06.33.05:482][936]LogUObjectHash: Compacting FUObjectHashTables data took   1.49ms
[2023.05.11-06.33.05:483][936]Cmd: MAP LOAD FILE="../../../../../../Users/201911183/Documents/GitHub/UNogakKimchi/RossiNante/Content/Maps/Login.umap" TEMPLATE=0 SHOWPROGRESS=1 FEATURELEVEL=3
[2023.05.11-06.33.05:484][936]LightingResults: New page: Lighting Build
[2023.05.11-06.33.05:484][936]LoadErrors: New page: Loading map: Login.umap
[2023.05.11-06.33.05:485][936]LogWorld: UWorld::CleanupWorld for Default, bSessionEnded=true, bCleanupResources=true
[2023.05.11-06.33.05:485][936]LogSlate: InvalidateAllWidgets triggered.  All widgets were invalidated
[2023.05.11-06.33.05:485][936]MapCheck: New page: Map Check
[2023.05.11-06.33.05:485][936]LightingResults: New page: Lighting Build
[2023.05.11-06.33.05:511][936]LogUObjectHash: Compacting FUObjectHashTables data took   1.47ms
[2023.05.11-06.33.05:513][936]LogEditorServer: Finished looking for orphan Actors (0.000 secs)
[2023.05.11-06.33.05:542][936]LogUObjectHash: Compacting FUObjectHashTables data took   1.80ms
[2023.05.11-06.33.05:558][936]Cmd: MAP CHECKDEP NOCLEARLOG
[2023.05.11-06.33.05:559][936]MapCheck: Map check complete: 0 Error(s), 0 Warning(s), took 0.396ms to complete.
[2023.05.11-06.33.05:559][936]LogFileHelpers: Loading map 'Login' took 0.076
[2023.05.11-06.33.06:971][ 96]LogTemp: Repeating last play command: Selected Viewport
[2023.05.11-06.33.06:977][ 96]LogBlueprintUserMessages: Early PlayInEditor Detection: Level '/Game/Maps/Login.Login:PersistentLevel' has LevelScriptBlueprint '/Game/Maps/Login.Login:PersistentLevel.Login' with GeneratedClass '/Game/Maps/Login.Login_C' with ClassGeneratedBy '/Game/Maps/Login.Login:PersistentLevel.Login'
[2023.05.11-06.33.06:977][ 96]LogPlayLevel: PlayLevel: No blueprints needed recompiling
[2023.05.11-06.33.06:977][ 96]PIE: New page: PIE session: Login (2023. 5. 12. 오전 12:33:06)
[2023.05.11-06.33.06:978][ 96]LogPlayLevel: Creating play world package: /Game/Maps/UEDPIE_0_Login
[2023.05.11-06.33.06:979][ 96]LogPlayLevel: PIE: StaticDuplicateObject took: (0.000819s)
[2023.05.11-06.33.06:979][ 96]LogAIModule: Creating AISystem for world Login
[2023.05.11-06.33.06:979][ 96]LogPlayLevel: PIE: World Init took: (0.000712s)
[2023.05.11-06.33.06:980][ 96]LogPlayLevel: PIE: Created PIE world by copying editor world from /Game/Maps/Login.Login to /Game/Maps/UEDPIE_0_Login.Login (0.001901s)
[2023.05.11-06.33.07:005][ 96]LogUObjectHash: Compacting FUObjectHashTables data took   1.26ms
[2023.05.11-06.33.07:006][ 96]LogAudioMixer: Display: Audio Mixer Platform Settings:
[2023.05.11-06.33.07:006][ 96]LogAudioMixer: Display: 	Sample Rate:						  48000
[2023.05.11-06.33.07:006][ 96]LogAudioMixer: Display: 	Callback Buffer Frame Size Requested: 1024
[2023.05.11-06.33.07:006][ 96]LogAudioMixer: Display: 	Callback Buffer Frame Size To Use:	  1024
[2023.05.11-06.33.07:006][ 96]LogAudioMixer: Display: 	Number of buffers to queue:			  2
[2023.05.11-06.33.07:006][ 96]LogAudioMixer: Display: 	Max Channels (voices):				  32
[2023.05.11-06.33.07:006][ 96]LogAudioMixer: Display: 	Number of Async Source Workers:		  0
[2023.05.11-06.33.07:006][ 96]LogAudio: Display: AudioDevice MaxSources: 32
[2023.05.11-06.33.07:006][ 96]LogAudio: Display: Using built-in audio occlusion.
[2023.05.11-06.33.07:006][ 96]LogAudioMixer: Display: Initializing audio mixer.
[2023.05.11-06.33.07:023][ 96]LogAudioMixer: Display: Audio Device Output Speaker Info:
[2023.05.11-06.33.07:023][ 96]LogAudioMixer: Display: Name: BenQ EX2710S(2- NVIDIA High Definition Audio)
[2023.05.11-06.33.07:023][ 96]LogAudioMixer: Display: Is Default: Yes
[2023.05.11-06.33.07:023][ 96]LogAudioMixer: Display: Sample Rate: 48000
[2023.05.11-06.33.07:023][ 96]LogAudioMixer: Display: Channel Count Used: 2
[2023.05.11-06.33.07:023][ 96]LogAudioMixer: Display: Device Channel Count: 2
[2023.05.11-06.33.07:023][ 96]LogAudioMixer: Display: Channel Order:
[2023.05.11-06.33.07:023][ 96]LogAudioMixer: Display: 0: FrontLeft
[2023.05.11-06.33.07:023][ 96]LogAudioMixer: Display: 1: FrontRight
[2023.05.11-06.33.07:035][ 96]LogAudioMixer: Display: Using Audio Device BenQ EX2710S(2- NVIDIA High Definition Audio)
[2023.05.11-06.33.07:037][ 96]LogInit: FAudioDevice initialized.
[2023.05.11-06.33.07:043][ 96]LogLoad: Game class is 'RossiNanteGameModeBase'
[2023.05.11-06.33.09:114][ 96]LogTemp: Warning: CONNECT FAILED

[2023.05.11-06.33.09:114][ 96]LogWorld: Bringing World /Game/Maps/UEDPIE_0_Login.Login up for play (max tick rate 0) at 2023.05.11-15.33.09
[2023.05.11-06.33.09:115][ 96]LogWorld: Bringing up level for play took: 0.000444
[2023.05.11-06.33.09:115][ 96]LogOnline: OSS: Creating online subsystem instance for: :Context_2
[2023.05.11-06.33.09:118][ 96]PIE: Play in editor start time for /Game/Maps/UEDPIE_0_Login 1.798
[2023.05.11-06.33.09:118][ 96]LogBlueprintUserMessages: Late PlayInEditor Detection: Level '/Game/Maps/Login.Login:PersistentLevel' has LevelScriptBlueprint '/Game/Maps/Login.Login:PersistentLevel.Login' with GeneratedClass '/Game/Maps/Login.Login_C' with ClassGeneratedBy '/Game/Maps/Login.Login:PersistentLevel.Login'
[2023.05.11-06.33.09:779][175]LogTemp: Warning: Clicked

[2023.05.11-06.33.11:080][331]LogAudioMixer: Display: No commands were queued while flushing the source manager.
[2023.05.11-06.33.11:080][331]LogAudioMixer: Display: No commands were queued while flushing the source manager.
[2023.05.11-06.33.11:080][331]LogBlueprintUserMessages: Early EndPlayMap Detection: Level '/Game/Maps/Login.Login:PersistentLevel' has LevelScriptBlueprint '/Game/Maps/Login.Login:PersistentLevel.Login' with GeneratedClass '/Game/Maps/Login.Login_C' with ClassGeneratedBy '/Game/Maps/Login.Login:PersistentLevel.Login'
[2023.05.11-06.33.11:080][331]LogSlate: Updating window title bar state: overlay mode, drag disabled, window buttons hidden, title bar hidden
[2023.05.11-06.33.11:080][331]LogWorld: BeginTearingDown for /Game/Maps/UEDPIE_0_Login
[2023.05.11-06.33.11:080][331]LogAudioMixer: Display: No commands were queued while flushing the source manager.
[2023.05.11-06.33.11:080][331]LogWorld: UWorld::CleanupWorld for Login, bSessionEnded=true, bCleanupResources=true
[2023.05.11-06.33.11:081][331]LogSlate: InvalidateAllWidgets triggered.  All widgets were invalidated
[2023.05.11-06.33.11:088][331]LogPlayLevel: Display: Shutting down PIE online subsystems
[2023.05.11-06.33.11:088][331]LogBlueprintUserMessages: Late EndPlayMap Detection: Level '/Game/Maps/Login.Login:PersistentLevel' has LevelScriptBlueprint '/Game/Maps/Login.Login:PersistentLevel.Login' with GeneratedClass '/Game/Maps/Login.Login_C' with ClassGeneratedBy '/Game/Maps/Login.Login:PersistentLevel.Login'
[2023.05.11-06.33.11:091][331]LogSlate: InvalidateAllWidgets triggered.  All widgets were invalidated
[2023.05.11-06.33.11:114][331]LogAudioMixer: Display: No commands were queued while flushing the source manager.
[2023.05.11-06.33.11:117][331]LogSlate: Updating window title bar state: overlay mode, drag disabled, window buttons hidden, title bar hidden
[2023.05.11-06.33.11:119][331]LogUObjectHash: Compacting FUObjectHashTables data took   1.33ms
[2023.05.11-06.33.11:187][339]LogPlayLevel: Display: Destroying online subsystem :Context_2
[2023.05.11-06.33.14:218][701]LogTemp: Repeating last play command: Selected Viewport
[2023.05.11-06.33.14:225][701]LogBlueprintUserMessages: Early PlayInEditor Detection: Level '/Game/Maps/Login.Login:PersistentLevel' has LevelScriptBlueprint '/Game/Maps/Login.Login:PersistentLevel.Login' with GeneratedClass '/Game/Maps/Login.Login_C' with ClassGeneratedBy '/Game/Maps/Login.Login:PersistentLevel.Login'
[2023.05.11-06.33.14:225][701]LogPlayLevel: PlayLevel: No blueprints needed recompiling
[2023.05.11-06.33.14:225][701]PIE: New page: PIE session: Login (2023. 5. 12. 오전 12:33:14)
[2023.05.11-06.33.14:225][701]LogPlayLevel: Creating play world package: /Game/Maps/UEDPIE_0_Login
[2023.05.11-06.33.14:226][701]LogPlayLevel: PIE: StaticDuplicateObject took: (0.000841s)
[2023.05.11-06.33.14:226][701]LogAIModule: Creating AISystem for world Login
[2023.05.11-06.33.14:227][701]LogPlayLevel: PIE: World Init took: (0.000655s)
[2023.05.11-06.33.14:227][701]LogPlayLevel: PIE: Created PIE world by copying editor world from /Game/Maps/Login.Login to /Game/Maps/UEDPIE_0_Login.Login (0.001720s)
[2023.05.11-06.33.14:251][701]LogUObjectHash: Compacting FUObjectHashTables data took   1.14ms
[2023.05.11-06.33.14:251][701]LogAudioMixer: Display: Audio Mixer Platform Settings:
[2023.05.11-06.33.14:251][701]LogAudioMixer: Display: 	Sample Rate:						  48000
[2023.05.11-06.33.14:251][701]LogAudioMixer: Display: 	Callback Buffer Frame Size Requested: 1024
[2023.05.11-06.33.14:251][701]LogAudioMixer: Display: 	Callback Buffer Frame Size To Use:	  1024
[2023.05.11-06.33.14:251][701]LogAudioMixer: Display: 	Number of buffers to queue:			  2
[2023.05.11-06.33.14:251][701]LogAudioMixer: Display: 	Max Channels (voices):				  32
[2023.05.11-06.33.14:252][701]LogAudioMixer: Display: 	Number of Async Source Workers:		  0
[2023.05.11-06.33.14:252][701]LogAudio: Display: AudioDevice MaxSources: 32
[2023.05.11-06.33.14:252][701]LogAudio: Display: Using built-in audio occlusion.
[2023.05.11-06.33.14:252][701]LogAudioMixer: Display: Initializing audio mixer.
[2023.05.11-06.33.14:268][701]LogAudioMixer: Display: Audio Device Output Speaker Info:
[2023.05.11-06.33.14:268][701]LogAudioMixer: Display: Name: BenQ EX2710S(2- NVIDIA High Definition Audio)
[2023.05.11-06.33.14:269][701]LogAudioMixer: Display: Is Default: Yes
[2023.05.11-06.33.14:269][701]LogAudioMixer: Display: Sample Rate: 48000
[2023.05.11-06.33.14:269][701]LogAudioMixer: Display: Channel Count Used: 2
[2023.05.11-06.33.14:269][701]LogAudioMixer: Display: Device Channel Count: 2
[2023.05.11-06.33.14:269][701]LogAudioMixer: Display: Channel Order:
[2023.05.11-06.33.14:269][701]LogAudioMixer: Display: 0: FrontLeft
[2023.05.11-06.33.14:269][701]LogAudioMixer: Display: 1: FrontRight
[2023.05.11-06.33.14:280][701]LogAudioMixer: Display: Using Audio Device BenQ EX2710S(2- NVIDIA High Definition Audio)
[2023.05.11-06.33.14:282][701]LogInit: FAudioDevice initialized.
[2023.05.11-06.33.14:294][701]LogLoad: Game class is 'RossiNanteGameModeBase'
[2023.05.11-06.33.16:351][701]LogTemp: Warning: CONNECT FAILED

[2023.05.11-06.33.16:352][701]LogWorld: Bringing World /Game/Maps/UEDPIE_0_Login.Login up for play (max tick rate 0) at 2023.05.11-15.33.16
[2023.05.11-06.33.16:352][701]LogWorld: Bringing up level for play took: 0.000359
[2023.05.11-06.33.16:353][701]LogOnline: OSS: Creating online subsystem instance for: :Context_3
[2023.05.11-06.33.16:355][701]PIE: Play in editor start time for /Game/Maps/UEDPIE_0_Login 3.035
[2023.05.11-06.33.16:355][701]LogBlueprintUserMessages: Late PlayInEditor Detection: Level '/Game/Maps/Login.Login:PersistentLevel' has LevelScriptBlueprint '/Game/Maps/Login.Login:PersistentLevel.Login' with GeneratedClass '/Game/Maps/Login.Login_C' with ClassGeneratedBy '/Game/Maps/Login.Login:PersistentLevel.Login'
[2023.05.11-06.33.17:488][837]LogSlate: Updating window title bar state: overlay mode, drag disabled, window buttons hidden, title bar hidden
[2023.05.11-06.33.17:488][837]LogBlueprintUserMessages: Early EndPlayMap Detection: Level '/Game/Maps/Login.Login:PersistentLevel' has LevelScriptBlueprint '/Game/Maps/Login.Login:PersistentLevel.Login' with GeneratedClass '/Game/Maps/Login.Login_C' with ClassGeneratedBy '/Game/Maps/Login.Login:PersistentLevel.Login'
[2023.05.11-06.33.17:488][837]LogWorld: BeginTearingDown for /Game/Maps/UEDPIE_0_Login
[2023.05.11-06.33.17:488][837]LogAudioMixer: Display: No commands were queued while flushing the source manager.
[2023.05.11-06.33.17:488][837]LogWorld: UWorld::CleanupWorld for Login, bSessionEnded=true, bCleanupResources=true
[2023.05.11-06.33.17:489][837]LogSlate: InvalidateAllWidgets triggered.  All widgets were invalidated
[2023.05.11-06.33.17:499][837]LogPlayLevel: Display: Shutting down PIE online subsystems
[2023.05.11-06.33.17:499][837]LogBlueprintUserMessages: Late EndPlayMap Detection: Level '/Game/Maps/Login.Login:PersistentLevel' has LevelScriptBlueprint '/Game/Maps/Login.Login:PersistentLevel.Login' with GeneratedClass '/Game/Maps/Login.Login_C' with ClassGeneratedBy '/Game/Maps/Login.Login:PersistentLevel.Login'
[2023.05.11-06.33.17:502][837]LogSlate: InvalidateAllWidgets triggered.  All widgets were invalidated
[2023.05.11-06.33.17:526][837]LogAudioMixer: Display: No commands were queued while flushing the source manager.
[2023.05.11-06.33.17:529][837]LogSlate: Updating window title bar state: overlay mode, drag disabled, window buttons hidden, title bar hidden
[2023.05.11-06.33.17:530][837]LogUObjectHash: Compacting FUObjectHashTables data took   1.12ms
[2023.05.11-06.33.17:589][843]LogPlayLevel: Display: Destroying online subsystem :Context_3
[2023.05.11-06.33.18:751][982]LogTemp: Repeating last play command: Selected Viewport
[2023.05.11-06.33.18:758][982]LogBlueprintUserMessages: Early PlayInEditor Detection: Level '/Game/Maps/Login.Login:PersistentLevel' has LevelScriptBlueprint '/Game/Maps/Login.Login:PersistentLevel.Login' with GeneratedClass '/Game/Maps/Login.Login_C' with ClassGeneratedBy '/Game/Maps/Login.Login:PersistentLevel.Login'
[2023.05.11-06.33.18:758][982]LogPlayLevel: PlayLevel: No blueprints needed recompiling
[2023.05.11-06.33.18:758][982]PIE: New page: PIE session: Login (2023. 5. 12. 오전 12:33:18)
[2023.05.11-06.33.18:758][982]LogPlayLevel: Creating play world package: /Game/Maps/UEDPIE_0_Login
[2023.05.11-06.33.18:759][982]LogPlayLevel: PIE: StaticDuplicateObject took: (0.000856s)
[2023.05.11-06.33.18:760][982]LogAIModule: Creating AISystem for world Login
[2023.05.11-06.33.18:760][982]LogPlayLevel: PIE: World Init took: (0.000673s)
[2023.05.11-06.33.18:760][982]LogPlayLevel: PIE: Created PIE world by copying editor world from /Game/Maps/Login.Login to /Game/Maps/UEDPIE_0_Login.Login (0.001754s)
[2023.05.11-06.33.18:785][982]LogUObjectHash: Compacting FUObjectHashTables data took   1.12ms
[2023.05.11-06.33.18:786][982]LogAudioMixer: Display: Audio Mixer Platform Settings:
[2023.05.11-06.33.18:786][982]LogAudioMixer: Display: 	Sample Rate:						  48000
[2023.05.11-06.33.18:786][982]LogAudioMixer: Display: 	Callback Buffer Frame Size Requested: 1024
[2023.05.11-06.33.18:786][982]LogAudioMixer: Display: 	Callback Buffer Frame Size To Use:	  1024
[2023.05.11-06.33.18:786][982]LogAudioMixer: Display: 	Number of buffers to queue:			  2
[2023.05.11-06.33.18:786][982]LogAudioMixer: Display: 	Max Channels (voices):				  32
[2023.05.11-06.33.18:786][982]LogAudioMixer: Display: 	Number of Async Source Workers:		  0
[2023.05.11-06.33.18:786][982]LogAudio: Display: AudioDevice MaxSources: 32
[2023.05.11-06.33.18:787][982]LogAudio: Display: Using built-in audio occlusion.
[2023.05.11-06.33.18:787][982]LogAudioMixer: Display: Initializing audio mixer.
[2023.05.11-06.33.18:804][982]LogAudioMixer: Display: Audio Device Output Speaker Info:
[2023.05.11-06.33.18:804][982]LogAudioMixer: Display: Name: BenQ EX2710S(2- NVIDIA High Definition Audio)
[2023.05.11-06.33.18:804][982]LogAudioMixer: Display: Is Default: Yes
[2023.05.11-06.33.18:804][982]LogAudioMixer: Display: Sample Rate: 48000
[2023.05.11-06.33.18:804][982]LogAudioMixer: Display: Channel Count Used: 2
[2023.05.11-06.33.18:804][982]LogAudioMixer: Display: Device Channel Count: 2
[2023.05.11-06.33.18:804][982]LogAudioMixer: Display: Channel Order:
[2023.05.11-06.33.18:804][982]LogAudioMixer: Display: 0: FrontLeft
[2023.05.11-06.33.18:804][982]LogAudioMixer: Display: 1: FrontRight
[2023.05.11-06.33.18:815][982]LogAudioMixer: Display: Using Audio Device BenQ EX2710S(2- NVIDIA High Definition Audio)
[2023.05.11-06.33.18:817][982]LogInit: FAudioDevice initialized.
[2023.05.11-06.33.18:829][982]LogLoad: Game class is 'RossiNanteGameModeBase'
[2023.05.11-06.33.20:883][982]LogTemp: Warning: CONNECT FAILED

[2023.05.11-06.33.20:884][982]LogWorld: Bringing World /Game/Maps/UEDPIE_0_Login.Login up for play (max tick rate 3) at 2023.05.11-15.33.20
[2023.05.11-06.33.20:884][982]LogWorld: Bringing up level for play took: 0.000493
[2023.05.11-06.33.20:884][982]LogOnline: OSS: Creating online subsystem instance for: :Context_4
[2023.05.11-06.33.20:887][982]PIE: Play in editor start time for /Game/Maps/UEDPIE_0_Login 1.566
[2023.05.11-06.33.20:887][982]LogBlueprintUserMessages: Late PlayInEditor Detection: Level '/Game/Maps/Login.Login:PersistentLevel' has LevelScriptBlueprint '/Game/Maps/Login.Login:PersistentLevel.Login' with GeneratedClass '/Game/Maps/Login.Login_C' with ClassGeneratedBy '/Game/Maps/Login.Login:PersistentLevel.Login'
[2023.05.11-06.33.26:886][347]LogTemp: Warning: Clicked

[2023.05.11-06.33.27:945][474]LogAudioMixer: Display: No commands were queued while flushing the source manager.
[2023.05.11-06.33.27:945][474]LogAudioMixer: Display: No commands were queued while flushing the source manager.
[2023.05.11-06.33.27:945][474]LogBlueprintUserMessages: Early EndPlayMap Detection: Level '/Game/Maps/Login.Login:PersistentLevel' has LevelScriptBlueprint '/Game/Maps/Login.Login:PersistentLevel.Login' with GeneratedClass '/Game/Maps/Login.Login_C' with ClassGeneratedBy '/Game/Maps/Login.Login:PersistentLevel.Login'
[2023.05.11-06.33.27:945][474]LogSlate: Updating window title bar state: overlay mode, drag disabled, window buttons hidden, title bar hidden
[2023.05.11-06.33.27:945][474]LogWorld: BeginTearingDown for /Game/Maps/UEDPIE_0_Login
[2023.05.11-06.33.27:945][474]LogAudioMixer: Display: No commands were queued while flushing the source manager.
[2023.05.11-06.33.27:945][474]LogWorld: UWorld::CleanupWorld for Login, bSessionEnded=true, bCleanupResources=true
[2023.05.11-06.33.27:946][474]LogSlate: InvalidateAllWidgets triggered.  All widgets were invalidated
[2023.05.11-06.33.27:956][474]LogPlayLevel: Display: Shutting down PIE online subsystems
[2023.05.11-06.33.27:956][474]LogBlueprintUserMessages: Late EndPlayMap Detection: Level '/Game/Maps/Login.Login:PersistentLevel' has LevelScriptBlueprint '/Game/Maps/Login.Login:PersistentLevel.Login' with GeneratedClass '/Game/Maps/Login.Login_C' with ClassGeneratedBy '/Game/Maps/Login.Login:PersistentLevel.Login'
[2023.05.11-06.33.27:959][474]LogSlate: InvalidateAllWidgets triggered.  All widgets were invalidated
[2023.05.11-06.33.27:982][474]LogAudioMixer: Display: No commands were queued while flushing the source manager.
[2023.05.11-06.33.27:985][474]LogSlate: Updating window title bar state: overlay mode, drag disabled, window buttons hidden, title bar hidden
[2023.05.11-06.33.27:987][474]LogUObjectHash: Compacting FUObjectHashTables data took   1.16ms
[2023.05.11-06.33.28:051][481]LogPlayLevel: Display: Destroying online subsystem :Context_4
[2023.05.11-06.33.28:484][533]Cmd: SELECT NONE
